2022-05-14 10:02:52
开始时间： 2022-05-14 10:02:52
正在执行DBP15k
加载数据文件：data/DBP15k/ja_en/ent_ids_1
加载数据文件：data/DBP15k/ja_en/ent_ids_2
39594
加载数据文件：data/DBP15k/ja_en/ref_ent_ids
加载数据文件：data/DBP15k/ja_en/ref_r_ids
加载数据文件：data/DBP15k/ja_en/triples_1
加载数据文件：data/DBP15k/ja_en/triples_2
建立模型：
开始时间： 2022-05-14 10:02:53
计算头尾实体对应关系的矩阵以及对应概率：
开始时间： 2022-05-14 10:02:53
结束时间： 2022-05-14 10:02:54
用时 0:00:01.028347
输入词向量，增加原始输入层：
开始时间： 2022-05-14 10:02:54
39594 rows, 300 columns.
结束时间： 2022-05-14 10:03:04
用时 0:00:10.375329
计算稀疏张量和对称归一化后的矩阵：
开始时间： 2022-05-14 10:03:04
获取反转图，邻接矩阵、度、丰富三元组：
开始时间： 2022-05-14 10:03:04
结束时间： 2022-05-14 10:03:04
用时 0:00:00.329333
计算三角：
开始时间： 2022-05-14 10:03:24
结束时间： 2022-05-14 10:03:26
用时 0:00:01.153000
计算三角：
开始时间： 2022-05-14 10:03:26
结束时间： 2022-05-14 10:03:27
用时 0:00:01.143088
M2 SparseTensor(indices=Tensor("SparseTensor_1/indices:0", shape=(269696, 2), dtype=int64), values=Tensor("SparseTensor_1/values:0", shape=(269696,), dtype=float32), dense_shape=Tensor("SparseTensor_1/dense_shape:0", shape=(2,), dtype=int64))
结束时间： 2022-05-14 10:03:27
用时 0:00:22.602034
KG structure embedding
增加GCN层：
开始时间： 2022-05-14 10:03:28
<tf.Variable 'Variable_1:0' shape=(1, 300) dtype=float32_ref>
结束时间： 2022-05-14 10:03:28
用时 0:00:00.003287
实现SKNet：
开始时间： 2022-05-14 10:03:28
结束时间： 2022-05-14 10:03:28
用时 0:00:00.007145
增加GCN层：
开始时间： 2022-05-14 10:03:28
<tf.Variable 'Variable_4:0' shape=(1, 300) dtype=float32_ref>
结束时间： 2022-05-14 10:03:28
用时 0:00:00.001978
实现SKNet：
开始时间： 2022-05-14 10:03:28
结束时间： 2022-05-14 10:03:28
用时 0:00:00.005660
shape of output_h:  (39594, 300)
compute pre-training loss
计算预训练损失函数：
开始时间： 2022-05-14 10:03:28
Tensor("strided_slice:0", shape=(?,), dtype=int32) Tensor("strided_slice_1:0", shape=(?,), dtype=int32)
Tensor("embedding_lookup/Identity:0", shape=(?, 300), dtype=float32) Tensor("embedding_lookup_1/Identity:0", shape=(?, 300), dtype=float32)
结束时间： 2022-05-14 10:03:28
用时 0:00:00.013872
输入词向量，增加原始输入层：
开始时间： 2022-05-14 10:03:28
2452 rows, 300 columns.
2452
(2452, 300)
计算关系的向量：
开始时间： 2022-05-14 10:03:36
结束时间： 2022-05-14 10:03:40
用时 0:00:04.120945
Tensor("Add_13:0", shape=(4904, 300), dtype=float32)
结束时间： 2022-05-14 10:03:40
用时 0:00:12.018480
计算关系损失函数：
开始时间： 2022-05-14 10:03:40
结束时间： 2022-05-14 10:03:40
用时 0:00:00.005453
结束时间： 2022-05-14 10:03:40
用时 0:00:47.734485
初始化：
开始时间： 2022-05-14 10:03:41
开始运行：
开始训练：第1 epoch
数据准备：
负采样：
开始时间： 2022-05-14 10:08:18
结束时间： 2022-05-14 10:09:41
用时 0:01:22.720254
负采样：
开始时间： 2022-05-14 10:09:41
结束时间： 2022-05-14 10:10:58
用时 0:01:16.818855
1/50 epochs...
用时： 0:03:55.223945
开始训练：第2 epoch
用时： 0:00:02.697664
开始训练：第3 epoch
用时： 0:00:02.705366
开始训练：第4 epoch
用时： 0:00:02.708310
开始训练：第5 epoch
用时： 0:00:02.709142
开始训练：第6 epoch
用时： 0:00:02.709735
开始训练：第7 epoch
用时： 0:00:02.713081
开始训练：第8 epoch
用时： 0:00:02.714275
开始训练：第9 epoch
用时： 0:00:02.711867
开始训练：第10 epoch
10/50 epochs...
用时： 0:00:02.719959
开始训练：第11 epoch
用时： 0:00:02.723569
开始训练：第12 epoch
用时： 0:00:02.724498
开始训练：第13 epoch
用时： 0:00:02.723131
开始训练：第14 epoch
用时： 0:00:02.723525
开始训练：第15 epoch
用时： 0:00:02.724853
开始训练：第16 epoch
用时： 0:00:02.723499
开始训练：第17 epoch
用时： 0:00:02.716651
开始训练：第18 epoch
用时： 0:00:02.714656
开始训练：第19 epoch
用时： 0:00:02.715259
开始训练：第20 epoch
20/50 epochs...
用时： 0:00:02.720587
开始训练：第21 epoch
用时： 0:00:02.721206
开始训练：第22 epoch
用时： 0:00:02.711803
开始训练：第23 epoch
用时： 0:00:02.723323
开始训练：第24 epoch
用时： 0:00:02.711850
开始训练：第25 epoch
用时： 0:00:02.712521
开始训练：第26 epoch
用时： 0:00:02.716600
开始训练：第27 epoch
用时： 0:00:02.712993
开始训练：第28 epoch
用时： 0:00:02.711355
开始训练：第29 epoch
用时： 0:00:02.713196
开始训练：第30 epoch
30/50 epochs...
用时： 0:00:02.727523
开始训练：第31 epoch
用时： 0:00:02.733369
开始训练：第32 epoch
用时： 0:00:02.732217
开始训练：第33 epoch
用时： 0:00:02.728695
开始训练：第34 epoch
用时： 0:00:02.723823
开始训练：第35 epoch
用时： 0:00:02.723947
开始训练：第36 epoch
用时： 0:00:02.732829
开始训练：第37 epoch
用时： 0:00:02.722744
开始训练：第38 epoch
用时： 0:00:02.727327
开始训练：第39 epoch
用时： 0:00:02.730605
开始训练：第40 epoch
40/50 epochs...
Save to path:  HTRS_model/save_DBP15k_ja_en.ckpt
用时： 0:00:34.579074
开始训练：第41 epoch
数据准备：
负采样：
开始时间： 2022-05-14 10:13:23
结束时间： 2022-05-14 10:14:39
用时 0:01:16.308450
负采样：
开始时间： 2022-05-14 10:14:39
结束时间： 2022-05-14 10:15:56
用时 0:01:16.368131
用时： 0:04:52.054862
开始训练：第42 epoch
用时： 0:00:16.230108
开始训练：第43 epoch
用时： 0:00:16.317478
开始训练：第44 epoch
用时： 0:00:16.199057
开始训练：第45 epoch
用时： 0:00:16.200111
开始训练：第46 epoch
用时： 0:00:16.272855
开始训练：第47 epoch
用时： 0:00:16.310721
开始训练：第48 epoch
用时： 0:00:16.304525
开始训练：第49 epoch
用时： 0:00:16.307527
开始训练：第50 epoch
50/50 epochs...
Testing
Test set results:
iter: 1
开始时间： 2022-05-14 10:21:28
实体sim [[3.30957205 5.59014792 6.37945198 ... 5.43079319 5.11132768 6.84911629]
 [6.03374666 2.89255246 6.89481225 ... 6.14327726 5.86450641 6.47891663]
 [6.7034634  6.38897667 1.32718893 ... 6.49230292 6.135809   7.83962131]
 ...
 [5.98421655 5.84652889 6.39813357 ... 0.74002379 5.05977403 7.35240735]
 [5.27586916 5.21842168 6.03247771 ... 4.85531425 2.03313442 6.5021162 ]
 [7.72617716 6.55044706 8.06902932 ... 7.76832533 7.01041235 1.42832003]]
关系sim [[32.58839871 30.60362097 28.98765409 ... 29.9703984  27.56899977
  32.23296566]
 [31.82951037 29.86994156 26.33404669 ... 28.01706531 30.82383509
  33.7769025 ]
 [34.45445677 31.31247987 29.92812786 ... 31.30238764 32.28128725
  36.60183954]
 ...
 [33.93113675 31.38096552 31.15011228 ... 31.93442556 29.69268473
  31.86443672]
 [32.66908594 31.55261318 28.71229254 ... 29.85877002 30.56560085
  32.88477093]
 [33.58961079 29.95485513 31.6370833  ... 30.97386042 30.5066582
  33.07448211]]
[[32.58839871 30.60362097 28.98765409 ... 29.9703984  27.56899977
  32.23296566]
 [31.82951037 29.86994156 26.33404669 ... 28.01706531 30.82383509
  33.7769025 ]
 [34.45445677 31.31247987 29.92812786 ... 31.30238764 32.28128725
  36.60183954]
 ...
 [33.93113675 31.38096552 31.15011228 ... 31.93442556 29.69268473
  31.86443672]
 [32.66908594 31.55261318 28.71229254 ... 29.85877002 30.56560085
  32.88477093]
 [33.58961079 29.95485513 31.6370833  ... 30.97386042 30.5066582
  33.07448211]]
Entity Alignment (left):
Hits@1: 79.58%
Hits@3: 86.55%
Hits@10: 90.76%
MRR: 0.8369
MR: 46.1810
Entity Alignment (right):
Hits@1: 77.98%
Hits@3: 85.38%
Hits@10: 90.99%
MRR: 0.8256
MR: 37.6502
结束时间： 2022-05-14 10:29:02
用时 0:07:34.184983
iter: 2
开始时间： 2022-05-14 10:29:02
实体sim [[3.30957205 5.59014792 6.37945198 ... 5.43079319 5.11132768 6.84911629]
 [6.03374666 2.89255246 6.89481225 ... 6.14327726 5.86450641 6.47891663]
 [6.7034634  6.38897667 1.32718893 ... 6.49230292 6.135809   7.83962131]
 ...
 [5.98421655 5.84652889 6.39813357 ... 0.74002379 5.05977403 7.35240735]
 [5.27586916 5.21842168 6.03247771 ... 4.85531425 2.03313442 6.5021162 ]
 [7.72617716 6.55044706 8.06902932 ... 7.76832533 7.01041235 1.42832003]]
关系sim [[32.58839871 30.60362097 28.98765409 ... 29.9703984  27.56899977
  32.23296566]
 [31.82951037 29.86994156 26.33404669 ... 28.01706531 30.82383509
  33.7769025 ]
 [34.45445677 31.31247987 29.92812786 ... 31.30238764 32.28128725
  36.60183954]
 ...
 [33.93113675 31.38096552 31.15011228 ... 31.93442556 29.69268473
  31.86443672]
 [32.66908594 31.55261318 28.71229254 ... 29.85877002 30.56560085
  32.88477093]
 [33.58961079 29.95485513 31.6370833  ... 30.97386042 30.5066582
  33.07448211]]
[[32.58839871 30.60362097 28.98765409 ... 29.9703984  27.56899977
  32.23296566]
 [31.82951037 29.86994156 26.33404669 ... 28.01706531 30.82383509
  33.7769025 ]
 [34.45445677 31.31247987 29.92812786 ... 31.30238764 32.28128725
  36.60183954]
 ...
 [33.93113675 31.38096552 31.15011228 ... 31.93442556 29.69268473
  31.86443672]
 [32.66908594 31.55261318 28.71229254 ... 29.85877002 30.56560085
  32.88477093]
 [33.58961079 29.95485513 31.6370833  ... 30.97386042 30.5066582
  33.07448211]]
Entity Alignment (left):
Hits@1: 87.19%
Hits@3: 92.13%
Hits@10: 94.86%
MRR: 0.9000
MR: 42.3483
Entity Alignment (right):
Hits@1: 86.14%
Hits@3: 91.28%
Hits@10: 94.72%
MRR: 0.8921
MR: 30.3146
结束时间： 2022-05-14 10:36:40
用时 0:07:38.037812
iter: 3
开始时间： 2022-05-14 10:36:41
实体sim [[3.30957205 5.59014792 6.37945198 ... 5.43079319 5.11132768 6.84911629]
 [6.03374666 2.89255246 6.89481225 ... 6.14327726 5.86450641 6.47891663]
 [6.7034634  6.38897667 1.32718893 ... 6.49230292 6.135809   7.83962131]
 ...
 [5.98421655 5.84652889 6.39813357 ... 0.74002379 5.05977403 7.35240735]
 [5.27586916 5.21842168 6.03247771 ... 4.85531425 2.03313442 6.5021162 ]
 [7.72617716 6.55044706 8.06902932 ... 7.76832533 7.01041235 1.42832003]]
关系sim [[32.58839871 30.60362097 28.98765409 ... 29.9703984  27.56899977
  32.23296566]
 [31.82951037 29.86994156 26.33404669 ... 28.01706531 30.82383509
  33.7769025 ]
 [34.45445677 31.31247987 29.92812786 ... 31.30238764 32.28128725
  36.60183954]
 ...
 [33.93113675 31.38096552 31.15011228 ... 31.93442556 29.69268473
  31.86443672]
 [32.66908594 31.55261318 28.71229254 ... 29.85877002 30.56560085
  32.88477093]
 [33.58961079 29.95485513 31.6370833  ... 30.97386042 30.5066582
  33.07448211]]
[[32.58839871 30.60362097 28.98765409 ... 29.9703984  27.56899977
  32.23296566]
 [31.82951037 29.86994156 26.33404669 ... 28.01706531 30.82383509
  33.7769025 ]
 [34.45445677 31.31247987 29.92812786 ... 31.30238764 32.28128725
  36.60183954]
 ...
 [33.93113675 31.38096552 31.15011228 ... 31.93442556 29.69268473
  31.86443672]
 [32.66908594 31.55261318 28.71229254 ... 29.85877002 30.56560085
  32.88477093]
 [33.58961079 29.95485513 31.6370833  ... 30.97386042 30.5066582
  33.07448211]]
Entity Alignment (left):
Hits@1: 87.49%
Hits@3: 92.49%
Hits@10: 94.99%
MRR: 0.9028
MR: 42.2298
Entity Alignment (right):
Hits@1: 86.73%
Hits@3: 91.70%
Hits@10: 94.89%
MRR: 0.8968
MR: 29.8438
结束时间： 2022-05-14 10:44:24
用时 0:07:43.557177
iter: 4
开始时间： 2022-05-14 10:44:24
实体sim [[3.30957205 5.59014792 6.37945198 ... 5.43079319 5.11132768 6.84911629]
 [6.03374666 2.89255246 6.89481225 ... 6.14327726 5.86450641 6.47891663]
 [6.7034634  6.38897667 1.32718893 ... 6.49230292 6.135809   7.83962131]
 ...
 [5.98421655 5.84652889 6.39813357 ... 0.74002379 5.05977403 7.35240735]
 [5.27586916 5.21842168 6.03247771 ... 4.85531425 2.03313442 6.5021162 ]
 [7.72617716 6.55044706 8.06902932 ... 7.76832533 7.01041235 1.42832003]]
关系sim [[32.58839871 30.60362097 28.98765409 ... 29.9703984  27.56899977
  32.23296566]
 [31.82951037 29.86994156 26.33404669 ... 28.01706531 30.82383509
  33.7769025 ]
 [34.45445677 31.31247987 29.92812786 ... 31.30238764 32.28128725
  36.60183954]
 ...
 [33.93113675 31.38096552 31.15011228 ... 31.93442556 29.69268473
  31.86443672]
 [32.66908594 31.55261318 28.71229254 ... 29.85877002 30.56560085
  32.88477093]
 [33.58961079 29.95485513 31.6370833  ... 30.97386042 30.5066582
  33.07448211]]
[[32.58839871 30.60362097 28.98765409 ... 29.9703984  27.56899977
  32.23296566]
 [31.82951037 29.86994156 26.33404669 ... 28.01706531 30.82383509
  33.7769025 ]
 [34.45445677 31.31247987 29.92812786 ... 31.30238764 32.28128725
  36.60183954]
 ...
 [33.93113675 31.38096552 31.15011228 ... 31.93442556 29.69268473
  31.86443672]
 [32.66908594 31.55261318 28.71229254 ... 29.85877002 30.56560085
  32.88477093]
 [33.58961079 29.95485513 31.6370833  ... 30.97386042 30.5066582
  33.07448211]]
Entity Alignment (left):
Hits@1: 87.59%
Hits@3: 92.58%
Hits@10: 95.06%
MRR: 0.9037
MR: 42.2038
Entity Alignment (right):
Hits@1: 86.94%
Hits@3: 91.82%
Hits@10: 94.98%
MRR: 0.8985
MR: 29.8009
结束时间： 2022-05-14 10:52:08
用时 0:07:43.860740
iter: 5
开始时间： 2022-05-14 10:52:08
实体sim [[3.30957205 5.59014792 6.37945198 ... 5.43079319 5.11132768 6.84911629]
 [6.03374666 2.89255246 6.89481225 ... 6.14327726 5.86450641 6.47891663]
 [6.7034634  6.38897667 1.32718893 ... 6.49230292 6.135809   7.83962131]
 ...
 [5.98421655 5.84652889 6.39813357 ... 0.74002379 5.05977403 7.35240735]
 [5.27586916 5.21842168 6.03247771 ... 4.85531425 2.03313442 6.5021162 ]
 [7.72617716 6.55044706 8.06902932 ... 7.76832533 7.01041235 1.42832003]]
关系sim [[32.58839871 30.60362097 28.98765409 ... 29.9703984  27.56899977
  32.23296566]
 [31.82951037 29.86994156 26.33404669 ... 28.01706531 30.82383509
  33.7769025 ]
 [34.45445677 31.31247987 29.92812786 ... 31.30238764 32.28128725
  36.60183954]
 ...
 [33.93113675 31.38096552 31.15011228 ... 31.93442556 29.69268473
  31.86443672]
 [32.66908594 31.55261318 28.71229254 ... 29.85877002 30.56560085
  32.88477093]
 [33.58961079 29.95485513 31.6370833  ... 30.97386042 30.5066582
  33.07448211]]
[[32.58839871 30.60362097 28.98765409 ... 29.9703984  27.56899977
  32.23296566]
 [31.82951037 29.86994156 26.33404669 ... 28.01706531 30.82383509
  33.7769025 ]
 [34.45445677 31.31247987 29.92812786 ... 31.30238764 32.28128725
  36.60183954]
 ...
 [33.93113675 31.38096552 31.15011228 ... 31.93442556 29.69268473
  31.86443672]
 [32.66908594 31.55261318 28.71229254 ... 29.85877002 30.56560085
  32.88477093]
 [33.58961079 29.95485513 31.6370833  ... 30.97386042 30.5066582
  33.07448211]]
Entity Alignment (left):
Hits@1: 87.60%
Hits@3: 92.62%
Hits@10: 95.06%
MRR: 0.9039
MR: 42.2029
Entity Alignment (right):
Hits@1: 86.96%
Hits@3: 91.88%
Hits@10: 95.02%
MRR: 0.8988
MR: 29.7692
结束时间： 2022-05-14 10:59:53
用时 0:07:44.068583
iter: 6
开始时间： 2022-05-14 10:59:53
实体sim [[3.30957205 5.59014792 6.37945198 ... 5.43079319 5.11132768 6.84911629]
 [6.03374666 2.89255246 6.89481225 ... 6.14327726 5.86450641 6.47891663]
 [6.7034634  6.38897667 1.32718893 ... 6.49230292 6.135809   7.83962131]
 ...
 [5.98421655 5.84652889 6.39813357 ... 0.74002379 5.05977403 7.35240735]
 [5.27586916 5.21842168 6.03247771 ... 4.85531425 2.03313442 6.5021162 ]
 [7.72617716 6.55044706 8.06902932 ... 7.76832533 7.01041235 1.42832003]]
关系sim [[32.58839871 30.60362097 28.98765409 ... 29.9703984  27.56899977
  32.23296566]
 [31.82951037 29.86994156 26.33404669 ... 28.01706531 30.82383509
  33.7769025 ]
 [34.45445677 31.31247987 29.92812786 ... 31.30238764 32.28128725
  36.60183954]
 ...
 [33.93113675 31.38096552 31.15011228 ... 31.93442556 29.69268473
  31.86443672]
 [32.66908594 31.55261318 28.71229254 ... 29.85877002 30.56560085
  32.88477093]
 [33.58961079 29.95485513 31.6370833  ... 30.97386042 30.5066582
  33.07448211]]
[[32.58839871 30.60362097 28.98765409 ... 29.9703984  27.56899977
  32.23296566]
 [31.82951037 29.86994156 26.33404669 ... 28.01706531 30.82383509
  33.7769025 ]
 [34.45445677 31.31247987 29.92812786 ... 31.30238764 32.28128725
  36.60183954]
 ...
 [33.93113675 31.38096552 31.15011228 ... 31.93442556 29.69268473
  31.86443672]
 [32.66908594 31.55261318 28.71229254 ... 29.85877002 30.56560085
  32.88477093]
 [33.58961079 29.95485513 31.6370833  ... 30.97386042 30.5066582
  33.07448211]]
Entity Alignment (left):
Hits@1: 87.62%
Hits@3: 92.63%
Hits@10: 95.08%
MRR: 0.9040
MR: 42.1904
Entity Alignment (right):
Hits@1: 86.97%
Hits@3: 91.87%
Hits@10: 95.02%
MRR: 0.8988
MR: 29.5910
结束时间： 2022-05-14 11:07:36
用时 0:07:42.958719
iter: 7
开始时间： 2022-05-14 11:07:36
实体sim [[3.30957205 5.59014792 6.37945198 ... 5.43079319 5.11132768 6.84911629]
 [6.03374666 2.89255246 6.89481225 ... 6.14327726 5.86450641 6.47891663]
 [6.7034634  6.38897667 1.32718893 ... 6.49230292 6.135809   7.83962131]
 ...
 [5.98421655 5.84652889 6.39813357 ... 0.74002379 5.05977403 7.35240735]
 [5.27586916 5.21842168 6.03247771 ... 4.85531425 2.03313442 6.5021162 ]
 [7.72617716 6.55044706 8.06902932 ... 7.76832533 7.01041235 1.42832003]]
关系sim [[32.58839871 30.60362097 28.98765409 ... 29.9703984  27.56899977
  32.23296566]
 [31.82951037 29.86994156 26.33404669 ... 28.01706531 30.82383509
  33.7769025 ]
 [34.45445677 31.31247987 29.92812786 ... 31.30238764 32.28128725
  36.60183954]
 ...
 [33.93113675 31.38096552 31.15011228 ... 31.93442556 29.69268473
  31.86443672]
 [32.66908594 31.55261318 28.71229254 ... 29.85877002 30.56560085
  32.88477093]
 [33.58961079 29.95485513 31.6370833  ... 30.97386042 30.5066582
  33.07448211]]
[[32.58839871 30.60362097 28.98765409 ... 29.9703984  27.56899977
  32.23296566]
 [31.82951037 29.86994156 26.33404669 ... 28.01706531 30.82383509
  33.7769025 ]
 [34.45445677 31.31247987 29.92812786 ... 31.30238764 32.28128725
  36.60183954]
 ...
 [33.93113675 31.38096552 31.15011228 ... 31.93442556 29.69268473
  31.86443672]
 [32.66908594 31.55261318 28.71229254 ... 29.85877002 30.56560085
  32.88477093]
 [33.58961079 29.95485513 31.6370833  ... 30.97386042 30.5066582
  33.07448211]]
Entity Alignment (left):
Hits@1: 87.61%
Hits@3: 92.64%
Hits@10: 95.08%
MRR: 0.9040
MR: 42.1907
Entity Alignment (right):
Hits@1: 86.96%
Hits@3: 91.88%
Hits@10: 95.02%
MRR: 0.8988
MR: 29.5908
结束时间： 2022-05-14 11:15:20
用时 0:07:43.641177
开始时间： 2022-05-14 11:15:20
2022-05-14 11:15:20
[[3.30957205 5.59014792 6.37945198 ... 5.43079319 5.11132768 6.84911629]
 [6.03374666 2.89255246 6.89481225 ... 6.14327726 5.86450641 6.47891663]
 [6.7034634  6.38897667 1.32718893 ... 6.49230292 6.135809   7.83962131]
 ...
 [5.98421655 5.84652889 6.39813357 ... 0.74002379 5.05977403 7.35240735]
 [5.27586916 5.21842168 6.03247771 ... 4.85531425 2.03313442 6.5021162 ]
 [7.72617716 6.55044706 8.06902932 ... 7.76832533 7.01041235 1.42832003]]
Relation Alignment (left):
Hits@1: 76.18%
Hits@10: 85.44%
Relation Alignment (right):
Hits@1: 72.02%
Hits@10: 82.99%
结束时间： 2022-05-14 11:18:57
用时 0:03:37.172660
用时： 0:58:32.024966
结束时间： 2022-05-14 11:18:57
用时 1:15:16.499676
结束时间： 2022-05-14 11:18:57
用时 1:16:05.364322
