2022-07-02 19:09:51
开始时间： 2022-07-02 19:09:51
正在执行DBP15k
加载数据文件：data/DBP15k/zh_en/ent_ids_1
加载数据文件：data/DBP15k/zh_en/ent_ids_2
38960
加载数据文件：data/DBP15k/zh_en/ref_ent_ids
加载数据文件：data/DBP15k/zh_en/ref_r_ids
加载数据文件：data/DBP15k/zh_en/triples_1
加载数据文件：data/DBP15k/zh_en/triples_2
建立模型：
开始时间： 2022-07-02 19:09:51
计算头尾实体对应关系的矩阵以及对应概率：
开始时间： 2022-07-02 19:09:51
结束时间： 2022-07-02 19:09:52
用时 0:00:01.080763
输入词向量，增加原始输入层：
开始时间： 2022-07-02 19:09:52
38960 rows, 300 columns.
结束时间： 2022-07-02 19:10:01
用时 0:00:08.443590
计算稀疏张量和对称归一化后的矩阵：
开始时间： 2022-07-02 19:10:01
获取反转图，邻接矩阵、度、丰富三元组：
开始时间： 2022-07-02 19:10:01
结束时间： 2022-07-02 19:10:01
用时 0:00:00.396884
计算三角：
开始时间： 2022-07-02 19:10:13
结束时间： 2022-07-02 19:10:14
用时 0:00:01.067448
计算三角：
开始时间： 2022-07-02 19:10:14
结束时间： 2022-07-02 19:10:16
用时 0:00:01.080350
M2 SparseTensor(indices=Tensor("SparseTensor_1/indices:0", shape=(259136, 2), dtype=int64), values=Tensor("SparseTensor_1/values:0", shape=(259136,), dtype=float32), dense_shape=Tensor("SparseTensor_1/dense_shape:0", shape=(2,), dtype=int64))
结束时间： 2022-07-02 19:10:16
用时 0:00:14.882715
KG structure embedding
增加MixHop层：
开始时间： 2022-07-02 19:10:16
<tf.Variable 'Variable_1:0' shape=(1, 300) dtype=float32_ref>
结束时间： 2022-07-02 19:10:16
用时 0:00:00.003922
实现SKNet：
开始时间： 2022-07-02 19:10:16
结束时间： 2022-07-02 19:10:16
用时 0:00:00.005982
增加MixHop层：
开始时间： 2022-07-02 19:10:16
<tf.Variable 'Variable_4:0' shape=(1, 300) dtype=float32_ref>
结束时间： 2022-07-02 19:10:16
用时 0:00:00.003720
实现SKNet：
开始时间： 2022-07-02 19:10:16
结束时间： 2022-07-02 19:10:16
用时 0:00:00.005567
shape of output_h:  (38960, 300)
compute pre-training loss
计算预训练损失函数：
开始时间： 2022-07-02 19:10:16
Tensor("strided_slice:0", shape=(?,), dtype=int32) Tensor("strided_slice_1:0", shape=(?,), dtype=int32)
Tensor("embedding_lookup/Identity:0", shape=(?, 300), dtype=float32) Tensor("embedding_lookup_1/Identity:0", shape=(?, 300), dtype=float32)
结束时间： 2022-07-02 19:10:16
用时 0:00:00.014011
输入词向量，增加原始输入层：
开始时间： 2022-07-02 19:10:16
3024 rows, 300 columns.
3024
(3024, 300)
计算关系的向量：
开始时间： 2022-07-02 19:10:22
结束时间： 2022-07-02 19:10:25
用时 0:00:02.691312
Tensor("Add_12:0", shape=(6048, 300), dtype=float32)
结束时间： 2022-07-02 19:10:25
用时 0:00:09.029904
计算关系损失函数：
开始时间： 2022-07-02 19:10:25
结束时间： 2022-07-02 19:10:25
用时 0:00:00.005096
结束时间： 2022-07-02 19:10:25
用时 0:00:33.726825
