2022-05-22 22:59:31
开始时间： 2022-05-22 22:59:31
正在执行DBP15k
加载数据文件：data/DBP15k/ja_en/ent_ids_1
加载数据文件：data/DBP15k/ja_en/ent_ids_2
39594
加载数据文件：data/DBP15k/ja_en/ref_ent_ids
加载数据文件：data/DBP15k/ja_en/ref_r_ids
加载数据文件：data/DBP15k/ja_en/triples_1
加载数据文件：data/DBP15k/ja_en/triples_2
建立模型：
开始时间： 2022-05-22 22:59:32
计算头尾实体对应关系的矩阵以及对应概率：
开始时间： 2022-05-22 22:59:32
结束时间： 2022-05-22 22:59:33
用时 0:00:01.002735
输入词向量，增加原始输入层：
开始时间： 2022-05-22 22:59:33
39594 rows, 300 columns.
结束时间： 2022-05-22 22:59:42
用时 0:00:09.111317
计算稀疏张量和对称归一化后的矩阵：
开始时间： 2022-05-22 22:59:42
获取反转图，邻接矩阵、度、丰富三元组：
开始时间： 2022-05-22 22:59:42
结束时间： 2022-05-22 22:59:42
用时 0:00:00.323300
计算三角：
开始时间： 2022-05-22 23:00:06
结束时间： 2022-05-22 23:00:08
用时 0:00:01.159307
计算三角：
开始时间： 2022-05-22 23:00:08
结束时间： 2022-05-22 23:00:09
用时 0:00:01.161363
M2 SparseTensor(indices=Tensor("SparseTensor_1/indices:0", shape=(269696, 2), dtype=int64), values=Tensor("SparseTensor_1/values:0", shape=(269696,), dtype=float32), dense_shape=Tensor("SparseTensor_1/dense_shape:0", shape=(2,), dtype=int64))
结束时间： 2022-05-22 23:00:09
用时 0:00:26.704058
KG structure embedding
增加GCN层：
开始时间： 2022-05-22 23:00:10
<tf.Variable 'Variable_1:0' shape=(1, 300) dtype=float32_ref>
结束时间： 2022-05-22 23:00:10
用时 0:00:00.003746
实现SKNet：
开始时间： 2022-05-22 23:00:10
结束时间： 2022-05-22 23:00:11
用时 0:00:00.007159
增加GCN层：
开始时间： 2022-05-22 23:00:11
<tf.Variable 'Variable_4:0' shape=(1, 300) dtype=float32_ref>
结束时间： 2022-05-22 23:00:11
用时 0:00:00.002016
实现SKNet：
开始时间： 2022-05-22 23:00:11
结束时间： 2022-05-22 23:00:11
用时 0:00:00.005719
shape of output_h:  (39594, 300)
计算关系的向量：
开始时间： 2022-05-22 23:00:11
结束时间： 2022-05-22 23:00:15
用时 0:00:04.624744
compute pre-training loss
计算预训练损失函数：
开始时间： 2022-05-22 23:00:15
Tensor("strided_slice:0", shape=(?,), dtype=int32) Tensor("strided_slice_1:0", shape=(?,), dtype=int32)
Tensor("embedding_lookup/Identity:0", shape=(?, 300), dtype=float32) Tensor("embedding_lookup_1/Identity:0", shape=(?, 300), dtype=float32)
结束时间： 2022-05-22 23:00:15
用时 0:00:00.014140
计算关系损失函数：
开始时间： 2022-05-22 23:00:15
结束时间： 2022-05-22 23:00:15
用时 0:00:00.005086
结束时间： 2022-05-22 23:00:15
用时 0:00:43.399101
初始化：
开始时间： 2022-05-22 23:00:16
开始运行：
开始训练：第1 epoch
数据准备：
负采样：
开始时间： 2022-05-22 23:05:20
结束时间： 2022-05-22 23:06:43
用时 0:01:22.742888
负采样：
开始时间： 2022-05-22 23:06:43
结束时间： 2022-05-22 23:08:01
用时 0:01:18.836749
预训练的损失： [0.33947352, 0.4014837, 0.41092384, 0.41683668, 0.41819423, 0.43806803, 0.43976817, 0.44169414, 0.44339752, 0.4441181, 0.44528326, 0.4486478, 0.45265234, 0.45688128, 0.4571634, 0.47090018, 0.47373098, 0.47585243, 0.47662222, 0.48162353, 0.48909378, 0.4908791, 0.50539017, 0.5165636, 0.51894355, 0.5204894, 0.52292645, 0.52717185, 0.52792454, 0.52832747, 0.5334595, 0.5410722, 0.5602202, 0.5614016, 0.5716567, 0.57477474, 0.57526237, 0.5753361, 0.57799315, 0.5782405, 0.5830306, 0.5847075, 0.59182394, 0.5937309, 0.5978724, 0.5981406, 0.60457194, 0.60708725, 0.60859287, 0.6090857, 0.6204026, 0.6232054, 0.62811047, 0.6283987, 0.6321327, 0.6340709, 0.6350789, 0.63771313, 0.63923836, 0.6433817, 0.6444089, 0.6466886, 0.6488344, 0.6569571, 0.6617956, 0.6636782, 0.66396135, 0.6772909, 0.6788382, 0.68218744, 0.6835686, 0.6895761, 0.6937878, 0.69760746, 0.6979969, 0.699219, 0.6994213, 0.7107103, 0.7268387, 0.7296274, 0.73015773, 0.73372746, 0.7351949, 0.7605102, 0.7655015, 0.7719336, 0.77294564, 0.7732122, 0.7758299, 0.7987554, 0.80693376, 0.8072524, 0.8075709, 0.81601584, 0.81980526, 0.83673084, 0.85958517, 0.94139063, 0.9490487, 0.95550627]
训练完的损失： []
1/60 epochs...
用时： 0:04:10.640722
开始训练：第2 epoch
预训练的损失： [0.3167985, 0.38075817, 0.39157316, 0.39339325, 0.3984847, 0.4141413, 0.41421896, 0.4181517, 0.42029065, 0.42205766, 0.4247084, 0.42783564, 0.42999718, 0.4314878, 0.4340489, 0.44985813, 0.45161077, 0.45584333, 0.45791626, 0.46001136, 0.46278864, 0.46637952, 0.4865892, 0.49163425, 0.4923517, 0.49262518, 0.49446416, 0.5004362, 0.5021486, 0.50613576, 0.50811327, 0.51625943, 0.53274584, 0.53688896, 0.5471794, 0.54757184, 0.54822326, 0.5504995, 0.552265, 0.5566727, 0.55785614, 0.55855536, 0.56536967, 0.5700314, 0.5707631, 0.5717193, 0.57863796, 0.57885826, 0.57944584, 0.5835901, 0.5956504, 0.597599, 0.5988765, 0.60354507, 0.60375434, 0.60376227, 0.6084552, 0.60900927, 0.6108159, 0.6109644, 0.613479, 0.61392623, 0.6169615, 0.63135314, 0.6337985, 0.63565457, 0.636984, 0.63870746, 0.64543843, 0.64829457, 0.6496971, 0.6604272, 0.6604763, 0.663008, 0.6680304, 0.668398, 0.6705111, 0.6793377, 0.6927972, 0.6948224, 0.6978963, 0.7011738, 0.70126235, 0.72041345, 0.73403317, 0.7373283, 0.73818564, 0.7432002, 0.7448368, 0.7634637, 0.7683626, 0.77103454, 0.7764188, 0.77714455, 0.7803229, 0.8030076, 0.8321374, 0.9078463, 0.9087919, 0.91213727]
训练完的损失： []
用时： 0:00:03.288237
开始训练：第3 epoch
预训练的损失： [0.29562688, 0.3598221, 0.37098157, 0.37204963, 0.37691158, 0.39019758, 0.39103204, 0.39570275, 0.39571667, 0.3963369, 0.40307415, 0.40665808, 0.4072312, 0.41044497, 0.41154897, 0.42362356, 0.42846227, 0.43428147, 0.43670684, 0.43953556, 0.4427396, 0.44312876, 0.4639117, 0.46568406, 0.46605188, 0.4662851, 0.46725118, 0.4741535, 0.47854063, 0.47960773, 0.4878647, 0.49028575, 0.50665784, 0.51078117, 0.51835036, 0.5201181, 0.5233572, 0.52751726, 0.52761245, 0.5300088, 0.5325501, 0.5383704, 0.5386764, 0.5420711, 0.54425704, 0.54682624, 0.55029535, 0.5515914, 0.5516024, 0.55916834, 0.56936926, 0.5694068, 0.5719027, 0.5726281, 0.57360363, 0.5783011, 0.5785616, 0.5799334, 0.5809368, 0.58210087, 0.5821465, 0.5849569, 0.5888239, 0.60013103, 0.6022355, 0.6076486, 0.6108736, 0.6117642, 0.6135378, 0.61582744, 0.61732256, 0.62817687, 0.62836564, 0.630713, 0.6378627, 0.63847744, 0.6417703, 0.6491789, 0.65940857, 0.6610984, 0.6637011, 0.668404, 0.67121816, 0.68200195, 0.7019309, 0.7024754, 0.7050346, 0.7124671, 0.71486324, 0.72789466, 0.7315898, 0.7357863, 0.73601234, 0.7442015, 0.7453246, 0.76968336, 0.804747, 0.8637427, 0.8737245, 0.87406814]
训练完的损失： []
用时： 0:00:03.277088
开始训练：第4 epoch
预训练的损失： [0.2754023, 0.3395272, 0.349719, 0.35229474, 0.35492638, 0.36745542, 0.36893, 0.3705002, 0.37241316, 0.37432283, 0.38171327, 0.38321847, 0.38507336, 0.39003056, 0.39283302, 0.3984344, 0.40587896, 0.41144156, 0.41201317, 0.4197153, 0.4229371, 0.42588714, 0.43616658, 0.43763018, 0.4401573, 0.44397503, 0.44512206, 0.44923335, 0.4538125, 0.45620665, 0.46407872, 0.46784815, 0.48198444, 0.48436913, 0.48942572, 0.49459314, 0.4984634, 0.50367135, 0.50432557, 0.5043458, 0.50843304, 0.51243657, 0.5132715, 0.51730454, 0.5184828, 0.5227884, 0.5237075, 0.5247778, 0.52529, 0.5347017, 0.5406256, 0.54089534, 0.5429818, 0.54482806, 0.5464919, 0.5469066, 0.54838085, 0.55123913, 0.5535324, 0.5535847, 0.5540489, 0.56011105, 0.5609242, 0.5675735, 0.5701386, 0.580459, 0.58313787, 0.5848458, 0.58644295, 0.5871085, 0.58842945, 0.5953793, 0.59723574, 0.6010978, 0.6068444, 0.6099187, 0.6135013, 0.6204472, 0.62714005, 0.62839115, 0.6312144, 0.63668215, 0.6413393, 0.6455071, 0.6687579, 0.67037654, 0.67341495, 0.6803659, 0.6871625, 0.6927452, 0.6967176, 0.6973297, 0.70277536, 0.7084585, 0.71351665, 0.7359797, 0.7776326, 0.82061297, 0.8357699, 0.84146523]
训练完的损失： []
用时： 0:00:03.284063
开始训练：第5 epoch
预训练的损失： [0.2562048, 0.32014495, 0.3295146, 0.3330791, 0.33336425, 0.34569156, 0.34682852, 0.3480686, 0.34885764, 0.35367054, 0.3612181, 0.361824, 0.36384395, 0.36921322, 0.3742962, 0.37573028, 0.38416117, 0.3886896, 0.3898185, 0.39725703, 0.40670002, 0.40880015, 0.40968928, 0.41067174, 0.4144516, 0.42214686, 0.42435363, 0.42555577, 0.42900133, 0.43506575, 0.43844092, 0.44817442, 0.4583356, 0.458919, 0.46132803, 0.47066653, 0.47444713, 0.47958043, 0.48064917, 0.48131415, 0.485, 0.48526272, 0.4871831, 0.49159837, 0.4961939, 0.4985575, 0.49932408, 0.50002974, 0.5012293, 0.50938374, 0.51090693, 0.51281714, 0.5159424, 0.5173472, 0.517445, 0.5187808, 0.5213961, 0.52268165, 0.52694345, 0.52728, 0.5291822, 0.5318501, 0.5344306, 0.5374407, 0.54167354, 0.55383015, 0.5542475, 0.55532146, 0.5572355, 0.56296706, 0.5643367, 0.5665967, 0.56775373, 0.57234156, 0.5763162, 0.58244246, 0.58605486, 0.59304714, 0.59626424, 0.5970842, 0.6001751, 0.60619426, 0.61120087, 0.612087, 0.6358712, 0.6400484, 0.6432915, 0.64870113, 0.658276, 0.66024005, 0.66122407, 0.6633946, 0.67084956, 0.67366964, 0.6823412, 0.70303637, 0.7510003, 0.7790841, 0.7988107, 0.8102576]
训练完的损失： []
用时： 0:00:03.285894
开始训练：第6 epoch
预训练的损失： [0.2379345, 0.30173546, 0.31065947, 0.31281048, 0.31462747, 0.3248839, 0.32498464, 0.3258291, 0.32824048, 0.33380374, 0.34138316, 0.34223062, 0.34383574, 0.34889126, 0.35137415, 0.35954362, 0.3633216, 0.3663758, 0.36962783, 0.3755074, 0.38451302, 0.38459873, 0.38969105, 0.39105904, 0.3920806, 0.40159923, 0.40305245, 0.40387952, 0.40508717, 0.41374975, 0.41497603, 0.42884332, 0.43298095, 0.43419087, 0.43711984, 0.4481765, 0.45133653, 0.45586205, 0.45773947, 0.45864254, 0.4587186, 0.46272266, 0.46319947, 0.46729404, 0.4703405, 0.4733047, 0.47599405, 0.47860393, 0.47940713, 0.48109734, 0.48590088, 0.48729756, 0.4877864, 0.49123693, 0.49155712, 0.49273372, 0.4927525, 0.49935842, 0.5012069, 0.5022433, 0.50266534, 0.50441533, 0.50546813, 0.51420397, 0.5148766, 0.5255091, 0.52741665, 0.52930385, 0.52960014, 0.5349556, 0.53933984, 0.5402087, 0.5446067, 0.5455103, 0.5464491, 0.5561241, 0.5596879, 0.56674033, 0.56683874, 0.56751436, 0.5702336, 0.57668984, 0.57884276, 0.58339536, 0.603867, 0.6113641, 0.6146202, 0.61750436, 0.6245439, 0.6279075, 0.63188803, 0.63442326, 0.63992643, 0.6402632, 0.65229034, 0.67096007, 0.72480375, 0.73915756, 0.76329684, 0.7801882]
训练完的损失： []
用时： 0:00:03.291618
开始训练：第7 epoch
预训练的损失： [0.22053012, 0.28441185, 0.29339528, 0.2935976, 0.2969433, 0.303761, 0.304738, 0.3050383, 0.30945715, 0.31438673, 0.3223633, 0.3240853, 0.324834, 0.32890338, 0.32960063, 0.34364444, 0.34427294, 0.3450535, 0.35058543, 0.3548317, 0.35974053, 0.36047608, 0.36599275, 0.37581912, 0.3760187, 0.3815729, 0.38246968, 0.3825821, 0.38365525, 0.39023653, 0.39581305, 0.40832108, 0.40866303, 0.40976918, 0.4164515, 0.42712778, 0.42874885, 0.4314934, 0.43336982, 0.43694472, 0.4376017, 0.44044256, 0.44076842, 0.4441262, 0.44538593, 0.44888878, 0.44905686, 0.4537025, 0.45836335, 0.45996428, 0.4606108, 0.46390837, 0.46527967, 0.46545494, 0.46637207, 0.46722773, 0.46897838, 0.47297162, 0.47678447, 0.4771462, 0.47794992, 0.47869217, 0.48251668, 0.48803228, 0.4931335, 0.49845192, 0.5008434, 0.5033337, 0.50541425, 0.5073412, 0.5141665, 0.5161861, 0.51738024, 0.51798683, 0.5251715, 0.53066605, 0.53411084, 0.5386872, 0.53962547, 0.5413515, 0.54204124, 0.54827726, 0.5486686, 0.5555378, 0.5729412, 0.5842554, 0.58708084, 0.58742285, 0.591521, 0.5970695, 0.60154283, 0.60721374, 0.6094456, 0.6110858, 0.62331134, 0.64012694, 0.6992126, 0.7010334, 0.7293503, 0.75107294]
训练完的损失： []
用时： 0:00:03.296440
开始训练：第8 epoch
预训练的损失： [0.20465328, 0.26812047, 0.27562577, 0.27701584, 0.28044754, 0.282537, 0.28603846, 0.28633213, 0.29180276, 0.29583827, 0.3043141, 0.30685908, 0.30692333, 0.30886513, 0.3093751, 0.32467127, 0.3249654, 0.32988977, 0.33286163, 0.3351448, 0.33610466, 0.3382495, 0.34370673, 0.360214, 0.3610317, 0.36140168, 0.3616029, 0.36386088, 0.36458564, 0.36816892, 0.37755656, 0.38379812, 0.38560164, 0.39112538, 0.39654136, 0.4064117, 0.40668768, 0.4076175, 0.41218376, 0.4162531, 0.41708848, 0.41903287, 0.4193446, 0.42083502, 0.42178226, 0.4223773, 0.42557138, 0.432886, 0.43516594, 0.43583196, 0.43813545, 0.43921673, 0.4436978, 0.4437856, 0.44436932, 0.44519016, 0.44597346, 0.44773507, 0.45260474, 0.45419377, 0.45572096, 0.4564637, 0.46034473, 0.46294102, 0.47218478, 0.47268653, 0.475362, 0.47873902, 0.48106992, 0.4826571, 0.48933184, 0.48958743, 0.49267188, 0.4935486, 0.5052413, 0.50627524, 0.50982517, 0.5120261, 0.51317763, 0.51385486, 0.5187196, 0.520899, 0.5211733, 0.528563, 0.54352546, 0.5576061, 0.5584348, 0.55910486, 0.56175816, 0.56843615, 0.57263947, 0.5756458, 0.5832814, 0.5856554, 0.5955744, 0.6104834, 0.66499203, 0.67437065, 0.6970081, 0.72302777]
训练完的损失： []
用时： 0:00:03.299124
开始训练：第9 epoch
预训练的损失： [0.1904133, 0.25281388, 0.25874883, 0.2616731, 0.26225471, 0.26496604, 0.26795894, 0.26915205, 0.27529994, 0.27784503, 0.28723103, 0.28909934, 0.28972977, 0.29030308, 0.29052714, 0.30547684, 0.30707514, 0.313996, 0.31624168, 0.31630397, 0.31652814, 0.31816828, 0.32299632, 0.34166527, 0.34222555, 0.34456795, 0.34568435, 0.3472212, 0.3474926, 0.34761173, 0.36024648, 0.3610192, 0.36390308, 0.37301016, 0.377486, 0.38288116, 0.38550827, 0.3895097, 0.39210087, 0.39394277, 0.39671063, 0.39736676, 0.39842165, 0.399148, 0.39922053, 0.40184334, 0.4031778, 0.411317, 0.41266698, 0.413338, 0.41456604, 0.41884422, 0.4192403, 0.422494, 0.42261377, 0.42272225, 0.42405194, 0.4286095, 0.43236023, 0.43274456, 0.43521738, 0.43559203, 0.43918145, 0.43937796, 0.44818634, 0.45106196, 0.4517173, 0.45549846, 0.45627683, 0.46088547, 0.4621536, 0.46625465, 0.46864554, 0.47167718, 0.48300672, 0.48581648, 0.48650908, 0.48652053, 0.48763612, 0.4881559, 0.49529582, 0.49529636, 0.49655947, 0.5024628, 0.5156675, 0.5278504, 0.5293321, 0.53395385, 0.53733987, 0.541396, 0.54521513, 0.5456511, 0.5571306, 0.5626149, 0.56889236, 0.5819653, 0.6311388, 0.65010595, 0.6664709, 0.69575655]
训练完的损失： []
用时： 0:00:03.299896
开始训练：第10 epoch
预训练的损失： [0.17774406, 0.2383739, 0.24305682, 0.2431472, 0.24761221, 0.2505685, 0.25070593, 0.2533316, 0.26009628, 0.2607867, 0.27034387, 0.2716092, 0.27190584, 0.27344877, 0.2750424, 0.2873963, 0.2900938, 0.29314908, 0.29887235, 0.2999984, 0.30063516, 0.30340013, 0.30358857, 0.32348615, 0.32411903, 0.32590508, 0.32814157, 0.33150792, 0.33218578, 0.33348548, 0.3397288, 0.34328353, 0.34375817, 0.355718, 0.35916564, 0.36082748, 0.36524796, 0.36852807, 0.3726074, 0.37300286, 0.37788576, 0.37798452, 0.37839532, 0.37860066, 0.38044244, 0.38182402, 0.3826125, 0.38857722, 0.39108312, 0.3912085, 0.39475486, 0.39505416, 0.4003623, 0.40181783, 0.40216714, 0.40282872, 0.40309656, 0.40615603, 0.41215312, 0.41560042, 0.41593903, 0.41717637, 0.41768086, 0.41877037, 0.4251336, 0.42781985, 0.43181133, 0.4326018, 0.43354845, 0.43623397, 0.44004363, 0.44411063, 0.44597253, 0.45055395, 0.46099603, 0.46246725, 0.46274275, 0.46416754, 0.46440262, 0.4667015, 0.47049096, 0.4714901, 0.47547174, 0.4771853, 0.48916855, 0.49794942, 0.5023728, 0.5109067, 0.5143552, 0.5157128, 0.5170581, 0.5189426, 0.5324491, 0.54068, 0.5431577, 0.55459714, 0.59935594, 0.6263951, 0.6374562, 0.6694]
训练完的损失： []
10/60 epochs...
用时： 0:00:03.297175
开始训练：第11 epoch
预训练的损失： [0.16668311, 0.22502589, 0.22517878, 0.22848076, 0.23466049, 0.23471704, 0.23716424, 0.23884088, 0.2446185, 0.24622905, 0.25269374, 0.25449365, 0.25690416, 0.25801474, 0.26019, 0.2704543, 0.27384686, 0.2741195, 0.28225732, 0.2838724, 0.28547245, 0.28568408, 0.29122403, 0.30638966, 0.30732238, 0.3078785, 0.30993012, 0.3162061, 0.31931984, 0.3196925, 0.32009923, 0.3238814, 0.32789952, 0.33908683, 0.3403147, 0.34153506, 0.3448257, 0.34603363, 0.35452813, 0.35675848, 0.3578313, 0.35911795, 0.36010408, 0.36068058, 0.36146137, 0.3627665, 0.3647523, 0.3667969, 0.3687678, 0.37120876, 0.37234783, 0.3768577, 0.38159505, 0.38285053, 0.38285893, 0.38287795, 0.38422757, 0.38486832, 0.39237657, 0.39644015, 0.39670768, 0.397507, 0.39926553, 0.40300614, 0.40352958, 0.40587893, 0.41000187, 0.41150612, 0.41237468, 0.4129877, 0.4199556, 0.42270112, 0.42464608, 0.43002748, 0.43931705, 0.43947923, 0.44030675, 0.44203484, 0.4427766, 0.4471119, 0.4479283, 0.44921064, 0.45295435, 0.45537668, 0.4642926, 0.46964723, 0.47673213, 0.48905754, 0.4897618, 0.49131128, 0.4926144, 0.49389905, 0.5091368, 0.5179927, 0.51941466, 0.5286533, 0.56983274, 0.60356784, 0.60958946, 0.64400876]
训练完的损失： []
用时： 0:00:03.295464
开始训练：第12 epoch
预训练的损失： [0.15692687, 0.20859466, 0.21279742, 0.2149134, 0.21958126, 0.22253323, 0.22466853, 0.22542515, 0.22962867, 0.2334705, 0.23610628, 0.23839259, 0.24316126, 0.24318585, 0.24596058, 0.2544436, 0.25557896, 0.25903404, 0.26678663, 0.26832956, 0.26926255, 0.27130967, 0.2795846, 0.29029927, 0.29075938, 0.29161942, 0.292681, 0.30129877, 0.30179012, 0.3056254, 0.3071101, 0.30718786, 0.3126326, 0.32146436, 0.32269162, 0.32293645, 0.32469553, 0.327857, 0.337027, 0.33920336, 0.34055895, 0.34177536, 0.34232414, 0.34328476, 0.34388602, 0.3458869, 0.34619138, 0.34770495, 0.3483233, 0.35111302, 0.35268307, 0.35956955, 0.3618344, 0.36329693, 0.3645968, 0.36482686, 0.36624676, 0.36671174, 0.37330824, 0.3769604, 0.37848285, 0.38042346, 0.38083524, 0.38179362, 0.3851394, 0.38817516, 0.3888147, 0.38975632, 0.3936363, 0.39372522, 0.4005805, 0.4022104, 0.40473878, 0.41021925, 0.4174496, 0.41756147, 0.4210082, 0.4210586, 0.42245007, 0.42484683, 0.4282608, 0.42928088, 0.42970198, 0.43603778, 0.44088832, 0.44339657, 0.45235234, 0.46357018, 0.46806675, 0.46817526, 0.4697181, 0.4718411, 0.48726922, 0.49357128, 0.49889797, 0.50402504, 0.54250777, 0.5812874, 0.5829363, 0.6195023]
训练完的损失： []
用时： 0:00:03.287183
开始训练：第13 epoch
预训练的损失： [0.14813174, 0.19340137, 0.20138675, 0.20206317, 0.2057838, 0.21135665, 0.21301469, 0.21306574, 0.21582341, 0.22082874, 0.22179216, 0.22352256, 0.22908211, 0.23037581, 0.23236746, 0.23870909, 0.23944041, 0.2449963, 0.2522708, 0.25246257, 0.25582933, 0.25750166, 0.26824042, 0.2745377, 0.2754424, 0.27625728, 0.27674657, 0.28392494, 0.28824833, 0.2883963, 0.29435468, 0.29552042, 0.29791528, 0.30245656, 0.3042005, 0.30751586, 0.3083991, 0.31060567, 0.32022607, 0.32152614, 0.32293737, 0.3242793, 0.3257315, 0.32719523, 0.32758647, 0.32796615, 0.32830015, 0.33053666, 0.33124375, 0.33302736, 0.3351534, 0.34274673, 0.34305435, 0.34486568, 0.34586212, 0.3471346, 0.35024434, 0.35035062, 0.35494632, 0.3587171, 0.36068374, 0.36137733, 0.3634267, 0.36431828, 0.3655113, 0.36633196, 0.36889413, 0.3758285, 0.37596166, 0.37641478, 0.38180873, 0.38261443, 0.38619018, 0.3907984, 0.39668614, 0.39697582, 0.40137732, 0.40298873, 0.40324372, 0.4037444, 0.40759158, 0.4085074, 0.4107723, 0.41725263, 0.41872728, 0.41900253, 0.42941174, 0.43841952, 0.44569296, 0.44644725, 0.44827026, 0.45194483, 0.46653616, 0.46965885, 0.47888708, 0.48069322, 0.51720923, 0.5573326, 0.55989444, 0.5957419]
训练完的损失： []
用时： 0:00:03.287058
开始训练：第14 epoch
预训练的损失： [0.14010927, 0.17926905, 0.19007309, 0.19087687, 0.19307843, 0.20084962, 0.20198143, 0.2020758, 0.20314756, 0.20663728, 0.20988393, 0.21104774, 0.21577175, 0.21826898, 0.21911377, 0.22332233, 0.22548535, 0.23168942, 0.23714495, 0.23916543, 0.24325456, 0.24423686, 0.25733227, 0.25916177, 0.2609306, 0.26157108, 0.26276678, 0.26775032, 0.27207595, 0.27557868, 0.28218496, 0.28378525, 0.2837917, 0.28435105, 0.28858668, 0.2926147, 0.29275605, 0.29422358, 0.30400273, 0.30485144, 0.30602282, 0.3063923, 0.3072583, 0.3094378, 0.31208858, 0.31248713, 0.31392494, 0.31415743, 0.31589228, 0.3185724, 0.3187912, 0.32444602, 0.32697898, 0.32720584, 0.32798278, 0.33075893, 0.3348315, 0.33521, 0.33725947, 0.34164816, 0.34180838, 0.34349585, 0.34593844, 0.34690428, 0.34699866, 0.34910417, 0.3503294, 0.35897633, 0.35908157, 0.36352113, 0.3635563, 0.36388695, 0.36890405, 0.37217847, 0.3768009, 0.37765104, 0.38280332, 0.38331503, 0.38513213, 0.38613337, 0.3867001, 0.3896317, 0.3923995, 0.3954514, 0.39821324, 0.3994367, 0.40780923, 0.41456276, 0.42393792, 0.42417818, 0.42932314, 0.43260267, 0.44647998, 0.4469812, 0.4585873, 0.4595105, 0.4935357, 0.5328226, 0.53918606, 0.57253957]
训练完的损失： []
用时： 0:00:03.292796
开始训练：第15 epoch
预训练的损失： [0.1326143, 0.16628024, 0.17895672, 0.18111515, 0.1813556, 0.19123094, 0.19156557, 0.19171846, 0.19178712, 0.1935802, 0.19712657, 0.20107651, 0.203038, 0.20630606, 0.20700175, 0.20906085, 0.21279153, 0.21919218, 0.22290896, 0.2268586, 0.23153229, 0.23159105, 0.2445423, 0.24621733, 0.24658939, 0.24863979, 0.24949455, 0.2527268, 0.25670892, 0.26343328, 0.26647043, 0.27016914, 0.27033454, 0.27373725, 0.2742503, 0.27790165, 0.27819175, 0.27875495, 0.28807756, 0.2885169, 0.28900307, 0.2899847, 0.29121277, 0.29226357, 0.29497346, 0.29758182, 0.3006581, 0.30131596, 0.30191222, 0.3035304, 0.30491006, 0.3068154, 0.31079534, 0.31099832, 0.31148702, 0.31528863, 0.32016248, 0.3203603, 0.320697, 0.3232212, 0.32570145, 0.32669532, 0.3269363, 0.32939044, 0.33131537, 0.3329277, 0.3345928, 0.3430183, 0.3432247, 0.34600973, 0.34625494, 0.35106874, 0.35252914, 0.35410058, 0.3577602, 0.35933095, 0.36370027, 0.36542374, 0.36692092, 0.3677754, 0.37003398, 0.37149876, 0.3736366, 0.3741646, 0.37869787, 0.38223764, 0.3875392, 0.39192116, 0.40239772, 0.40358907, 0.4114098, 0.41413513, 0.42406023, 0.4287023, 0.4376964, 0.44070518, 0.4713593, 0.5094183, 0.5193514, 0.5500035]
训练完的损失： []
用时： 0:00:03.285061
开始训练：第16 epoch
预训练的损失： [0.12556922, 0.15437672, 0.16877833, 0.17102838, 0.17206359, 0.18090037, 0.18171594, 0.1821856, 0.18223658, 0.18253893, 0.18532299, 0.19095832, 0.1916232, 0.19399783, 0.19637683, 0.19642037, 0.20106864, 0.20746896, 0.2095316, 0.21541892, 0.21956377, 0.22052261, 0.2309308, 0.23215854, 0.23614684, 0.23664051, 0.23695347, 0.2388514, 0.24232689, 0.25034982, 0.25168353, 0.25706655, 0.25893933, 0.26099277, 0.26352817, 0.26388657, 0.2640593, 0.26432374, 0.27055636, 0.27371633, 0.2739271, 0.27450022, 0.27598548, 0.27616984, 0.27859378, 0.28381285, 0.28827196, 0.28873867, 0.2890102, 0.2891855, 0.29005668, 0.29212898, 0.29496548, 0.29546368, 0.29658145, 0.3007807, 0.30384934, 0.30542123, 0.306139, 0.30668935, 0.30873, 0.3104723, 0.31107336, 0.3125471, 0.31644726, 0.31664416, 0.3205998, 0.32783943, 0.32846773, 0.32909212, 0.3297661, 0.3364992, 0.33698964, 0.33899295, 0.3397151, 0.34190863, 0.34459904, 0.34838122, 0.34909093, 0.3513016, 0.35311767, 0.35446995, 0.35474777, 0.35620207, 0.36015078, 0.3657208, 0.36833006, 0.37050283, 0.38168424, 0.38387942, 0.3943487, 0.39628974, 0.40235758, 0.41151506, 0.41783506, 0.4223218, 0.45050442, 0.48704988, 0.5002351, 0.52803314]
训练完的损失： []
用时： 0:00:03.295666
开始训练：第17 epoch
预训练的损失： [0.11890732, 0.1436122, 0.15947849, 0.16185898, 0.16367328, 0.17087714, 0.17094564, 0.17310569, 0.17334047, 0.1742324, 0.17427963, 0.17943685, 0.18202478, 0.18267483, 0.18484016, 0.1863822, 0.19020885, 0.1964203, 0.19691855, 0.20474972, 0.20825945, 0.21029994, 0.21815364, 0.21864782, 0.22510365, 0.22540642, 0.22588725, 0.22602805, 0.22877431, 0.23517686, 0.24049345, 0.24469344, 0.24777074, 0.24849388, 0.2500029, 0.25068384, 0.25091058, 0.2538205, 0.2540384, 0.25960016, 0.2596434, 0.25968823, 0.26074314, 0.26207697, 0.26369932, 0.2705924, 0.27399856, 0.27569175, 0.27631587, 0.27685964, 0.27720726, 0.27965692, 0.27990583, 0.28115788, 0.28213078, 0.28685564, 0.2881376, 0.288589, 0.29169065, 0.29285502, 0.29314828, 0.29604214, 0.29611808, 0.29652178, 0.3010525, 0.3026405, 0.30720383, 0.31320062, 0.31337738, 0.31430355, 0.31484964, 0.31940165, 0.3225991, 0.32261303, 0.32539192, 0.3261462, 0.3273007, 0.33067226, 0.33358818, 0.33373055, 0.3355207, 0.33844346, 0.3385384, 0.34026492, 0.34256715, 0.35003608, 0.3500442, 0.35008955, 0.3619292, 0.36513472, 0.37804335, 0.37897706, 0.38126662, 0.39527956, 0.3989333, 0.40442437, 0.43052936, 0.465884, 0.4816436, 0.5067022]
训练完的损失： []
用时： 0:00:03.286205
开始训练：第18 epoch
预训练的损失： [0.11248919, 0.13384743, 0.15103091, 0.1535984, 0.15575396, 0.16102087, 0.1616492, 0.16381168, 0.16444202, 0.1650958, 0.16667314, 0.16858715, 0.17053467, 0.17419615, 0.17426115, 0.17693366, 0.18017179, 0.18501936, 0.18596303, 0.19494015, 0.19769976, 0.20053189, 0.20562533, 0.20604411, 0.21373057, 0.21427128, 0.21487501, 0.21601103, 0.2160388, 0.22099148, 0.22963622, 0.23303148, 0.23655073, 0.23684332, 0.23708184, 0.23790698, 0.23832126, 0.23869976, 0.24455938, 0.24536197, 0.246117, 0.24615535, 0.24634168, 0.24890344, 0.2500628, 0.25789544, 0.25876182, 0.2628626, 0.26444703, 0.26490614, 0.26597482, 0.26603946, 0.2677542, 0.26814535, 0.26834205, 0.27263802, 0.27307796, 0.27380097, 0.2755841, 0.28010494, 0.2802531, 0.28133678, 0.2819993, 0.2822326, 0.2866175, 0.2895121, 0.29434794, 0.29834846, 0.29967934, 0.2996943, 0.30214053, 0.3029698, 0.30640292, 0.30873445, 0.30899736, 0.30945528, 0.31406644, 0.31557485, 0.31601757, 0.3190141, 0.32047713, 0.3212183, 0.323268, 0.32588607, 0.326441, 0.3308824, 0.33251798, 0.3351868, 0.34315893, 0.34719318, 0.36071151, 0.36214533, 0.36242718, 0.37985265, 0.38092688, 0.3872153, 0.4115576, 0.44565296, 0.4637075, 0.48583424]
训练完的损失： []
用时： 0:00:03.300867
开始训练：第19 epoch
预训练的损失： [0.10640934, 0.124672234, 0.14324415, 0.14621088, 0.1483629, 0.15212367, 0.15306145, 0.15408632, 0.15636176, 0.15748477, 0.15843444, 0.15941606, 0.15963793, 0.1643235, 0.16615698, 0.16805749, 0.17051102, 0.17387742, 0.17617008, 0.18585745, 0.18773872, 0.19121698, 0.1931797, 0.19463503, 0.20256948, 0.20402095, 0.2040334, 0.2050058, 0.20631611, 0.2077077, 0.2192733, 0.2219353, 0.22357374, 0.2243723, 0.22533013, 0.2258591, 0.22676474, 0.2268091, 0.23189637, 0.23288965, 0.23332196, 0.23338105, 0.23564905, 0.23669726, 0.23751989, 0.24428259, 0.2456305, 0.25076234, 0.25096574, 0.2531502, 0.25482655, 0.25514743, 0.25518155, 0.25599745, 0.2571487, 0.2576627, 0.2587918, 0.2603559, 0.26154688, 0.26698628, 0.26765588, 0.2681546, 0.26870832, 0.26911247, 0.27302724, 0.27698535, 0.28192708, 0.28430185, 0.28594658, 0.2866625, 0.28709602, 0.29020086, 0.29079002, 0.29200745, 0.29420203, 0.29604346, 0.2983234, 0.29842967, 0.30431184, 0.30495763, 0.30516726, 0.30580267, 0.30903375, 0.31026098, 0.31259203, 0.31320605, 0.3158728, 0.32125235, 0.32533097, 0.33025694, 0.34116152, 0.34597364, 0.3474876, 0.36395591, 0.36534613, 0.37076506, 0.39350766, 0.42647415, 0.44634175, 0.46569163]
训练完的损失： []
用时： 0:00:03.285038
开始训练：第20 epoch
预训练的损失： [0.100617595, 0.116402775, 0.13604234, 0.13934103, 0.1415107, 0.14413276, 0.14497845, 0.1451064, 0.14879605, 0.14908805, 0.14932984, 0.15046489, 0.15256853, 0.15510273, 0.15849444, 0.15975443, 0.16154724, 0.16358289, 0.16689177, 0.1775131, 0.17837304, 0.181443, 0.18232629, 0.18408932, 0.19219455, 0.19287395, 0.19446556, 0.19562806, 0.19574186, 0.19683176, 0.20921901, 0.21119177, 0.21144533, 0.21146125, 0.21324375, 0.21557619, 0.21594386, 0.21678732, 0.21909273, 0.22016339, 0.22102883, 0.22136953, 0.22516327, 0.22623926, 0.22702108, 0.23070249, 0.23391277, 0.23764639, 0.23922707, 0.24207726, 0.24247137, 0.24345061, 0.24347878, 0.24473907, 0.24516833, 0.2459952, 0.24648729, 0.2468128, 0.24988383, 0.25340956, 0.25576064, 0.25636142, 0.25671136, 0.25686407, 0.26030844, 0.26508242, 0.27016205, 0.271096, 0.27206796, 0.2730252, 0.27412543, 0.2761536, 0.27617192, 0.2789899, 0.27970785, 0.282067, 0.28378183, 0.28380197, 0.28805175, 0.29181737, 0.2922, 0.2941967, 0.29530966, 0.29544437, 0.29562482, 0.29974747, 0.30047983, 0.30835733, 0.30848992, 0.3143287, 0.32204613, 0.33026522, 0.33323085, 0.34759283, 0.35156152, 0.35483152, 0.37624255, 0.40825263, 0.42940968, 0.44609517]
训练完的损失： []
20/60 epochs...
用时： 0:00:03.284381
开始训练：第21 epoch
预训练的损失： [0.09503631, 0.10914774, 0.12951946, 0.13295391, 0.13505265, 0.13653123, 0.13678195, 0.13750559, 0.13970992, 0.140578, 0.14175916, 0.14386773, 0.14599092, 0.14648232, 0.15117432, 0.15192044, 0.15328684, 0.15395816, 0.15820435, 0.16951905, 0.16980547, 0.17014915, 0.17388889, 0.17415032, 0.18228194, 0.18252698, 0.18422788, 0.18544087, 0.18695514, 0.18762438, 0.19918126, 0.19971803, 0.19992757, 0.20150274, 0.2015172, 0.20585, 0.20617326, 0.20682733, 0.20736371, 0.20837295, 0.209393, 0.21010351, 0.21432552, 0.21615297, 0.21782663, 0.21879339, 0.22276893, 0.22493337, 0.22837824, 0.23001418, 0.23025796, 0.23230892, 0.23231113, 0.23244819, 0.23254573, 0.23467547, 0.23699582, 0.23755215, 0.23880237, 0.24056807, 0.2444556, 0.24472481, 0.24503118, 0.24616905, 0.24804363, 0.25370315, 0.25779682, 0.2584838, 0.25881672, 0.26094407, 0.26117197, 0.26211053, 0.2623399, 0.26588345, 0.26684123, 0.2684684, 0.2701522, 0.27219552, 0.27232176, 0.27825755, 0.27893144, 0.28007352, 0.28138494, 0.28305933, 0.28373674, 0.28424358, 0.28801656, 0.29274988, 0.29610407, 0.29932845, 0.3035853, 0.3150342, 0.3196808, 0.33221847, 0.3383621, 0.33972156, 0.35986125, 0.39091134, 0.4131114, 0.42713872]
训练完的损失： []
用时： 0:00:03.289416
开始训练：第22 epoch
预训练的损失： [0.08971441, 0.10278799, 0.123475745, 0.12694268, 0.12863189, 0.12923619, 0.12985823, 0.13052326, 0.13093889, 0.13281688, 0.1351054, 0.13765527, 0.13833025, 0.13974059, 0.1442682, 0.14456202, 0.14495674, 0.14550659, 0.14998974, 0.15965626, 0.16127566, 0.16261691, 0.16489471, 0.16570112, 0.17240578, 0.17351778, 0.17380337, 0.17703724, 0.17872459, 0.17880274, 0.1880389, 0.18943435, 0.19055426, 0.19063638, 0.19197199, 0.19526607, 0.19663757, 0.1970278, 0.19728413, 0.19823124, 0.19834685, 0.19938965, 0.20420118, 0.20579754, 0.20699346, 0.21086828, 0.21214768, 0.21285102, 0.21779394, 0.2180531, 0.21837917, 0.21993124, 0.2204484, 0.22188479, 0.22262353, 0.22495821, 0.22794782, 0.22828373, 0.22838177, 0.22905457, 0.23363781, 0.23370323, 0.23403592, 0.2360931, 0.23635772, 0.24279058, 0.24428177, 0.24644718, 0.24707353, 0.24784797, 0.24949539, 0.24962759, 0.25064105, 0.25242218, 0.25256485, 0.25734693, 0.2574397, 0.25859225, 0.26110315, 0.26321876, 0.26534748, 0.2682361, 0.2687591, 0.26942778, 0.2712145, 0.27353957, 0.2761297, 0.27798483, 0.28466564, 0.28520137, 0.28578484, 0.3004495, 0.30667248, 0.3175481, 0.32505894, 0.32589525, 0.3441287, 0.37449563, 0.3972336, 0.40899354]
训练完的损失： []
用时： 0:00:03.286250
开始训练：第23 epoch
预训练的损失： [0.084713876, 0.09739068, 0.11799833, 0.12122637, 0.12127495, 0.12303825, 0.123575464, 0.12381859, 0.124120936, 0.1259638, 0.12879641, 0.13072512, 0.13182603, 0.1336769, 0.13669194, 0.13760534, 0.13771339, 0.13826141, 0.14216217, 0.14984384, 0.15358733, 0.15599807, 0.15612327, 0.15791444, 0.1633012, 0.16426994, 0.16525829, 0.16913213, 0.17028686, 0.1709369, 0.17772686, 0.17963001, 0.18022732, 0.18201302, 0.1828304, 0.18430325, 0.18681301, 0.18763185, 0.187979, 0.18865323, 0.1893504, 0.18974978, 0.19454643, 0.19458649, 0.19861786, 0.2013695, 0.2019557, 0.20330377, 0.20609015, 0.20729245, 0.20815516, 0.20838124, 0.20900288, 0.21219397, 0.21340513, 0.21560323, 0.21684887, 0.21827109, 0.21951398, 0.22098035, 0.22310534, 0.22337958, 0.22356752, 0.22512522, 0.2264474, 0.23151961, 0.23229182, 0.23377508, 0.23504254, 0.23732126, 0.23738682, 0.23887211, 0.23904622, 0.23956588, 0.23989408, 0.24299872, 0.24560016, 0.24840112, 0.24922264, 0.25048658, 0.25312108, 0.2554711, 0.25597644, 0.25823843, 0.25990462, 0.26363182, 0.2642448, 0.26465172, 0.2686261, 0.2719907, 0.2736039, 0.2864989, 0.29425374, 0.303784, 0.311181, 0.3138623, 0.32929662, 0.35888082, 0.38207185, 0.39154577]
训练完的损失： []
用时： 0:00:03.307337
开始训练：第24 epoch
预训练的损失： [0.079995826, 0.09274989, 0.112939276, 0.11436402, 0.1157541, 0.11596061, 0.117629945, 0.11820632, 0.1187719, 0.11981606, 0.1227345, 0.12368636, 0.12653959, 0.12791556, 0.12903778, 0.13103263, 0.13144425, 0.13150223, 0.13472128, 0.14062402, 0.14662382, 0.1478186, 0.14977795, 0.15054417, 0.15468189, 0.155601, 0.15766096, 0.16174158, 0.16208181, 0.16353954, 0.16811159, 0.17033121, 0.1706399, 0.17373303, 0.17388523, 0.17412159, 0.17704694, 0.17745215, 0.17982066, 0.17984354, 0.18091984, 0.18196079, 0.18418837, 0.18559496, 0.19070652, 0.19087297, 0.19212866, 0.19519024, 0.19602975, 0.19673659, 0.19716427, 0.19839697, 0.19912732, 0.20303848, 0.2046512, 0.20586821, 0.20670536, 0.20866825, 0.21150482, 0.21296528, 0.213311, 0.21355703, 0.21362686, 0.2143986, 0.21741787, 0.21934381, 0.22152102, 0.22220844, 0.22422045, 0.22583586, 0.22607702, 0.22729573, 0.22769418, 0.22890967, 0.22913122, 0.2294356, 0.2343392, 0.23466398, 0.24027568, 0.24030939, 0.24173775, 0.24227977, 0.24442539, 0.24845177, 0.24923354, 0.25123012, 0.25231332, 0.2536346, 0.2539379, 0.25966215, 0.26298618, 0.2732562, 0.2823381, 0.2909246, 0.29786873, 0.30224344, 0.31518298, 0.34418434, 0.36741346, 0.37488288]
训练完的损失： []
用时： 0:00:03.312105
开始训练：第25 epoch
预训练的损失： [0.07568857, 0.088758, 0.10792336, 0.10823868, 0.10907898, 0.110976204, 0.11207765, 0.1126302, 0.114006385, 0.1143775, 0.11694862, 0.11728376, 0.121486485, 0.121928304, 0.122491315, 0.12481772, 0.12504701, 0.125702, 0.1278204, 0.13198304, 0.13991055, 0.14016776, 0.1435737, 0.14417629, 0.1467469, 0.14756759, 0.15068693, 0.15425381, 0.15484911, 0.15652382, 0.15927444, 0.16103107, 0.16226467, 0.16379914, 0.16589573, 0.16623557, 0.16770089, 0.16790247, 0.17095374, 0.17211372, 0.17372829, 0.17439657, 0.17462885, 0.17709029, 0.18057916, 0.18277074, 0.18373287, 0.18501654, 0.1867169, 0.18701556, 0.18837997, 0.18896708, 0.19036935, 0.19448906, 0.19557348, 0.19623893, 0.19819313, 0.19951034, 0.2032874, 0.2039538, 0.2041926, 0.20419577, 0.20434263, 0.20599332, 0.20781858, 0.2089944, 0.20998096, 0.21263172, 0.21386588, 0.2140414, 0.2150958, 0.21623267, 0.2165392, 0.21773432, 0.21878678, 0.2198523, 0.22121723, 0.22437532, 0.22981125, 0.23057893, 0.23100325, 0.23182634, 0.23374246, 0.23671514, 0.23911723, 0.23914477, 0.23915651, 0.24305192, 0.24450187, 0.2480244, 0.2527265, 0.26065877, 0.27092925, 0.27885735, 0.28521532, 0.29106224, 0.30185652, 0.33029723, 0.35334378, 0.35907602]
训练完的损失： []
用时： 0:00:03.312298
开始训练：第26 epoch
预训练的损失： [0.071700945, 0.08523522, 0.102045454, 0.10284639, 0.10382132, 0.10625495, 0.10699263, 0.107428476, 0.109528214, 0.109614134, 0.11128, 0.111401305, 0.11542316, 0.11674377, 0.117332935, 0.118869275, 0.11889458, 0.120235935, 0.12136693, 0.12388153, 0.13237426, 0.13434985, 0.13699034, 0.13894123, 0.13940641, 0.14023304, 0.14418861, 0.14670935, 0.14849159, 0.14992303, 0.15090199, 0.15262994, 0.15433598, 0.15441522, 0.15811977, 0.15886375, 0.15902033, 0.1590249, 0.16255894, 0.16482094, 0.16542572, 0.16690259, 0.16766128, 0.16917333, 0.17121014, 0.17362836, 0.17566493, 0.17707954, 0.17713207, 0.17749766, 0.17892998, 0.18208483, 0.18209344, 0.18579581, 0.18637945, 0.18819848, 0.19007216, 0.19076455, 0.19391799, 0.19447547, 0.19521126, 0.19567034, 0.19669113, 0.19683184, 0.19907367, 0.19916815, 0.20120218, 0.20275688, 0.20355263, 0.20421514, 0.20426674, 0.2050027, 0.20524924, 0.2087093, 0.20872083, 0.20908199, 0.21106192, 0.2146512, 0.21797311, 0.22117199, 0.22126627, 0.22193447, 0.22372973, 0.22392371, 0.22782755, 0.22954372, 0.23039451, 0.23295498, 0.23537666, 0.23725802, 0.24287042, 0.24867815, 0.2602263, 0.2675739, 0.2730985, 0.28016454, 0.28937793, 0.31711632, 0.33961207, 0.34398204]
训练完的损失： []
用时： 0:00:03.320211
开始训练：第27 epoch
预训练的损失： [0.06810129, 0.082141146, 0.096625544, 0.097247645, 0.09971861, 0.101873025, 0.10230863, 0.1025435, 0.10506881, 0.10552045, 0.105731726, 0.106066376, 0.10935649, 0.11226097, 0.112352505, 0.11314729, 0.11327347, 0.11509471, 0.11530143, 0.11631192, 0.12523128, 0.12911382, 0.13087052, 0.13253275, 0.13356592, 0.13415194, 0.13823727, 0.13960402, 0.14256819, 0.1432492, 0.1435603, 0.14473706, 0.14542943, 0.14691356, 0.15052831, 0.15082234, 0.15091081, 0.15236218, 0.15473576, 0.1570718, 0.1579693, 0.16045584, 0.16117994, 0.16173398, 0.16243342, 0.16504525, 0.1667812, 0.16809121, 0.16862193, 0.16991141, 0.1708308, 0.17408963, 0.1753338, 0.17657065, 0.17870271, 0.18056056, 0.18221885, 0.18252721, 0.18498601, 0.18528727, 0.18626665, 0.18660685, 0.18751356, 0.18896735, 0.1897725, 0.1922195, 0.19247437, 0.19250493, 0.19380096, 0.19496205, 0.19503033, 0.19512877, 0.1955849, 0.19728461, 0.19989398, 0.20007017, 0.20272261, 0.20560217, 0.20678383, 0.2081612, 0.21203503, 0.21249071, 0.21477559, 0.21597917, 0.2172004, 0.22038406, 0.22211014, 0.22345543, 0.22629954, 0.22723702, 0.2334808, 0.23745763, 0.25006235, 0.25701833, 0.26156223, 0.26964086, 0.27757946, 0.304452, 0.3262906, 0.32969305]
训练完的损失： []
用时： 0:00:03.315634
开始训练：第28 epoch
预训练的损失： [0.06476098, 0.07936376, 0.09170538, 0.09212883, 0.09596049, 0.09784952, 0.09796851, 0.09797788, 0.10065971, 0.10085307, 0.10099825, 0.10169597, 0.10372506, 0.10753983, 0.10781339, 0.10789035, 0.107958406, 0.109311715, 0.10969214, 0.11033863, 0.118532054, 0.12440844, 0.12492871, 0.12617294, 0.12733924, 0.12964278, 0.13270614, 0.13288757, 0.13637927, 0.1369721, 0.13713157, 0.13750383, 0.13764444, 0.139941, 0.14318252, 0.14340913, 0.14386393, 0.14610484, 0.14730266, 0.14932436, 0.15148184, 0.15423933, 0.15435258, 0.1547939, 0.15494975, 0.15662956, 0.1586094, 0.15949504, 0.16046539, 0.16132209, 0.16490264, 0.16651985, 0.1677993, 0.16871691, 0.17145184, 0.1733023, 0.1745764, 0.17474264, 0.17615317, 0.17632517, 0.17661916, 0.17849219, 0.17962681, 0.17999642, 0.18146805, 0.18232413, 0.18326834, 0.18548945, 0.18609557, 0.18639931, 0.18660343, 0.18665686, 0.18672311, 0.18699849, 0.1911067, 0.19183572, 0.19480154, 0.1953322, 0.19612147, 0.19711928, 0.2036486, 0.20407265, 0.20621216, 0.20732133, 0.20852773, 0.21157527, 0.21411073, 0.21437044, 0.21761107, 0.21798867, 0.22448115, 0.22679588, 0.24035317, 0.24707174, 0.2508447, 0.2593159, 0.26641816, 0.29242986, 0.31353346, 0.31616816]
训练完的损失： []
用时： 0:00:03.318266
开始训练：第29 epoch
预训练的损失： [0.061740585, 0.07681432, 0.08724742, 0.08751097, 0.092512414, 0.09370975, 0.09400248, 0.09402841, 0.09588307, 0.09606111, 0.09734693, 0.09805298, 0.09848857, 0.102727905, 0.10284598, 0.10293873, 0.1029516, 0.103971764, 0.10457444, 0.10593113, 0.11230257, 0.11936958, 0.12002841, 0.12032984, 0.12164095, 0.12548752, 0.12656204, 0.1276447, 0.12907188, 0.1301058, 0.13104896, 0.1316537, 0.13209973, 0.13344738, 0.13649823, 0.13660875, 0.13728583, 0.14026582, 0.1403032, 0.14216828, 0.14526077, 0.14652392, 0.14833261, 0.14859706, 0.1487155, 0.14899759, 0.15092045, 0.151371, 0.15290308, 0.1531483, 0.15928411, 0.15938693, 0.15957989, 0.16233727, 0.16452608, 0.16635123, 0.1665259, 0.1669916, 0.16760492, 0.16802102, 0.16845393, 0.17084955, 0.17086358, 0.17120284, 0.1730988, 0.17315194, 0.17632715, 0.17657706, 0.1771386, 0.17831299, 0.17854962, 0.17890462, 0.17999402, 0.18057124, 0.182675, 0.18346933, 0.18401337, 0.18602473, 0.18719468, 0.18904339, 0.19577153, 0.1961933, 0.19802228, 0.19820645, 0.2014299, 0.20320588, 0.20569481, 0.20658599, 0.20911571, 0.20938335, 0.21583548, 0.21688226, 0.23110065, 0.23760685, 0.24056116, 0.24946219, 0.2559138, 0.28103322, 0.30126798, 0.303298]
训练完的损失： []
用时： 0:00:03.320474
开始训练：第30 epoch
预训练的损失： [0.05897111, 0.07445541, 0.08317943, 0.083228946, 0.08931459, 0.08987461, 0.0903385, 0.09036027, 0.09112337, 0.09190313, 0.09366748, 0.09403764, 0.09461305, 0.09666302, 0.09806788, 0.09823395, 0.09866692, 0.09984678, 0.100151286, 0.10176381, 0.10653987, 0.11407522, 0.114779815, 0.11595741, 0.11628239, 0.12055766, 0.12160756, 0.12169258, 0.122948796, 0.12446769, 0.12504019, 0.12604511, 0.12732467, 0.12734202, 0.12999423, 0.13071261, 0.13104975, 0.13358381, 0.13488938, 0.13543057, 0.13930419, 0.13935679, 0.14113958, 0.14221245, 0.14313279, 0.14324903, 0.14365205, 0.14381453, 0.14553683, 0.14576508, 0.15172517, 0.15260223, 0.15398258, 0.15610993, 0.15708068, 0.15809041, 0.15974508, 0.15995163, 0.16022003, 0.1607511, 0.16088966, 0.16153204, 0.16279225, 0.1635876, 0.16467416, 0.16676944, 0.16706821, 0.16819519, 0.17049217, 0.17112678, 0.17134649, 0.17165983, 0.17263798, 0.17412886, 0.17460789, 0.17463139, 0.1766645, 0.1766899, 0.17993483, 0.1814929, 0.18835375, 0.1887126, 0.18928485, 0.19071582, 0.19460836, 0.19509879, 0.19734967, 0.19929893, 0.20092529, 0.20151502, 0.20744163, 0.207599, 0.2222895, 0.2285887, 0.23089693, 0.23983017, 0.24587387, 0.27007887, 0.2894625, 0.29104736]
训练完的损失： []
30/60 epochs...
用时： 0:00:03.316629
开始训练：第31 epoch
预训练的损失： [0.056489933, 0.07223674, 0.07925405, 0.07954714, 0.08622139, 0.08628981, 0.0865776, 0.0868865, 0.08701925, 0.088109404, 0.08914937, 0.0909192, 0.091120705, 0.091402344, 0.09351888, 0.09380992, 0.094640344, 0.09546385, 0.09666394, 0.09797824, 0.101203725, 0.10892199, 0.10967238, 0.111319646, 0.11212593, 0.114698276, 0.114920005, 0.11800458, 0.118608914, 0.11931202, 0.11937209, 0.120673545, 0.12162396, 0.12293707, 0.12381895, 0.12531002, 0.12536478, 0.12749368, 0.12923928, 0.12978324, 0.13252805, 0.13369596, 0.13400498, 0.13636015, 0.1365011, 0.13710605, 0.1377459, 0.13804771, 0.1383188, 0.13920087, 0.14426494, 0.14620715, 0.14809705, 0.14892396, 0.1499835, 0.15188232, 0.1521985, 0.15255053, 0.15295592, 0.15355182, 0.15420264, 0.15447459, 0.15548906, 0.15661345, 0.15681766, 0.15845558, 0.1603311, 0.16085166, 0.16300058, 0.16320409, 0.16430186, 0.1647044, 0.16580713, 0.16675453, 0.1679998, 0.16848333, 0.16894546, 0.16990271, 0.17296268, 0.17431012, 0.18111072, 0.18147057, 0.18165803, 0.18374397, 0.1875306, 0.18803102, 0.18944168, 0.19235358, 0.19290876, 0.19413434, 0.19887595, 0.19934802, 0.21385926, 0.2201603, 0.2217156, 0.23054406, 0.23637737, 0.25968072, 0.27818078, 0.27946582]
训练完的损失： []
用时： 0:00:03.323527
开始训练：第32 epoch
预训练的损失： [0.05423139, 0.07018884, 0.07565641, 0.07612239, 0.08226439, 0.08286711, 0.08343037, 0.08357525, 0.08393651, 0.08460936, 0.08499488, 0.08607145, 0.08806618, 0.08841145, 0.089194156, 0.089788295, 0.09087753, 0.09146409, 0.09331516, 0.09444937, 0.096333966, 0.10397853, 0.10482025, 0.1067058, 0.1082975, 0.10849715, 0.10977737, 0.11414698, 0.114565864, 0.114574365, 0.114644274, 0.11551622, 0.11628118, 0.11811742, 0.118736014, 0.119918354, 0.1205225, 0.12167922, 0.12339352, 0.12504542, 0.12631461, 0.12723058, 0.12828925, 0.12958103, 0.13086396, 0.13110566, 0.13149084, 0.13242675, 0.13306347, 0.1332671, 0.13721065, 0.13973363, 0.14028586, 0.14408553, 0.14412922, 0.14417922, 0.14480487, 0.14600682, 0.1463973, 0.14669943, 0.14834115, 0.1485253, 0.14867036, 0.14940447, 0.15020837, 0.15040392, 0.15285549, 0.15421318, 0.15535909, 0.15639563, 0.15781386, 0.15832454, 0.15920398, 0.1599018, 0.16047929, 0.16300485, 0.16351, 0.16360646, 0.16629903, 0.16737276, 0.1732541, 0.17485294, 0.17509624, 0.17715067, 0.18017712, 0.18174976, 0.18184873, 0.185177, 0.18560454, 0.18725273, 0.19078755, 0.19151044, 0.20575486, 0.21215808, 0.21312426, 0.22160834, 0.22744328, 0.24968675, 0.2672949, 0.26847297]
训练完的损失： []
用时： 0:00:03.322892
开始训练：第33 epoch
预训练的损失： [0.05219655, 0.06833333, 0.07227735, 0.07302728, 0.07821368, 0.07975449, 0.08031588, 0.08075448, 0.08097811, 0.08104375, 0.08140159, 0.08140585, 0.0851621, 0.085445434, 0.085562274, 0.08609971, 0.08733016, 0.08785316, 0.09024439, 0.09116871, 0.09184349, 0.099222615, 0.10028831, 0.10237655, 0.10240479, 0.10510036, 0.10512765, 0.10933703, 0.110309884, 0.11054689, 0.11075885, 0.1112155, 0.11145194, 0.11275457, 0.114782706, 0.1150098, 0.11604207, 0.11628539, 0.11781662, 0.12042904, 0.1205686, 0.120865956, 0.123190664, 0.123431265, 0.12507498, 0.12523903, 0.12600273, 0.12725216, 0.12737265, 0.12876938, 0.13037947, 0.13179429, 0.1346743, 0.13623749, 0.13777411, 0.13851434, 0.13947508, 0.14018025, 0.14036123, 0.14046799, 0.14242852, 0.14244881, 0.1425438, 0.14290209, 0.1431592, 0.14410424, 0.14592811, 0.14629233, 0.14992988, 0.15022779, 0.15168308, 0.15202242, 0.15223302, 0.15232179, 0.15530533, 0.15743583, 0.15764296, 0.15843858, 0.15996708, 0.1608723, 0.16592565, 0.16843471, 0.16904622, 0.17087705, 0.1732063, 0.17466438, 0.17572945, 0.17762649, 0.17914331, 0.18084013, 0.18306193, 0.18394575, 0.1980452, 0.2044899, 0.20500489, 0.21294351, 0.21891287, 0.240197, 0.25698215, 0.25801244]
训练完的损失： []
用时： 0:00:03.315701
开始训练：第34 epoch
预训练的损失： [0.05046872, 0.06658861, 0.069313765, 0.07010026, 0.07444054, 0.07701659, 0.07712789, 0.07727434, 0.07734594, 0.078234226, 0.07837473, 0.07857109, 0.08140882, 0.08264063, 0.0828325, 0.08303061, 0.084090024, 0.08459179, 0.08738291, 0.087745264, 0.08814654, 0.094661124, 0.096083306, 0.0968371, 0.098286614, 0.10070537, 0.10192534, 0.104877025, 0.105893634, 0.10642728, 0.106706865, 0.10729562, 0.1076643, 0.108347625, 0.11049753, 0.111099064, 0.1113103, 0.111912146, 0.11274731, 0.114775255, 0.11497043, 0.11634682, 0.1177177, 0.118384704, 0.11940034, 0.11954406, 0.12122318, 0.122081384, 0.122337714, 0.123845994, 0.12430522, 0.12458408, 0.1288104, 0.1294463, 0.13115448, 0.13319585, 0.13432088, 0.13445586, 0.13512854, 0.13526957, 0.13577507, 0.13580146, 0.13661326, 0.13702658, 0.13804166, 0.13830277, 0.13910355, 0.13941261, 0.14387769, 0.14516824, 0.1451762, 0.1453885, 0.14592478, 0.14670166, 0.15038684, 0.15177122, 0.1524894, 0.1534965, 0.15397355, 0.15458977, 0.15893471, 0.16233999, 0.16338862, 0.16497335, 0.16657797, 0.1678372, 0.16994417, 0.17028412, 0.17280248, 0.17500286, 0.1758363, 0.17660609, 0.19071504, 0.1971484, 0.19740207, 0.20445615, 0.21075478, 0.2308823, 0.24716908, 0.24801745]
训练完的损失： []
用时： 0:00:03.316034
开始训练：第35 epoch
预训练的损失： [0.048929825, 0.06496474, 0.066643864, 0.0674378, 0.07096572, 0.073280334, 0.07393587, 0.07442451, 0.07452705, 0.075798705, 0.07586433, 0.07590945, 0.07790219, 0.07944927, 0.08021018, 0.080724716, 0.081116185, 0.08155875, 0.08398716, 0.084739015, 0.08538829, 0.09041713, 0.091708675, 0.09216681, 0.09456089, 0.09659289, 0.098937325, 0.10074991, 0.1014461, 0.10247931, 0.10291481, 0.10292025, 0.10410334, 0.10539824, 0.1064125, 0.10666322, 0.10765125, 0.10805356, 0.108094454, 0.10909705, 0.10986415, 0.11243352, 0.1124565, 0.11381852, 0.11404737, 0.11442543, 0.11674319, 0.117247514, 0.117300905, 0.117603116, 0.11768706, 0.12066703, 0.121929616, 0.12455149, 0.12487792, 0.1281556, 0.12874204, 0.1289063, 0.12915352, 0.1296379, 0.13024184, 0.13090026, 0.1312338, 0.13176212, 0.1325976, 0.13276953, 0.13309145, 0.13333093, 0.13817051, 0.13852997, 0.13869554, 0.14047271, 0.14088084, 0.1414321, 0.14566688, 0.14635609, 0.14751846, 0.14815444, 0.14864507, 0.14884624, 0.1524168, 0.15670839, 0.15793848, 0.15932207, 0.16030622, 0.16141361, 0.16330506, 0.16438615, 0.16682705, 0.16895224, 0.1695871, 0.16969834, 0.1836057, 0.19015574, 0.19032088, 0.1963661, 0.20296544, 0.22195438, 0.23784237, 0.23851833]
训练完的损失： []
用时： 0:00:03.329421
开始训练：第36 epoch
预训练的损失： [0.047574267, 0.063366175, 0.06425297, 0.06500623, 0.06779136, 0.069856316, 0.07085532, 0.07158293, 0.07228661, 0.0735004, 0.073513284, 0.07351373, 0.07473138, 0.07650326, 0.07772349, 0.078352354, 0.078658395, 0.07877059, 0.08048648, 0.08223737, 0.08286747, 0.086385615, 0.08701113, 0.088558465, 0.09108321, 0.092845455, 0.09604011, 0.09683307, 0.09729792, 0.0984543, 0.09848467, 0.09968336, 0.10101381, 0.102498084, 0.10254051, 0.102576286, 0.10373029, 0.10380624, 0.10438192, 0.1046502, 0.1050489, 0.10755016, 0.108712055, 0.10902402, 0.10949058, 0.10956691, 0.11077002, 0.11192064, 0.11245474, 0.11274855, 0.11325981, 0.115402, 0.11697862, 0.11887923, 0.119891316, 0.123022564, 0.1233435, 0.12345659, 0.12375353, 0.123756096, 0.12562284, 0.12624823, 0.1267303, 0.12682855, 0.12687656, 0.12755036, 0.12757547, 0.12830998, 0.13232306, 0.13253593, 0.13283822, 0.1353441, 0.1365266, 0.13667555, 0.14120275, 0.14122362, 0.14270659, 0.1427281, 0.14294244, 0.14440165, 0.14616762, 0.15137751, 0.15282807, 0.15400192, 0.15431319, 0.15532045, 0.15681998, 0.15901546, 0.16114363, 0.16262573, 0.16302307, 0.16447031, 0.17686099, 0.1834423, 0.18356447, 0.18866128, 0.19547243, 0.21335195, 0.22879195, 0.2294581]
训练完的损失： []
用时： 0:00:03.315205
开始训练：第37 epoch
预训练的损失： [0.04639607, 0.061832145, 0.06204679, 0.06279048, 0.06501524, 0.066712596, 0.06792346, 0.06905647, 0.070200704, 0.07126368, 0.07132604, 0.07138817, 0.0718757, 0.073788464, 0.07531656, 0.075857945, 0.07618588, 0.076752305, 0.07733902, 0.07993759, 0.08051798, 0.08259879, 0.0827063, 0.08511384, 0.08777844, 0.08945269, 0.09320831, 0.09324333, 0.09334063, 0.0942335, 0.09475313, 0.09673482, 0.09817087, 0.09854876, 0.09883934, 0.09908282, 0.09975612, 0.09978196, 0.10058708, 0.10123344, 0.10140054, 0.10292368, 0.10441242, 0.104694165, 0.10501731, 0.10521878, 0.10545035, 0.10647413, 0.10832993, 0.108573325, 0.109118566, 0.10924323, 0.11322846, 0.11354504, 0.11547993, 0.11732133, 0.11819613, 0.11843644, 0.118722014, 0.118826866, 0.12131934, 0.12157647, 0.121608526, 0.12188237, 0.12216668, 0.12270884, 0.12300088, 0.12365, 0.12666357, 0.12678611, 0.1278152, 0.13042927, 0.13196154, 0.13275355, 0.13638091, 0.13689336, 0.13758847, 0.13761391, 0.13802987, 0.1401071, 0.14036211, 0.14642912, 0.14791071, 0.14865685, 0.1488756, 0.14955325, 0.15055177, 0.15384895, 0.15575536, 0.15653262, 0.1567547, 0.15969965, 0.17040196, 0.1769875, 0.17731737, 0.18132524, 0.18837008, 0.20501271, 0.22015192, 0.22084874]
训练完的损失： []
用时： 0:00:03.317965
开始训练：第38 epoch
预训练的损失： [0.04533089, 0.06006168, 0.06036309, 0.06074501, 0.06241513, 0.06396887, 0.06523502, 0.06667415, 0.06825872, 0.06920525, 0.06925666, 0.069332786, 0.06938343, 0.07131696, 0.073019825, 0.07353457, 0.07377304, 0.07445279, 0.07496826, 0.077783376, 0.07833332, 0.07871615, 0.079017565, 0.0818563, 0.0848144, 0.086361945, 0.08957164, 0.08977407, 0.09025608, 0.090540715, 0.09134592, 0.09396502, 0.094248116, 0.09491521, 0.095505536, 0.09587982, 0.096019, 0.096381016, 0.09718437, 0.09826899, 0.09846339, 0.09863592, 0.099180445, 0.09993397, 0.100696065, 0.10121899, 0.10161778, 0.10185207, 0.10362299, 0.10442041, 0.10471552, 0.105127096, 0.10793419, 0.11024709, 0.111332744, 0.11191358, 0.11310868, 0.11365102, 0.114184245, 0.11435658, 0.11673303, 0.11701881, 0.11725351, 0.11727728, 0.1173296, 0.11806286, 0.11910167, 0.119289786, 0.121244, 0.121362165, 0.12313066, 0.12576222, 0.12772357, 0.12905572, 0.13175794, 0.13245839, 0.13267432, 0.13277438, 0.13352199, 0.13477933, 0.13598627, 0.14173727, 0.14311281, 0.14320551, 0.14398305, 0.1440385, 0.14469624, 0.14882986, 0.1506535, 0.15069652, 0.15090333, 0.15511769, 0.164272, 0.17088014, 0.17138028, 0.17441717, 0.18146564, 0.19698846, 0.21190132, 0.21267077]
训练完的损失： []
用时： 0:00:03.317229
开始训练：第39 epoch
预训练的损失： [0.044377707, 0.05819261, 0.058895167, 0.058955554, 0.06008129, 0.061438218, 0.062649205, 0.064441904, 0.066466495, 0.06674957, 0.06727336, 0.06749819, 0.06753382, 0.06901316, 0.07086448, 0.07134781, 0.07148394, 0.07182766, 0.07330251, 0.075088635, 0.07563952, 0.07585508, 0.07627459, 0.07883404, 0.08194729, 0.08342169, 0.08598097, 0.08650553, 0.086535156, 0.087926924, 0.088195175, 0.09003079, 0.09139569, 0.09146012, 0.09247296, 0.09248969, 0.09287575, 0.092978075, 0.09423215, 0.09458187, 0.09465972, 0.0953854, 0.09568759, 0.0958647, 0.09631233, 0.09660366, 0.09803237, 0.09832153, 0.098732226, 0.10068502, 0.10116422, 0.10136101, 0.10299328, 0.1068781, 0.10715538, 0.10740519, 0.10823961, 0.10915648, 0.109821066, 0.11010742, 0.112192035, 0.11231323, 0.11293281, 0.11324063, 0.11342864, 0.11376996, 0.11480729, 0.11573404, 0.11606259, 0.11633423, 0.11871579, 0.12141567, 0.12385633, 0.12558237, 0.12735195, 0.12758502, 0.12806545, 0.12884103, 0.12918735, 0.12957096, 0.13194612, 0.13733038, 0.13801843, 0.13857836, 0.13886704, 0.13901812, 0.13933244, 0.1440088, 0.14488776, 0.1456778, 0.14595044, 0.15081224, 0.1584468, 0.16507913, 0.16567664, 0.16777465, 0.17480248, 0.18921033, 0.20401981, 0.20485717]
训练完的损失： []
用时： 0:00:03.317352
开始训练：第40 epoch
预训练的损失： [0.043506563, 0.056458447, 0.05723253, 0.057599917, 0.057940695, 0.059242733, 0.060272664, 0.062365048, 0.064497836, 0.064796194, 0.06547683, 0.06573432, 0.065818, 0.06686926, 0.06882181, 0.069293424, 0.069312446, 0.06949601, 0.07174342, 0.07187107, 0.072530404, 0.07407109, 0.07432535, 0.07592736, 0.079352774, 0.0807382, 0.082578644, 0.08292082, 0.08349219, 0.08532426, 0.085369565, 0.08621735, 0.088190846, 0.08885726, 0.08902787, 0.089085855, 0.08978978, 0.0900651, 0.09062074, 0.09084159, 0.09177634, 0.09206412, 0.09227416, 0.09259254, 0.09273804, 0.09308617, 0.093480736, 0.094560295, 0.0957108, 0.09717835, 0.09779918, 0.09781713, 0.09830484, 0.102280706, 0.10374795, 0.10375984, 0.1042487, 0.10480444, 0.10572521, 0.10612775, 0.10766001, 0.108262196, 0.10874115, 0.109395675, 0.10964688, 0.10976614, 0.11061188, 0.111077935, 0.111540675, 0.112293035, 0.11455391, 0.1172668, 0.120249406, 0.122270525, 0.122833826, 0.12315443, 0.12371032, 0.12466235, 0.124930166, 0.12506893, 0.12803473, 0.13310844, 0.133148, 0.13381858, 0.13402921, 0.13419758, 0.13488096, 0.13937013, 0.1394152, 0.14068341, 0.14153425, 0.14659993, 0.1528577, 0.15954386, 0.16019195, 0.16151544, 0.1684483, 0.18179035, 0.19645295, 0.19747409]
训练完的损失： []
40/60 epochs...
用时： 0:00:03.324398
开始训练：第41 epoch
预训练的损失： [0.042748805, 0.054860305, 0.05574134, 0.05602282, 0.056320764, 0.05710222, 0.05805807, 0.060431186, 0.06237477, 0.06321297, 0.063834, 0.064000316, 0.06419865, 0.06489224, 0.06685427, 0.06721911, 0.06728236, 0.06740045, 0.06891677, 0.069624916, 0.07023992, 0.07234016, 0.0725164, 0.073204845, 0.07689318, 0.07818538, 0.07937688, 0.07952452, 0.080528304, 0.08266632, 0.08268325, 0.082879275, 0.08509056, 0.08545797, 0.085688464, 0.085881256, 0.08682297, 0.08735059, 0.08735691, 0.08747138, 0.08838338, 0.08851655, 0.08888911, 0.08904173, 0.08993726, 0.08996815, 0.09059645, 0.09122548, 0.0928964, 0.09385523, 0.09393039, 0.0943777, 0.09472127, 0.09792686, 0.09954835, 0.100315325, 0.10063812, 0.10141645, 0.101844326, 0.102285475, 0.103291065, 0.104555905, 0.1047643, 0.10576793, 0.10577239, 0.10628, 0.106411606, 0.10661023, 0.106977575, 0.10896172, 0.11055319, 0.1134457, 0.11683683, 0.11835711, 0.119124144, 0.11915382, 0.11954121, 0.12002441, 0.120882004, 0.121489234, 0.12424542, 0.12840687, 0.12886333, 0.12910804, 0.12948197, 0.13004547, 0.1306275, 0.13406102, 0.13478486, 0.13604972, 0.13736188, 0.14261347, 0.14752966, 0.1541882, 0.1549097, 0.15557191, 0.16228136, 0.17472306, 0.18932855, 0.19040754]
训练完的损失： []
用时： 0:00:03.316282
开始训练：第42 epoch
预训练的损失： [0.04205477, 0.053378556, 0.054251514, 0.05434087, 0.05509873, 0.05518041, 0.056008257, 0.058671758, 0.06043645, 0.061688412, 0.062304646, 0.06235704, 0.06264858, 0.06307177, 0.06499275, 0.065236606, 0.06525034, 0.06564547, 0.066283695, 0.06697102, 0.06881135, 0.07056055, 0.07076, 0.07084165, 0.07459434, 0.0757885, 0.07628754, 0.07635228, 0.07780298, 0.0792619, 0.08022776, 0.080456406, 0.081942454, 0.08214147, 0.0822363, 0.08275878, 0.083543375, 0.08412816, 0.08465975, 0.08472721, 0.08477242, 0.0850957, 0.08556312, 0.08624388, 0.087338954, 0.087748185, 0.08805609, 0.08822168, 0.08982303, 0.09026461, 0.090692, 0.091112286, 0.091827035, 0.09393711, 0.095644794, 0.09662044, 0.09704179, 0.09821741, 0.09858751, 0.09875123, 0.09921742, 0.10099059, 0.10119842, 0.1020498, 0.102127686, 0.10237738, 0.10270131, 0.10275335, 0.102915525, 0.105737954, 0.10671356, 0.109768346, 0.113590986, 0.1139756, 0.115305714, 0.11560345, 0.11561327, 0.11610605, 0.117023855, 0.11799061, 0.12058453, 0.12393215, 0.124300346, 0.1252354, 0.12526724, 0.12599014, 0.12653863, 0.12890549, 0.13031445, 0.13167542, 0.13338998, 0.13875651, 0.14241655, 0.14908531, 0.14984822, 0.15005746, 0.15639147, 0.16789706, 0.1824992, 0.1836589]
训练完的损失： []
用时： 0:00:03.331449
开始训练：第43 epoch
预训练的损失： [0.04140745, 0.052032888, 0.05265402, 0.05304514, 0.05337543, 0.053919658, 0.054110743, 0.056978166, 0.058640756, 0.06022468, 0.060787737, 0.060852397, 0.061200306, 0.061396442, 0.06325477, 0.06330627, 0.06335091, 0.063924834, 0.06399326, 0.06453889, 0.06745258, 0.068072714, 0.0691932, 0.06924972, 0.07244756, 0.073359124, 0.07342878, 0.07348108, 0.0751705, 0.076061666, 0.07790731, 0.07810103, 0.07859288, 0.079149365, 0.07931876, 0.07983169, 0.07983571, 0.0807538, 0.08112517, 0.081853986, 0.08225057, 0.082272336, 0.08277285, 0.08425005, 0.08482729, 0.085047185, 0.085586175, 0.08598158, 0.08610709, 0.087703325, 0.087745875, 0.08798595, 0.08914882, 0.090124086, 0.09190318, 0.09281345, 0.09397197, 0.09486254, 0.09506206, 0.095354885, 0.0961068, 0.097391665, 0.0980487, 0.0981669, 0.09858708, 0.09860106, 0.099108726, 0.09911746, 0.099725425, 0.102669045, 0.103079006, 0.10630789, 0.109836735, 0.110486045, 0.11145258, 0.1117235, 0.11183898, 0.11320791, 0.11328812, 0.11463566, 0.117005296, 0.11961609, 0.11985861, 0.12120719, 0.12161744, 0.12212467, 0.12257852, 0.12397132, 0.12592256, 0.12751766, 0.12959272, 0.13507089, 0.13746727, 0.14426036, 0.14482826, 0.14496408, 0.15074219, 0.16134104, 0.17597166, 0.1772521]
训练完的损失： []
用时： 0:00:03.318440
开始训练：第44 epoch
预训练的损失： [0.04085106, 0.05076716, 0.05115106, 0.051712684, 0.051856816, 0.052378178, 0.052776113, 0.055402067, 0.056994043, 0.058880538, 0.059305318, 0.05949568, 0.05981621, 0.05985028, 0.061494626, 0.06154179, 0.061623283, 0.06177201, 0.06229545, 0.06246517, 0.065739036, 0.06619345, 0.06763606, 0.067786686, 0.07040934, 0.07055111, 0.07072743, 0.071322426, 0.07266707, 0.07307716, 0.075548485, 0.07572036, 0.0757832, 0.076295085, 0.076406986, 0.07664952, 0.076972894, 0.07703972, 0.078346744, 0.07885906, 0.07917032, 0.07981285, 0.08092204, 0.08215784, 0.08235217, 0.08239718, 0.082734816, 0.083473444, 0.0837922, 0.084918424, 0.085137226, 0.08540335, 0.086514406, 0.08655533, 0.08835116, 0.089206934, 0.091065004, 0.09165846, 0.0916674, 0.09176257, 0.09369628, 0.09397644, 0.094308585, 0.09473109, 0.09529248, 0.095360875, 0.0956718, 0.09601468, 0.09673387, 0.09956478, 0.09964551, 0.10297939, 0.10579112, 0.10746412, 0.10756384, 0.108273685, 0.10830146, 0.10964292, 0.1104309, 0.11131014, 0.1135269, 0.11549917, 0.115748666, 0.11741938, 0.11812274, 0.11840126, 0.11885311, 0.11922941, 0.121654615, 0.12352477, 0.1259765, 0.13151413, 0.13282073, 0.13965221, 0.13979022, 0.14017199, 0.14523107, 0.15514657, 0.16978294, 0.17115149]
训练完的损失： []
用时： 0:00:03.313520
开始训练：第45 epoch
预训练的损失： [0.04035452, 0.049587496, 0.04978633, 0.050185207, 0.050743304, 0.05079181, 0.051689625, 0.05387325, 0.055447064, 0.05759259, 0.057843976, 0.05818446, 0.05846833, 0.05853035, 0.059752434, 0.059803694, 0.059907425, 0.059960417, 0.06025107, 0.06100201, 0.063569196, 0.06499268, 0.0661694, 0.06638081, 0.06792991, 0.06820013, 0.0684448, 0.06929076, 0.07022722, 0.07041557, 0.07275779, 0.07322522, 0.073486105, 0.07355037, 0.07365683, 0.073669106, 0.074116796, 0.07427104, 0.07571763, 0.07593591, 0.07623973, 0.077429265, 0.079153776, 0.07945811, 0.07961066, 0.08002919, 0.08053531, 0.081410244, 0.081708044, 0.0822351, 0.082421586, 0.08313489, 0.083151355, 0.08405433, 0.08503965, 0.08577299, 0.088134974, 0.08829665, 0.08839083, 0.08889333, 0.09072988, 0.09080224, 0.09095506, 0.09139671, 0.09220216, 0.09234723, 0.09276348, 0.093078576, 0.09392145, 0.09621366, 0.096720025, 0.09983641, 0.10197939, 0.10368739, 0.10481189, 0.10489834, 0.104972735, 0.10609846, 0.107700534, 0.108110264, 0.11020172, 0.1115503, 0.111714035, 0.11377217, 0.1146354, 0.11477424, 0.114805005, 0.11525654, 0.11742115, 0.1197159, 0.122522295, 0.12810647, 0.12835506, 0.13497722, 0.13528359, 0.1355971, 0.13992517, 0.1491925, 0.16386993, 0.16522492]
训练完的损失： []
用时： 0:00:03.313894
开始训练：第46 epoch
预训练的损失： [0.039883398, 0.048479766, 0.048543252, 0.048831977, 0.049321562, 0.049733542, 0.05065143, 0.052474104, 0.054034516, 0.05635961, 0.056450278, 0.05695281, 0.057160825, 0.05728648, 0.057892755, 0.05823356, 0.05826795, 0.058342285, 0.058414146, 0.05963118, 0.061527714, 0.06382361, 0.064776, 0.065105245, 0.06545399, 0.06581272, 0.06663874, 0.067387044, 0.06788334, 0.06797387, 0.07022294, 0.070279166, 0.07028627, 0.07111033, 0.07128113, 0.071585506, 0.07168505, 0.07175695, 0.07327193, 0.07331045, 0.0734331, 0.07509523, 0.0767029, 0.076838806, 0.07741743, 0.077780046, 0.078803636, 0.079425246, 0.0796722, 0.07967332, 0.079888016, 0.08008067, 0.08104855, 0.08167547, 0.08187069, 0.08251563, 0.08478837, 0.085248195, 0.08570954, 0.086197376, 0.08736104, 0.08755909, 0.08760764, 0.08917257, 0.08921888, 0.08926308, 0.09029538, 0.09033047, 0.09121986, 0.09295626, 0.09387874, 0.09680247, 0.09833814, 0.10008241, 0.10168881, 0.1017944, 0.10218434, 0.10266936, 0.104941875, 0.10503158, 0.10695104, 0.10780563, 0.10794546, 0.110225946, 0.110321194, 0.11133352, 0.11157325, 0.11187421, 0.11331732, 0.11606006, 0.119226694, 0.12404944, 0.12472147, 0.13041985, 0.13103868, 0.13111803, 0.13487366, 0.14347996, 0.15813012, 0.15956675]
训练完的损失： []
用时： 0:00:03.316236
开始训练：第47 epoch
预训练的损失： [0.039451987, 0.04738736, 0.04745853, 0.04760515, 0.04795204, 0.048787326, 0.04967381, 0.05112386, 0.05270213, 0.055118926, 0.055153396, 0.055751782, 0.0559725, 0.0561099, 0.056163684, 0.05654201, 0.05668859, 0.05671244, 0.056930006, 0.058345206, 0.059632063, 0.062715806, 0.06311062, 0.063437305, 0.06364527, 0.06384741, 0.06486474, 0.06557197, 0.06568422, 0.06570127, 0.06717138, 0.067515604, 0.06792079, 0.06870735, 0.06903462, 0.069085635, 0.06948189, 0.069799215, 0.07065947, 0.07077426, 0.07099222, 0.07282609, 0.07397774, 0.07442084, 0.07556748, 0.07574721, 0.07716036, 0.07716902, 0.07721493, 0.07751703, 0.07756993, 0.07775379, 0.0789143, 0.0790644, 0.079375885, 0.07938773, 0.08162285, 0.082272686, 0.08322954, 0.08363913, 0.08397804, 0.0845122, 0.084553234, 0.086165786, 0.08643474, 0.087078035, 0.08758459, 0.088004716, 0.08867936, 0.08990476, 0.09116006, 0.09385632, 0.09487525, 0.09672013, 0.09856589, 0.09875521, 0.09933318, 0.09972384, 0.10187383, 0.10242464, 0.1037835, 0.10418147, 0.10431188, 0.106013544, 0.10703903, 0.10801017, 0.10847883, 0.10856403, 0.10931458, 0.11248791, 0.1160521, 0.11988952, 0.121510334, 0.12616132, 0.12664321, 0.12718911, 0.1299452, 0.13808161, 0.15269932, 0.15417483]
训练完的损失： []
用时： 0:00:03.312878
开始训练：第48 epoch
预训练的损失： [0.039048627, 0.046328083, 0.04650493, 0.046517678, 0.04671438, 0.047939673, 0.048738662, 0.049865384, 0.05144932, 0.05383865, 0.05401432, 0.054575883, 0.054590482, 0.054836374, 0.05487434, 0.05496202, 0.055215202, 0.055357046, 0.05550839, 0.05710839, 0.057838112, 0.06087169, 0.06160146, 0.06166556, 0.062131412, 0.062638775, 0.06318336, 0.06357969, 0.063596845, 0.063853316, 0.06429772, 0.06494882, 0.06578212, 0.06643217, 0.06652266, 0.0669861, 0.06734295, 0.06800602, 0.06821449, 0.06830105, 0.06882648, 0.07062727, 0.071468994, 0.072058484, 0.073487245, 0.0741085, 0.07457262, 0.07477477, 0.075410195, 0.075600676, 0.07571762, 0.075895526, 0.07608858, 0.07641633, 0.077157214, 0.077227734, 0.078628615, 0.079426475, 0.08076575, 0.08081157, 0.08121464, 0.08162659, 0.081668675, 0.083357945, 0.08370532, 0.08506766, 0.08507457, 0.08577973, 0.086267665, 0.08687125, 0.08853039, 0.090969235, 0.09164746, 0.09348318, 0.09561995, 0.09584464, 0.09604967, 0.09733601, 0.098858535, 0.09988555, 0.10068821, 0.10069275, 0.10086916, 0.10195967, 0.10400385, 0.10476427, 0.1053745, 0.1054257, 0.10558033, 0.109065995, 0.11301542, 0.115964174, 0.11837572, 0.12210932, 0.12230489, 0.12346505, 0.12527214, 0.13285422, 0.1474232, 0.14908797]
训练完的损失： []
用时： 0:00:03.315133
开始训练：第49 epoch
预训练的损失： [0.03867221, 0.04538759, 0.045507606, 0.045581594, 0.04565967, 0.04714615, 0.047871396, 0.048676826, 0.05025796, 0.05259855, 0.052938573, 0.05319582, 0.053262178, 0.05344048, 0.05377674, 0.053861476, 0.0538671, 0.054049492, 0.05414912, 0.05591456, 0.056121595, 0.05878473, 0.05968705, 0.060631704, 0.060870323, 0.061496194, 0.061535273, 0.061618604, 0.061640903, 0.061686542, 0.062189788, 0.06258991, 0.06385866, 0.064188555, 0.06422318, 0.06496548, 0.06531829, 0.0659357, 0.06599103, 0.06630811, 0.06673322, 0.06853282, 0.069098905, 0.069797106, 0.07155298, 0.07205264, 0.07248251, 0.07251321, 0.07333425, 0.07344976, 0.07363194, 0.07402098, 0.074051835, 0.07410834, 0.07500148, 0.07554592, 0.075787395, 0.07671635, 0.07773407, 0.078526795, 0.07879169, 0.07890197, 0.07898675, 0.08069623, 0.0811241, 0.0825986, 0.08315786, 0.08366126, 0.08391963, 0.08402035, 0.08605799, 0.088221356, 0.088594556, 0.09040644, 0.092736125, 0.092935085, 0.093060374, 0.09506819, 0.09593051, 0.09725572, 0.09737877, 0.09747057, 0.097700395, 0.098029025, 0.10104473, 0.10168857, 0.10174465, 0.10228014, 0.10276856, 0.10574877, 0.110057086, 0.11217117, 0.115347505, 0.118135676, 0.11835956, 0.119889125, 0.12072578, 0.12787089, 0.14237754, 0.14421314]
训练完的损失： []
用时： 0:00:03.315121
开始训练：第50 epoch
预训练的损失： [0.03831564, 0.0444948, 0.044522084, 0.044613462, 0.044848178, 0.04641274, 0.047023498, 0.047546066, 0.049186666, 0.05143929, 0.05178061, 0.051894166, 0.051898964, 0.052326843, 0.052396692, 0.052793972, 0.05284577, 0.052854948, 0.052945722, 0.054488167, 0.05477275, 0.056840792, 0.057884805, 0.05927153, 0.059636373, 0.05964912, 0.059768528, 0.05981581, 0.060008682, 0.060377486, 0.0604284, 0.060682714, 0.061987266, 0.06202984, 0.062166236, 0.06299147, 0.06335014, 0.06379382, 0.063864894, 0.064671636, 0.06475401, 0.066472605, 0.06692225, 0.06764746, 0.0696677, 0.06967589, 0.07031584, 0.0709817, 0.07101756, 0.071044624, 0.07136878, 0.07242276, 0.07242984, 0.07256057, 0.072883174, 0.07313682, 0.07397485, 0.074119136, 0.074885845, 0.0760981, 0.07625238, 0.07638742, 0.07669807, 0.07816632, 0.078598425, 0.080165416, 0.08121002, 0.081326306, 0.08164453, 0.081671044, 0.08373652, 0.0855674, 0.08568041, 0.08741249, 0.0899091, 0.0899194, 0.090330765, 0.092844516, 0.09316946, 0.09397802, 0.09432055, 0.09432728, 0.09477114, 0.094959214, 0.09802511, 0.09821772, 0.098817125, 0.09924066, 0.10009192, 0.102595925, 0.10724813, 0.1085032, 0.11239292, 0.113997646, 0.114767045, 0.1162959, 0.116542645, 0.12308906, 0.13749468, 0.1394855]
训练完的损失： []
50/60 epochs...
Save to path:  HTRS_model/save_DBP15k_ja_en.ckpt
用时： 0:00:22.288432
开始训练：第51 epoch
数据准备：
负采样：
开始时间： 2022-05-22 23:11:09
结束时间： 2022-05-22 23:12:26
用时 0:01:16.585410
负采样：
开始时间： 2022-05-22 23:12:26
结束时间： 2022-05-22 23:13:41
用时 0:01:15.359850
预训练的损失： []
训练完的损失： [0.045545243, 0.054888587, 0.054960035, 0.05616161, 0.056220636, 0.059658047, 0.06138775, 0.064614296, 0.064965054, 0.06511728, 0.06724079, 0.06833284, 0.06929414, 0.0709729, 0.07161313, 0.071631886, 0.07211982, 0.07230997, 0.07340291, 0.07367205, 0.07378832, 0.07381633, 0.07426588, 0.075626895, 0.07586177, 0.07674187, 0.07679148, 0.07731233, 0.07791875, 0.079394855, 0.07949049, 0.08559613, 0.085642144, 0.08627364, 0.08635367, 0.08641507, 0.088535756, 0.08869695, 0.08909998, 0.08941216, 0.089961074, 0.092119716, 0.0921717, 0.094634, 0.0948414, 0.09544042, 0.09553273, 0.09578538, 0.09617012, 0.09690574, 0.097123176, 0.09791603, 0.09861716, 0.099259056, 0.100679845, 0.10081069, 0.101384565, 0.10147535, 0.10256826, 0.102888085, 0.10409149, 0.1052067, 0.10538792, 0.105712496, 0.10600434, 0.10816504, 0.10933002, 0.11087318, 0.111674644, 0.11210241, 0.11342681, 0.11686377, 0.11721186, 0.11759316, 0.11893899, 0.118968934, 0.118997954, 0.11990904, 0.12230651, 0.12328039, 0.12363514, 0.1238126, 0.12586176, 0.13132383, 0.13202932, 0.13255984, 0.13414353, 0.13636883, 0.13887914, 0.13942908, 0.14049082, 0.14650926, 0.14666644, 0.1472788, 0.16310826, 0.1641138, 0.16482402, 0.16600479, 0.17462224, 0.17648238]
用时： 0:04:38.372095
开始训练：第52 epoch
预训练的损失： []
训练完的损失： [0.044169784, 0.052302916, 0.05258868, 0.053752005, 0.05390446, 0.0572979, 0.057644736, 0.0618674, 0.06252677, 0.06263141, 0.06441924, 0.06458305, 0.06488687, 0.06717377, 0.06851221, 0.06892448, 0.06895522, 0.0690211, 0.069181375, 0.070189364, 0.07083921, 0.070879556, 0.071313, 0.07180982, 0.07199555, 0.0732408, 0.073397554, 0.073637985, 0.07423061, 0.07541863, 0.07628648, 0.08033543, 0.08208133, 0.082280055, 0.082564116, 0.08327475, 0.08372056, 0.08374958, 0.08426511, 0.08484857, 0.08644186, 0.086562715, 0.08793302, 0.08983386, 0.09006213, 0.090571396, 0.09106514, 0.091244906, 0.09133463, 0.09153706, 0.09214005, 0.09326665, 0.09380242, 0.09413366, 0.09482045, 0.09612002, 0.096217364, 0.09645813, 0.09789144, 0.098134845, 0.09894208, 0.09978336, 0.100441866, 0.101354055, 0.10203751, 0.102050565, 0.10476824, 0.10568767, 0.10733616, 0.107946776, 0.10808268, 0.111591965, 0.112054676, 0.11224628, 0.113122925, 0.11380962, 0.11471033, 0.1148328, 0.11727836, 0.1175812, 0.118206754, 0.11895801, 0.12110153, 0.1262806, 0.12639907, 0.1278978, 0.12944283, 0.12980554, 0.13261336, 0.13280523, 0.1358326, 0.14008795, 0.14070815, 0.14088504, 0.1562169, 0.15764904, 0.1576906, 0.15946053, 0.16752096, 0.1687294]
用时： 0:00:14.165080
开始训练：第53 epoch
预训练的损失： []
训练完的损失： [0.04319235, 0.050139338, 0.050796982, 0.052116495, 0.052534945, 0.05457532, 0.055598937, 0.05940463, 0.060543958, 0.060614023, 0.06165438, 0.062101178, 0.062142834, 0.06392072, 0.065985635, 0.06605623, 0.06655319, 0.06679462, 0.06682664, 0.06742789, 0.067892745, 0.068155944, 0.068363085, 0.068520434, 0.06937043, 0.07037656, 0.07091939, 0.07092708, 0.071343, 0.072144285, 0.07429356, 0.07615561, 0.07869048, 0.07930344, 0.079319075, 0.0794187, 0.07956433, 0.08033228, 0.080562316, 0.08149692, 0.08162092, 0.08406215, 0.084186524, 0.08512044, 0.085801944, 0.085966036, 0.08761986, 0.08804969, 0.088086724, 0.08833962, 0.08856803, 0.08892941, 0.089545265, 0.08962613, 0.09015207, 0.09057488, 0.09212223, 0.092288315, 0.09424193, 0.0942653, 0.094634645, 0.094824485, 0.09530608, 0.09671244, 0.098332494, 0.09904409, 0.10057147, 0.10092897, 0.10280021, 0.10354763, 0.104549356, 0.10729257, 0.107499175, 0.10759361, 0.1078544, 0.10916734, 0.11005248, 0.110830605, 0.1121821, 0.11269206, 0.114940815, 0.11543101, 0.11704997, 0.12124013, 0.12178998, 0.123442166, 0.12415339, 0.12526329, 0.12703076, 0.12750506, 0.13163024, 0.13437259, 0.13531686, 0.13549039, 0.15097639, 0.15125558, 0.151815, 0.15374611, 0.16101629, 0.16148967]
用时： 0:00:14.223501
开始训练：第54 epoch
预训练的损失： []
训练完的损失： [0.042513013, 0.048312098, 0.049404606, 0.05065262, 0.051422864, 0.05188965, 0.05404684, 0.05728577, 0.058694083, 0.058716346, 0.058838993, 0.059856813, 0.060124576, 0.061207376, 0.06335154, 0.06363289, 0.06420871, 0.06480804, 0.064850256, 0.06493693, 0.065423824, 0.06543728, 0.06545876, 0.06575298, 0.06754697, 0.06768647, 0.068428315, 0.06846298, 0.06861506, 0.0689566, 0.07220139, 0.07227595, 0.07516422, 0.075495936, 0.0755738, 0.07603468, 0.07657956, 0.07679796, 0.07810867, 0.07824486, 0.07883132, 0.08060332, 0.08086488, 0.081822716, 0.081924945, 0.08195188, 0.08416621, 0.08462448, 0.0847368, 0.0849011, 0.085150614, 0.08516675, 0.085201636, 0.08556338, 0.08588076, 0.08691665, 0.08832148, 0.08842691, 0.09001365, 0.09014209, 0.09060228, 0.0909142, 0.09163673, 0.09211857, 0.09537782, 0.0964098, 0.096425116, 0.09673982, 0.09814943, 0.09987085, 0.101137206, 0.10275867, 0.10280398, 0.10337739, 0.10382035, 0.10487402, 0.10554852, 0.10708323, 0.107257016, 0.10843989, 0.11167068, 0.11194357, 0.11321625, 0.1165776, 0.11740014, 0.11904165, 0.11921145, 0.12111004, 0.121891156, 0.12231732, 0.12781347, 0.12913212, 0.1300029, 0.13044304, 0.14500985, 0.14617084, 0.1465564, 0.14797705, 0.15465152, 0.15484498]
用时： 0:00:14.168818
开始训练：第55 epoch
预训练的损失： []
训练完的损失： [0.041971765, 0.04687082, 0.04822564, 0.049402647, 0.04978567, 0.05042052, 0.052633844, 0.055328216, 0.05598561, 0.05704373, 0.05732613, 0.05775201, 0.058377173, 0.059032377, 0.060888723, 0.061352413, 0.061980676, 0.062366683, 0.06242733, 0.06296538, 0.06305594, 0.06314292, 0.063406415, 0.06347832, 0.064981215, 0.065707825, 0.06580915, 0.066161424, 0.06620309, 0.066456154, 0.06864564, 0.07044862, 0.071456335, 0.0719105, 0.07262961, 0.07274714, 0.07276232, 0.0740022, 0.0758379, 0.076303706, 0.07647058, 0.076586306, 0.07789193, 0.07817932, 0.078334354, 0.07995363, 0.080348305, 0.08050692, 0.080742046, 0.08097813, 0.081674844, 0.081968084, 0.08197807, 0.08261197, 0.08372684, 0.08408156, 0.084781624, 0.08484317, 0.08561308, 0.08631234, 0.08638948, 0.08779491, 0.08824666, 0.08876275, 0.092349164, 0.09264664, 0.093145624, 0.09376784, 0.09382323, 0.096266, 0.097908184, 0.09820994, 0.098450586, 0.099274926, 0.100022525, 0.100796916, 0.10110539, 0.10263901, 0.10344992, 0.104762055, 0.10841912, 0.10863608, 0.10951809, 0.11219239, 0.113116026, 0.11452454, 0.115037866, 0.117064975, 0.11714758, 0.11723727, 0.1240866, 0.12411393, 0.12495223, 0.12578994, 0.13932846, 0.14116234, 0.14161995, 0.14222358, 0.14828648, 0.1489788]
用时： 0:00:14.154124
开始训练：第56 epoch
预训练的损失： []
训练完的损失： [0.04150963, 0.04575031, 0.04722212, 0.048072886, 0.048336804, 0.04943169, 0.051249243, 0.053484034, 0.053498976, 0.055478174, 0.05589288, 0.055999525, 0.05687182, 0.05727459, 0.058658056, 0.059121307, 0.05975506, 0.059924096, 0.060372464, 0.060812116, 0.06116034, 0.061251074, 0.061342962, 0.06207057, 0.06266512, 0.06284876, 0.06304923, 0.06416089, 0.06445322, 0.06480258, 0.06566712, 0.06822321, 0.06861015, 0.06865465, 0.06869559, 0.06985115, 0.07017436, 0.07169858, 0.07291169, 0.07380495, 0.074386835, 0.07447255, 0.07470653, 0.0749999, 0.0750224, 0.07645162, 0.07672134, 0.077161804, 0.07794335, 0.0780583, 0.078129865, 0.079027854, 0.07931536, 0.08015928, 0.08143294, 0.08145016, 0.08147067, 0.08151982, 0.081686914, 0.08248323, 0.08292486, 0.08487266, 0.084959, 0.08593557, 0.08849032, 0.089721166, 0.08972898, 0.09007485, 0.0914357, 0.092779376, 0.09409859, 0.09441719, 0.09489846, 0.095294826, 0.0963621, 0.09695803, 0.096996635, 0.098308966, 0.09997893, 0.10160737, 0.105248466, 0.10546274, 0.106021695, 0.108132765, 0.10898179, 0.110347554, 0.11097077, 0.11210504, 0.1127675, 0.11324745, 0.119190715, 0.12012811, 0.12069139, 0.12146842, 0.1339093, 0.13618322, 0.13672255, 0.13689265, 0.14235109, 0.14353433]
用时： 0:00:14.136713
开始训练：第57 epoch
预训练的损失： []
训练完的损失： [0.041098125, 0.044752102, 0.046386436, 0.046799213, 0.04740212, 0.048474483, 0.049977127, 0.051313493, 0.05177207, 0.053915452, 0.054363497, 0.05458508, 0.055571117, 0.055729754, 0.056691904, 0.056973547, 0.057383236, 0.05815144, 0.058511097, 0.058800444, 0.05915207, 0.05933908, 0.059744004, 0.0600722, 0.06052574, 0.060529847, 0.06089728, 0.062372714, 0.06260373, 0.06314752, 0.06355947, 0.065042436, 0.06541781, 0.06557361, 0.067049004, 0.06711891, 0.06770175, 0.06954494, 0.06956265, 0.07140435, 0.07187533, 0.07192353, 0.072271384, 0.0725448, 0.07265197, 0.07300177, 0.07348474, 0.073997915, 0.0747146, 0.07498778, 0.07638212, 0.07639762, 0.07693074, 0.07766214, 0.07801128, 0.07839273, 0.07844653, 0.07903549, 0.07915297, 0.07963787, 0.079740256, 0.08215052, 0.08231722, 0.08340459, 0.08494185, 0.08602008, 0.08651942, 0.08756929, 0.08900422, 0.08942755, 0.090183206, 0.090559214, 0.09146228, 0.0920929, 0.09281423, 0.09282634, 0.09337363, 0.09426858, 0.0965695, 0.0988193, 0.10200847, 0.10254552, 0.10277167, 0.104204, 0.104950935, 0.10653958, 0.107039586, 0.10736823, 0.108715646, 0.10961978, 0.11454731, 0.11568455, 0.11725961, 0.11732325, 0.12871681, 0.13137095, 0.13141562, 0.13247305, 0.13667692, 0.13819751]
用时： 0:00:14.100207
开始训练：第58 epoch
预训练的损失： []
训练完的损失： [0.040747195, 0.043948334, 0.045636486, 0.045738604, 0.046602342, 0.04758595, 0.048812144, 0.049500432, 0.050118845, 0.052562006, 0.0529817, 0.053425115, 0.054299913, 0.05435794, 0.054885563, 0.055013604, 0.055389572, 0.056504283, 0.056852676, 0.05696734, 0.057183977, 0.057576075, 0.057761155, 0.05819017, 0.05819926, 0.05848274, 0.059817463, 0.060737688, 0.06084628, 0.060947612, 0.061707914, 0.06245839, 0.062759236, 0.062912345, 0.06458353, 0.06538269, 0.06541703, 0.06643544, 0.06746013, 0.06850145, 0.06908421, 0.06976437, 0.07000941, 0.07005583, 0.07068351, 0.07087945, 0.071027316, 0.07108623, 0.071500845, 0.07211304, 0.073882684, 0.07400988, 0.0747393, 0.07475334, 0.07543376, 0.07577734, 0.07606963, 0.076351635, 0.07657294, 0.07672124, 0.07789175, 0.07947689, 0.08000054, 0.081230864, 0.08164085, 0.08274228, 0.083489165, 0.08516039, 0.086181104, 0.0866631, 0.086745866, 0.08694058, 0.08785325, 0.088959895, 0.08942104, 0.08945176, 0.089991145, 0.09035034, 0.09330175, 0.09621186, 0.09884581, 0.09964954, 0.09982541, 0.100546956, 0.10097932, 0.102886744, 0.102995686, 0.10338548, 0.10468358, 0.10605556, 0.11017713, 0.11147497, 0.113470756, 0.11408461, 0.123791665, 0.12626025, 0.12683713, 0.12814623, 0.1313775, 0.13312654]
用时： 0:00:14.131071
开始训练：第59 epoch
预训练的损失： []
训练完的损失： [0.040424507, 0.043247573, 0.044879716, 0.04499119, 0.04589565, 0.046739813, 0.047750935, 0.047869004, 0.04853237, 0.051387597, 0.051645022, 0.052334644, 0.052865885, 0.05303288, 0.0532762, 0.053547096, 0.053678833, 0.055017058, 0.055183966, 0.05519406, 0.055245668, 0.055398233, 0.05607913, 0.056207113, 0.05652456, 0.056733686, 0.05854792, 0.058770966, 0.058914524, 0.059177607, 0.059232462, 0.060191274, 0.060709212, 0.06142899, 0.06224053, 0.06322911, 0.06352324, 0.06383737, 0.06562397, 0.06580568, 0.0663963, 0.06744919, 0.06753344, 0.06811822, 0.06836716, 0.068423666, 0.06853151, 0.06939076, 0.069478765, 0.06949356, 0.07059041, 0.071529314, 0.07265214, 0.072758265, 0.07316395, 0.07337579, 0.073678985, 0.07391111, 0.07427636, 0.074576765, 0.07615946, 0.07693265, 0.07799795, 0.07861307, 0.0793446, 0.07984985, 0.08061573, 0.08287184, 0.08309274, 0.083309606, 0.08356878, 0.08416618, 0.08453778, 0.08531981, 0.08609066, 0.086636014, 0.086878255, 0.08691374, 0.090096965, 0.093828015, 0.09568184, 0.096659504, 0.09689151, 0.09707186, 0.09727548, 0.09878833, 0.09965655, 0.09991967, 0.10102333, 0.10273014, 0.10607174, 0.1075745, 0.10985352, 0.110963784, 0.11894924, 0.12143016, 0.12244085, 0.12409982, 0.12644175, 0.12808222]
用时： 0:00:14.158356
开始训练：第60 epoch
预训练的损失： []
训练完的损失： [0.040132537, 0.042657357, 0.04413301, 0.04442269, 0.04525834, 0.045950606, 0.04648918, 0.046805054, 0.047180913, 0.050335396, 0.05042805, 0.050911315, 0.05131863, 0.051823, 0.05223499, 0.052269697, 0.052319854, 0.05311965, 0.05351268, 0.053665314, 0.05376953, 0.053841688, 0.054155864, 0.054658372, 0.054780483, 0.0553623, 0.055863593, 0.057121202, 0.057576664, 0.05779232, 0.057907984, 0.057911467, 0.05872354, 0.060045987, 0.060495175, 0.060884815, 0.06116785, 0.062341355, 0.063391745, 0.0638964, 0.06391009, 0.06536337, 0.065511, 0.06572015, 0.065782264, 0.065947495, 0.066750266, 0.067050606, 0.06741162, 0.06805134, 0.06806111, 0.069338195, 0.06997803, 0.07086655, 0.07097256, 0.07114871, 0.07164316, 0.071742006, 0.072452955, 0.07256054, 0.074453115, 0.07458039, 0.0757695, 0.07621495, 0.07727978, 0.07761524, 0.077948354, 0.08018653, 0.08021493, 0.08039301, 0.08061041, 0.08071602, 0.08191572, 0.08230269, 0.082959674, 0.08308535, 0.08416034, 0.08462523, 0.08692847, 0.091459714, 0.0925488, 0.093237996, 0.09339199, 0.09378989, 0.0948218, 0.09485344, 0.09650083, 0.09651357, 0.09767107, 0.099450715, 0.1022691, 0.10380733, 0.1065028, 0.10800969, 0.11430497, 0.116815574, 0.118226364, 0.12034754, 0.121761255, 0.123314984]
60/60 epochs...
Testing
Test set results:
iter: 1
开始时间： 2022-05-22 23:19:05
实体sim [[3.17340425 5.48839098 6.21247526 ... 5.41828955 5.05729195 6.83275837]
 [5.93702643 2.82071586 6.79815497 ... 6.10464447 5.74055396 6.48263505]
 [6.56287068 6.36799017 1.33353396 ... 6.38020723 6.05240328 7.82135182]
 ...
 [5.96193136 5.80732669 6.27188346 ... 0.79089474 4.94451188 7.35056659]
 [5.2476887  5.16410558 5.90542404 ... 4.78212879 2.07981541 6.52079278]
 [7.81427338 6.6805883  8.13698829 ... 7.84448792 7.12044871 1.52522901]]
关系sim [[12.09983027 12.10604619 10.68939008 ... 10.0353559  10.23228227
   9.99356631]
 [12.7150774  12.87953553  9.59676418 ... 10.96865817 12.128469
  11.3408383 ]
 [13.04067701 12.9062798  11.64129811 ... 11.16407293 12.66558552
  11.97675999]
 ...
 [12.84762416 12.9572135  11.05756057 ... 10.88581086 10.93676073
  10.06144875]
 [12.63243116 12.55776458 10.70734356 ...  9.70900275 11.08019048
  10.27078122]
 [12.68781299 12.83945886 11.77902556 ... 10.88360217 11.54541884
  10.73658151]]
[[12.09983027 12.10604619 10.68939008 ... 10.0353559  10.23228227
   9.99356631]
 [12.7150774  12.87953553  9.59676418 ... 10.96865817 12.128469
  11.3408383 ]
 [13.04067701 12.9062798  11.64129811 ... 11.16407293 12.66558552
  11.97675999]
 ...
 [12.84762416 12.9572135  11.05756057 ... 10.88581086 10.93676073
  10.06144875]
 [12.63243116 12.55776458 10.70734356 ...  9.70900275 11.08019048
  10.27078122]
 [12.68781299 12.83945886 11.77902556 ... 10.88360217 11.54541884
  10.73658151]]
Entity Alignment (left):
Hits@1: 85.18%
Hits@3: 90.59%
Hits@10: 93.35%
MRR: 0.8825
MR: 46.3412
Entity Alignment (right):
Hits@1: 83.92%
Hits@3: 89.90%
Hits@10: 93.66%
MRR: 0.8750
MR: 32.6566
结束时间： 2022-05-22 23:21:43
用时 0:02:38.032410
iter: 2
开始时间： 2022-05-22 23:21:43
实体sim [[3.17340425 5.48839098 6.21247526 ... 5.41828955 5.05729195 6.83275837]
 [5.93702643 2.82071586 6.79815497 ... 6.10464447 5.74055396 6.48263505]
 [6.56287068 6.36799017 1.33353396 ... 6.38020723 6.05240328 7.82135182]
 ...
 [5.96193136 5.80732669 6.27188346 ... 0.79089474 4.94451188 7.35056659]
 [5.2476887  5.16410558 5.90542404 ... 4.78212879 2.07981541 6.52079278]
 [7.81427338 6.6805883  8.13698829 ... 7.84448792 7.12044871 1.52522901]]
关系sim [[12.09983027 12.10604619 10.68939008 ... 10.0353559  10.23228227
   9.99356631]
 [12.7150774  12.87953553  9.59676418 ... 10.96865817 12.128469
  11.3408383 ]
 [13.04067701 12.9062798  11.64129811 ... 11.16407293 12.66558552
  11.97675999]
 ...
 [12.84762416 12.9572135  11.05756057 ... 10.88581086 10.93676073
  10.06144875]
 [12.63243116 12.55776458 10.70734356 ...  9.70900275 11.08019048
  10.27078122]
 [12.68781299 12.83945886 11.77902556 ... 10.88360217 11.54541884
  10.73658151]]
[[12.09983027 12.10604619 10.68939008 ... 10.0353559  10.23228227
   9.99356631]
 [12.7150774  12.87953553  9.59676418 ... 10.96865817 12.128469
  11.3408383 ]
 [13.04067701 12.9062798  11.64129811 ... 11.16407293 12.66558552
  11.97675999]
 ...
 [12.84762416 12.9572135  11.05756057 ... 10.88581086 10.93676073
  10.06144875]
 [12.63243116 12.55776458 10.70734356 ...  9.70900275 11.08019048
  10.27078122]
 [12.68781299 12.83945886 11.77902556 ... 10.88360217 11.54541884
  10.73658151]]
Entity Alignment (left):
Hits@1: 86.89%
Hits@3: 91.57%
Hits@10: 93.83%
MRR: 0.8950
MR: 46.1500
Entity Alignment (right):
Hits@1: 86.07%
Hits@3: 91.23%
Hits@10: 94.31%
MRR: 0.8911
MR: 31.6879
结束时间： 2022-05-22 23:24:27
用时 0:02:43.957877
开始时间： 2022-05-22 23:24:27
2022-05-22 23:24:27
[[3.17340425 5.48839098 6.21247526 ... 5.41828955 5.05729195 6.83275837]
 [5.93702643 2.82071586 6.79815497 ... 6.10464447 5.74055396 6.48263505]
 [6.56287068 6.36799017 1.33353396 ... 6.38020723 6.05240328 7.82135182]
 ...
 [5.96193136 5.80732669 6.27188346 ... 0.79089474 4.94451188 7.35056659]
 [5.2476887  5.16410558 5.90542404 ... 4.78212879 2.07981541 6.52079278]
 [7.81427338 6.6805883  8.13698829 ... 7.84448792 7.12044871 1.52522901]]
Relation Alignment (left):
Hits@1: 75.24%
Hits@10: 85.07%
Relation Alignment (right):
Hits@1: 72.21%
Hits@10: 83.93%
结束时间： 2022-05-22 23:27:42
用时 0:03:14.624786
用时： 0:10:01.380494
结束时间： 2022-05-22 23:27:42
用时 0:27:26.560293
结束时间： 2022-05-22 23:27:42
用时 0:28:10.860468
