2022-06-18 21:22:33
开始时间： 2022-06-18 21:22:34
正在执行DBP15k
加载数据文件：data/DBP15k/zh_en/ent_ids_1
加载数据文件：data/DBP15k/zh_en/ent_ids_2
38960
加载数据文件：data/DBP15k/zh_en/ref_ent_ids
加载数据文件：data/DBP15k/zh_en/ref_r_ids
加载数据文件：data/DBP15k/zh_en/triples_1
加载数据文件：data/DBP15k/zh_en/triples_2
建立模型：
开始时间： 2022-06-18 21:22:34
计算头尾实体对应关系的矩阵以及对应概率：
开始时间： 2022-06-18 21:22:34
结束时间： 2022-06-18 21:22:35
用时 0:00:00.987955
输入词向量，增加原始输入层：
开始时间： 2022-06-18 21:22:35
38960 rows, 300 columns.
结束时间： 2022-06-18 21:22:44
用时 0:00:08.729847
计算稀疏张量和对称归一化后的矩阵：
开始时间： 2022-06-18 21:22:44
获取反转图，邻接矩阵、度、丰富三元组：
开始时间： 2022-06-18 21:22:44
结束时间： 2022-06-18 21:22:44
用时 0:00:00.405748
计算三角：
开始时间： 2022-06-18 21:23:07
结束时间： 2022-06-18 21:23:08
用时 0:00:01.131275
计算三角：
开始时间： 2022-06-18 21:23:08
结束时间： 2022-06-18 21:23:09
用时 0:00:01.119351
M2 SparseTensor(indices=Tensor("SparseTensor_1/indices:0", shape=(259136, 2), dtype=int64), values=Tensor("SparseTensor_1/values:0", shape=(259136,), dtype=float32), dense_shape=Tensor("SparseTensor_1/dense_shape:0", shape=(2,), dtype=int64))
结束时间： 2022-06-18 21:23:09
用时 0:00:25.703266
KG structure embedding
增加MixHop层：
开始时间： 2022-06-18 21:23:12
<tf.Variable 'Variable_1:0' shape=(1, 300) dtype=float32_ref>
结束时间： 2022-06-18 21:23:12
用时 0:00:00.003471
