2022-07-02 19:12:55
开始时间： 2022-07-02 19:12:56
正在执行DBP15k
加载数据文件：data/DBP15k/zh_en/ent_ids_1
加载数据文件：data/DBP15k/zh_en/ent_ids_2
38960
加载数据文件：data/DBP15k/zh_en/ref_ent_ids
加载数据文件：data/DBP15k/zh_en/ref_r_ids
加载数据文件：data/DBP15k/zh_en/triples_1
加载数据文件：data/DBP15k/zh_en/triples_2
建立模型：
开始时间： 2022-07-02 19:12:56
计算头尾实体对应关系的矩阵以及对应概率：
开始时间： 2022-07-02 19:12:56
结束时间： 2022-07-02 19:12:58
用时 0:00:01.103957
输入词向量，增加原始输入层：
开始时间： 2022-07-02 19:12:58
38960 rows, 300 columns.
结束时间： 2022-07-02 19:13:06
用时 0:00:08.262136
计算稀疏张量和对称归一化后的矩阵：
开始时间： 2022-07-02 19:13:06
获取反转图，邻接矩阵、度、丰富三元组：
开始时间： 2022-07-02 19:13:06
结束时间： 2022-07-02 19:13:06
用时 0:00:00.396293
计算三角：
开始时间： 2022-07-02 19:13:19
结束时间： 2022-07-02 19:13:20
用时 0:00:01.063759
计算三角：
开始时间： 2022-07-02 19:13:20
结束时间： 2022-07-02 19:13:21
用时 0:00:01.091133
M2 SparseTensor(indices=Tensor("SparseTensor_1/indices:0", shape=(259136, 2), dtype=int64), values=Tensor("SparseTensor_1/values:0", shape=(259136,), dtype=float32), dense_shape=Tensor("SparseTensor_1/dense_shape:0", shape=(2,), dtype=int64))
结束时间： 2022-07-02 19:13:21
用时 0:00:14.906204
KG structure embedding
增加MixHop层：
开始时间： 2022-07-02 19:13:21
<tf.Variable 'Variable_1:0' shape=(1, 300) dtype=float32_ref>
结束时间： 2022-07-02 19:13:21
用时 0:00:00.003776
实现SKNet：
开始时间： 2022-07-02 19:13:21
结束时间： 2022-07-02 19:13:21
用时 0:00:00.006016
增加MixHop层：
开始时间： 2022-07-02 19:13:21
<tf.Variable 'Variable_4:0' shape=(1, 300) dtype=float32_ref>
结束时间： 2022-07-02 19:13:21
用时 0:00:00.003716
实现SKNet：
开始时间： 2022-07-02 19:13:21
结束时间： 2022-07-02 19:13:21
用时 0:00:00.005521
shape of output_h:  (38960, 300)
compute pre-training loss
计算预训练损失函数：
开始时间： 2022-07-02 19:13:21
Tensor("strided_slice:0", shape=(?,), dtype=int32) Tensor("strided_slice_1:0", shape=(?,), dtype=int32)
Tensor("embedding_lookup/Identity:0", shape=(?, 300), dtype=float32) Tensor("embedding_lookup_1/Identity:0", shape=(?, 300), dtype=float32)
结束时间： 2022-07-02 19:13:21
用时 0:00:00.014060
输入词向量，增加原始输入层：
开始时间： 2022-07-02 19:13:21
3024 rows, 300 columns.
3024
(3024, 300)
计算关系的向量：
开始时间： 2022-07-02 19:13:27
结束时间： 2022-07-02 19:13:30
用时 0:00:02.704754
Tensor("Add_12:0", shape=(6048, 300), dtype=float32)
结束时间： 2022-07-02 19:13:30
用时 0:00:09.006186
计算关系损失函数：
开始时间： 2022-07-02 19:13:30
结束时间： 2022-07-02 19:13:30
用时 0:00:00.005446
结束时间： 2022-07-02 19:13:30
用时 0:00:33.561638
初始化：
开始时间： 2022-07-02 19:13:31
开始运行：
开始训练：第1 epoch
数据准备：
负采样：
开始时间： 2022-07-02 19:23:07
结束时间： 2022-07-02 19:25:07
用时 0:01:59.377191
负采样：
开始时间： 2022-07-02 19:25:07
结束时间： 2022-07-02 19:27:07
用时 0:02:00.402257
