2022-05-22 20:53:26
开始时间： 2022-05-22 20:53:26
正在执行DBP15k
加载数据文件：data/DBP15k/zh_en/ent_ids_1
加载数据文件：data/DBP15k/zh_en/ent_ids_2
38960
加载数据文件：data/DBP15k/zh_en/ref_ent_ids
加载数据文件：data/DBP15k/zh_en/ref_r_ids
加载数据文件：data/DBP15k/zh_en/triples_1
加载数据文件：data/DBP15k/zh_en/triples_2
建立模型：
开始时间： 2022-05-22 20:53:26
计算头尾实体对应关系的矩阵以及对应概率：
开始时间： 2022-05-22 20:53:26
结束时间： 2022-05-22 20:53:27
用时 0:00:00.981284
输入词向量，增加原始输入层：
开始时间： 2022-05-22 20:53:27
38960 rows, 300 columns.
结束时间： 2022-05-22 20:53:36
用时 0:00:08.613590
计算稀疏张量和对称归一化后的矩阵：
开始时间： 2022-05-22 20:53:36
获取反转图，邻接矩阵、度、丰富三元组：
开始时间： 2022-05-22 20:53:36
结束时间： 2022-05-22 20:53:36
用时 0:00:00.396368
计算三角：
开始时间： 2022-05-22 20:54:00
结束时间： 2022-05-22 20:54:01
用时 0:00:01.114363
计算三角：
开始时间： 2022-05-22 20:54:01
结束时间： 2022-05-22 20:54:02
用时 0:00:01.118277
M2 SparseTensor(indices=Tensor("SparseTensor_1/indices:0", shape=(259136, 2), dtype=int64), values=Tensor("SparseTensor_1/values:0", shape=(259136,), dtype=float32), dense_shape=Tensor("SparseTensor_1/dense_shape:0", shape=(2,), dtype=int64))
结束时间： 2022-05-22 20:54:02
用时 0:00:26.339534
KG structure embedding
增加GCN层：
开始时间： 2022-05-22 20:54:04
<tf.Variable 'Variable_1:0' shape=(1, 300) dtype=float32_ref>
结束时间： 2022-05-22 20:54:04
用时 0:00:00.004345
实现SKNet：
开始时间： 2022-05-22 20:54:04
结束时间： 2022-05-22 20:54:04
用时 0:00:00.006296
增加GCN层：
开始时间： 2022-05-22 20:54:04
<tf.Variable 'Variable_4:0' shape=(1, 300) dtype=float32_ref>
结束时间： 2022-05-22 20:54:04
用时 0:00:00.002012
实现SKNet：
开始时间： 2022-05-22 20:54:04
结束时间： 2022-05-22 20:54:04
用时 0:00:00.005736
shape of output_h:  (38960, 300)
计算关系的向量：
开始时间： 2022-05-22 20:54:04
结束时间： 2022-05-22 20:54:09
用时 0:00:05.582867
compute pre-training loss
计算预训练损失函数：
开始时间： 2022-05-22 20:54:09
Tensor("strided_slice:0", shape=(?,), dtype=int32) Tensor("strided_slice_1:0", shape=(?,), dtype=int32)
Tensor("embedding_lookup/Identity:0", shape=(?, 300), dtype=float32) Tensor("embedding_lookup_1/Identity:0", shape=(?, 300), dtype=float32)
结束时间： 2022-05-22 20:54:10
用时 0:00:00.014654
计算关系损失函数：
开始时间： 2022-05-22 20:54:10
结束时间： 2022-05-22 20:54:10
用时 0:00:00.005103
结束时间： 2022-05-22 20:54:10
用时 0:00:43.343091
初始化：
开始时间： 2022-05-22 20:54:10
开始运行：
开始训练：第1 epoch
数据准备：
负采样：
开始时间： 2022-05-22 21:01:11
结束时间： 2022-05-22 21:02:28
用时 0:01:16.624787
负采样：
开始时间： 2022-05-22 21:02:28
结束时间： 2022-05-22 21:03:41
用时 0:01:13.635033
预训练的损失： [0.395737, 0.42338607, 0.4478448, 0.4508729, 0.45119688, 0.45497483, 0.46014684, 0.46445304, 0.47578275, 0.48381144, 0.5116994, 0.5142603, 0.52563274, 0.5366615, 0.54869604, 0.5534822, 0.57110447, 0.57134247, 0.5787456, 0.58012986, 0.5828321, 0.5834649, 0.59096795, 0.59319013, 0.6057604, 0.6065612, 0.60668874, 0.60896397, 0.61752284, 0.62163943, 0.62286687, 0.6283183, 0.62960225, 0.62991035, 0.6310755, 0.6319369, 0.6368761, 0.63707924, 0.6394646, 0.64302915, 0.6434105, 0.64393914, 0.6502371, 0.65046906, 0.6513492, 0.667625, 0.6694205, 0.6697062, 0.6774693, 0.68385303, 0.6912328, 0.6996945, 0.7029121, 0.70620203, 0.7093493, 0.7114136, 0.71154165, 0.71779203, 0.7201825, 0.72555006, 0.7258221, 0.72859514, 0.73175126, 0.73446864, 0.73724365, 0.7476544, 0.74918675, 0.7513169, 0.75381404, 0.7571602, 0.75728154, 0.7585633, 0.7589124, 0.76154673, 0.7617583, 0.77255344, 0.7785106, 0.7874256, 0.79015124, 0.8038621, 0.8071406, 0.8100293, 0.8113111, 0.81801546, 0.8234519, 0.8249744, 0.84140086, 0.86671185, 0.86689806, 0.87584287, 0.8818018, 0.88406694, 0.8988495, 0.9116081, 0.91770077, 0.9204732, 0.94177985, 0.94363475, 0.981707, 1.022146]
训练完的损失： []
1/60 epochs...
用时： 0:04:27.726778
开始训练：第2 epoch
预训练的损失： [0.3765037, 0.403162, 0.42637157, 0.43193984, 0.43315083, 0.43554294, 0.43594193, 0.44332868, 0.4540984, 0.46009976, 0.49192747, 0.4967184, 0.50503355, 0.5161776, 0.5278402, 0.5331239, 0.54521257, 0.55289924, 0.5551739, 0.5559023, 0.5565567, 0.5616965, 0.56323016, 0.56606567, 0.5798168, 0.5817169, 0.5825403, 0.58749056, 0.59140885, 0.5978756, 0.6003232, 0.6022949, 0.6043165, 0.6046448, 0.6046541, 0.6087199, 0.6092487, 0.61110866, 0.61215436, 0.6158924, 0.6198548, 0.62038136, 0.620777, 0.6224126, 0.6270164, 0.63965964, 0.6449117, 0.64644897, 0.6521708, 0.65880954, 0.66174006, 0.6687803, 0.6771139, 0.6817386, 0.68312085, 0.6847104, 0.68734676, 0.6899216, 0.6969843, 0.697112, 0.6973894, 0.698791, 0.69961226, 0.70573777, 0.7060386, 0.7190486, 0.7229504, 0.72480595, 0.7249011, 0.7260746, 0.72960836, 0.73144245, 0.73333097, 0.73432964, 0.7376058, 0.7429647, 0.74469006, 0.7517958, 0.7636131, 0.7778512, 0.77946556, 0.782355, 0.7843878, 0.7879183, 0.7892144, 0.78953815, 0.8067759, 0.831059, 0.8373859, 0.84230804, 0.8511058, 0.85205376, 0.86169785, 0.8718477, 0.8845478, 0.891263, 0.90897894, 0.90931857, 0.9464309, 0.9790295]
训练完的损失： []
用时： 0:00:03.201861
开始训练：第3 epoch
预训练的损失： [0.35698226, 0.382079, 0.40577787, 0.41181016, 0.41200197, 0.41505903, 0.41558284, 0.42240667, 0.43335295, 0.43735248, 0.47181505, 0.47789574, 0.4825331, 0.49402714, 0.50539964, 0.51212347, 0.51908946, 0.527857, 0.53225446, 0.53319746, 0.5342059, 0.53423643, 0.53882986, 0.54089725, 0.55309564, 0.55843645, 0.5587512, 0.5663106, 0.56695604, 0.5739132, 0.5761509, 0.57670397, 0.57823694, 0.57949257, 0.58041537, 0.5820905, 0.58282363, 0.5860094, 0.58629835, 0.5872923, 0.59216976, 0.5953178, 0.5955175, 0.59749496, 0.6041227, 0.6124313, 0.61903346, 0.62313604, 0.6265658, 0.6273812, 0.6383399, 0.6387359, 0.64948153, 0.65240586, 0.65845454, 0.6597849, 0.6602056, 0.6619133, 0.66400343, 0.66785675, 0.6691971, 0.670423, 0.67243993, 0.67647433, 0.67888045, 0.6873213, 0.6894474, 0.69682395, 0.6973758, 0.7004062, 0.70143336, 0.7036059, 0.70755506, 0.70846486, 0.7113105, 0.71144104, 0.71209, 0.71702754, 0.7349171, 0.74672437, 0.75240695, 0.75394917, 0.75489354, 0.75496006, 0.7561557, 0.75808895, 0.77330726, 0.7964933, 0.8070704, 0.8098043, 0.817369, 0.8213078, 0.82516855, 0.8329244, 0.8496486, 0.859026, 0.8720444, 0.87574375, 0.9097315, 0.9377138]
训练完的损失： []
用时： 0:00:03.208626
开始训练：第4 epoch
预训练的损失： [0.33764023, 0.36137867, 0.38595465, 0.3886075, 0.39145604, 0.3959735, 0.3969804, 0.4020009, 0.41344362, 0.41533965, 0.45209873, 0.4589522, 0.45976645, 0.4718746, 0.4829027, 0.49125475, 0.4933389, 0.501634, 0.5066787, 0.51097053, 0.5111288, 0.51299095, 0.5156611, 0.5158554, 0.5284627, 0.5358822, 0.53599334, 0.54196626, 0.5459839, 0.5501754, 0.5511029, 0.55245155, 0.55291, 0.5553485, 0.55539966, 0.55569494, 0.55671185, 0.5593345, 0.55990946, 0.5645447, 0.56465054, 0.5696446, 0.57062256, 0.57391584, 0.5824664, 0.5863881, 0.5938425, 0.59508324, 0.6001893, 0.60309327, 0.6096811, 0.6142768, 0.621884, 0.6239332, 0.63000435, 0.630466, 0.6317745, 0.63662386, 0.6366684, 0.6393038, 0.64010656, 0.64474523, 0.6473434, 0.6475364, 0.65199494, 0.6524938, 0.6603667, 0.6677128, 0.6698049, 0.67118216, 0.6762759, 0.6767961, 0.6797843, 0.6805401, 0.68123746, 0.68326044, 0.6837268, 0.6845734, 0.7052541, 0.7155256, 0.72167647, 0.72176236, 0.7242751, 0.7254943, 0.72574914, 0.7282771, 0.74105346, 0.7632767, 0.77680427, 0.77801895, 0.7838886, 0.78963834, 0.79060787, 0.79543865, 0.813701, 0.8263488, 0.83512986, 0.8422115, 0.8734205, 0.8984262]
训练完的损失： []
用时： 0:00:03.208866
开始训练：第5 epoch
预训练的损失： [0.31881496, 0.34145182, 0.36633044, 0.36688733, 0.37120757, 0.37692177, 0.37917233, 0.38237983, 0.39402732, 0.39464703, 0.4329282, 0.43733907, 0.44039816, 0.45035845, 0.4610346, 0.468127, 0.47088665, 0.47684056, 0.4804915, 0.48925033, 0.4898226, 0.49116766, 0.49276638, 0.49286628, 0.5059381, 0.5140327, 0.5140751, 0.5182637, 0.5252951, 0.52686596, 0.5271925, 0.527678, 0.5289795, 0.5296917, 0.5303431, 0.53188205, 0.5321435, 0.53393084, 0.53419244, 0.5380426, 0.5435416, 0.5448692, 0.5463135, 0.5505984, 0.56123674, 0.56179357, 0.5646138, 0.5694875, 0.5778415, 0.57952213, 0.581607, 0.5904791, 0.5950845, 0.59666777, 0.59763765, 0.6014636, 0.605744, 0.6115434, 0.61195505, 0.61213833, 0.61384463, 0.6190228, 0.61923665, 0.6203694, 0.6227796, 0.6254632, 0.63245976, 0.6385635, 0.64262116, 0.6426432, 0.6487416, 0.6495323, 0.6501795, 0.6503039, 0.65281034, 0.6553452, 0.65812886, 0.65948737, 0.67583513, 0.6848929, 0.6896579, 0.6909288, 0.69276834, 0.69368136, 0.69679666, 0.7029857, 0.70994675, 0.7312408, 0.7469274, 0.7470077, 0.7510303, 0.7550951, 0.7593837, 0.7603513, 0.7779247, 0.79403955, 0.79918075, 0.80900145, 0.8377683, 0.86099666]
训练完的损失： []
用时： 0:00:03.212319
开始训练：第6 epoch
预训练的损失： [0.3005448, 0.32233503, 0.34500772, 0.34838915, 0.3514472, 0.35849643, 0.36176133, 0.36371043, 0.37370846, 0.37671864, 0.41435888, 0.41538927, 0.42235735, 0.42945158, 0.43981373, 0.44375843, 0.45123622, 0.45347947, 0.45542794, 0.46719798, 0.46810162, 0.46870914, 0.47085124, 0.4735602, 0.48469335, 0.49279457, 0.49312693, 0.49512047, 0.5034836, 0.5037261, 0.5041451, 0.5045896, 0.50527096, 0.50580513, 0.50611854, 0.50751364, 0.50902855, 0.509246, 0.51208854, 0.5121893, 0.5211576, 0.52244484, 0.52306503, 0.52791035, 0.5349344, 0.53696615, 0.5419289, 0.5459976, 0.5543376, 0.5563266, 0.5567752, 0.5666684, 0.56721854, 0.5691538, 0.57032144, 0.5733657, 0.5806198, 0.5835737, 0.5855032, 0.5868753, 0.5882145, 0.5917238, 0.5919502, 0.5973798, 0.59835243, 0.59946316, 0.60598624, 0.6098911, 0.6147091, 0.61585385, 0.6186247, 0.6187046, 0.6208751, 0.62356335, 0.62946653, 0.63001895, 0.632164, 0.6357103, 0.646897, 0.6550536, 0.6584476, 0.6606336, 0.6620567, 0.6621741, 0.6686609, 0.67810065, 0.68024766, 0.7000536, 0.71634024, 0.7178173, 0.71902907, 0.72166955, 0.7245244, 0.730632, 0.74290144, 0.7624767, 0.76425815, 0.7762649, 0.8031335, 0.8250536]
训练完的损失： []
用时： 0:00:03.216482
开始训练：第7 epoch
预训练的损失： [0.28285217, 0.3041501, 0.32479388, 0.3304435, 0.3323455, 0.340841, 0.34488857, 0.34567785, 0.3546058, 0.35960996, 0.3941276, 0.39636797, 0.40480563, 0.4092589, 0.41953456, 0.42038804, 0.43128327, 0.43159744, 0.43234015, 0.44382375, 0.44748765, 0.44782645, 0.44952875, 0.45521632, 0.4644822, 0.4721434, 0.47274256, 0.4728557, 0.47893482, 0.4806201, 0.48082656, 0.48211223, 0.48308975, 0.48320082, 0.48443094, 0.48604882, 0.48624033, 0.48715508, 0.48731956, 0.49149507, 0.49856985, 0.49920073, 0.50319654, 0.50581896, 0.5063262, 0.51348007, 0.5227493, 0.52307975, 0.5280129, 0.534547, 0.53563166, 0.5371787, 0.5438963, 0.5445014, 0.544953, 0.5463439, 0.5560949, 0.5564723, 0.55663234, 0.5599235, 0.5649604, 0.565591, 0.5703762, 0.57387275, 0.57443523, 0.57522404, 0.581095, 0.5817891, 0.5877715, 0.5881871, 0.5895149, 0.58956957, 0.592779, 0.59804726, 0.6050333, 0.6067345, 0.6068202, 0.6124418, 0.6186556, 0.6259217, 0.6281228, 0.6307962, 0.6318749, 0.63224196, 0.6412058, 0.6520728, 0.65377223, 0.66953796, 0.6863471, 0.6881136, 0.68920493, 0.6894429, 0.6909313, 0.7014233, 0.7084089, 0.7305549, 0.73175555, 0.7440407, 0.7695272, 0.7905722]
训练完的损失： []
用时： 0:00:03.213467
开始训练：第8 epoch
预训练的损失： [0.2657884, 0.28691489, 0.3057471, 0.31306255, 0.3138735, 0.32369578, 0.32816362, 0.3284477, 0.33640224, 0.34330776, 0.37365198, 0.37896597, 0.3877404, 0.38960695, 0.39804974, 0.399976, 0.408881, 0.4102746, 0.41401684, 0.42116305, 0.42737615, 0.42742, 0.4289927, 0.43747595, 0.44529697, 0.45098233, 0.45208368, 0.45314488, 0.45547125, 0.4563884, 0.4588133, 0.46071053, 0.46081686, 0.46112594, 0.4628967, 0.46304625, 0.4657844, 0.46606046, 0.46779227, 0.4718157, 0.47689998, 0.47707295, 0.4788898, 0.48400474, 0.48441142, 0.49089456, 0.5008722, 0.50271654, 0.5043276, 0.50894386, 0.5129823, 0.51594424, 0.5193979, 0.52019656, 0.52032495, 0.5224591, 0.52628344, 0.5300894, 0.53358483, 0.5349277, 0.54011476, 0.54249775, 0.5491539, 0.5496017, 0.5510223, 0.5538402, 0.5546106, 0.55763626, 0.55915225, 0.56148195, 0.56180584, 0.5638314, 0.565771, 0.57317245, 0.58050895, 0.5818758, 0.5848808, 0.58954954, 0.5911926, 0.5976683, 0.59869826, 0.601424, 0.60274434, 0.6035993, 0.61446387, 0.6249901, 0.6298274, 0.63983035, 0.65677583, 0.6577495, 0.6584617, 0.65879846, 0.6618128, 0.6727215, 0.67459226, 0.69807625, 0.7021433, 0.7125564, 0.7367867, 0.7574556]
训练完的损失： []
用时： 0:00:03.212791
开始训练：第9 epoch
预训练的损失： [0.24938518, 0.27067173, 0.2876891, 0.29606313, 0.2962078, 0.30702442, 0.31103408, 0.31240016, 0.31931144, 0.3277881, 0.3541481, 0.3622278, 0.37055457, 0.37112767, 0.3769226, 0.38122734, 0.38722366, 0.39034688, 0.3960743, 0.3993594, 0.40760112, 0.40771315, 0.40921193, 0.42026067, 0.42692918, 0.43011147, 0.43270642, 0.43298662, 0.43316528, 0.433948, 0.4378057, 0.43806997, 0.43992883, 0.4399948, 0.4400299, 0.443767, 0.44539422, 0.44601467, 0.45037192, 0.45269185, 0.45303267, 0.4556273, 0.45668143, 0.46364045, 0.46552414, 0.46906424, 0.47855282, 0.47950858, 0.48195726, 0.48632824, 0.49193022, 0.49491265, 0.4955872, 0.4966927, 0.49713415, 0.49806404, 0.5012543, 0.5047699, 0.51076514, 0.51151526, 0.5157051, 0.52072155, 0.5252919, 0.5283638, 0.5284478, 0.5293425, 0.53150517, 0.53332996, 0.5343447, 0.53547573, 0.5369424, 0.5386795, 0.53996736, 0.54898584, 0.55645823, 0.55762595, 0.56368005, 0.5646149, 0.56711525, 0.5703656, 0.5704476, 0.57254386, 0.5752021, 0.5762186, 0.5883205, 0.59883404, 0.6063783, 0.6110679, 0.62739486, 0.6276276, 0.6277614, 0.6298001, 0.6350789, 0.64148134, 0.6448711, 0.6669851, 0.67343664, 0.68205035, 0.70504755, 0.72550404]
训练完的损失： []
用时： 0:00:03.201255
开始训练：第10 epoch
预训练的损失： [0.2335178, 0.2555943, 0.27055436, 0.27931094, 0.28005964, 0.2908396, 0.29472747, 0.2970464, 0.3032871, 0.31300122, 0.33571872, 0.34653467, 0.35208717, 0.35493848, 0.3570047, 0.36312115, 0.36653847, 0.37146044, 0.378571, 0.37859055, 0.38858277, 0.38890857, 0.39004713, 0.40359062, 0.40915513, 0.4099244, 0.4109201, 0.4114639, 0.4140162, 0.4152955, 0.41636062, 0.41768336, 0.41769263, 0.41987312, 0.41988575, 0.42531687, 0.42559895, 0.42693782, 0.42794472, 0.4336515, 0.4351015, 0.43541783, 0.4375366, 0.44365674, 0.44772553, 0.4480462, 0.45534378, 0.45593935, 0.4587419, 0.46891317, 0.47045165, 0.47128218, 0.4714432, 0.4725303, 0.4740078, 0.47915646, 0.48013294, 0.48068368, 0.4872774, 0.49042088, 0.49217933, 0.49937323, 0.5024443, 0.503185, 0.50515413, 0.5062153, 0.5081197, 0.5095737, 0.51288086, 0.5135101, 0.51407635, 0.5144291, 0.51527935, 0.52521473, 0.5329616, 0.53421754, 0.53894126, 0.5429827, 0.5431269, 0.5442584, 0.5445286, 0.545113, 0.5490124, 0.5498504, 0.5628358, 0.5733525, 0.5831995, 0.5833745, 0.5978461, 0.59813476, 0.59910244, 0.602242, 0.60894185, 0.6090082, 0.6177386, 0.63698465, 0.6455826, 0.652416, 0.6745155, 0.6947905]
训练完的损失： []
10/60 epochs...
用时： 0:00:03.199491
开始训练：第11 epoch
预训练的损失： [0.218571, 0.2414431, 0.2540292, 0.26351446, 0.26440927, 0.27515873, 0.27917188, 0.28230184, 0.28824097, 0.29901254, 0.3183259, 0.3314956, 0.3343161, 0.33808598, 0.33916616, 0.3458175, 0.34688702, 0.3535328, 0.35871685, 0.36157805, 0.36997566, 0.37075073, 0.37153542, 0.38732654, 0.38935083, 0.39078367, 0.3910781, 0.39195827, 0.3954794, 0.39600492, 0.39624432, 0.39722776, 0.3983522, 0.4004385, 0.40045786, 0.4042962, 0.4056717, 0.40833628, 0.4085824, 0.41601986, 0.41758254, 0.41782707, 0.41923705, 0.42428216, 0.4276998, 0.43055704, 0.43092442, 0.43317753, 0.4386763, 0.44615996, 0.44685, 0.4501014, 0.45157385, 0.4520187, 0.4523533, 0.45639986, 0.46076727, 0.46189833, 0.46459806, 0.46970183, 0.47026354, 0.47861195, 0.47870758, 0.47989088, 0.48034197, 0.48274827, 0.4847775, 0.48946065, 0.49006522, 0.4901268, 0.49194837, 0.49441683, 0.49443445, 0.50218874, 0.51018125, 0.5116081, 0.514512, 0.5170299, 0.51722884, 0.5194082, 0.52316797, 0.52377677, 0.5242554, 0.52445495, 0.5378891, 0.5487803, 0.55653167, 0.5608071, 0.5691879, 0.5697229, 0.57087636, 0.57534045, 0.57739484, 0.58355975, 0.5916494, 0.60848653, 0.61865604, 0.62330306, 0.644848, 0.6651168]
训练完的损失： []
用时： 0:00:03.202366
开始训练：第12 epoch
预训练的损失： [0.20434317, 0.22851087, 0.23809752, 0.24869207, 0.24930981, 0.2598374, 0.26486975, 0.26795205, 0.27421153, 0.2856753, 0.3018471, 0.31705195, 0.3174017, 0.3200823, 0.3237328, 0.32837552, 0.3293836, 0.33642757, 0.3399812, 0.34492528, 0.35218525, 0.3532379, 0.35373107, 0.36869234, 0.37160724, 0.37186176, 0.37270597, 0.37521952, 0.37530875, 0.37549347, 0.37851024, 0.37954158, 0.37977177, 0.3816331, 0.3816949, 0.38181585, 0.38668475, 0.39073414, 0.39166537, 0.3973526, 0.40113717, 0.4019469, 0.40206042, 0.405558, 0.40685922, 0.40795285, 0.41186607, 0.41406363, 0.41925266, 0.42244536, 0.4240529, 0.42812636, 0.43163627, 0.43214512, 0.43346283, 0.43546256, 0.44129264, 0.44260478, 0.4450244, 0.44814822, 0.4508987, 0.4550581, 0.4556867, 0.45825022, 0.4582519, 0.45914, 0.46389267, 0.46646348, 0.46666104, 0.4696614, 0.47111678, 0.47519234, 0.47580504, 0.479752, 0.4881603, 0.49018916, 0.49061096, 0.49103278, 0.49219865, 0.49577188, 0.500117, 0.5006364, 0.5030042, 0.5036027, 0.51358175, 0.52494484, 0.5311685, 0.5386802, 0.5417726, 0.542344, 0.5432912, 0.5469533, 0.54938257, 0.5588045, 0.56651026, 0.5813931, 0.5928068, 0.59511125, 0.6163881, 0.6365602]
训练完的损失： []
用时： 0:00:03.199709
开始训练：第13 epoch
预训练的损失： [0.19096695, 0.21665981, 0.2226629, 0.23456252, 0.23472726, 0.24523015, 0.25157943, 0.2541421, 0.26097608, 0.27281123, 0.2865698, 0.3012079, 0.30284888, 0.30326194, 0.3087507, 0.31094357, 0.3137478, 0.32023177, 0.32225454, 0.3287034, 0.3350796, 0.33626682, 0.3365411, 0.34895808, 0.35366344, 0.35553008, 0.35556614, 0.35596204, 0.35621458, 0.35875538, 0.36038744, 0.36161286, 0.361889, 0.36244816, 0.3634884, 0.36367366, 0.3682419, 0.37357867, 0.3756261, 0.37918466, 0.38399923, 0.38504308, 0.38540912, 0.3871596, 0.38740587, 0.38880765, 0.39153972, 0.3982125, 0.4000067, 0.40057904, 0.4020572, 0.4067186, 0.4114563, 0.41191405, 0.4134492, 0.41950995, 0.42140532, 0.42211336, 0.42758644, 0.42871255, 0.43229598, 0.43232816, 0.43234485, 0.4346913, 0.4383697, 0.43864018, 0.44344544, 0.44373852, 0.4447109, 0.44841892, 0.45245332, 0.45676026, 0.45790875, 0.4582131, 0.46498045, 0.466714, 0.46862015, 0.4686429, 0.4694376, 0.47313893, 0.47689667, 0.4781523, 0.48273998, 0.48473293, 0.48989975, 0.50197875, 0.50718, 0.5156975, 0.51581115, 0.5164637, 0.51706064, 0.5178325, 0.5240535, 0.53479135, 0.5423564, 0.5553833, 0.56802523, 0.56809473, 0.5891373, 0.6090534]
训练完的损失： []
用时： 0:00:03.199190
开始训练：第14 epoch
预训练的损失： [0.1786099, 0.20576179, 0.20779324, 0.22072244, 0.22087906, 0.2311483, 0.23936558, 0.24076705, 0.24836808, 0.26047534, 0.27219784, 0.28575766, 0.2862996, 0.29018718, 0.29418772, 0.29457393, 0.2989413, 0.30482233, 0.3057918, 0.31291115, 0.3188936, 0.31982112, 0.3198762, 0.3300606, 0.3364578, 0.33650172, 0.3375536, 0.33912623, 0.34023917, 0.3411566, 0.34276563, 0.34469905, 0.3452158, 0.34595537, 0.34599686, 0.34651774, 0.35051504, 0.3570286, 0.36011028, 0.36170653, 0.36273247, 0.36940056, 0.3694353, 0.3698117, 0.3703099, 0.3718961, 0.37282372, 0.37853742, 0.3808592, 0.3824402, 0.3829252, 0.3859868, 0.39017254, 0.39319482, 0.3953406, 0.4009189, 0.40338418, 0.40385455, 0.40795183, 0.41002488, 0.4104675, 0.41226023, 0.41264352, 0.41443837, 0.41878954, 0.4189043, 0.42117393, 0.4235203, 0.4242108, 0.42828053, 0.43411475, 0.43724585, 0.43926337, 0.44007975, 0.44066465, 0.44607612, 0.44612834, 0.4471234, 0.4495465, 0.4515952, 0.45493618, 0.4566452, 0.4629616, 0.46624917, 0.4669063, 0.47973633, 0.48424286, 0.49000525, 0.49022436, 0.4903373, 0.49081883, 0.49593613, 0.49980164, 0.51163584, 0.518886, 0.53067064, 0.54206294, 0.54422474, 0.56290025, 0.5829747]
训练完的损失： []
用时： 0:00:03.202772
开始训练：第15 epoch
预训练的损失： [0.16741404, 0.19341826, 0.19588336, 0.20740515, 0.20809022, 0.21784794, 0.22782141, 0.22827725, 0.23623466, 0.24866155, 0.2589162, 0.2706893, 0.2709344, 0.27772814, 0.27927303, 0.27998936, 0.28479266, 0.29015762, 0.2903111, 0.2974652, 0.30332187, 0.3036999, 0.30387786, 0.31235337, 0.31807113, 0.32011575, 0.32026276, 0.32155406, 0.32351643, 0.32634646, 0.32719278, 0.32814246, 0.3290411, 0.32935768, 0.330047, 0.33016717, 0.33355457, 0.34109363, 0.34296352, 0.34460336, 0.34495133, 0.35236079, 0.3528007, 0.35308683, 0.35387397, 0.35438332, 0.3581024, 0.3591103, 0.36062557, 0.36473215, 0.3657847, 0.36821872, 0.37003094, 0.3753717, 0.37802738, 0.38102114, 0.38476205, 0.38866383, 0.38886246, 0.38933697, 0.38954374, 0.39073682, 0.39718735, 0.397206, 0.39935398, 0.399754, 0.40004098, 0.4031806, 0.40549102, 0.40912557, 0.41617334, 0.41633773, 0.41710305, 0.42264956, 0.42393732, 0.42457634, 0.42613876, 0.42648053, 0.43051514, 0.43099543, 0.4341808, 0.4360484, 0.4437345, 0.44463965, 0.44839007, 0.45834488, 0.46253458, 0.4632501, 0.46478868, 0.46536547, 0.4670062, 0.4751143, 0.4763396, 0.48889622, 0.49623168, 0.5069807, 0.5171357, 0.5214346, 0.5376899, 0.55784047]
训练完的损失： []
用时： 0:00:03.205063
开始训练：第16 epoch
预训练的损失： [0.15726978, 0.17965317, 0.18693358, 0.19473535, 0.19587234, 0.20500138, 0.21546215, 0.21804073, 0.22465411, 0.23728064, 0.24650314, 0.2559886, 0.25672224, 0.26502934, 0.26582852, 0.2662875, 0.27133822, 0.27572745, 0.2761475, 0.28247404, 0.2879539, 0.2883259, 0.2883588, 0.29573953, 0.3006422, 0.30340844, 0.30421978, 0.30490977, 0.30840778, 0.3119148, 0.3120379, 0.31231442, 0.31261003, 0.31397298, 0.31462812, 0.31478822, 0.31739467, 0.32484215, 0.32571685, 0.32789087, 0.33026356, 0.33504313, 0.33506557, 0.3364088, 0.33860248, 0.33866012, 0.34002265, 0.34118658, 0.34607327, 0.3463034, 0.347642, 0.35096538, 0.35404116, 0.35820466, 0.36141765, 0.36174423, 0.36631146, 0.3685506, 0.36942536, 0.37017906, 0.37172753, 0.37373483, 0.37811947, 0.3804757, 0.38119537, 0.38191068, 0.381942, 0.38371456, 0.3875628, 0.3908773, 0.3936084, 0.39794102, 0.3985086, 0.40384787, 0.40671384, 0.4067775, 0.4069346, 0.40780592, 0.41130102, 0.41232252, 0.41449827, 0.4163506, 0.4230135, 0.42486408, 0.4311356, 0.43752962, 0.4377578, 0.44014925, 0.44160962, 0.44176233, 0.4440685, 0.45407897, 0.45485055, 0.46671385, 0.4744612, 0.48423943, 0.49321878, 0.49965143, 0.5133188, 0.5339637]
训练完的损失： []
用时： 0:00:03.212350
开始训练：第17 epoch
预训练的损失： [0.1480647, 0.16648555, 0.17862742, 0.18265566, 0.18430412, 0.1927383, 0.20371926, 0.20845008, 0.21367572, 0.22639221, 0.23483948, 0.24230398, 0.24323578, 0.2517933, 0.2529434, 0.2544632, 0.25855058, 0.2619101, 0.26281172, 0.26785034, 0.27274856, 0.2732267, 0.2739677, 0.28010947, 0.2841163, 0.28755948, 0.2879008, 0.290235, 0.29410446, 0.2968077, 0.29700714, 0.29726538, 0.2978704, 0.29897255, 0.29978168, 0.30019692, 0.30190003, 0.30816692, 0.3109002, 0.31166223, 0.3161359, 0.31758147, 0.31831765, 0.31996918, 0.32053798, 0.3229246, 0.32382745, 0.3261065, 0.32757646, 0.33110416, 0.33277345, 0.33351332, 0.340267, 0.34181994, 0.3429644, 0.3454523, 0.34826443, 0.34919134, 0.35024005, 0.35035628, 0.3552109, 0.35755593, 0.35959947, 0.3632548, 0.36430147, 0.3646387, 0.3648907, 0.36712927, 0.37042794, 0.37208405, 0.373629, 0.37988383, 0.38126364, 0.38400775, 0.38780728, 0.38847554, 0.39155635, 0.39224994, 0.39270717, 0.3948667, 0.39588276, 0.3975759, 0.40208358, 0.40649617, 0.41328347, 0.41437334, 0.4162938, 0.4174521, 0.4188137, 0.42181367, 0.4219455, 0.43306607, 0.43485218, 0.44505256, 0.45362777, 0.46238655, 0.46988875, 0.47877282, 0.48989707, 0.5114022]
训练完的损失： []
用时： 0:00:03.211946
开始训练：第18 epoch
预训练的损失： [0.13972296, 0.15401573, 0.1708614, 0.17126167, 0.17360428, 0.18093932, 0.19252792, 0.19957922, 0.20332894, 0.21584603, 0.22381192, 0.22962844, 0.23027909, 0.23939541, 0.24006778, 0.24353063, 0.24639529, 0.24897313, 0.25016263, 0.25364098, 0.25791544, 0.2584161, 0.2601252, 0.26545206, 0.268578, 0.2723931, 0.2724078, 0.27628082, 0.28040123, 0.2819562, 0.28237987, 0.28305876, 0.28407922, 0.28439564, 0.28581882, 0.28619987, 0.28728288, 0.29247838, 0.29605004, 0.29662812, 0.30062205, 0.30214465, 0.30227843, 0.30273592, 0.30524477, 0.30556744, 0.3094192, 0.3097582, 0.31275222, 0.3151576, 0.3154522, 0.3215602, 0.32495654, 0.32609966, 0.32683182, 0.33027986, 0.33044934, 0.3306176, 0.33096123, 0.33213103, 0.33778125, 0.3396825, 0.34568477, 0.3456966, 0.34695485, 0.34792098, 0.3484928, 0.35152012, 0.35269898, 0.3538978, 0.35729456, 0.3628077, 0.36478207, 0.36510468, 0.3696522, 0.3707152, 0.37500924, 0.37688732, 0.37710938, 0.37810788, 0.3782277, 0.3795221, 0.38192394, 0.38824952, 0.3902102, 0.39364576, 0.39692652, 0.39803413, 0.39840984, 0.4007181, 0.40257198, 0.41318762, 0.41538, 0.42392212, 0.43379596, 0.44142774, 0.44741285, 0.4584121, 0.467511, 0.49000633]
训练完的损失： []
用时： 0:00:03.213666
开始训练：第19 epoch
预训练的损失： [0.13219354, 0.14214602, 0.160474, 0.16358107, 0.16371198, 0.16975686, 0.18175393, 0.1911949, 0.19356939, 0.2057807, 0.21334317, 0.21776468, 0.21797752, 0.22766832, 0.22787717, 0.23296276, 0.23492067, 0.23671286, 0.23806643, 0.23962393, 0.24339068, 0.24410354, 0.24685417, 0.2517792, 0.25380802, 0.2576849, 0.25804856, 0.26296476, 0.26734138, 0.26775044, 0.26815578, 0.26933926, 0.27015468, 0.27067176, 0.27267668, 0.27268958, 0.273333, 0.27786988, 0.280956, 0.28287366, 0.28435603, 0.28521478, 0.28658348, 0.2891085, 0.289941, 0.29069492, 0.2928663, 0.29531866, 0.29885697, 0.29971674, 0.29974973, 0.3077665, 0.31005248, 0.31094536, 0.3124029, 0.3128815, 0.31318298, 0.31380227, 0.31500727, 0.31568962, 0.31885576, 0.324754, 0.32863486, 0.3299226, 0.33188924, 0.33197296, 0.33236915, 0.33306265, 0.33779186, 0.338587, 0.3417581, 0.34654596, 0.34699196, 0.3489948, 0.35237068, 0.35366368, 0.35823357, 0.36108914, 0.3620519, 0.36225277, 0.36233652, 0.3624675, 0.36267638, 0.36813155, 0.37054753, 0.37201738, 0.37624836, 0.37940627, 0.3802272, 0.38321656, 0.3839389, 0.39445037, 0.39635232, 0.4033026, 0.41452488, 0.42130557, 0.42570084, 0.43886244, 0.4461049, 0.46962422]
训练完的损失： []
用时： 0:00:03.213633
开始训练：第20 epoch
预训练的损失： [0.1252517, 0.13104832, 0.15049827, 0.15429994, 0.157162, 0.15918708, 0.17139822, 0.1832992, 0.18452758, 0.19598162, 0.20351622, 0.20629102, 0.2066187, 0.21568808, 0.21719295, 0.22281045, 0.22390525, 0.22511727, 0.22601525, 0.22647709, 0.22933602, 0.23012486, 0.23432752, 0.23919764, 0.24003777, 0.24363011, 0.24441963, 0.25026488, 0.2543738, 0.2547248, 0.25488454, 0.25617754, 0.25629225, 0.2576751, 0.25960284, 0.26021838, 0.2603241, 0.2641602, 0.26668522, 0.2687242, 0.26904345, 0.26961735, 0.2717051, 0.27360874, 0.27662793, 0.27693734, 0.27776727, 0.2815759, 0.2831474, 0.2848037, 0.28711385, 0.29135096, 0.29455772, 0.29600918, 0.296385, 0.29658878, 0.2986241, 0.29904544, 0.3006995, 0.30107686, 0.30158415, 0.31075883, 0.31221032, 0.3137339, 0.31375253, 0.31658375, 0.31784368, 0.31958884, 0.3223405, 0.3247335, 0.3270238, 0.32976085, 0.33099198, 0.3338235, 0.3359182, 0.33720046, 0.34223232, 0.34374565, 0.34486473, 0.34519124, 0.34696445, 0.34712103, 0.348253, 0.34886855, 0.35133272, 0.35319698, 0.3567406, 0.36055273, 0.36142945, 0.36606622, 0.3688128, 0.3767298, 0.3777594, 0.3831371, 0.3960207, 0.40227377, 0.40457064, 0.42005494, 0.42550585, 0.4504205]
训练完的损失： []
20/60 epochs...
用时： 0:00:03.214304
开始训练：第21 epoch
预训练的损失： [0.1189468, 0.12089905, 0.14125803, 0.14577036, 0.14941283, 0.1511882, 0.16156411, 0.17591903, 0.17605782, 0.1867409, 0.19419356, 0.19513033, 0.1961834, 0.20403951, 0.20717883, 0.21286899, 0.21309242, 0.21328688, 0.214343, 0.21547301, 0.21562839, 0.21656826, 0.22245172, 0.22717892, 0.22725318, 0.23032969, 0.2315149, 0.23818132, 0.2417418, 0.24197114, 0.24261549, 0.24288662, 0.24370518, 0.245152, 0.24708709, 0.24768816, 0.2487129, 0.25124246, 0.25313592, 0.25366655, 0.2538697, 0.2568247, 0.25750715, 0.25907764, 0.26176518, 0.26309592, 0.2662042, 0.26798144, 0.26813972, 0.27040786, 0.27488786, 0.27583346, 0.27730775, 0.27993387, 0.28054553, 0.2824057, 0.28321663, 0.28334713, 0.28803003, 0.28842786, 0.28888035, 0.29652947, 0.29662836, 0.29745135, 0.2986127, 0.30193833, 0.3030997, 0.30720705, 0.3073277, 0.31119725, 0.31291792, 0.3131805, 0.31625497, 0.31918454, 0.32039505, 0.3213257, 0.32589608, 0.3269213, 0.3271163, 0.32910395, 0.3292891, 0.33184344, 0.332042, 0.33439338, 0.33548248, 0.3363939, 0.33831108, 0.34160906, 0.3442049, 0.34892708, 0.3552149, 0.359873, 0.35990784, 0.36334944, 0.378209, 0.38419062, 0.38435334, 0.40234804, 0.40570825, 0.43214795]
训练完的损失： []
用时： 0:00:03.212549
开始训练：第22 epoch
预训练的损失： [0.11174972, 0.11322451, 0.13255844, 0.13785177, 0.14024591, 0.14561555, 0.15223041, 0.1678701, 0.16928133, 0.1778703, 0.18456677, 0.18537936, 0.18641767, 0.19285062, 0.197918, 0.20011625, 0.20263055, 0.20329824, 0.20341583, 0.20394745, 0.20422983, 0.20513642, 0.21121593, 0.21530473, 0.21601152, 0.2178047, 0.21932179, 0.22682005, 0.22930151, 0.22975701, 0.23000479, 0.23155117, 0.23184434, 0.23305157, 0.23496988, 0.23569588, 0.23774686, 0.23910591, 0.23921981, 0.23961326, 0.24039935, 0.2442171, 0.24460928, 0.24559954, 0.247494, 0.2500701, 0.25389403, 0.2548185, 0.2551272, 0.25675476, 0.26091978, 0.26095027, 0.26311168, 0.2647742, 0.2653563, 0.2669138, 0.26899338, 0.26899797, 0.27503154, 0.277057, 0.27827626, 0.28064498, 0.28137684, 0.28458405, 0.28491473, 0.28780335, 0.2886573, 0.29277247, 0.29518482, 0.29713503, 0.29791272, 0.29937, 0.30213144, 0.3051703, 0.3057535, 0.3060118, 0.30816832, 0.3088438, 0.31239212, 0.31326506, 0.31338134, 0.31429613, 0.31787074, 0.32016113, 0.32097566, 0.32113224, 0.32252908, 0.32345137, 0.32756323, 0.33248922, 0.3424297, 0.34276754, 0.3438456, 0.3443761, 0.36097953, 0.36479893, 0.36706728, 0.38569775, 0.3867324, 0.41473892]
训练完的损失： []
用时： 0:00:03.214004
开始训练：第23 epoch
预训练的损失： [0.103555545, 0.10815981, 0.12433647, 0.13057098, 0.13176483, 0.14030357, 0.14335161, 0.1602143, 0.16293824, 0.16932392, 0.17475338, 0.17697752, 0.17737824, 0.1822885, 0.18807065, 0.18927982, 0.1902785, 0.19093806, 0.1936802, 0.19468284, 0.19521362, 0.1953868, 0.20051472, 0.20408721, 0.20549732, 0.20617202, 0.20778304, 0.21620506, 0.2162171, 0.2185213, 0.21878612, 0.22056219, 0.22067246, 0.22161165, 0.22336036, 0.22426826, 0.22554106, 0.22600034, 0.22738987, 0.22752962, 0.22861966, 0.2315664, 0.2328104, 0.23316622, 0.23416144, 0.23776144, 0.24037653, 0.24212238, 0.24358419, 0.24434319, 0.24521461, 0.24669784, 0.25029483, 0.25095034, 0.2513603, 0.2516873, 0.25570077, 0.25628048, 0.26259482, 0.26563448, 0.2657551, 0.26702616, 0.26850104, 0.27155396, 0.27297342, 0.27428922, 0.2747954, 0.27860767, 0.28174996, 0.28348678, 0.2849661, 0.28645214, 0.28870285, 0.2902519, 0.29139465, 0.2916923, 0.2917975, 0.2926929, 0.295927, 0.29812735, 0.2986391, 0.3000233, 0.30419517, 0.30432206, 0.30469882, 0.3061039, 0.30831134, 0.30994546, 0.3115741, 0.3168748, 0.3258712, 0.32638386, 0.3287105, 0.33026043, 0.34457046, 0.34574974, 0.35095274, 0.36846983, 0.3696589, 0.39828697]
训练完的损失： []
用时： 0:00:03.211404
开始训练：第24 epoch
预训练的损失： [0.09616417, 0.10358438, 0.116757326, 0.12380798, 0.12389509, 0.13498308, 0.1353315, 0.15291731, 0.15710032, 0.1611827, 0.16551135, 0.16888878, 0.16894197, 0.17211592, 0.1767076, 0.17879075, 0.17919362, 0.18125035, 0.18457595, 0.18561509, 0.18617752, 0.1869098, 0.19063044, 0.19377787, 0.19544391, 0.19557902, 0.19676986, 0.20365298, 0.20618552, 0.20781726, 0.20837563, 0.2100107, 0.21036708, 0.21055946, 0.21234608, 0.21264401, 0.2131595, 0.21332012, 0.21648377, 0.2174854, 0.21781394, 0.21969318, 0.22148904, 0.22158048, 0.22176978, 0.22603059, 0.22760803, 0.22984564, 0.23052636, 0.23144244, 0.2331581, 0.23408312, 0.2365489, 0.23667127, 0.23726535, 0.24082366, 0.2433383, 0.2442317, 0.25070298, 0.25153574, 0.25332916, 0.25479767, 0.25909588, 0.25941032, 0.26137447, 0.2613938, 0.26141188, 0.26493022, 0.26704904, 0.27202925, 0.27232087, 0.27304643, 0.27411613, 0.27590373, 0.2772391, 0.2775624, 0.2786688, 0.27881378, 0.279258, 0.2833724, 0.28543976, 0.2863683, 0.28898737, 0.28960747, 0.2896492, 0.2911907, 0.29599354, 0.29606667, 0.29786986, 0.30197108, 0.30860052, 0.3108832, 0.314485, 0.31877077, 0.32721972, 0.32870907, 0.33583015, 0.35101065, 0.35439277, 0.38246608]
训练完的损失： []
用时： 0:00:03.219400
开始训练：第25 epoch
预训练的损失： [0.08945596, 0.09941355, 0.10982127, 0.11661464, 0.117545724, 0.1272434, 0.1305641, 0.14620931, 0.15153699, 0.15333349, 0.15689719, 0.16096075, 0.16121025, 0.16250747, 0.16601616, 0.16793266, 0.16821508, 0.17380387, 0.17606506, 0.17711064, 0.1773549, 0.17896324, 0.1813922, 0.18426308, 0.18547137, 0.18607208, 0.1863565, 0.19146405, 0.1967836, 0.19766635, 0.19872105, 0.19998805, 0.19999145, 0.20042175, 0.20061457, 0.2009326, 0.20185429, 0.20285143, 0.20621598, 0.20784263, 0.20815937, 0.20868659, 0.21027288, 0.21047121, 0.21088344, 0.21476415, 0.21529716, 0.21654199, 0.21824586, 0.22011052, 0.22030878, 0.22264434, 0.22348544, 0.22423075, 0.22431913, 0.23031409, 0.23211263, 0.2329137, 0.23814252, 0.23933104, 0.24027014, 0.2442596, 0.24802405, 0.24867776, 0.24890299, 0.24986562, 0.25035304, 0.25165555, 0.2531069, 0.2568748, 0.26011825, 0.26090002, 0.26230162, 0.26257434, 0.26363674, 0.26372236, 0.26412314, 0.26634175, 0.26662242, 0.26911467, 0.27287334, 0.27353248, 0.27395168, 0.27416754, 0.27548534, 0.27874702, 0.28133318, 0.2841512, 0.28617686, 0.2878911, 0.2920112, 0.29623842, 0.3008048, 0.30793932, 0.3094682, 0.31363225, 0.32178706, 0.33432645, 0.34004188, 0.36725426]
训练完的损失： []
用时： 0:00:03.212673
开始训练：第26 epoch
预训练的损失： [0.083403096, 0.09562117, 0.10339463, 0.10998501, 0.111828595, 0.11992635, 0.12593302, 0.13970649, 0.14587003, 0.14630604, 0.14906329, 0.15351439, 0.15354669, 0.15378228, 0.15614982, 0.15788639, 0.15791151, 0.16682914, 0.16785496, 0.16888434, 0.16913554, 0.17133161, 0.17266986, 0.17525557, 0.17623511, 0.17628935, 0.1771204, 0.17984664, 0.18786731, 0.1879462, 0.18944076, 0.18944736, 0.1896575, 0.19008604, 0.19061223, 0.1910013, 0.19177023, 0.19288133, 0.1964422, 0.19824338, 0.19868198, 0.19920291, 0.19962153, 0.19985017, 0.20089927, 0.20341937, 0.20381257, 0.2041528, 0.20721173, 0.20812708, 0.20951094, 0.20971838, 0.21117117, 0.2121418, 0.21485367, 0.22015831, 0.22156292, 0.22239396, 0.22555411, 0.22801782, 0.22848962, 0.23412532, 0.23644292, 0.23708971, 0.2371979, 0.23871455, 0.23956355, 0.23994802, 0.2409787, 0.24153864, 0.24819288, 0.24860528, 0.24870509, 0.25028405, 0.25106236, 0.25128865, 0.2522633, 0.25444573, 0.25484055, 0.25527734, 0.2591513, 0.26001585, 0.2609008, 0.26139012, 0.26208612, 0.26706764, 0.26728672, 0.2726201, 0.27457577, 0.27489537, 0.27627742, 0.28245685, 0.2878294, 0.29243845, 0.29757404, 0.2990081, 0.3087433, 0.31838948, 0.32638806, 0.35270816]
训练完的损失： []
用时： 0:00:03.215887
开始训练：第27 epoch
预训练的损失： [0.07804233, 0.09217757, 0.09750999, 0.10374897, 0.10661663, 0.113193214, 0.12159492, 0.13356182, 0.1386869, 0.14140555, 0.1417505, 0.14510915, 0.14664063, 0.14670809, 0.14708057, 0.14850631, 0.14854644, 0.1601898, 0.16036668, 0.16118994, 0.16132557, 0.16396755, 0.16454929, 0.16679281, 0.16680682, 0.16767055, 0.168619, 0.16894037, 0.17848806, 0.17884287, 0.17887267, 0.17951961, 0.18054277, 0.18116051, 0.18172792, 0.18206179, 0.18216977, 0.18339482, 0.18719997, 0.18862212, 0.1896911, 0.18982184, 0.19013877, 0.19067368, 0.19121327, 0.19162637, 0.19299904, 0.19381851, 0.19660503, 0.19675171, 0.19715413, 0.19945198, 0.20000567, 0.20064445, 0.2058492, 0.21044892, 0.2118643, 0.21253183, 0.21361157, 0.21639629, 0.21810386, 0.22447044, 0.22482654, 0.2257832, 0.22618806, 0.22708523, 0.22715195, 0.22754729, 0.22907743, 0.23229972, 0.23469096, 0.23535562, 0.23675755, 0.2388609, 0.24004154, 0.24037012, 0.24149056, 0.24215427, 0.24308881, 0.24366726, 0.24497977, 0.24639985, 0.24944204, 0.24945441, 0.24999496, 0.25395188, 0.25586873, 0.26114836, 0.26144415, 0.2621539, 0.26419428, 0.26927128, 0.2753923, 0.27608836, 0.2850355, 0.28763545, 0.29642695, 0.30291772, 0.3135233, 0.33885914]
训练完的损失： []
用时： 0:00:03.212896
开始训练：第28 epoch
预训练的损失： [0.07334891, 0.08898203, 0.09219341, 0.098073736, 0.10180275, 0.106928006, 0.11742448, 0.127754, 0.13199559, 0.1348977, 0.13680154, 0.13724934, 0.13887224, 0.13986939, 0.13998988, 0.14005995, 0.1401538, 0.15281144, 0.15399614, 0.15407535, 0.15434921, 0.15692939, 0.15696351, 0.15764278, 0.15870239, 0.15895739, 0.15985838, 0.16046718, 0.16809973, 0.16936313, 0.17024413, 0.17159563, 0.1717366, 0.17279585, 0.17321911, 0.17339694, 0.17384896, 0.17439717, 0.17863496, 0.17955685, 0.1797095, 0.17998508, 0.18084687, 0.18215361, 0.1824566, 0.18269539, 0.18297875, 0.18409094, 0.18582648, 0.18612958, 0.18654582, 0.18830043, 0.18971667, 0.19093525, 0.19730301, 0.20111857, 0.20252463, 0.20299771, 0.20332807, 0.20544566, 0.20822209, 0.21358164, 0.21376038, 0.21426016, 0.2149984, 0.2153663, 0.21594724, 0.21754445, 0.21901247, 0.22120205, 0.22269015, 0.22382239, 0.2256025, 0.2271984, 0.22928344, 0.23008853, 0.23022117, 0.23125118, 0.23147549, 0.23217916, 0.233154, 0.23349953, 0.23745951, 0.23859274, 0.23916976, 0.24130684, 0.24546261, 0.24689999, 0.2506122, 0.25068218, 0.2538397, 0.2568334, 0.26062307, 0.2637253, 0.27161562, 0.27807376, 0.28493142, 0.288381, 0.30144212, 0.32556516]
训练完的损失： []
用时： 0:00:03.213630
开始训练：第29 epoch
预训练的损失： [0.06912531, 0.08608915, 0.087448016, 0.09281583, 0.097352065, 0.10103178, 0.113419, 0.12218697, 0.12566993, 0.12846383, 0.12992695, 0.1314025, 0.13229226, 0.13240577, 0.13253102, 0.1335569, 0.1340389, 0.1458458, 0.14723013, 0.14739917, 0.14873968, 0.14903086, 0.14923295, 0.14982294, 0.1502493, 0.15167578, 0.15250576, 0.15283184, 0.15840602, 0.16048339, 0.16211787, 0.16314429, 0.16384935, 0.16425094, 0.16549999, 0.1657823, 0.16596283, 0.16609864, 0.16884913, 0.17065379, 0.1708329, 0.17110631, 0.17269707, 0.1729969, 0.17471786, 0.17477316, 0.17477751, 0.17489283, 0.17531921, 0.17615846, 0.17692538, 0.17781544, 0.1793082, 0.18240617, 0.18911284, 0.19223559, 0.19223681, 0.194706, 0.19485828, 0.19502261, 0.1989128, 0.20108853, 0.2030477, 0.20326498, 0.20467088, 0.20523217, 0.20676622, 0.20854416, 0.20858705, 0.20929867, 0.21074411, 0.21489745, 0.21568285, 0.21594283, 0.21709317, 0.21873748, 0.22021802, 0.22082055, 0.22146739, 0.22159824, 0.22184744, 0.2231451, 0.22618216, 0.22848785, 0.22891495, 0.22936963, 0.23329896, 0.23559387, 0.2397992, 0.24015205, 0.24394207, 0.2451599, 0.24578425, 0.25261712, 0.2591365, 0.26874787, 0.27392796, 0.27437988, 0.29004866, 0.31289414]
训练完的损失： []
用时： 0:00:03.223054
开始训练：第30 epoch
预训练的损失： [0.06537751, 0.08310646, 0.083426945, 0.08792798, 0.09329384, 0.09565329, 0.10956599, 0.11697291, 0.11973654, 0.122524805, 0.123121046, 0.124584645, 0.12529941, 0.1253466, 0.12762856, 0.12828389, 0.12848362, 0.13934493, 0.14048183, 0.14087343, 0.14097103, 0.14123645, 0.14328326, 0.14341423, 0.14390662, 0.14480168, 0.14568177, 0.14573704, 0.14936635, 0.15234111, 0.15443963, 0.15516482, 0.15534152, 0.15722045, 0.15800086, 0.15806502, 0.15873623, 0.15882164, 0.15885383, 0.16179517, 0.16305213, 0.16351996, 0.16397989, 0.16516933, 0.16567215, 0.16595085, 0.16661173, 0.1672512, 0.16735816, 0.16774347, 0.16784476, 0.16786349, 0.1694366, 0.17431799, 0.18130888, 0.18248984, 0.1837073, 0.18525818, 0.18684228, 0.18691203, 0.18911804, 0.1900719, 0.19251308, 0.19340093, 0.19482577, 0.19510779, 0.19660684, 0.19846073, 0.19949824, 0.19991006, 0.20010358, 0.20454545, 0.20515552, 0.20543839, 0.20682651, 0.2077903, 0.20995119, 0.21085945, 0.21181655, 0.21187262, 0.2122464, 0.21347053, 0.21555448, 0.21813306, 0.21896279, 0.219177, 0.22060986, 0.22634271, 0.22962408, 0.23009787, 0.23176807, 0.23428914, 0.23447537, 0.24198784, 0.24699447, 0.2598878, 0.2611422, 0.26351795, 0.2793687, 0.30093962]
训练完的损失： []
30/60 epochs...
用时： 0:00:03.213926
开始训练：第31 epoch
预训练的损失： [0.06200047, 0.0791235, 0.080982685, 0.08339877, 0.08958848, 0.090593725, 0.105917364, 0.112042055, 0.11408061, 0.1167542, 0.11690684, 0.11826259, 0.1189291, 0.11902596, 0.12198592, 0.12289501, 0.12465763, 0.13250923, 0.13313016, 0.13327363, 0.13514452, 0.13538666, 0.13717335, 0.13799164, 0.13824692, 0.13833448, 0.13900068, 0.13942668, 0.14098665, 0.14500792, 0.14704666, 0.1472051, 0.14765105, 0.14942661, 0.15040419, 0.15057793, 0.15115145, 0.15209523, 0.15234202, 0.15335895, 0.15544087, 0.1555522, 0.15669923, 0.15675168, 0.15759152, 0.15773632, 0.15839803, 0.1584748, 0.1592642, 0.15991119, 0.16002154, 0.16030867, 0.16114978, 0.16665702, 0.17336999, 0.17391026, 0.17557412, 0.17621079, 0.17796713, 0.1794292, 0.1796729, 0.18177783, 0.1825618, 0.18412924, 0.1852856, 0.18551753, 0.18568209, 0.18878263, 0.19055113, 0.19086179, 0.19208162, 0.19450438, 0.19465837, 0.19466548, 0.19562197, 0.19901648, 0.20021155, 0.20193186, 0.20210212, 0.20332348, 0.20349619, 0.20444334, 0.20544711, 0.20751983, 0.20851257, 0.2098846, 0.20989664, 0.21774954, 0.21854326, 0.22015247, 0.22040027, 0.22440866, 0.22502378, 0.23198006, 0.23566703, 0.24862689, 0.25131774, 0.25364366, 0.26929927, 0.28953284]
训练完的损失： []
用时： 0:00:03.212195
开始训练：第32 epoch
预训练的损失： [0.059043024, 0.07552645, 0.078706, 0.07921381, 0.08604266, 0.08617529, 0.10243864, 0.10745728, 0.108826846, 0.11088869, 0.11185068, 0.112402976, 0.11306666, 0.11322747, 0.116760984, 0.11779721, 0.12100537, 0.12534934, 0.12586792, 0.12761265, 0.12968877, 0.12989128, 0.13147178, 0.13221401, 0.13241154, 0.13268682, 0.13326718, 0.13350199, 0.1336028, 0.13824016, 0.13940135, 0.14003935, 0.14048545, 0.14078563, 0.14329942, 0.14433354, 0.1446678, 0.14546666, 0.14588407, 0.14635095, 0.14777793, 0.1481747, 0.14844078, 0.14896224, 0.14965877, 0.15000659, 0.15027136, 0.15113333, 0.15142924, 0.15224391, 0.1532541, 0.1534799, 0.15488248, 0.15944915, 0.16484293, 0.16675815, 0.16748956, 0.16783142, 0.16803342, 0.17245185, 0.1728232, 0.17314194, 0.173904, 0.17467353, 0.17546266, 0.17665517, 0.17678069, 0.17860362, 0.18219993, 0.18303996, 0.18414462, 0.18449846, 0.18473133, 0.18505442, 0.18530585, 0.18866019, 0.19289851, 0.1929114, 0.19336946, 0.19515634, 0.19523653, 0.19581796, 0.19584134, 0.19735986, 0.19761509, 0.20112523, 0.20138443, 0.20611659, 0.20957747, 0.21098915, 0.21117067, 0.21507402, 0.216068, 0.22258511, 0.22494477, 0.236968, 0.24308583, 0.2442407, 0.2597247, 0.2787238]
训练完的损失： []
用时： 0:00:03.217595
开始训练：第33 epoch
预训练的损失： [0.056462385, 0.07229025, 0.07542582, 0.076574184, 0.08185155, 0.083057344, 0.09913178, 0.10314082, 0.1038733, 0.10564688, 0.10700412, 0.10713728, 0.107762314, 0.10796281, 0.1118159, 0.11312358, 0.11749692, 0.11883113, 0.11912099, 0.12233668, 0.12464196, 0.12469533, 0.12614278, 0.12616868, 0.12640497, 0.12678981, 0.12717173, 0.12822141, 0.12893145, 0.1319502, 0.13205245, 0.13280629, 0.13336894, 0.13381465, 0.1366981, 0.13792044, 0.13847415, 0.13859904, 0.14006257, 0.14060944, 0.14080155, 0.140827, 0.14087576, 0.14131926, 0.14132202, 0.14246881, 0.14258105, 0.14416783, 0.14421211, 0.1465315, 0.14670162, 0.14694402, 0.14897572, 0.15260938, 0.1568932, 0.15776879, 0.15991518, 0.15998115, 0.16097978, 0.16422783, 0.1649284, 0.16597496, 0.16640016, 0.1664715, 0.1674677, 0.16827334, 0.16848287, 0.16915832, 0.17394483, 0.1744532, 0.17509589, 0.17531298, 0.17587855, 0.17628577, 0.17739257, 0.17894493, 0.18418714, 0.18521026, 0.18602343, 0.18671048, 0.18672435, 0.18726039, 0.18738598, 0.18775046, 0.18839361, 0.19272701, 0.1932891, 0.19434747, 0.20183972, 0.20202857, 0.20263758, 0.20633498, 0.20756944, 0.21383011, 0.21501744, 0.22601312, 0.23510669, 0.23545355, 0.25065392, 0.26842648]
训练完的损失： []
用时： 0:00:03.214474
开始训练：第34 epoch
预训练的损失： [0.05414301, 0.06943231, 0.0719588, 0.0745905, 0.07806322, 0.080154955, 0.096004054, 0.09901978, 0.09926224, 0.100852385, 0.10208823, 0.10274491, 0.10285981, 0.10320309, 0.10740191, 0.10872647, 0.112836726, 0.11289348, 0.114125594, 0.117400676, 0.11963199, 0.11973713, 0.11986934, 0.12092072, 0.1211035, 0.12126534, 0.12225438, 0.12327038, 0.12452972, 0.12491798, 0.12540202, 0.12648314, 0.12700489, 0.12750033, 0.1304636, 0.13107017, 0.1329624, 0.13297835, 0.13324547, 0.1336123, 0.13372082, 0.13384473, 0.13447823, 0.13467485, 0.13474995, 0.13566434, 0.13569275, 0.13730232, 0.1385184, 0.1406011, 0.14067611, 0.14120002, 0.14341861, 0.14611337, 0.1486361, 0.1493146, 0.15273458, 0.15338984, 0.1543655, 0.15576166, 0.1559137, 0.15948536, 0.15981811, 0.16005889, 0.16021025, 0.16025394, 0.16043258, 0.1606788, 0.16519028, 0.16574118, 0.16609916, 0.16629311, 0.16772221, 0.16925249, 0.16974926, 0.17059304, 0.17594105, 0.17674322, 0.177425, 0.17807281, 0.1793842, 0.17966804, 0.17978741, 0.17994258, 0.18009536, 0.18337134, 0.18481296, 0.1856545, 0.19354339, 0.19443697, 0.19471246, 0.19813848, 0.19949308, 0.20540518, 0.20561989, 0.21592057, 0.22710146, 0.22741339, 0.24217588, 0.25856966]
训练完的损失： []
用时： 0:00:03.211985
开始训练：第35 epoch
预训练的损失： [0.052096836, 0.06681844, 0.06879631, 0.07269978, 0.07456465, 0.077517495, 0.09298919, 0.094957024, 0.095248386, 0.096463695, 0.09758943, 0.09831533, 0.09868447, 0.09878795, 0.10337419, 0.10465886, 0.10701304, 0.10751742, 0.11092906, 0.11273189, 0.11363058, 0.11510869, 0.11538929, 0.115765125, 0.11581686, 0.11666287, 0.1176943, 0.11824276, 0.118582524, 0.11859942, 0.12029241, 0.12092549, 0.121258825, 0.12156922, 0.12475523, 0.124771416, 0.12621063, 0.12651509, 0.12695922, 0.12715054, 0.12755735, 0.12773499, 0.12783395, 0.128496, 0.12910177, 0.12964492, 0.13082996, 0.1309901, 0.13314813, 0.13456172, 0.1349691, 0.136179, 0.13815948, 0.1399469, 0.14012945, 0.14222336, 0.14602746, 0.14716288, 0.14736278, 0.14820117, 0.14821124, 0.15181133, 0.15266126, 0.15302306, 0.15312496, 0.15336716, 0.1540065, 0.15487735, 0.15665229, 0.15696995, 0.1576786, 0.15860158, 0.15958211, 0.16111088, 0.16290793, 0.16413623, 0.16739467, 0.1680903, 0.16985618, 0.17000076, 0.17154898, 0.17264101, 0.17288968, 0.17294322, 0.17312738, 0.17317396, 0.17713022, 0.17829493, 0.18546283, 0.1868136, 0.18803577, 0.1905464, 0.19189128, 0.19692852, 0.19762126, 0.20640555, 0.21917532, 0.22002381, 0.23406339, 0.24922559]
训练完的损失： []
用时： 0:00:03.227634
开始训练：第36 epoch
预训练的损失： [0.05037622, 0.06453262, 0.06595102, 0.07089335, 0.071398914, 0.07510346, 0.09015185, 0.090958, 0.09173387, 0.09246874, 0.09335593, 0.09407456, 0.09469326, 0.09485978, 0.09960518, 0.10070266, 0.10179259, 0.10245321, 0.10784386, 0.10817544, 0.108311534, 0.1107045, 0.1107288, 0.11101267, 0.11118842, 0.111924276, 0.11223851, 0.11236476, 0.11347617, 0.11417376, 0.11528517, 0.11605567, 0.11624813, 0.11644231, 0.11894305, 0.11917175, 0.11969001, 0.119988576, 0.12001041, 0.12101576, 0.12169622, 0.12252635, 0.12269773, 0.12291241, 0.12294022, 0.12498979, 0.12500884, 0.12625732, 0.12797503, 0.1287775, 0.12958413, 0.13155968, 0.1321145, 0.13314608, 0.13406453, 0.13566087, 0.13951418, 0.13989006, 0.14079276, 0.14132935, 0.1423828, 0.14401835, 0.14538762, 0.14649576, 0.14677249, 0.14692646, 0.14851247, 0.14854284, 0.14885403, 0.14950888, 0.14966214, 0.15147907, 0.15180026, 0.15306741, 0.15684265, 0.15814875, 0.15880105, 0.16073838, 0.16238628, 0.16263753, 0.16377786, 0.16400278, 0.16597895, 0.1660063, 0.16628344, 0.16728488, 0.16981328, 0.17138511, 0.17767403, 0.17954767, 0.18173945, 0.18329252, 0.18464082, 0.18885213, 0.1902737, 0.19760832, 0.21161124, 0.21298963, 0.22634369, 0.2403759]
训练完的损失： []
用时： 0:00:03.221437
开始训练：第37 epoch
预训练的损失： [0.048868805, 0.06243083, 0.06337863, 0.068565734, 0.069196485, 0.07290269, 0.0873632, 0.08743509, 0.0884427, 0.08884609, 0.08942251, 0.09015106, 0.09092711, 0.09126805, 0.096186206, 0.09700519, 0.097074695, 0.09781063, 0.10312793, 0.104135096, 0.10486543, 0.10598293, 0.106066234, 0.106466904, 0.10651073, 0.10670717, 0.107213765, 0.10846178, 0.10959985, 0.10987426, 0.11006009, 0.11088471, 0.11208571, 0.1123603, 0.11352497, 0.11356619, 0.11369099, 0.113920674, 0.11402184, 0.11539211, 0.11625944, 0.11686362, 0.117127515, 0.11796445, 0.11835749, 0.1193829, 0.120661736, 0.12197906, 0.123116255, 0.12326694, 0.12447898, 0.12476559, 0.12718442, 0.12838966, 0.12848891, 0.12957647, 0.13243467, 0.13384947, 0.1341567, 0.13580424, 0.13669029, 0.1369324, 0.13853166, 0.13996868, 0.14085159, 0.14099589, 0.14121169, 0.14127104, 0.14191088, 0.14326324, 0.14458784, 0.14478397, 0.14484835, 0.14551997, 0.15067762, 0.15118438, 0.15255663, 0.15382682, 0.15510377, 0.15532199, 0.15576209, 0.15698358, 0.1595732, 0.15958962, 0.16004795, 0.16161433, 0.16282636, 0.16488731, 0.17039266, 0.17267443, 0.17570871, 0.17642888, 0.1777081, 0.1812976, 0.18340716, 0.1893564, 0.204379, 0.2062718, 0.21906003, 0.23184209]
训练完的损失： []
用时： 0:00:03.215796
开始训练：第38 epoch
预训练的损失： [0.04755514, 0.060455, 0.061119646, 0.06597111, 0.06756702, 0.07087919, 0.08402258, 0.0848234, 0.0854718, 0.0855397, 0.085782856, 0.08654332, 0.0875784, 0.08786659, 0.092672385, 0.09298524, 0.09348163, 0.09356434, 0.0985478, 0.10023004, 0.10065244, 0.10108736, 0.1015448, 0.10194743, 0.10232794, 0.10297747, 0.103498116, 0.104695156, 0.10481896, 0.105916396, 0.10611129, 0.106112435, 0.10760203, 0.10806838, 0.10823627, 0.10828324, 0.10851367, 0.10870107, 0.109073356, 0.11011207, 0.111147314, 0.111574516, 0.1116287, 0.113492295, 0.11399915, 0.11417492, 0.11657246, 0.11786557, 0.1179558, 0.11809482, 0.11840902, 0.11954489, 0.12300197, 0.12313688, 0.12389286, 0.1239247, 0.12575337, 0.12724435, 0.12880081, 0.12979439, 0.13050434, 0.1317445, 0.13217044, 0.13376205, 0.13395931, 0.13423003, 0.13460124, 0.13554701, 0.135838, 0.1377989, 0.13826889, 0.13845149, 0.13854791, 0.14028354, 0.14311293, 0.14574881, 0.1471045, 0.14729899, 0.14738548, 0.14877683, 0.1491848, 0.15046875, 0.15335286, 0.15359032, 0.15409106, 0.15618533, 0.15631647, 0.15881583, 0.16328442, 0.16609797, 0.16995075, 0.17006189, 0.17119494, 0.17425394, 0.17693347, 0.18161038, 0.1974917, 0.19987006, 0.2121867, 0.22365013]
训练完的损失： []
用时： 0:00:03.212436
开始训练：第39 epoch
预训练的损失： [0.046332352, 0.058673337, 0.059046872, 0.06360684, 0.06604475, 0.06902226, 0.081003666, 0.08232111, 0.0824511, 0.08251117, 0.0825645, 0.08320198, 0.084477186, 0.084681675, 0.08868868, 0.08958922, 0.09006108, 0.090154365, 0.094284706, 0.09568788, 0.0961708, 0.0965697, 0.097463295, 0.09836398, 0.099181615, 0.09948343, 0.0998776, 0.09996142, 0.101379916, 0.10164672, 0.102117345, 0.10243112, 0.10247707, 0.10314153, 0.10315499, 0.103823334, 0.10440493, 0.10447472, 0.105182014, 0.105216436, 0.106340855, 0.10649327, 0.10657357, 0.1092681, 0.10927115, 0.109823614, 0.11161956, 0.11264573, 0.113248, 0.11396004, 0.114204556, 0.11477436, 0.11808604, 0.118512094, 0.119058, 0.11960297, 0.11964641, 0.121017665, 0.12333448, 0.12377951, 0.12563026, 0.12604763, 0.12674393, 0.12739998, 0.1276644, 0.12785079, 0.12793611, 0.13066033, 0.1307142, 0.13165003, 0.13175367, 0.13271634, 0.13353302, 0.1359762, 0.13628158, 0.13967161, 0.14059547, 0.14126365, 0.14240186, 0.14263058, 0.14292763, 0.14434114, 0.14744374, 0.1478504, 0.14848989, 0.15007389, 0.15102613, 0.15306102, 0.15655628, 0.15991475, 0.16383326, 0.1646719, 0.16506273, 0.16750278, 0.17091031, 0.17445952, 0.19094448, 0.19372703, 0.20564519, 0.21580061]
训练完的损失： []
用时： 0:00:03.214122
开始训练：第40 epoch
预训练的损失： [0.04522563, 0.057067968, 0.057206705, 0.06141714, 0.06461398, 0.06728646, 0.07811293, 0.07939838, 0.07976652, 0.07992878, 0.0799887, 0.08002399, 0.08163577, 0.08173224, 0.084942296, 0.08593196, 0.08691939, 0.08728147, 0.090308525, 0.091261946, 0.091672435, 0.09311852, 0.093718484, 0.09463651, 0.09535208, 0.09615606, 0.09649927, 0.096584, 0.09709133, 0.09752567, 0.09818077, 0.09836978, 0.09846172, 0.09891382, 0.09924652, 0.099483676, 0.10013443, 0.10070468, 0.10096872, 0.10157239, 0.10180619, 0.10186009, 0.10189368, 0.104803145, 0.10527958, 0.10573757, 0.10579948, 0.10869832, 0.10900408, 0.109666966, 0.1103157, 0.11062866, 0.113316506, 0.11350039, 0.11395317, 0.11520106, 0.115248114, 0.115549386, 0.11732717, 0.11905938, 0.120255746, 0.121011645, 0.12145625, 0.121591, 0.12159523, 0.12203435, 0.122451946, 0.12548625, 0.1258281, 0.12585348, 0.12621102, 0.12729171, 0.12905303, 0.12983641, 0.13183264, 0.1328389, 0.13564745, 0.13565764, 0.13689448, 0.13691832, 0.13772103, 0.1385618, 0.14178367, 0.14242107, 0.1431522, 0.14425078, 0.14612882, 0.14768852, 0.15014228, 0.1540495, 0.1580404, 0.159309, 0.15946835, 0.16124555, 0.16515686, 0.16777611, 0.18472484, 0.18785223, 0.1993988, 0.20826769]
训练完的损失： []
40/60 epochs...
用时： 0:00:03.213555
开始训练：第41 epoch
预训练的损失： [0.04421831, 0.055565156, 0.055620737, 0.059483446, 0.0633035, 0.06570926, 0.0754499, 0.07662327, 0.07707496, 0.077281944, 0.07733735, 0.07783994, 0.0789493, 0.078987636, 0.081550166, 0.08257562, 0.083838075, 0.08477242, 0.0866934, 0.08719006, 0.08758743, 0.089941904, 0.09024274, 0.09106323, 0.09116411, 0.092401676, 0.09303286, 0.093406074, 0.093620464, 0.09394368, 0.09404183, 0.09416911, 0.0952224, 0.09551453, 0.09558538, 0.0960978, 0.096138224, 0.09655698, 0.096939996, 0.0974901, 0.09768469, 0.09784356, 0.098648086, 0.10040586, 0.100585096, 0.101552255, 0.10204834, 0.10433464, 0.105562195, 0.10557378, 0.10598516, 0.10720158, 0.108690575, 0.108742915, 0.1088531, 0.10971606, 0.11165636, 0.11167735, 0.11168103, 0.11461522, 0.114849225, 0.115667745, 0.1159275, 0.11598247, 0.11671257, 0.11723987, 0.117595285, 0.11971242, 0.12061451, 0.12109906, 0.12212088, 0.122349724, 0.12402006, 0.12470429, 0.1265984, 0.12797034, 0.13046724, 0.13095069, 0.13121891, 0.13160953, 0.13319695, 0.13322902, 0.13657974, 0.13723257, 0.13808109, 0.13883999, 0.1413749, 0.14258282, 0.14399743, 0.14845678, 0.15254994, 0.15371823, 0.15449212, 0.15536878, 0.15975055, 0.16160873, 0.17874382, 0.18226942, 0.19347587, 0.20097783]
训练完的损失： []
用时： 0:00:03.215750
开始训练：第42 epoch
预训练的损失： [0.043314107, 0.054054745, 0.054312095, 0.05770591, 0.062063396, 0.064205475, 0.07294008, 0.07407782, 0.074346244, 0.074947655, 0.07500939, 0.07582982, 0.07642671, 0.07653853, 0.078331105, 0.079508826, 0.08090173, 0.08237885, 0.08338789, 0.08342452, 0.08394317, 0.08699337, 0.087005764, 0.08708775, 0.08782557, 0.088206366, 0.08993324, 0.08997738, 0.09007883, 0.09023175, 0.090435565, 0.091478616, 0.09188539, 0.09221522, 0.092412755, 0.09244327, 0.092636704, 0.09265426, 0.09322867, 0.093373165, 0.09379125, 0.094901994, 0.09561186, 0.09564094, 0.09660259, 0.098073855, 0.09846513, 0.10031931, 0.10162902, 0.101970874, 0.10242331, 0.103842646, 0.10388349, 0.10418459, 0.10462229, 0.10472509, 0.106427655, 0.10804335, 0.108167246, 0.10972893, 0.11032455, 0.110534824, 0.1108235, 0.110863745, 0.11243746, 0.112643674, 0.113311574, 0.11434385, 0.11564042, 0.11668006, 0.11765917, 0.11831507, 0.118656024, 0.120591015, 0.120715454, 0.124253854, 0.12559028, 0.12586524, 0.12643354, 0.12663542, 0.12815686, 0.12897158, 0.13157743, 0.132296, 0.13313858, 0.13381165, 0.13691211, 0.13784552, 0.13818067, 0.143195, 0.1472966, 0.14837143, 0.14969645, 0.14991596, 0.15454215, 0.15576163, 0.17304073, 0.17704216, 0.18782008, 0.19396889]
训练完的损失： []
用时： 0:00:03.210937
开始训练：第43 epoch
预训练的损失： [0.04252299, 0.05265844, 0.0531471, 0.05605515, 0.060865246, 0.06280285, 0.07059409, 0.07171287, 0.0717569, 0.072637126, 0.07293171, 0.07395559, 0.0740342, 0.07424653, 0.075410515, 0.07662848, 0.0780887, 0.08002107, 0.08016898, 0.080350354, 0.08057501, 0.08333979, 0.08394737, 0.084144115, 0.08432065, 0.08467738, 0.08618574, 0.086491056, 0.086613014, 0.08728583, 0.08760378, 0.08849947, 0.088577926, 0.088630736, 0.089048035, 0.08908026, 0.08936012, 0.089505434, 0.08981728, 0.09015827, 0.09045757, 0.09117144, 0.09214687, 0.09282754, 0.092877984, 0.09478751, 0.0950284, 0.096439555, 0.097906895, 0.09813011, 0.09924895, 0.0994492, 0.09987278, 0.099942446, 0.10073239, 0.10078359, 0.10136414, 0.104583725, 0.10485655, 0.10486338, 0.10532201, 0.106037185, 0.10610254, 0.106740355, 0.107884265, 0.108814105, 0.109238714, 0.10937114, 0.1110843, 0.11255328, 0.11326234, 0.113655224, 0.11476053, 0.11532765, 0.11658232, 0.120712996, 0.12081818, 0.12093601, 0.12199514, 0.1220952, 0.12343452, 0.12492882, 0.12689929, 0.12747593, 0.12839118, 0.12908791, 0.13262379, 0.13266096, 0.13329434, 0.13816574, 0.14225778, 0.14320453, 0.14468619, 0.14501685, 0.14961961, 0.15024287, 0.16758135, 0.17203379, 0.18230018, 0.1872974]
训练完的损失： []
用时： 0:00:03.226132
开始训练：第44 epoch
预训练的损失： [0.04180546, 0.051352903, 0.052047268, 0.0545839, 0.05974274, 0.061485253, 0.06838763, 0.06927782, 0.069576144, 0.07045095, 0.07104247, 0.07175489, 0.072140366, 0.07220499, 0.07272914, 0.073952556, 0.07541031, 0.076905936, 0.07744628, 0.077522874, 0.07811667, 0.07985111, 0.08082496, 0.08115751, 0.08144927, 0.0817433, 0.082654536, 0.083272055, 0.0832962, 0.08462925, 0.08492677, 0.08495456, 0.08517018, 0.08535215, 0.08572084, 0.08595413, 0.08640191, 0.08670388, 0.08680165, 0.08707653, 0.08732906, 0.087874755, 0.08936153, 0.089541174, 0.0901085, 0.09154735, 0.091728404, 0.092803866, 0.09433984, 0.09436868, 0.09503429, 0.09543863, 0.09594353, 0.09658292, 0.09660788, 0.09705997, 0.097704455, 0.100322306, 0.10071523, 0.10134504, 0.10162085, 0.10169695, 0.10172203, 0.10319629, 0.10361426, 0.10465522, 0.10516815, 0.10536599, 0.10679652, 0.10858984, 0.10900098, 0.10914085, 0.11024072, 0.111495234, 0.112717815, 0.11604581, 0.11647889, 0.1173197, 0.11763741, 0.117989995, 0.11900814, 0.12108645, 0.12244635, 0.12296589, 0.123790294, 0.12467684, 0.12741542, 0.1285228, 0.12899148, 0.13334955, 0.13751426, 0.1381748, 0.13968387, 0.14044376, 0.14498425, 0.14503667, 0.16229036, 0.16732085, 0.17708384, 0.18079525]
训练完的损失： []
用时： 0:00:03.220112
开始训练：第45 epoch
预训练的损失： [0.04114286, 0.05018777, 0.0510094, 0.053211223, 0.058645587, 0.060228556, 0.06627454, 0.06692165, 0.06757597, 0.068356335, 0.06928432, 0.069609195, 0.07015554, 0.07032003, 0.07055724, 0.07147889, 0.072837204, 0.07405694, 0.07471159, 0.074761264, 0.07620003, 0.07658753, 0.07762998, 0.07853035, 0.07887831, 0.078966394, 0.07938966, 0.08020036, 0.08024879, 0.08159384, 0.082025275, 0.08208017, 0.082383886, 0.08240919, 0.08255629, 0.08265555, 0.083336234, 0.08359377, 0.08366078, 0.08446622, 0.08497125, 0.08539858, 0.086084396, 0.08711946, 0.08751355, 0.088484436, 0.08862789, 0.08938596, 0.09076853, 0.09093362, 0.0909979, 0.09137601, 0.09216514, 0.092265666, 0.09357467, 0.093878806, 0.09479433, 0.09606961, 0.09646103, 0.09748413, 0.09779613, 0.09825811, 0.098722376, 0.0996207, 0.09983084, 0.10028596, 0.101743236, 0.10176282, 0.10280697, 0.104626186, 0.104871616, 0.10527143, 0.10558028, 0.10833412, 0.10888371, 0.111453205, 0.11235054, 0.11346896, 0.11403726, 0.11407827, 0.11482021, 0.117403485, 0.118154034, 0.11854997, 0.11941646, 0.120521605, 0.12260398, 0.12459637, 0.1249087, 0.12876724, 0.13289413, 0.13344462, 0.13496828, 0.13598132, 0.14012465, 0.14055914, 0.15720525, 0.1628094, 0.17210554, 0.1746631]
训练完的损失： []
用时： 0:00:03.217609
开始训练：第46 epoch
预训练的损失： [0.04053335, 0.049147762, 0.050082088, 0.051965743, 0.05758899, 0.05902343, 0.06430782, 0.06460642, 0.065729655, 0.06639892, 0.06761921, 0.06764553, 0.0681896, 0.0683156, 0.06899425, 0.06915237, 0.07040592, 0.071391046, 0.072118826, 0.072244585, 0.07361168, 0.07437134, 0.074689716, 0.07600896, 0.07636402, 0.076370016, 0.076439224, 0.077276275, 0.07742266, 0.07840274, 0.07908671, 0.079503894, 0.07959902, 0.079705104, 0.07972148, 0.07987243, 0.08002355, 0.08072876, 0.08088327, 0.082251735, 0.08277738, 0.08295331, 0.08301466, 0.084802255, 0.08502582, 0.08555146, 0.08573016, 0.08617139, 0.08724667, 0.08734497, 0.08757225, 0.08761409, 0.088131964, 0.08880177, 0.0902361, 0.09127968, 0.09196292, 0.09200421, 0.09243721, 0.09368897, 0.0940468, 0.09531672, 0.09588547, 0.09589531, 0.09624484, 0.09668245, 0.098270416, 0.09853302, 0.09902175, 0.10052033, 0.101245254, 0.10132573, 0.10165167, 0.10520926, 0.10532865, 0.10715073, 0.10842305, 0.10952541, 0.11027253, 0.1109204, 0.110924564, 0.11389002, 0.11404074, 0.11435342, 0.115242556, 0.116628736, 0.117953196, 0.12084452, 0.12102717, 0.12437581, 0.12845612, 0.12890385, 0.1303388, 0.13162868, 0.13552155, 0.13637988, 0.1523267, 0.15851346, 0.1672009, 0.16869408]
训练完的损失： []
用时： 0:00:03.222260
开始训练：第47 epoch
预训练的损失： [0.03998806, 0.048179794, 0.049248643, 0.05080978, 0.0565824, 0.0578729, 0.062393434, 0.062461846, 0.06405774, 0.064478405, 0.06574279, 0.06609904, 0.066230975, 0.06661297, 0.066954345, 0.06745734, 0.06804368, 0.06902938, 0.06968574, 0.06986117, 0.0708413, 0.07196322, 0.07263304, 0.07353526, 0.073666036, 0.07394983, 0.07411118, 0.07459347, 0.0747599, 0.075470895, 0.076301664, 0.07658225, 0.07668494, 0.07677126, 0.07720938, 0.07744295, 0.07774198, 0.077992946, 0.07831401, 0.08009547, 0.08015525, 0.08070504, 0.08075124, 0.08257535, 0.08264804, 0.08274308, 0.08299461, 0.08309245, 0.08371009, 0.0839861, 0.084068626, 0.084461145, 0.08446786, 0.08552079, 0.08720216, 0.08816725, 0.0887436, 0.08883972, 0.08928873, 0.09018378, 0.090620294, 0.09243395, 0.09246327, 0.09261453, 0.09316671, 0.09373973, 0.09504391, 0.09545294, 0.0955108, 0.096681, 0.0971795, 0.09795044, 0.0982472, 0.10168711, 0.10248509, 0.10307189, 0.10476226, 0.105819345, 0.10667587, 0.10716617, 0.10787897, 0.11013909, 0.11029261, 0.110516906, 0.11136551, 0.112945296, 0.11355491, 0.11730861, 0.11739134, 0.120187625, 0.12419516, 0.124598876, 0.12600926, 0.12738478, 0.13112646, 0.13241433, 0.14756155, 0.1544725, 0.16254602, 0.16290978]
训练完的损失： []
用时： 0:00:03.223699
开始训练：第48 epoch
预训练的损失： [0.039495163, 0.04729561, 0.048464604, 0.049752705, 0.05560399, 0.056754388, 0.06032459, 0.060728528, 0.062467746, 0.06269319, 0.06393368, 0.06440015, 0.064634174, 0.06491626, 0.0649986, 0.06576808, 0.06601737, 0.06681345, 0.06736957, 0.06761812, 0.06830765, 0.06944188, 0.07092254, 0.07100894, 0.07150175, 0.071633995, 0.07188144, 0.072009966, 0.07224466, 0.07268644, 0.073699676, 0.07370757, 0.073818386, 0.07420248, 0.07487635, 0.07528323, 0.075383194, 0.07553366, 0.07585413, 0.07749574, 0.07797673, 0.07847637, 0.07883801, 0.08010851, 0.080255054, 0.080374256, 0.080394775, 0.08042913, 0.080451936, 0.08083278, 0.080853194, 0.081056714, 0.0814564, 0.08243826, 0.08417115, 0.08463039, 0.08533278, 0.08652754, 0.08671989, 0.08691919, 0.0874143, 0.08900823, 0.0891423, 0.09000617, 0.090569764, 0.09092112, 0.09196111, 0.09203862, 0.09268171, 0.09306329, 0.09323718, 0.09475379, 0.09505685, 0.09825677, 0.09921398, 0.09982451, 0.10128271, 0.1023055, 0.10320501, 0.10369888, 0.10488848, 0.10641966, 0.10645157, 0.10738317, 0.10766544, 0.10929203, 0.1095171, 0.113843545, 0.113935344, 0.1161981, 0.12013578, 0.12041208, 0.12195678, 0.123193085, 0.12698093, 0.12863624, 0.14303812, 0.15066592, 0.15727755, 0.15795475]
训练完的损失： []
用时： 0:00:03.224165
开始训练：第49 epoch
预训练的损失： [0.039022956, 0.04650884, 0.047700137, 0.04873613, 0.054645523, 0.05570427, 0.058368932, 0.059077583, 0.06102054, 0.061043803, 0.06229083, 0.06272501, 0.062971495, 0.06318613, 0.06351585, 0.06361889, 0.06460101, 0.064774744, 0.065235384, 0.065511644, 0.06597008, 0.06714538, 0.068599954, 0.06940295, 0.06947617, 0.06951506, 0.069592446, 0.06976242, 0.069919445, 0.070101365, 0.07089105, 0.0712345, 0.0713015, 0.071741626, 0.072663605, 0.07293927, 0.07325369, 0.0734393, 0.07353683, 0.075014606, 0.07592766, 0.07631706, 0.077007264, 0.07719865, 0.07751274, 0.077602625, 0.07781772, 0.07788272, 0.0779272, 0.07796204, 0.078260675, 0.07839048, 0.078606345, 0.079573214, 0.08131407, 0.081444845, 0.08216602, 0.08386611, 0.08418864, 0.08434574, 0.08452137, 0.08568835, 0.08600785, 0.08756204, 0.08809408, 0.088196024, 0.088783994, 0.08901913, 0.08959035, 0.08967313, 0.089929886, 0.091693446, 0.092067555, 0.094889015, 0.09552379, 0.09726934, 0.09794551, 0.098966554, 0.099916056, 0.1003599, 0.101978526, 0.10259433, 0.102871165, 0.10414915, 0.10427035, 0.10531269, 0.10626867, 0.11051106, 0.11073439, 0.112445444, 0.116217926, 0.1163991, 0.118102714, 0.1191244, 0.12304714, 0.12496951, 0.13863868, 0.14700162, 0.15188965, 0.15361771]
训练完的损失： []
用时： 0:00:03.222487
开始训练：第50 epoch
预训练的损失： [0.03859046, 0.045756206, 0.04699613, 0.047804624, 0.05372077, 0.054704785, 0.056616783, 0.057535034, 0.059584755, 0.05962703, 0.060715135, 0.06116689, 0.06120867, 0.06157428, 0.06185762, 0.062091805, 0.062854424, 0.0632379, 0.06327468, 0.06349361, 0.06377527, 0.06505611, 0.06644107, 0.06723729, 0.06734421, 0.06761433, 0.06765449, 0.06767997, 0.06769249, 0.06809685, 0.06827225, 0.06882092, 0.0690668, 0.06945928, 0.07056673, 0.07062458, 0.07124956, 0.071316466, 0.071386196, 0.0727532, 0.07392359, 0.07420258, 0.07425989, 0.07494236, 0.07500296, 0.07503089, 0.0750842, 0.07521178, 0.07526019, 0.07564802, 0.0757954, 0.07621628, 0.07642996, 0.076846756, 0.07832135, 0.07882085, 0.0792191, 0.08100551, 0.08174159, 0.08174649, 0.082213886, 0.08258352, 0.083150774, 0.085271984, 0.08564346, 0.08567077, 0.08577408, 0.08627588, 0.086322755, 0.0863449, 0.087359175, 0.088747114, 0.0892303, 0.09166692, 0.0920964, 0.09481381, 0.0948156, 0.09578541, 0.09669648, 0.09717977, 0.0990309, 0.09918474, 0.09947667, 0.100758016, 0.101404265, 0.10145156, 0.10319099, 0.107322656, 0.107634544, 0.108874254, 0.11251828, 0.1125354, 0.11442782, 0.1150952, 0.11930696, 0.12149601, 0.13437954, 0.14353293, 0.14660534, 0.14941445]
训练完的损失： []
50/60 epochs...
Save to path:  HTRS_model/save_DBP15k_zh_en.ckpt
用时： 0:00:25.551494
开始训练：第51 epoch
数据准备：
负采样：
开始时间： 2022-05-22 21:06:47
结束时间： 2022-05-22 21:08:01
用时 0:01:13.198749
负采样：
开始时间： 2022-05-22 21:08:01
结束时间： 2022-05-22 21:09:14
用时 0:01:13.438929
预训练的损失： []
训练完的损失： [0.04874099, 0.05917707, 0.059950065, 0.062652215, 0.06428252, 0.07021197, 0.0722958, 0.07268267, 0.0752541, 0.076130584, 0.076702476, 0.08016716, 0.08113811, 0.082515284, 0.08331398, 0.08340932, 0.08520009, 0.08619345, 0.08712228, 0.08782998, 0.088147156, 0.08820533, 0.08957274, 0.08978706, 0.09006039, 0.090515815, 0.0916887, 0.092444606, 0.09297077, 0.09419297, 0.09470379, 0.09505658, 0.09533051, 0.09554166, 0.09614784, 0.096681744, 0.09739265, 0.09817961, 0.09984523, 0.100254625, 0.100336306, 0.1005424, 0.10104763, 0.10157152, 0.10178606, 0.10221741, 0.10374554, 0.10403051, 0.104485475, 0.10449628, 0.10517472, 0.106079906, 0.1062168, 0.106915615, 0.1073064, 0.109856285, 0.11145667, 0.11220863, 0.112947874, 0.11494288, 0.11510427, 0.11516445, 0.11599694, 0.116545856, 0.11734166, 0.11804817, 0.11924591, 0.11938541, 0.12086572, 0.12133234, 0.122008875, 0.12309952, 0.123406336, 0.123749405, 0.12450467, 0.12492242, 0.12780818, 0.1283398, 0.13197842, 0.13357264, 0.13423446, 0.13519938, 0.13679105, 0.13875179, 0.13895337, 0.13965714, 0.14015585, 0.14039734, 0.14734302, 0.14831282, 0.15067555, 0.15078187, 0.15207571, 0.15295343, 0.15552495, 0.15707898, 0.17760146, 0.17938158, 0.18042274, 0.19557974]
用时： 0:04:54.381053
开始训练：第52 epoch
预训练的损失： []
训练完的损失： [0.046855196, 0.05660154, 0.05731263, 0.06106262, 0.06167485, 0.066444375, 0.069049165, 0.069160596, 0.07213898, 0.07285524, 0.07365634, 0.07677187, 0.07706953, 0.07858411, 0.079133734, 0.0801064, 0.080345124, 0.08134649, 0.08304521, 0.08348895, 0.083748624, 0.08442904, 0.08468235, 0.08520118, 0.086282365, 0.086437255, 0.086792864, 0.0873105, 0.087456435, 0.089657135, 0.08980077, 0.09023638, 0.090265885, 0.0916772, 0.09203573, 0.092789, 0.093547, 0.094107814, 0.0948881, 0.094917506, 0.09492346, 0.09500884, 0.09524877, 0.09560335, 0.09744462, 0.09826825, 0.09834666, 0.0995305, 0.10007045, 0.1002849, 0.100293934, 0.100306034, 0.10074877, 0.10165248, 0.10332212, 0.10479963, 0.10494351, 0.10557339, 0.10712401, 0.10785119, 0.10910196, 0.109333225, 0.10953142, 0.11107587, 0.11136842, 0.11263179, 0.11273301, 0.11403108, 0.11424402, 0.115639925, 0.11586428, 0.117426254, 0.11764684, 0.11811023, 0.11847214, 0.11897166, 0.11992814, 0.1218836, 0.12675571, 0.12706438, 0.12819253, 0.12900749, 0.12985349, 0.13342936, 0.13351996, 0.13353646, 0.134261, 0.1345885, 0.14012654, 0.14254299, 0.14396204, 0.14487398, 0.14521071, 0.14702165, 0.14972422, 0.14990291, 0.17149237, 0.17371099, 0.17463036, 0.18872368]
用时： 0:00:15.876407
开始训练：第53 epoch
预训练的损失： []
训练完的损失： [0.045399442, 0.054611914, 0.05520814, 0.059382666, 0.059815407, 0.06431831, 0.06625309, 0.066739, 0.069475785, 0.06999577, 0.07131068, 0.07412698, 0.07427209, 0.075259894, 0.0753425, 0.0761832, 0.07721087, 0.07740829, 0.07942142, 0.079485975, 0.07955441, 0.08130907, 0.08131369, 0.081409305, 0.08175161, 0.08291518, 0.0829276, 0.08299477, 0.0834863, 0.084393196, 0.08462098, 0.08556353, 0.08658441, 0.08880601, 0.08904544, 0.08925087, 0.089285284, 0.09022929, 0.09030134, 0.09042633, 0.09058531, 0.090693794, 0.090709135, 0.0913436, 0.09346628, 0.09378343, 0.09476519, 0.09505607, 0.09509811, 0.09600862, 0.09605356, 0.096144415, 0.09693681, 0.0978559, 0.0992703, 0.0997948, 0.10041488, 0.10188788, 0.10213498, 0.10232775, 0.10314378, 0.104087204, 0.10449083, 0.10479826, 0.10665609, 0.10665946, 0.10811806, 0.10852021, 0.10939759, 0.11001325, 0.11109598, 0.11111509, 0.11251694, 0.11302909, 0.11330052, 0.113821715, 0.114622526, 0.11640129, 0.12046582, 0.12248926, 0.1231596, 0.12344937, 0.123756975, 0.12820275, 0.12855826, 0.12861574, 0.12965478, 0.13010748, 0.13341214, 0.13756016, 0.13766587, 0.13871291, 0.1400711, 0.14218019, 0.14278789, 0.1447017, 0.16577798, 0.16884086, 0.169366, 0.18225314]
用时： 0:00:15.956112
开始训练：第54 epoch
预训练的损失： []
训练完的损失： [0.044324577, 0.05293282, 0.053401355, 0.057344627, 0.05867839, 0.0622917, 0.06389704, 0.06441213, 0.06717464, 0.06750828, 0.06900199, 0.07155215, 0.07190994, 0.07199262, 0.07260448, 0.072642595, 0.073658764, 0.07495174, 0.07541768, 0.075657874, 0.076349825, 0.07660173, 0.07761403, 0.07854992, 0.078855105, 0.07908869, 0.07972389, 0.079728924, 0.07977055, 0.080042675, 0.080122694, 0.08122123, 0.083305016, 0.08473284, 0.08576857, 0.08587826, 0.0859723, 0.08630334, 0.08632673, 0.08658177, 0.0865866, 0.087222874, 0.08722444, 0.08728625, 0.08889292, 0.090380326, 0.090734676, 0.091041416, 0.09154869, 0.091594845, 0.092154495, 0.09245718, 0.093719624, 0.09418012, 0.09448021, 0.0949976, 0.09664119, 0.09694744, 0.0974862, 0.09804724, 0.09882552, 0.09918494, 0.09920478, 0.10040158, 0.100920394, 0.10233949, 0.102825254, 0.104751624, 0.10500678, 0.10520274, 0.10524038, 0.10696192, 0.10701698, 0.107754394, 0.10794902, 0.10941205, 0.11117398, 0.11125471, 0.114704095, 0.11713312, 0.118244514, 0.1184372, 0.11939617, 0.12283015, 0.123637535, 0.123961344, 0.1248325, 0.1259429, 0.12726282, 0.132132, 0.13250607, 0.13271953, 0.1353326, 0.13618575, 0.13744889, 0.139641, 0.15986565, 0.16373304, 0.16438441, 0.17597717]
用时： 0:00:15.857252
开始训练：第55 epoch
预训练的损失： []
训练完的损失： [0.043536343, 0.05153017, 0.051784143, 0.055506576, 0.057610564, 0.060560692, 0.061915934, 0.06228449, 0.065093696, 0.06529709, 0.06694177, 0.069267884, 0.06929603, 0.06940735, 0.06988304, 0.07017959, 0.070479244, 0.07190088, 0.0719568, 0.07215844, 0.07281889, 0.074091054, 0.074210875, 0.07519328, 0.075572155, 0.075960085, 0.07609118, 0.07678331, 0.07680048, 0.07689261, 0.07699634, 0.07732849, 0.080282316, 0.08072762, 0.08183558, 0.0823029, 0.08231941, 0.08278822, 0.082798466, 0.083075196, 0.08343082, 0.0840698, 0.084313944, 0.08450319, 0.084551185, 0.0861942, 0.08724826, 0.08726632, 0.08793646, 0.08845346, 0.088577166, 0.08943278, 0.08953358, 0.09055138, 0.090667136, 0.091381796, 0.091636695, 0.092299305, 0.09365537, 0.093686186, 0.09456821, 0.09457083, 0.095749475, 0.09627322, 0.09630165, 0.09803961, 0.09835124, 0.10009133, 0.10078452, 0.10098355, 0.10108123, 0.10158045, 0.10308487, 0.10327014, 0.10331961, 0.105307974, 0.10672742, 0.107837535, 0.10920104, 0.11201893, 0.113218054, 0.11385421, 0.115805045, 0.1178808, 0.119078, 0.11969909, 0.12037667, 0.12156408, 0.12207998, 0.12687977, 0.12705658, 0.12827317, 0.13025168, 0.13089973, 0.13276131, 0.13503638, 0.15414512, 0.1589419, 0.15963519, 0.16994986]
用时： 0:00:15.856754
开始训练：第56 epoch
预训练的损失： []
训练完的损失： [0.042920377, 0.050282683, 0.050287373, 0.05374667, 0.05659926, 0.059004348, 0.060179688, 0.06020189, 0.063135564, 0.06337579, 0.06492944, 0.06662731, 0.06687439, 0.06727146, 0.06760054, 0.06797795, 0.0680119, 0.06803864, 0.06879548, 0.06898986, 0.07089763, 0.07118129, 0.07191511, 0.07196068, 0.07200285, 0.07262937, 0.073603585, 0.073795944, 0.07416614, 0.07418663, 0.07426477, 0.074723735, 0.07722248, 0.07746231, 0.07834277, 0.07854053, 0.07869403, 0.079411656, 0.07974273, 0.07990317, 0.080540806, 0.0805963, 0.080956146, 0.081918694, 0.08223559, 0.08246263, 0.083145685, 0.08399338, 0.08498605, 0.08538228, 0.08549219, 0.08581736, 0.086537324, 0.0868939, 0.08700775, 0.08774124, 0.08805426, 0.088368826, 0.08936065, 0.089966625, 0.0903782, 0.09086388, 0.09176211, 0.0927019, 0.09345986, 0.09404933, 0.09459418, 0.09541847, 0.09666892, 0.096703686, 0.09751986, 0.09757744, 0.09857253, 0.09920171, 0.09996538, 0.10139586, 0.102480225, 0.1041665, 0.10477752, 0.10733617, 0.10866736, 0.10962188, 0.11224072, 0.113160536, 0.114667565, 0.115616746, 0.11615434, 0.11618502, 0.11840503, 0.12167615, 0.12241605, 0.12393122, 0.124892235, 0.1266089, 0.12825996, 0.13069385, 0.14848137, 0.15421256, 0.1553048, 0.16411501]
用时： 0:00:15.861382
开始训练：第57 epoch
预训练的损失： []
训练完的损失： [0.042445123, 0.04899679, 0.049187325, 0.052168943, 0.055668768, 0.057608932, 0.058256388, 0.058702376, 0.06130935, 0.061664995, 0.06302274, 0.064265296, 0.06467896, 0.06472162, 0.06512537, 0.06540063, 0.065927416, 0.06603676, 0.06604038, 0.066216044, 0.068473436, 0.068829626, 0.06920932, 0.06931547, 0.06966697, 0.069942765, 0.070733145, 0.07151336, 0.07156631, 0.07172506, 0.071867175, 0.07279248, 0.074048825, 0.07481414, 0.07511123, 0.07519049, 0.075204834, 0.07614838, 0.07675212, 0.07699352, 0.07709789, 0.07798182, 0.07805402, 0.079127304, 0.07931806, 0.07946562, 0.08018079, 0.080970354, 0.0816714, 0.08169403, 0.08279618, 0.08288946, 0.08314477, 0.08321152, 0.084100686, 0.08457785, 0.084933974, 0.0855378, 0.08554242, 0.086343095, 0.08660438, 0.08677806, 0.08903448, 0.08947125, 0.09038706, 0.09077707, 0.090988174, 0.09113394, 0.09242963, 0.092818655, 0.09400377, 0.09439034, 0.09451495, 0.09538035, 0.0968156, 0.09776541, 0.098704465, 0.099603556, 0.10188394, 0.10303451, 0.10427014, 0.10569523, 0.10863954, 0.10882245, 0.11052539, 0.11115876, 0.11168489, 0.11227633, 0.11502492, 0.11686638, 0.118074596, 0.11978573, 0.1201508, 0.122405075, 0.12396837, 0.12666008, 0.14312476, 0.14975023, 0.15107171, 0.15856524]
用时： 0:00:15.871333
开始训练：第58 epoch
预训练的损失： []
训练完的损失： [0.042021208, 0.04785559, 0.048180744, 0.05067636, 0.05475397, 0.056281053, 0.05634351, 0.057301387, 0.059575416, 0.060153533, 0.061209742, 0.062052816, 0.062295385, 0.062761426, 0.062930875, 0.063363746, 0.06359104, 0.063683785, 0.06400154, 0.06457325, 0.06590445, 0.066014215, 0.06695082, 0.06699762, 0.06757204, 0.067938395, 0.068118006, 0.069141634, 0.06964611, 0.06966241, 0.069828525, 0.07103668, 0.071211934, 0.071940064, 0.071981885, 0.07224188, 0.072259784, 0.07323438, 0.073981225, 0.0740927, 0.07456702, 0.07520669, 0.075735204, 0.07584038, 0.07611463, 0.077126935, 0.07821034, 0.07827027, 0.078497045, 0.07872494, 0.07886025, 0.079581976, 0.08051129, 0.08069188, 0.08112273, 0.082103275, 0.08217789, 0.082196735, 0.082531266, 0.08277733, 0.08309962, 0.08394897, 0.08656013, 0.08661628, 0.087224536, 0.087241285, 0.08744598, 0.08822024, 0.0886024, 0.08918812, 0.09071299, 0.090972476, 0.09136154, 0.09173041, 0.093875885, 0.09432957, 0.095116965, 0.095443085, 0.09913205, 0.09916086, 0.10021871, 0.10190126, 0.104448475, 0.105498776, 0.10659103, 0.106653154, 0.10788192, 0.10864781, 0.11183023, 0.11250201, 0.11399002, 0.1157357, 0.1160414, 0.118511125, 0.119893916, 0.12279151, 0.13809313, 0.14543302, 0.14714296, 0.15290168]
用时： 0:00:15.855204
开始训练：第59 epoch
预训练的损失： []
训练完的损失： [0.041651025, 0.046943653, 0.047267824, 0.049432613, 0.053890776, 0.054488998, 0.055049684, 0.055991296, 0.057939034, 0.058733784, 0.059427302, 0.05996207, 0.060612675, 0.060960557, 0.060984757, 0.061057717, 0.06137207, 0.062174663, 0.06219037, 0.06300126, 0.06356212, 0.06357774, 0.06455591, 0.064906605, 0.06548398, 0.06612289, 0.06645711, 0.066760875, 0.067716226, 0.06786472, 0.06804062, 0.068716645, 0.068801455, 0.06928399, 0.06935441, 0.069598645, 0.069764614, 0.07053474, 0.0714233, 0.07157281, 0.07243221, 0.0725755, 0.0726789, 0.07335016, 0.07352468, 0.07481065, 0.075288214, 0.075473085, 0.07572147, 0.075939015, 0.07629621, 0.07662575, 0.07722547, 0.07833018, 0.07841296, 0.079089485, 0.07920621, 0.079503536, 0.08002402, 0.080074504, 0.08067933, 0.08130348, 0.0837163, 0.08417009, 0.08417385, 0.084313996, 0.084464535, 0.08521096, 0.08567244, 0.08583502, 0.087403856, 0.08775837, 0.08831435, 0.08849873, 0.09110606, 0.09119432, 0.0916387, 0.09186752, 0.095575064, 0.09642473, 0.09655524, 0.09828653, 0.10036443, 0.10218725, 0.10258049, 0.10305205, 0.10426975, 0.105215214, 0.10840622, 0.10882717, 0.11025026, 0.11175827, 0.11233957, 0.114627495, 0.11600217, 0.119029656, 0.13338466, 0.14145403, 0.14330266, 0.1475433]
用时： 0:00:15.867120
开始训练：第60 epoch
预训练的损失： []
训练完的损失： [0.041308753, 0.046162173, 0.04640066, 0.048395935, 0.052779343, 0.053046912, 0.053941526, 0.05478617, 0.056376256, 0.05747635, 0.05776383, 0.058204003, 0.059052505, 0.059117135, 0.059238132, 0.059299696, 0.059428874, 0.060431503, 0.060842197, 0.06134949, 0.061396673, 0.06154643, 0.06229743, 0.063024566, 0.063253164, 0.0644928, 0.06466294, 0.064947546, 0.06596684, 0.065975286, 0.06614038, 0.06636689, 0.066498995, 0.066922516, 0.06716308, 0.06735806, 0.06780114, 0.06808078, 0.0690693, 0.06945935, 0.06976315, 0.07019658, 0.07050418, 0.0707549, 0.071447924, 0.07193777, 0.072687514, 0.072763115, 0.07335216, 0.07342696, 0.07390186, 0.07423601, 0.07445907, 0.07496863, 0.07602892, 0.076488495, 0.07698632, 0.077238016, 0.07737074, 0.07743627, 0.07890083, 0.078969955, 0.08049735, 0.08108893, 0.08183533, 0.08193155, 0.08207525, 0.08217797, 0.082446136, 0.08355064, 0.08427201, 0.084922194, 0.08517243, 0.08583623, 0.088075675, 0.08840064, 0.088495135, 0.08893987, 0.09217301, 0.092849724, 0.094122864, 0.09479399, 0.096686214, 0.09885545, 0.09907762, 0.09963907, 0.10079237, 0.101994105, 0.10462513, 0.10587861, 0.1067996, 0.1079824, 0.10880954, 0.11103121, 0.112264276, 0.11545137, 0.1290661, 0.13788337, 0.13960597, 0.14223686]
60/60 epochs...
Testing
Test set results:
iter: 1
开始时间： 2022-05-22 21:15:27
实体sim [[1.43193158 5.69631363 5.67703075 ... 5.73630242 6.082685   4.72538493]
 [5.4712986  2.64745085 5.12536352 ... 5.40747132 5.62345009 6.08962644]
 [5.31431067 4.70051599 1.96646905 ... 4.61639879 4.83516909 5.52344982]
 ...
 [5.64467547 4.70142263 4.91287466 ... 3.90863949 5.11949687 5.66812459]
 [6.11868603 5.67714496 5.27251872 ... 5.61203923 1.89255501 6.26949702]
 [5.01688379 5.88710656 5.8787241  ... 5.89615815 6.3500366  2.47300514]]
关系sim [[12.59727127  9.73105665 11.7769246  ... 12.13710684 11.11445682
  13.21455625]
 [ 9.81488832  7.25000992 10.9881236  ... 10.55044703  9.39097526
  12.32030853]
 [10.2822022   7.90264705 10.78710491 ... 10.49768812  8.80172294
  11.50278982]
 ...
 [11.12329994  8.93395374 11.91981367 ... 11.1552161   9.85146031
  10.66222842]
 [11.69567616  9.14534149 11.27134134 ... 11.47610735  9.43500745
  13.23180186]
 [12.82163564  9.73529849 12.55766932 ... 12.56481251 12.76870966
  14.18190589]]
[[12.59727127  9.73105665 11.7769246  ... 12.13710684 11.11445682
  13.21455625]
 [ 9.81488832  7.25000992 10.9881236  ... 10.55044703  9.39097526
  12.32030853]
 [10.2822022   7.90264705 10.78710491 ... 10.49768812  8.80172294
  11.50278982]
 ...
 [11.12329994  8.93395374 11.91981367 ... 11.1552161   9.85146031
  10.66222842]
 [11.69567616  9.14534149 11.27134134 ... 11.47610735  9.43500745
  13.23180186]
 [12.82163564  9.73529849 12.55766932 ... 12.56481251 12.76870966
  14.18190589]]
Entity Alignment (left):
Hits@1: 82.80%
Hits@3: 88.40%
Hits@10: 91.62%
MRR: 0.8606
MR: 68.0801
Entity Alignment (right):
Hits@1: 80.13%
Hits@3: 87.19%
Hits@10: 91.19%
MRR: 0.8426
MR: 60.0727
结束时间： 2022-05-22 21:20:37
用时 0:05:09.974112
iter: 2
开始时间： 2022-05-22 21:20:37
实体sim [[1.43193158 5.69631363 5.67703075 ... 5.73630242 6.082685   4.72538493]
 [5.4712986  2.64745085 5.12536352 ... 5.40747132 5.62345009 6.08962644]
 [5.31431067 4.70051599 1.96646905 ... 4.61639879 4.83516909 5.52344982]
 ...
 [5.64467547 4.70142263 4.91287466 ... 3.90863949 5.11949687 5.66812459]
 [6.11868603 5.67714496 5.27251872 ... 5.61203923 1.89255501 6.26949702]
 [5.01688379 5.88710656 5.8787241  ... 5.89615815 6.3500366  2.47300514]]
关系sim [[12.59727127  9.73105665 11.7769246  ... 12.13710684 11.11445682
  13.21455625]
 [ 9.81488832  7.25000992 10.9881236  ... 10.55044703  9.39097526
  12.32030853]
 [10.2822022   7.90264705 10.78710491 ... 10.49768812  8.80172294
  11.50278982]
 ...
 [11.12329994  8.93395374 11.91981367 ... 11.1552161   9.85146031
  10.66222842]
 [11.69567616  9.14534149 11.27134134 ... 11.47610735  9.43500745
  13.23180186]
 [12.82163564  9.73529849 12.55766932 ... 12.56481251 12.76870966
  14.18190589]]
[[12.59727127  9.73105665 11.7769246  ... 12.13710684 11.11445682
  13.21455625]
 [ 9.81488832  7.25000992 10.9881236  ... 10.55044703  9.39097526
  12.32030853]
 [10.2822022   7.90264705 10.78710491 ... 10.49768812  8.80172294
  11.50278982]
 ...
 [11.12329994  8.93395374 11.91981367 ... 11.1552161   9.85146031
  10.66222842]
 [11.69567616  9.14534149 11.27134134 ... 11.47610735  9.43500745
  13.23180186]
 [12.82163564  9.73529849 12.55766932 ... 12.56481251 12.76870966
  14.18190589]]
Entity Alignment (left):
Hits@1: 85.36%
Hits@3: 89.97%
Hits@10: 92.35%
MRR: 0.8800
MR: 67.6180
Entity Alignment (right):
Hits@1: 83.17%
Hits@3: 88.99%
Hits@10: 92.25%
MRR: 0.8653
MR: 57.1384
结束时间： 2022-05-22 21:25:50
用时 0:05:13.174068
开始时间： 2022-05-22 21:25:51
2022-05-22 21:25:51
[[1.43193158 5.69631363 5.67703075 ... 5.73630242 6.082685   4.72538493]
 [5.4712986  2.64745085 5.12536352 ... 5.40747132 5.62345009 6.08962644]
 [5.31431067 4.70051599 1.96646905 ... 4.61639879 4.83516909 5.52344982]
 ...
 [5.64467547 4.70142263 4.91287466 ... 3.90863949 5.11949687 5.66812459]
 [6.11868603 5.67714496 5.27251872 ... 5.61203923 1.89255501 6.26949702]
 [5.01688379 5.88710656 5.8787241  ... 5.89615815 6.3500366  2.47300514]]
Relation Alignment (left):
Hits@1: 79.78%
Hits@10: 86.52%
Relation Alignment (right):
Hits@1: 78.99%
Hits@10: 86.18%
结束时间： 2022-05-22 21:34:17
用时 0:08:26.492839
用时： 0:20:28.448384
结束时间： 2022-05-22 21:34:17
用时 0:40:07.404984
结束时间： 2022-05-22 21:34:18
用时 0:40:51.673582
