2022-05-14 15:11:34
开始时间： 2022-05-14 15:11:34
正在执行DBP15k
加载数据文件：data/DBP15k/ja_en/ent_ids_1
加载数据文件：data/DBP15k/ja_en/ent_ids_2
39594
加载数据文件：data/DBP15k/ja_en/ref_ent_ids
加载数据文件：data/DBP15k/ja_en/ref_r_ids
加载数据文件：data/DBP15k/ja_en/triples_1
加载数据文件：data/DBP15k/ja_en/triples_2
建立模型：
开始时间： 2022-05-14 15:11:34
计算头尾实体对应关系的矩阵以及对应概率：
开始时间： 2022-05-14 15:11:34
结束时间： 2022-05-14 15:11:35
用时 0:00:01.039396
输入词向量，增加原始输入层：
开始时间： 2022-05-14 15:11:35
39594 rows, 300 columns.
结束时间： 2022-05-14 15:11:46
用时 0:00:10.491940
计算稀疏张量和对称归一化后的矩阵：
开始时间： 2022-05-14 15:11:46
获取反转图，邻接矩阵、度、丰富三元组：
开始时间： 2022-05-14 15:11:46
结束时间： 2022-05-14 15:11:46
用时 0:00:00.355377
计算三角：
开始时间： 2022-05-14 15:12:10
结束时间： 2022-05-14 15:12:12
用时 0:00:01.177823
计算三角：
开始时间： 2022-05-14 15:12:12
结束时间： 2022-05-14 15:12:13
用时 0:00:01.173017
M2 SparseTensor(indices=Tensor("SparseTensor_1/indices:0", shape=(269696, 2), dtype=int64), values=Tensor("SparseTensor_1/values:0", shape=(269696,), dtype=float32), dense_shape=Tensor("SparseTensor_1/dense_shape:0", shape=(2,), dtype=int64))
结束时间： 2022-05-14 15:12:13
用时 0:00:26.906877
KG structure embedding
增加GCN层：
开始时间： 2022-05-14 15:12:16
<tf.Variable 'Variable_1:0' shape=(1, 300) dtype=float32_ref>
结束时间： 2022-05-14 15:12:16
用时 0:00:00.003417
实现SKNet：
开始时间： 2022-05-14 15:12:16
结束时间： 2022-05-14 15:12:16
用时 0:00:00.007115
增加GCN层：
开始时间： 2022-05-14 15:12:16
<tf.Variable 'Variable_4:0' shape=(1, 300) dtype=float32_ref>
结束时间： 2022-05-14 15:12:16
用时 0:00:00.002005
实现SKNet：
开始时间： 2022-05-14 15:12:16
结束时间： 2022-05-14 15:12:16
用时 0:00:00.005702
shape of output_h:  (39594, 300)
compute pre-training loss
计算预训练损失函数：
开始时间： 2022-05-14 15:12:16
Tensor("strided_slice:0", shape=(?,), dtype=int32) Tensor("strided_slice_1:0", shape=(?,), dtype=int32)
Tensor("embedding_lookup/Identity:0", shape=(?, 300), dtype=float32) Tensor("embedding_lookup_1/Identity:0", shape=(?, 300), dtype=float32)
结束时间： 2022-05-14 15:12:16
用时 0:00:00.013902
输入词向量，增加原始输入层：
开始时间： 2022-05-14 15:12:16
2452 rows, 300 columns.
2452
(2452, 300)
计算关系的向量：
开始时间： 2022-05-14 15:12:24
结束时间： 2022-05-14 15:12:28
用时 0:00:04.533880
Tensor("Add_13:0", shape=(4904, 300), dtype=float32)
结束时间： 2022-05-14 15:12:28
用时 0:00:12.903415
计算关系损失函数：
开始时间： 2022-05-14 15:12:28
结束时间： 2022-05-14 15:12:28
用时 0:00:00.005496
结束时间： 2022-05-14 15:12:28
用时 0:00:54.242276
初始化：
开始时间： 2022-05-14 15:12:29
开始运行：
开始训练：第1 epoch
数据准备：
负采样：
开始时间： 2022-05-14 15:16:09
结束时间： 2022-05-14 15:17:37
用时 0:01:28.627125
负采样：
开始时间： 2022-05-14 15:17:37
结束时间： 2022-05-14 15:19:00
用时 0:01:22.375224
预训练的损失： [0.34092677, 0.39882562, 0.40919006, 0.41448227, 0.41806772, 0.4375707, 0.44027662, 0.44143564, 0.44290656, 0.4429242, 0.44478846, 0.4497446, 0.45241255, 0.45623976, 0.45684677, 0.46867353, 0.47392327, 0.47474617, 0.4750151, 0.482122, 0.4891498, 0.49210066, 0.5053575, 0.5142224, 0.5166004, 0.51954335, 0.5221104, 0.52523714, 0.5272722, 0.5313833, 0.5325902, 0.5424752, 0.55938864, 0.56124353, 0.57033134, 0.5740808, 0.5749672, 0.57617044, 0.57885695, 0.5799874, 0.5811628, 0.58367777, 0.5938772, 0.5945948, 0.5985132, 0.60067403, 0.60350037, 0.6080338, 0.60804987, 0.60889727, 0.62319475, 0.6238976, 0.62477374, 0.62816226, 0.63168097, 0.63225055, 0.6339712, 0.6388374, 0.6395784, 0.6421396, 0.64522016, 0.64636725, 0.64942753, 0.6553035, 0.6590097, 0.6621088, 0.66225684, 0.67511404, 0.67783624, 0.68174905, 0.6835519, 0.6913673, 0.69246435, 0.69621474, 0.6972076, 0.69737315, 0.6983102, 0.7115098, 0.7266227, 0.72671115, 0.7332978, 0.7342924, 0.7365316, 0.7635498, 0.76606363, 0.7726456, 0.7728361, 0.7738913, 0.77468044, 0.79676116, 0.80652976, 0.8067965, 0.80963194, 0.81527984, 0.81755126, 0.83786535, 0.8607865, 0.9391674, 0.9464061, 0.9550953]
训练完的损失： []
1/60 epochs...
用时： 0:03:56.139371
开始训练：第2 epoch
预训练的损失： [0.3182811, 0.37819347, 0.38997698, 0.39103755, 0.39818978, 0.4133489, 0.41471124, 0.4178152, 0.4197908, 0.42236477, 0.42309642, 0.42857844, 0.42966148, 0.4307117, 0.4337074, 0.44802392, 0.4517588, 0.45366326, 0.45847285, 0.45904493, 0.4639352, 0.4663143, 0.48656213, 0.48862085, 0.48926443, 0.4931172, 0.49354804, 0.49933565, 0.5002414, 0.5051276, 0.51156235, 0.51763725, 0.5338181, 0.53492486, 0.5460787, 0.54695886, 0.548506, 0.55061275, 0.5531509, 0.5537733, 0.5568378, 0.5614164, 0.56756294, 0.570941, 0.57222795, 0.5733615, 0.5775838, 0.5782149, 0.57933205, 0.5845078, 0.59775376, 0.5986483, 0.599009, 0.60037446, 0.60258615, 0.6053357, 0.60667086, 0.6085473, 0.61018777, 0.612424, 0.6129677, 0.61391115, 0.6157318, 0.6297507, 0.6321587, 0.63410246, 0.63417965, 0.63672584, 0.6442899, 0.64797544, 0.6497687, 0.65895015, 0.66120946, 0.6624434, 0.6668885, 0.66712093, 0.6695659, 0.68008494, 0.6919236, 0.6927384, 0.6984348, 0.7023723, 0.7042748, 0.7233043, 0.73466945, 0.73797625, 0.7384087, 0.74374115, 0.7439728, 0.7615739, 0.7701226, 0.77069205, 0.773937, 0.77679414, 0.7793896, 0.8039561, 0.8332734, 0.905792, 0.9081912, 0.909557]
训练完的损失： []
用时： 0:00:02.731843
开始训练：第3 epoch
预训练的损失： [0.2970807, 0.35747033, 0.36861444, 0.3706656, 0.3765088, 0.38999182, 0.39076322, 0.39529294, 0.39580268, 0.3967259, 0.40081802, 0.405864, 0.40687853, 0.41123033, 0.41129196, 0.42193705, 0.4284233, 0.43493754, 0.43749088, 0.43779454, 0.44212025, 0.44253832, 0.46024796, 0.46474677, 0.46482038, 0.46595007, 0.46662068, 0.4730782, 0.47662708, 0.4784627, 0.49117973, 0.49152356, 0.5076413, 0.50891757, 0.5192225, 0.5193594, 0.52217484, 0.5273373, 0.5276313, 0.5284052, 0.53145945, 0.54089206, 0.5410125, 0.54429114, 0.5448463, 0.54772496, 0.5496331, 0.55054986, 0.5515772, 0.5599419, 0.56912744, 0.5722141, 0.57238954, 0.5725403, 0.5743352, 0.5750928, 0.5793383, 0.5803493, 0.58036804, 0.5808046, 0.5813813, 0.5845939, 0.5876007, 0.5985109, 0.60032856, 0.6062056, 0.60863185, 0.60913134, 0.61220586, 0.6156808, 0.617254, 0.62638533, 0.6265322, 0.6329135, 0.6362165, 0.6375129, 0.64075875, 0.6499257, 0.65836644, 0.6593278, 0.6642132, 0.6693904, 0.67416996, 0.6847086, 0.70246536, 0.70316076, 0.70524627, 0.7114127, 0.7156087, 0.72617435, 0.7331655, 0.73368263, 0.73501015, 0.74316406, 0.7451261, 0.77045405, 0.80586356, 0.8630461, 0.8711614, 0.87236726]
训练完的损失： []
用时： 0:00:02.735496
开始训练：第4 epoch
预训练的损失： [0.2768178, 0.33741325, 0.34741288, 0.35109955, 0.35459077, 0.36785075, 0.36801142, 0.37158132, 0.37192762, 0.3738799, 0.37951088, 0.3824684, 0.38465148, 0.38985658, 0.3935281, 0.39690334, 0.40579927, 0.41218942, 0.4130419, 0.41928595, 0.42097092, 0.4247562, 0.43241507, 0.4366033, 0.44037044, 0.44150883, 0.44500083, 0.4480927, 0.4526434, 0.45432186, 0.46525544, 0.4710799, 0.48266047, 0.4830897, 0.49042225, 0.4938454, 0.49741933, 0.5017048, 0.5042415, 0.5044946, 0.5073372, 0.5146675, 0.51519, 0.5179295, 0.521006, 0.52222896, 0.52372766, 0.52468884, 0.5251811, 0.5355079, 0.5403862, 0.5424454, 0.5436262, 0.54604554, 0.5473374, 0.5486101, 0.5487684, 0.5498688, 0.5501573, 0.5520526, 0.5533329, 0.5590435, 0.56069607, 0.5659086, 0.56864464, 0.5789635, 0.58181345, 0.58379483, 0.5850743, 0.58616793, 0.5866616, 0.59340847, 0.59561026, 0.60333216, 0.6051233, 0.6090842, 0.6124294, 0.6212722, 0.625695, 0.6269248, 0.6317702, 0.63772196, 0.644217, 0.64821196, 0.66941077, 0.67087686, 0.6736067, 0.6792937, 0.6878399, 0.69120336, 0.6947972, 0.6986969, 0.70166206, 0.70739365, 0.71338034, 0.7366147, 0.7787312, 0.8198899, 0.8331872, 0.84009254]
训练完的损失： []
用时： 0:00:02.733456
开始训练：第5 epoch
预训练的损失： [0.2574668, 0.31817436, 0.32723665, 0.33198375, 0.33306837, 0.3462285, 0.34696865, 0.34809297, 0.3483854, 0.35332763, 0.3589654, 0.3609845, 0.36357117, 0.36898512, 0.37286633, 0.37647754, 0.38396552, 0.3895576, 0.39068076, 0.3967571, 0.4048391, 0.40588903, 0.40771514, 0.40961325, 0.41468132, 0.41957495, 0.42422414, 0.42439944, 0.4277517, 0.43308535, 0.43953776, 0.45125502, 0.4567716, 0.4598493, 0.46245903, 0.46984562, 0.4735663, 0.4770562, 0.48110572, 0.48150802, 0.4841401, 0.4868362, 0.4895121, 0.49222636, 0.49556, 0.49762458, 0.5000092, 0.50175595, 0.5022354, 0.51082623, 0.5117601, 0.51248133, 0.51633155, 0.5179958, 0.5190477, 0.5199899, 0.5202029, 0.5232372, 0.5255036, 0.5259973, 0.526615, 0.53092605, 0.5328861, 0.5373262, 0.5401355, 0.5525943, 0.5528306, 0.55607605, 0.55685174, 0.55964136, 0.5624058, 0.5648826, 0.5663473, 0.57452893, 0.5746764, 0.5817026, 0.5850899, 0.59396034, 0.5943511, 0.5958204, 0.600636, 0.607175, 0.6138493, 0.6148827, 0.63655055, 0.64046055, 0.64339304, 0.64764076, 0.6568865, 0.6588906, 0.66097414, 0.6655154, 0.6697355, 0.6724937, 0.6821912, 0.7035529, 0.7519044, 0.77823055, 0.79632294, 0.8090482]
训练完的损失： []
用时： 0:00:02.743151
开始训练：第6 epoch
预训练的损失： [0.23897007, 0.29997015, 0.30831012, 0.31249154, 0.31366873, 0.3253523, 0.32556474, 0.32627237, 0.32719272, 0.33351916, 0.33924603, 0.3412551, 0.34350806, 0.34874403, 0.34989595, 0.36023325, 0.36314887, 0.3670463, 0.3704244, 0.37488165, 0.38077042, 0.38370052, 0.3892369, 0.3897301, 0.390941, 0.39906114, 0.40187356, 0.4037923, 0.40380988, 0.41302967, 0.41479334, 0.43152905, 0.4318667, 0.43553266, 0.4380166, 0.44748598, 0.45045432, 0.4534716, 0.45841923, 0.45939746, 0.45951015, 0.461623, 0.4655801, 0.46780592, 0.4696406, 0.47235167, 0.47607547, 0.48010314, 0.48048726, 0.483415, 0.48558897, 0.48864147, 0.48916033, 0.4902925, 0.49131155, 0.49143773, 0.49537146, 0.4997596, 0.5000027, 0.50122154, 0.50150913, 0.5025531, 0.50370634, 0.51278436, 0.5148499, 0.52425766, 0.5280036, 0.52839947, 0.5290055, 0.533028, 0.53588593, 0.5388534, 0.54390275, 0.54473543, 0.54694426, 0.5553553, 0.55871296, 0.5649106, 0.5662987, 0.5679648, 0.5705608, 0.5775455, 0.5813694, 0.5860504, 0.60463125, 0.6114576, 0.6145905, 0.6166285, 0.62315637, 0.62564623, 0.633949, 0.63510704, 0.63848853, 0.6391872, 0.65192616, 0.67146397, 0.72558784, 0.7382729, 0.7607476, 0.77917194]
训练完的损失： []
用时： 0:00:02.745368
开始训练：第7 epoch
预训练的损失： [0.22159413, 0.28281626, 0.2909811, 0.29328498, 0.2960394, 0.30350405, 0.30543262, 0.30604792, 0.3087159, 0.31423014, 0.32017976, 0.3230428, 0.32456762, 0.32819998, 0.32883245, 0.3434613, 0.3449453, 0.34575245, 0.3514297, 0.35394067, 0.35689938, 0.35878432, 0.36607307, 0.37421006, 0.37468344, 0.37997568, 0.38045835, 0.3813131, 0.3836751, 0.3913015, 0.3939278, 0.40716136, 0.409649, 0.41279998, 0.41725695, 0.4264813, 0.42774805, 0.4313016, 0.4329394, 0.4366, 0.43827587, 0.43972856, 0.4427449, 0.44462538, 0.445001, 0.44799006, 0.45037842, 0.45390442, 0.4594009, 0.4597117, 0.46247107, 0.46411896, 0.46594656, 0.4662429, 0.4662925, 0.46641147, 0.47123986, 0.4714281, 0.475303, 0.4774567, 0.4777652, 0.4778973, 0.47973853, 0.48668656, 0.49322176, 0.49703923, 0.502376, 0.5024197, 0.5040177, 0.5054623, 0.51265824, 0.512877, 0.51573205, 0.5202507, 0.5235374, 0.52983576, 0.5334934, 0.5370708, 0.53793776, 0.5416634, 0.5431924, 0.5491495, 0.5510799, 0.55816615, 0.57380253, 0.5840018, 0.58634186, 0.58730125, 0.5900152, 0.5948605, 0.6037558, 0.6056272, 0.6100378, 0.6102338, 0.6229272, 0.64057136, 0.69996023, 0.7003076, 0.7269205, 0.7502066]
训练完的损失： []
用时： 0:00:02.742894
开始训练：第8 epoch
预训练的损失： [0.2056556, 0.26671022, 0.27473816, 0.2752979, 0.27965844, 0.28248775, 0.2864223, 0.2874538, 0.29120186, 0.29565603, 0.30200845, 0.3058977, 0.30660155, 0.3075048, 0.30940604, 0.32469955, 0.32540455, 0.33065698, 0.33364564, 0.33413488, 0.33491933, 0.3352696, 0.34364524, 0.35905725, 0.35966074, 0.35988164, 0.36019647, 0.36222902, 0.36380017, 0.3691912, 0.37581065, 0.38404727, 0.38526988, 0.3940723, 0.39737353, 0.40573084, 0.40685016, 0.40769362, 0.41038364, 0.4158495, 0.41777706, 0.41826618, 0.42122695, 0.42141077, 0.42209005, 0.422806, 0.4245541, 0.43310562, 0.43493518, 0.43760264, 0.43805337, 0.43915924, 0.44288945, 0.4432777, 0.4436964, 0.44450605, 0.44831318, 0.45001924, 0.45209706, 0.4525781, 0.45548475, 0.45644528, 0.45781404, 0.4617979, 0.4713802, 0.4722543, 0.47697195, 0.47784746, 0.47944736, 0.48135146, 0.48765945, 0.48825997, 0.4901881, 0.4948249, 0.503791, 0.5054566, 0.5093598, 0.51072896, 0.51123136, 0.5140433, 0.51977396, 0.52193916, 0.52310485, 0.5310103, 0.5443804, 0.5569153, 0.5576923, 0.55798703, 0.5615456, 0.56616676, 0.57390225, 0.5748179, 0.58214736, 0.58625025, 0.59517324, 0.6109725, 0.6642761, 0.67506266, 0.69475675, 0.72211194]
训练完的损失： []
用时： 0:00:02.748205
开始训练：第9 epoch
预训练的损失： [0.19127896, 0.25150043, 0.25846058, 0.2595689, 0.26237798, 0.2644113, 0.2684055, 0.27028185, 0.27476043, 0.27780938, 0.2849279, 0.28788996, 0.28943533, 0.2895398, 0.29046834, 0.30615753, 0.3067394, 0.31313026, 0.31498337, 0.31545603, 0.31691632, 0.31719348, 0.32286915, 0.3402451, 0.34082493, 0.3445121, 0.34453994, 0.34542036, 0.34551376, 0.3485036, 0.35855415, 0.36230683, 0.3624033, 0.37594676, 0.37821966, 0.3839541, 0.3845657, 0.38854527, 0.39048415, 0.39506537, 0.39609587, 0.39740658, 0.39808846, 0.39890754, 0.40115523, 0.40213472, 0.40224475, 0.4113537, 0.4134164, 0.41358, 0.41425574, 0.41745067, 0.41976506, 0.42110807, 0.4225288, 0.42324948, 0.42627102, 0.4282897, 0.43096823, 0.43464306, 0.43470868, 0.4359113, 0.43668836, 0.43833062, 0.44701236, 0.4519792, 0.45254785, 0.45472267, 0.45476636, 0.45964873, 0.4605288, 0.46486676, 0.46831754, 0.47049093, 0.48219165, 0.48435056, 0.4856916, 0.48571676, 0.48603466, 0.48781013, 0.49587405, 0.49713206, 0.49751413, 0.50477797, 0.5165348, 0.526451, 0.5287522, 0.5334051, 0.53703463, 0.53917354, 0.54379296, 0.5473323, 0.5559759, 0.56342345, 0.568437, 0.5823353, 0.63057446, 0.6507282, 0.6644317, 0.69490975]
训练完的损失： []
用时： 0:00:02.757379
开始训练：第10 epoch
预训练的损失： [0.17851785, 0.2372536, 0.24249634, 0.24335754, 0.24560961, 0.25013754, 0.25123215, 0.2543552, 0.25957617, 0.2607436, 0.2690701, 0.26922417, 0.2720951, 0.27318022, 0.27397853, 0.28805706, 0.28969616, 0.2925185, 0.29716653, 0.29767582, 0.30122468, 0.3034234, 0.30436462, 0.32195047, 0.32281882, 0.3259714, 0.32912612, 0.32948792, 0.3310572, 0.33179265, 0.34113055, 0.34164608, 0.3420635, 0.3585124, 0.35999727, 0.36178473, 0.36437172, 0.3696587, 0.37143236, 0.37151715, 0.3773474, 0.3773996, 0.37756675, 0.37919474, 0.38063428, 0.3823104, 0.38304374, 0.38879383, 0.3899798, 0.3926523, 0.39324215, 0.39496216, 0.40061146, 0.4012447, 0.40239626, 0.40269414, 0.40518418, 0.40588933, 0.41044176, 0.4151763, 0.4161725, 0.4162179, 0.41632894, 0.42003813, 0.42403224, 0.4292913, 0.431043, 0.43211192, 0.43288767, 0.4344937, 0.43883988, 0.44252476, 0.44731796, 0.44754034, 0.46009138, 0.46159905, 0.46197638, 0.46282136, 0.4636176, 0.46521118, 0.47120345, 0.4730732, 0.47622526, 0.4794705, 0.49002302, 0.49655408, 0.50174505, 0.51014364, 0.5133099, 0.51392144, 0.5151471, 0.5211831, 0.5313689, 0.5413134, 0.5425677, 0.5549512, 0.59892076, 0.6269912, 0.6354785, 0.6685957]
训练完的损失： []
10/60 epochs...
用时： 0:00:02.757032
开始训练：第11 epoch
预训练的损失： [0.16730157, 0.2240406, 0.22542766, 0.22784096, 0.23279518, 0.23514251, 0.23674199, 0.23980835, 0.24461575, 0.24565038, 0.25136772, 0.25459376, 0.25468472, 0.25768474, 0.25923884, 0.2710569, 0.2730901, 0.27364385, 0.2809618, 0.28111666, 0.28527987, 0.2863348, 0.2921034, 0.30471185, 0.30610073, 0.30817655, 0.3108319, 0.3142426, 0.31830174, 0.31836104, 0.32117888, 0.3221327, 0.32623026, 0.34123412, 0.34176284, 0.3423667, 0.3451177, 0.34571162, 0.35319537, 0.3555961, 0.35758132, 0.35812142, 0.35955095, 0.36040416, 0.36113733, 0.36457053, 0.36523688, 0.3671891, 0.36763984, 0.37056765, 0.37249374, 0.37706023, 0.38115448, 0.38197422, 0.38360506, 0.38412845, 0.3846228, 0.38490897, 0.39057952, 0.39542884, 0.3967666, 0.3969131, 0.39737588, 0.402012, 0.40578067, 0.407099, 0.40860546, 0.40981176, 0.41233778, 0.41279274, 0.4187261, 0.4211573, 0.42600298, 0.42677888, 0.43862975, 0.43936765, 0.43944508, 0.43958086, 0.4422636, 0.44629246, 0.44770026, 0.4505611, 0.45518094, 0.45587364, 0.46499497, 0.46828255, 0.47591382, 0.48799235, 0.4880669, 0.48895657, 0.49205583, 0.49596, 0.50810206, 0.51747715, 0.5201437, 0.5288141, 0.56947577, 0.60396767, 0.6076338, 0.64335775]
训练完的损失： []
用时： 0:00:02.757863
开始训练：第12 epoch
预训练的损失： [0.15738001, 0.20870629, 0.21189691, 0.21424322, 0.22028127, 0.22085866, 0.22431777, 0.22640963, 0.22964922, 0.23290443, 0.23504016, 0.23852414, 0.240832, 0.2429086, 0.24495268, 0.25489962, 0.2550596, 0.2585705, 0.26545453, 0.26648137, 0.2682427, 0.2718665, 0.280384, 0.28856897, 0.2904004, 0.29107296, 0.2935744, 0.29995528, 0.3026958, 0.3037365, 0.30531037, 0.30615985, 0.31093377, 0.32216498, 0.3236574, 0.3254509, 0.32565424, 0.32690775, 0.33575255, 0.33884835, 0.3396285, 0.3405347, 0.3412254, 0.34262648, 0.34429306, 0.34631065, 0.3464973, 0.3479426, 0.34880397, 0.34916738, 0.35382324, 0.35977983, 0.36214367, 0.36284733, 0.3644849, 0.3653245, 0.3666889, 0.36685663, 0.3714796, 0.37600255, 0.37842858, 0.37911165, 0.37963924, 0.38087034, 0.38626555, 0.38655216, 0.3874646, 0.39203146, 0.3932199, 0.39420184, 0.39945304, 0.40060735, 0.40586966, 0.40705863, 0.4168781, 0.41735542, 0.4188031, 0.42015922, 0.42200094, 0.42518264, 0.42752358, 0.42945528, 0.4318927, 0.43638194, 0.44146517, 0.44181848, 0.45148337, 0.46179432, 0.4656064, 0.46701238, 0.47117513, 0.47181064, 0.48608685, 0.49288613, 0.49964935, 0.5039771, 0.54227364, 0.5810133, 0.5816958, 0.61890924]
训练完的损失： []
用时： 0:00:02.761318
开始训练：第13 epoch
预训练的损失： [0.14841357, 0.1934051, 0.20059246, 0.20143974, 0.20646933, 0.20960188, 0.21277821, 0.21425487, 0.21581525, 0.21970235, 0.2212117, 0.22361933, 0.22811207, 0.22882265, 0.23133141, 0.23808947, 0.24019021, 0.24442175, 0.25106257, 0.25214496, 0.25308624, 0.25796258, 0.26901478, 0.27371854, 0.2748412, 0.27569067, 0.27719998, 0.28535613, 0.2865266, 0.28654385, 0.29263824, 0.29455566, 0.29631743, 0.30331513, 0.30465245, 0.3091188, 0.3096602, 0.3100329, 0.31891578, 0.3213486, 0.32203466, 0.32309234, 0.3262365, 0.32627907, 0.326573, 0.32678983, 0.32865453, 0.32925832, 0.33230478, 0.33342978, 0.33615732, 0.34296823, 0.34315592, 0.34536076, 0.345708, 0.34659454, 0.3503652, 0.350932, 0.353154, 0.35780162, 0.36049145, 0.3609612, 0.36136234, 0.3634759, 0.36471248, 0.3665942, 0.36767477, 0.3752499, 0.37661782, 0.3786186, 0.38068113, 0.3810733, 0.3871957, 0.38785198, 0.395922, 0.39680916, 0.39934516, 0.40210906, 0.40291673, 0.40379107, 0.40886456, 0.40950084, 0.4096256, 0.41723704, 0.4175791, 0.4195041, 0.42837018, 0.43681413, 0.44327712, 0.44695914, 0.4485731, 0.45120868, 0.46518725, 0.4689389, 0.47972548, 0.4804455, 0.5171367, 0.55541444, 0.560229, 0.59524953]
训练完的损失： []
用时： 0:00:02.755457
开始训练：第14 epoch
预训练的损失： [0.14023507, 0.17923081, 0.18942851, 0.19016087, 0.19385979, 0.19926058, 0.20188096, 0.20310295, 0.2031279, 0.2056146, 0.2098633, 0.21053898, 0.21552455, 0.21610446, 0.21810335, 0.22268674, 0.22636868, 0.23126954, 0.2369988, 0.23780847, 0.24067682, 0.2446179, 0.25795913, 0.2595035, 0.2599538, 0.2615818, 0.26171428, 0.26908767, 0.27029726, 0.27396867, 0.28039008, 0.28215593, 0.28340793, 0.28464606, 0.28882384, 0.2932874, 0.29340065, 0.29507673, 0.30263186, 0.30457756, 0.30511194, 0.3060544, 0.30702436, 0.3082205, 0.31060416, 0.31140584, 0.31277087, 0.31419903, 0.3173967, 0.31891122, 0.3197587, 0.32453707, 0.32715106, 0.3279432, 0.32891017, 0.32894325, 0.33495015, 0.33556724, 0.33567676, 0.3408204, 0.34099364, 0.34425437, 0.34430957, 0.34440735, 0.34803897, 0.3482123, 0.34912914, 0.3583719, 0.35985202, 0.3623405, 0.36255592, 0.36568612, 0.36920005, 0.36975914, 0.37612244, 0.37757158, 0.38107872, 0.38324887, 0.38490793, 0.38513714, 0.38874012, 0.3904032, 0.3904087, 0.39410484, 0.39864767, 0.39958626, 0.40665698, 0.41298676, 0.42189312, 0.42612153, 0.42813915, 0.4319685, 0.44565564, 0.44566038, 0.45817906, 0.46034622, 0.4935642, 0.5308405, 0.5395528, 0.57221025]
训练完的损失： []
用时： 0:00:02.756381
开始训练：第15 epoch
预训练的损失： [0.13270164, 0.16635719, 0.17825441, 0.1805124, 0.18229192, 0.1897698, 0.19148582, 0.19171076, 0.19260271, 0.19289124, 0.197054, 0.20052323, 0.20277604, 0.2048446, 0.20528275, 0.20859802, 0.21373822, 0.21864253, 0.22283275, 0.22541022, 0.22909395, 0.23181193, 0.24505249, 0.2469868, 0.24700852, 0.24716195, 0.2483362, 0.2539739, 0.2549862, 0.26189017, 0.26725018, 0.2686181, 0.2686285, 0.27275807, 0.27429405, 0.27776873, 0.27854475, 0.2805376, 0.28710568, 0.28869355, 0.28881508, 0.28893074, 0.2899227, 0.2909711, 0.29315597, 0.29699612, 0.29987523, 0.30090517, 0.30347916, 0.30431557, 0.30534416, 0.3067461, 0.3110454, 0.31166482, 0.3123365, 0.3134256, 0.31859833, 0.3202557, 0.3211075, 0.3223697, 0.32495537, 0.32511425, 0.32767177, 0.32886592, 0.3304543, 0.33165014, 0.33366504, 0.34263015, 0.34401992, 0.34441057, 0.34521854, 0.3511392, 0.35320577, 0.3533684, 0.35708243, 0.3592264, 0.36352688, 0.36400107, 0.36766696, 0.36891758, 0.36917645, 0.3721496, 0.37223095, 0.3723665, 0.37907714, 0.3823519, 0.38634455, 0.39033878, 0.4015618, 0.40446806, 0.4103335, 0.41342837, 0.42305562, 0.42746323, 0.4370793, 0.4415031, 0.47137576, 0.5074285, 0.51965034, 0.54979295]
训练完的损失： []
用时： 0:00:02.749935
开始训练：第16 epoch
预训练的损失： [0.12558505, 0.15469602, 0.1680655, 0.1714862, 0.17193939, 0.18071371, 0.18072611, 0.18099639, 0.18198577, 0.18331975, 0.18496871, 0.19069172, 0.19113979, 0.19291827, 0.19435194, 0.19587179, 0.2020858, 0.20685394, 0.20947844, 0.21401799, 0.21829444, 0.21972367, 0.23135132, 0.23278654, 0.23489851, 0.23575401, 0.2367049, 0.23993284, 0.24068788, 0.2502947, 0.25094047, 0.25560164, 0.2571371, 0.260853, 0.26255718, 0.26315022, 0.26445773, 0.26658547, 0.27132285, 0.27226204, 0.27346638, 0.27370274, 0.27468544, 0.27479896, 0.2770011, 0.28312662, 0.28749216, 0.28843343, 0.2898569, 0.28990346, 0.2901855, 0.29252672, 0.29507664, 0.29678038, 0.29700434, 0.29887787, 0.30227694, 0.30457065, 0.30625013, 0.30700445, 0.30710924, 0.30979633, 0.3117965, 0.31367117, 0.31420374, 0.31536734, 0.31959653, 0.3275148, 0.3279068, 0.3287925, 0.32887316, 0.3335469, 0.3377944, 0.3390207, 0.34110585, 0.34194267, 0.34441626, 0.34789008, 0.35033417, 0.35130095, 0.3518374, 0.35384256, 0.3541664, 0.35523388, 0.36036015, 0.3658594, 0.36719412, 0.36903524, 0.38206744, 0.38381383, 0.39326748, 0.39552093, 0.40119666, 0.41027594, 0.41713178, 0.42316166, 0.4505543, 0.48490378, 0.5005095, 0.52790076]
训练完的损失： []
用时： 0:00:02.763550
开始训练：第17 epoch
预训练的损失： [0.118910976, 0.14409715, 0.15876567, 0.16269675, 0.16315153, 0.16988564, 0.17072544, 0.17278472, 0.17297903, 0.17373794, 0.17447111, 0.17926186, 0.18109852, 0.18224472, 0.18429284, 0.18444903, 0.19126755, 0.19592986, 0.1968829, 0.20344794, 0.20809746, 0.20840687, 0.21869615, 0.21925631, 0.22358194, 0.2240321, 0.22657648, 0.22687896, 0.22733077, 0.23565447, 0.23909125, 0.2432926, 0.24611422, 0.2482754, 0.24920821, 0.25114644, 0.25283426, 0.25304466, 0.25498667, 0.25815192, 0.25846323, 0.25945395, 0.2594995, 0.26064634, 0.26236954, 0.26982626, 0.2737351, 0.27572918, 0.27644888, 0.27695337, 0.27769113, 0.2798183, 0.28031623, 0.2822898, 0.28274056, 0.285044, 0.2865321, 0.28778479, 0.28998655, 0.2929756, 0.29348335, 0.29548338, 0.29686075, 0.29782343, 0.30012503, 0.30025846, 0.30621362, 0.3116309, 0.31331378, 0.31426263, 0.3144366, 0.31656104, 0.3218893, 0.32331613, 0.32531512, 0.32608283, 0.32948282, 0.33240443, 0.33252028, 0.33258587, 0.33574456, 0.33661407, 0.33924103, 0.33934218, 0.34271872, 0.3488144, 0.34896392, 0.35010505, 0.36341304, 0.3639362, 0.37689796, 0.3782512, 0.37992305, 0.39402637, 0.39823222, 0.4053048, 0.43059045, 0.4637186, 0.48193574, 0.5066211]
训练完的损失： []
用时： 0:00:02.744557
开始训练：第18 epoch
预训练的损失： [0.11251049, 0.13411045, 0.15030983, 0.15436494, 0.15526107, 0.15995583, 0.16141884, 0.16317669, 0.16441481, 0.16525549, 0.16611788, 0.16863818, 0.16955975, 0.17366773, 0.1738736, 0.17504197, 0.18101767, 0.1850794, 0.18552458, 0.19363195, 0.19781095, 0.19851682, 0.2060745, 0.2066637, 0.2131153, 0.21313047, 0.21465515, 0.21467021, 0.21650428, 0.22145513, 0.22840065, 0.23155181, 0.23531395, 0.23581721, 0.23658808, 0.2387404, 0.23967688, 0.24003251, 0.2435807, 0.24435046, 0.24470896, 0.24516061, 0.2460625, 0.24743196, 0.24885282, 0.2572047, 0.25837308, 0.26367977, 0.26446193, 0.2651726, 0.2658294, 0.26612502, 0.26831853, 0.26865184, 0.26929742, 0.27155864, 0.2718518, 0.27203625, 0.27397272, 0.2803457, 0.28043467, 0.2817155, 0.2827251, 0.28281718, 0.28584823, 0.28716815, 0.29332447, 0.29668164, 0.29872036, 0.30027187, 0.300645, 0.30150715, 0.30564058, 0.3085784, 0.3094526, 0.30967525, 0.3142901, 0.31590348, 0.3179685, 0.31813994, 0.31922776, 0.3207234, 0.3240112, 0.3255413, 0.32599288, 0.32950267, 0.3315633, 0.3352865, 0.34517688, 0.34575334, 0.3594272, 0.36138895, 0.36157587, 0.37865156, 0.38019523, 0.38803357, 0.41155815, 0.44358867, 0.46408135, 0.48583978]
训练完的损失： []
用时： 0:00:02.746212
开始训练：第19 epoch
预训练的损失： [0.10641979, 0.12500359, 0.14256725, 0.14687544, 0.14788379, 0.15099195, 0.15279755, 0.15336008, 0.15629825, 0.15810841, 0.15854141, 0.15854552, 0.15875103, 0.16380459, 0.16585687, 0.16635881, 0.17153528, 0.17393786, 0.17564487, 0.18457112, 0.18787971, 0.18939753, 0.19358096, 0.19523484, 0.20285085, 0.2029661, 0.20329492, 0.20339978, 0.20672351, 0.20822035, 0.21808124, 0.22050682, 0.22305863, 0.225105, 0.22546092, 0.22558634, 0.22712189, 0.22735736, 0.23076026, 0.23179474, 0.23196909, 0.23328863, 0.23461138, 0.23516731, 0.23656878, 0.2438541, 0.24496627, 0.25125304, 0.25161213, 0.25361514, 0.2546011, 0.25505313, 0.25602058, 0.25676388, 0.25693148, 0.25728437, 0.2575995, 0.25879097, 0.25967896, 0.26803422, 0.2683741, 0.26837444, 0.2687124, 0.26953155, 0.27229047, 0.2748009, 0.28096458, 0.28264886, 0.2846456, 0.2849915, 0.28753617, 0.28954896, 0.29033685, 0.2918173, 0.29403704, 0.29664904, 0.29703325, 0.300239, 0.30244344, 0.3042913, 0.30623806, 0.30718058, 0.3096361, 0.31024113, 0.3112532, 0.31229448, 0.31494725, 0.3214139, 0.32722872, 0.32898146, 0.33965728, 0.3453509, 0.3464977, 0.36322153, 0.36413687, 0.37158948, 0.3934628, 0.42427212, 0.44668746, 0.4656571]
训练完的损失： []
用时： 0:00:02.752896
开始训练：第20 epoch
预训练的损失： [0.100567654, 0.11662425, 0.1354821, 0.14002493, 0.14103618, 0.14292452, 0.1443249, 0.14469855, 0.14850397, 0.14882821, 0.14934611, 0.15129153, 0.15142709, 0.1546635, 0.15814972, 0.15819731, 0.16257273, 0.16371664, 0.1664609, 0.17635728, 0.17839038, 0.18060885, 0.18167494, 0.1846798, 0.1916561, 0.19299102, 0.19335157, 0.19417596, 0.1959611, 0.1971531, 0.20812857, 0.21011078, 0.21091685, 0.21239442, 0.21519606, 0.21521705, 0.2152318, 0.2162306, 0.21790254, 0.21922168, 0.21988903, 0.22120455, 0.22376688, 0.22548546, 0.22611009, 0.23011798, 0.23322476, 0.23798984, 0.24006331, 0.24235973, 0.24280713, 0.24320403, 0.24379489, 0.24390507, 0.24434927, 0.2450259, 0.24652451, 0.24719007, 0.24806659, 0.25460023, 0.25616425, 0.25639498, 0.2569369, 0.2571405, 0.25942615, 0.2631272, 0.26917723, 0.2693929, 0.26976576, 0.27213144, 0.27497202, 0.27574015, 0.27593318, 0.27829704, 0.27961293, 0.2807879, 0.2843391, 0.28552496, 0.28595325, 0.29135007, 0.29223272, 0.29391396, 0.29532927, 0.29612675, 0.29640785, 0.29893142, 0.29955527, 0.3084278, 0.3103975, 0.31318778, 0.32059273, 0.32971263, 0.33236283, 0.34696865, 0.3503649, 0.35563838, 0.37623945, 0.40602154, 0.42981672, 0.44612092]
训练完的损失： []
20/60 epochs...
用时： 0:00:02.743398
开始训练：第21 epoch
预训练的损失： [0.094958715, 0.10915896, 0.12904058, 0.13357016, 0.13459365, 0.13553955, 0.13579786, 0.13728724, 0.13903245, 0.14087677, 0.14176211, 0.14478175, 0.14480919, 0.14603278, 0.15037358, 0.15089694, 0.15407443, 0.15430766, 0.15771398, 0.16873464, 0.16955385, 0.17044069, 0.17217359, 0.17469314, 0.18124595, 0.18337798, 0.18427707, 0.18465118, 0.18539806, 0.18795595, 0.1986301, 0.19940028, 0.20015429, 0.20027095, 0.20335293, 0.20549408, 0.20571294, 0.20583223, 0.20634905, 0.20758283, 0.20831984, 0.21002707, 0.21312614, 0.21555898, 0.21728852, 0.21796393, 0.22217089, 0.22525701, 0.22910845, 0.22966391, 0.23031801, 0.2309499, 0.23101762, 0.23309389, 0.23376736, 0.23393574, 0.23684555, 0.2374702, 0.23761152, 0.24160272, 0.24472052, 0.24484666, 0.2454736, 0.2463136, 0.24723446, 0.25192234, 0.2555723, 0.25671253, 0.25787503, 0.26012152, 0.26090705, 0.2621172, 0.2629415, 0.26555532, 0.2656294, 0.2677481, 0.27036807, 0.27181304, 0.27256382, 0.2775004, 0.27883497, 0.27927655, 0.28124347, 0.28347856, 0.28349674, 0.28593975, 0.2872188, 0.29443616, 0.29615694, 0.29829848, 0.3022554, 0.3145424, 0.31879354, 0.33158845, 0.3372848, 0.34056777, 0.35987085, 0.38867223, 0.41340554, 0.42715037]
训练完的损失： []
用时： 0:00:02.750171
开始训练：第22 epoch
预训练的损失： [0.089598835, 0.102752425, 0.12307858, 0.1275595, 0.12788665, 0.12870228, 0.12876357, 0.13037497, 0.13037792, 0.13321471, 0.13516736, 0.13793321, 0.13854088, 0.13855043, 0.14306745, 0.14395419, 0.14514145, 0.14653505, 0.14953731, 0.15988474, 0.16123706, 0.16168547, 0.1640406, 0.16542199, 0.17149436, 0.17432356, 0.17444392, 0.17585185, 0.17729741, 0.17892247, 0.18882683, 0.18900597, 0.18963549, 0.19072151, 0.19228742, 0.19412097, 0.19628832, 0.19658843, 0.19693232, 0.1972293, 0.19728445, 0.19924377, 0.20314224, 0.20521784, 0.20652309, 0.21018454, 0.2115905, 0.21305771, 0.21735135, 0.21836579, 0.21872401, 0.218752, 0.21893059, 0.22342232, 0.22355679, 0.22399922, 0.22636016, 0.22836432, 0.22912692, 0.22932719, 0.23354116, 0.23404506, 0.23452026, 0.23556831, 0.23620817, 0.24108416, 0.24226484, 0.24473189, 0.24689466, 0.2469786, 0.24885258, 0.249317, 0.25126436, 0.25140476, 0.25230345, 0.25535402, 0.25778127, 0.2589642, 0.2614627, 0.2617645, 0.26597568, 0.2681567, 0.26816168, 0.26881406, 0.2714661, 0.2752437, 0.27568698, 0.27960545, 0.284367, 0.28443024, 0.2845277, 0.30006552, 0.30593425, 0.3170891, 0.32461905, 0.32598564, 0.3442719, 0.37225634, 0.39754814, 0.40904015]
训练完的损失： []
用时： 0:00:02.746736
开始训练：第23 epoch
预训练的损失： [0.08453287, 0.09729771, 0.11766672, 0.12051193, 0.12189861, 0.12240615, 0.122434914, 0.12334034, 0.12399059, 0.12633504, 0.12889318, 0.13035804, 0.1325489, 0.13267443, 0.13618286, 0.13688529, 0.13741142, 0.13921309, 0.14176677, 0.14996347, 0.15354109, 0.15506366, 0.15627578, 0.15662971, 0.16240196, 0.16483487, 0.16617583, 0.16796853, 0.16960683, 0.17030048, 0.17858481, 0.17893822, 0.18103452, 0.18166223, 0.18170282, 0.18312562, 0.18620433, 0.18663526, 0.18757844, 0.1887106, 0.18890259, 0.18911707, 0.19363943, 0.19403172, 0.1982126, 0.20139606, 0.2015031, 0.20263837, 0.2057451, 0.20652652, 0.2076363, 0.20763765, 0.20894921, 0.21378352, 0.21412766, 0.21475124, 0.21633033, 0.21764313, 0.21986502, 0.2210572, 0.22318831, 0.22379866, 0.22394916, 0.22435781, 0.22664472, 0.22954944, 0.23070918, 0.23331371, 0.23358104, 0.23651543, 0.23728216, 0.23784079, 0.23828931, 0.23954755, 0.24033013, 0.24098682, 0.2470519, 0.24709848, 0.24837755, 0.25076953, 0.25375512, 0.25479436, 0.2558458, 0.25771815, 0.26017797, 0.2638017, 0.2656132, 0.26570588, 0.26738855, 0.27114403, 0.27346048, 0.28607208, 0.29363453, 0.30346864, 0.31210256, 0.31262052, 0.32949424, 0.35670727, 0.38226092, 0.39159966]
训练完的损失： []
用时： 0:00:02.772225
开始训练：第24 epoch
预训练的损失： [0.079799175, 0.092548154, 0.112687156, 0.11359176, 0.1152343, 0.11649701, 0.11655469, 0.11804776, 0.11830466, 0.12017977, 0.12286131, 0.12339701, 0.12687568, 0.12725714, 0.12919778, 0.12962842, 0.13123585, 0.13232394, 0.1344586, 0.14077365, 0.1465928, 0.14828943, 0.14890435, 0.1489414, 0.15391846, 0.15612023, 0.15850307, 0.16066362, 0.16204664, 0.1623398, 0.1689631, 0.16990253, 0.17167614, 0.17267671, 0.17295003, 0.17298335, 0.17647809, 0.17651989, 0.17941572, 0.17964703, 0.18099372, 0.18117385, 0.1836828, 0.18473032, 0.19061622, 0.19077006, 0.19173977, 0.19487652, 0.19533795, 0.19560608, 0.19691953, 0.19703948, 0.19967192, 0.2046093, 0.2052801, 0.2059001, 0.20643404, 0.20682797, 0.21192905, 0.21325016, 0.21346147, 0.21364972, 0.213789, 0.2140643, 0.21734518, 0.21758991, 0.22071975, 0.22123629, 0.22239223, 0.2250629, 0.22591603, 0.22648601, 0.22750182, 0.2275148, 0.22846648, 0.22959584, 0.23307288, 0.23604737, 0.23938498, 0.24047963, 0.2416566, 0.24228507, 0.24442041, 0.24802819, 0.24950716, 0.25103748, 0.25249735, 0.25268236, 0.25594404, 0.258866, 0.26284507, 0.27282563, 0.2818416, 0.2907242, 0.29880634, 0.30094784, 0.315391, 0.34201175, 0.36759934, 0.3748597]
训练完的损失： []
用时： 0:00:02.773815
开始训练：第25 epoch
预训练的损失： [0.07544738, 0.08852522, 0.107205726, 0.10798797, 0.10857497, 0.11103553, 0.111610666, 0.11251465, 0.11364809, 0.11467024, 0.11704093, 0.11704607, 0.12148066, 0.122119755, 0.12216631, 0.12345639, 0.12540665, 0.12581927, 0.12760897, 0.13202658, 0.14028119, 0.14043802, 0.14192647, 0.14325672, 0.1460437, 0.14804131, 0.15146612, 0.15391964, 0.15410224, 0.15544456, 0.15994525, 0.16156195, 0.16239789, 0.16276142, 0.16477078, 0.16538751, 0.1670166, 0.16727227, 0.17073584, 0.17169447, 0.17371431, 0.17392415, 0.17397986, 0.1764135, 0.18063954, 0.18232732, 0.18350932, 0.18470176, 0.18541518, 0.18694066, 0.18700443, 0.18827009, 0.19088143, 0.19593322, 0.19608428, 0.19671069, 0.19742179, 0.19766137, 0.20344935, 0.20381925, 0.20409343, 0.2043123, 0.20483877, 0.20594925, 0.20623828, 0.20918125, 0.2095997, 0.21123695, 0.21217448, 0.21311978, 0.2145994, 0.21518171, 0.21597882, 0.21699384, 0.21926913, 0.21938089, 0.21992972, 0.22568905, 0.22929272, 0.23076716, 0.23093408, 0.2316218, 0.23380896, 0.23549454, 0.23878577, 0.23942262, 0.24024668, 0.2421748, 0.24649534, 0.24742189, 0.2525935, 0.26026505, 0.27061555, 0.27872062, 0.28600582, 0.2897154, 0.30210245, 0.32816195, 0.35342103, 0.35899687]
训练完的损失： []
用时： 0:00:02.773017
开始训练：第26 epoch
预训练的损失： [0.07154052, 0.08505657, 0.10129705, 0.1024607, 0.103586316, 0.105966285, 0.106973246, 0.107289806, 0.109251276, 0.109807804, 0.11109619, 0.11147665, 0.115586355, 0.11640723, 0.11739161, 0.11759413, 0.11962511, 0.11999041, 0.12121224, 0.12397486, 0.13282642, 0.13461332, 0.13542072, 0.13800834, 0.1387975, 0.14075278, 0.14496733, 0.1465249, 0.14767313, 0.14893281, 0.15166256, 0.15332389, 0.15364948, 0.15377377, 0.15707307, 0.15814722, 0.15828799, 0.15870377, 0.16236556, 0.16436368, 0.165051, 0.16692996, 0.16710103, 0.16852063, 0.17111972, 0.1733373, 0.17536527, 0.1759844, 0.17691967, 0.1774125, 0.17747746, 0.181337, 0.18252093, 0.18608652, 0.18787321, 0.18861067, 0.18896633, 0.1893453, 0.19376582, 0.19479609, 0.19483007, 0.19496635, 0.1961253, 0.19706352, 0.19878349, 0.19936523, 0.20137054, 0.20191796, 0.20221986, 0.202264, 0.20239711, 0.20511794, 0.20517313, 0.20764488, 0.20798093, 0.20962036, 0.21056402, 0.21599613, 0.21756159, 0.22078899, 0.2214895, 0.22172707, 0.22280869, 0.22393787, 0.2288533, 0.22985755, 0.23003572, 0.23210546, 0.23669574, 0.23725757, 0.2427764, 0.24824148, 0.26006544, 0.26755783, 0.27392387, 0.2788884, 0.28958642, 0.31495264, 0.33960104, 0.34388852]
训练完的损失： []
用时： 0:00:02.773137
开始训练：第27 epoch
预训练的损失： [0.06790264, 0.081971, 0.09593058, 0.09687923, 0.099551395, 0.10133898, 0.10239634, 0.10259859, 0.10517347, 0.10532377, 0.10562715, 0.106123775, 0.10946617, 0.11152686, 0.11198336, 0.112910464, 0.113857105, 0.114868686, 0.11518753, 0.11636625, 0.12566689, 0.12927459, 0.12948102, 0.13195993, 0.13321446, 0.1340276, 0.13899086, 0.13936178, 0.14182706, 0.14263012, 0.14383948, 0.14444587, 0.14589027, 0.146203, 0.14975843, 0.14994395, 0.15063563, 0.1516096, 0.15458661, 0.15667748, 0.15751481, 0.160422, 0.16064386, 0.16114587, 0.16222857, 0.1645942, 0.16662526, 0.16718087, 0.16839355, 0.16846594, 0.17065465, 0.17452472, 0.17463756, 0.17673194, 0.18025453, 0.18060899, 0.18081364, 0.18157434, 0.18446311, 0.18466797, 0.18580505, 0.1861883, 0.18797202, 0.18853767, 0.19011185, 0.19059405, 0.19145171, 0.19283932, 0.19331631, 0.19360115, 0.19400704, 0.19485915, 0.19572867, 0.19624756, 0.1993686, 0.20036346, 0.20239533, 0.20639856, 0.20692614, 0.20710218, 0.21262841, 0.21268184, 0.21484241, 0.21507058, 0.21807002, 0.22067226, 0.22175114, 0.22264788, 0.22678527, 0.22822222, 0.23340848, 0.23703304, 0.25000662, 0.25702417, 0.2622752, 0.26824, 0.27784044, 0.30237523, 0.32624608, 0.3296471]
训练完的损失： []
用时： 0:00:02.775815
开始训练：第28 epoch
预训练的损失： [0.06464626, 0.07916588, 0.09111321, 0.091800846, 0.09578864, 0.09702898, 0.09769625, 0.09851217, 0.10054055, 0.10098398, 0.10125449, 0.10135465, 0.103842735, 0.1066792, 0.10681918, 0.10845885, 0.10860649, 0.10939677, 0.10958478, 0.11014661, 0.11890651, 0.12340185, 0.12479617, 0.12564547, 0.12778382, 0.12873966, 0.13264945, 0.13343889, 0.13597666, 0.1365208, 0.13659361, 0.13690321, 0.1387912, 0.13922532, 0.14279221, 0.14283113, 0.14328963, 0.14544778, 0.14718577, 0.14896537, 0.15096423, 0.15398715, 0.15421459, 0.15427738, 0.15457068, 0.15636665, 0.15834278, 0.1589868, 0.15978247, 0.1600309, 0.16476277, 0.16689855, 0.167971, 0.16806969, 0.17276315, 0.17298417, 0.17344896, 0.17425507, 0.17427096, 0.1759985, 0.17724006, 0.17808554, 0.17911072, 0.17970476, 0.18035024, 0.1816269, 0.183541, 0.18485276, 0.18531731, 0.18547082, 0.18548635, 0.18647714, 0.18689138, 0.1871908, 0.19118461, 0.19148366, 0.19431409, 0.19449696, 0.19576909, 0.19823118, 0.20415148, 0.20422457, 0.206292, 0.20764726, 0.20808238, 0.21187197, 0.21358976, 0.21388203, 0.21750078, 0.21946573, 0.22436047, 0.22642416, 0.24041739, 0.24713781, 0.25142717, 0.2580405, 0.2667367, 0.2903528, 0.31340027, 0.31613302]
训练完的损失： []
用时： 0:00:02.783121
开始训练：第29 epoch
预训练的损失： [0.061617117, 0.07664105, 0.086693436, 0.087214895, 0.092365205, 0.09307613, 0.09351879, 0.09465611, 0.09595454, 0.09597345, 0.09759771, 0.09769645, 0.09856321, 0.10169217, 0.10228217, 0.10285464, 0.10343224, 0.1043881, 0.10459337, 0.105713926, 0.11260979, 0.11788683, 0.11980052, 0.12047724, 0.12198006, 0.12455624, 0.12624365, 0.12801589, 0.12830125, 0.13052374, 0.13075429, 0.13150468, 0.13216296, 0.13274762, 0.13624293, 0.1362915, 0.1363357, 0.13965653, 0.14010963, 0.14183113, 0.14473139, 0.1461474, 0.14783138, 0.1482962, 0.14830497, 0.14873537, 0.15070295, 0.15137476, 0.15167487, 0.15189931, 0.15922394, 0.15964116, 0.15969129, 0.16169083, 0.16451253, 0.16520432, 0.1660837, 0.16636819, 0.1674661, 0.16787156, 0.16894895, 0.16945745, 0.17045508, 0.17050324, 0.17237176, 0.17344451, 0.17557299, 0.17643157, 0.17693375, 0.1773592, 0.1776714, 0.17851698, 0.18036985, 0.1807929, 0.18246388, 0.18298891, 0.18348697, 0.18581027, 0.18701802, 0.19008827, 0.19624108, 0.19627124, 0.19837476, 0.19870877, 0.20058593, 0.20346826, 0.20492429, 0.20631695, 0.20896594, 0.21085289, 0.21567662, 0.21643293, 0.23122478, 0.23765779, 0.24106319, 0.24813752, 0.25621402, 0.27902687, 0.30099303, 0.30332148]
训练完的损失： []
用时： 0:00:02.781066
开始训练：第30 epoch
预训练的损失： [0.05889449, 0.074294396, 0.08276692, 0.08300382, 0.089162596, 0.089490116, 0.08962655, 0.090938985, 0.09124084, 0.09183051, 0.09366545, 0.09426967, 0.09429526, 0.09682122, 0.09692536, 0.09806117, 0.098653406, 0.099629365, 0.10079172, 0.10157299, 0.10677963, 0.11258386, 0.1143534, 0.11642603, 0.11659776, 0.12024577, 0.120570056, 0.12073098, 0.12352096, 0.124720216, 0.12517919, 0.12605047, 0.12675276, 0.12683728, 0.12977545, 0.1300376, 0.13049603, 0.13349715, 0.13430156, 0.13521433, 0.13885438, 0.13889267, 0.14072299, 0.14172965, 0.14257067, 0.14325583, 0.14368287, 0.14399298, 0.1443046, 0.14432862, 0.1518167, 0.15294285, 0.15395154, 0.15515976, 0.15545887, 0.1579842, 0.1595033, 0.15968549, 0.1598726, 0.1602869, 0.1609497, 0.1610584, 0.16240771, 0.16322348, 0.16396344, 0.16630107, 0.16701336, 0.16808175, 0.16966671, 0.17036605, 0.1706633, 0.17155972, 0.1716924, 0.17451878, 0.17478651, 0.17483899, 0.17621328, 0.17652296, 0.17980617, 0.18252814, 0.18876871, 0.18880299, 0.18998149, 0.19087936, 0.1937922, 0.19544005, 0.1965963, 0.19922039, 0.2011076, 0.20260668, 0.20713767, 0.20740926, 0.22242542, 0.22866099, 0.23135732, 0.23858412, 0.24613816, 0.26811898, 0.28924504, 0.29114926]
训练完的损失： []
30/60 epochs...
用时： 0:00:02.783329
开始训练：第31 epoch
预训练的损失： [0.05642981, 0.072146, 0.07906693, 0.07909967, 0.08601166, 0.08612644, 0.08622196, 0.0867006, 0.0874728, 0.088008195, 0.08915089, 0.091113016, 0.09114269, 0.091235906, 0.09247796, 0.09408951, 0.09425956, 0.095255405, 0.0972267, 0.09779025, 0.10134115, 0.10754773, 0.1092401, 0.111651756, 0.11259879, 0.11364977, 0.11464733, 0.11718033, 0.11906717, 0.119438395, 0.11981048, 0.12027648, 0.12099701, 0.1224676, 0.123694696, 0.12427869, 0.12518159, 0.12738252, 0.12912765, 0.12919942, 0.13211249, 0.13325684, 0.13350594, 0.13604274, 0.13678527, 0.13707325, 0.1370953, 0.13710466, 0.13782656, 0.1380857, 0.14437456, 0.14629912, 0.14663813, 0.1489121, 0.14937557, 0.15099655, 0.15113592, 0.153141, 0.15322939, 0.15333712, 0.15335056, 0.15492235, 0.15508838, 0.15613298, 0.1563063, 0.15766755, 0.16020322, 0.16109313, 0.16202326, 0.16285533, 0.16337922, 0.1635159, 0.16603401, 0.16701494, 0.16779229, 0.16888583, 0.16905704, 0.16933928, 0.17284203, 0.17521988, 0.18172273, 0.18180174, 0.18190601, 0.18388999, 0.18730146, 0.18787418, 0.18871488, 0.19227396, 0.19381893, 0.19454229, 0.19848281, 0.1993385, 0.2139857, 0.22012761, 0.22209111, 0.22933075, 0.23668784, 0.2577656, 0.2778321, 0.2795974]
训练完的损失： []
用时： 0:00:02.774959
开始训练：第32 epoch
预训练的损失： [0.05416531, 0.07016033, 0.07550399, 0.07579529, 0.08247568, 0.08267805, 0.08315055, 0.08327313, 0.084091924, 0.084557936, 0.08488648, 0.08614962, 0.0881387, 0.08820012, 0.08825992, 0.09014928, 0.090345755, 0.09127812, 0.09387505, 0.09435382, 0.096404284, 0.10260811, 0.104434215, 0.10702741, 0.1072825, 0.108967215, 0.10956073, 0.11385588, 0.11463616, 0.11465633, 0.11496886, 0.114973545, 0.11558518, 0.11798501, 0.11830083, 0.1189464, 0.12037237, 0.12163961, 0.12326363, 0.12446284, 0.12585258, 0.1267938, 0.12785754, 0.13003609, 0.13045953, 0.13068762, 0.13089648, 0.13180926, 0.13185392, 0.13326222, 0.13720989, 0.13799903, 0.14066358, 0.14253685, 0.14357273, 0.14417285, 0.14469652, 0.14582223, 0.14643732, 0.14735723, 0.14738037, 0.14829583, 0.14874554, 0.14915627, 0.1496793, 0.14987935, 0.1528032, 0.15336888, 0.15559337, 0.15637928, 0.15646473, 0.1570339, 0.15945697, 0.15968111, 0.16068937, 0.1629839, 0.16342744, 0.1635893, 0.16620198, 0.16834988, 0.17398214, 0.17501555, 0.17548427, 0.17724289, 0.18061876, 0.18105005, 0.18112993, 0.18561795, 0.18673983, 0.18695447, 0.19030878, 0.1915634, 0.2060574, 0.21213561, 0.21343318, 0.22042547, 0.22762215, 0.24785072, 0.26703703, 0.26872614]
训练完的损失： []
用时： 0:00:02.774019
开始训练：第33 epoch
预训练的损失： [0.05220009, 0.068315856, 0.072257176, 0.072672546, 0.078411624, 0.07955979, 0.08032752, 0.08066049, 0.08084357, 0.080939464, 0.08140367, 0.08149111, 0.08425842, 0.085271135, 0.08560466, 0.08636248, 0.08684849, 0.08766089, 0.090770654, 0.09110971, 0.09186728, 0.09788193, 0.09998745, 0.10136448, 0.10267505, 0.104814485, 0.10557154, 0.109727874, 0.110116646, 0.11030321, 0.11061524, 0.11065906, 0.11112355, 0.112659, 0.11406382, 0.11442213, 0.115934774, 0.116198525, 0.11794494, 0.119922414, 0.120003395, 0.120462954, 0.122774675, 0.12377852, 0.124332435, 0.12513006, 0.12563668, 0.12616055, 0.1267651, 0.12874177, 0.13018273, 0.13048339, 0.13471022, 0.13500515, 0.13796757, 0.13852693, 0.13884953, 0.13958235, 0.1402351, 0.1416362, 0.14177856, 0.14183424, 0.1419598, 0.14206904, 0.14369676, 0.14382082, 0.14554226, 0.14582519, 0.15007135, 0.15034978, 0.15041527, 0.15107346, 0.15205017, 0.15228263, 0.15557271, 0.156946, 0.15810065, 0.15835603, 0.15978873, 0.16172789, 0.16667458, 0.16861647, 0.16947049, 0.17095391, 0.1735611, 0.1739544, 0.17508617, 0.17917493, 0.1791771, 0.18062055, 0.18268266, 0.18403664, 0.19841442, 0.20449865, 0.20532012, 0.2117489, 0.21898603, 0.2382186, 0.25668898, 0.25825876]
训练完的损失： []
用时： 0:00:02.773237
开始训练：第34 epoch
预训练的损失： [0.050459772, 0.06659877, 0.069285765, 0.06980002, 0.07466448, 0.07680623, 0.07721214, 0.077222645, 0.077677846, 0.07781259, 0.07816488, 0.07852003, 0.08058293, 0.08253835, 0.08284654, 0.0831525, 0.08360299, 0.084422134, 0.08780715, 0.087879196, 0.08810412, 0.0934325, 0.09585787, 0.095875666, 0.09861307, 0.10047661, 0.10237427, 0.105014816, 0.10564049, 0.106050506, 0.1064421, 0.10758674, 0.10763314, 0.10764439, 0.10963531, 0.11081581, 0.11110613, 0.11189489, 0.11290261, 0.11446111, 0.11446132, 0.11580691, 0.117893696, 0.118083715, 0.118698575, 0.11973854, 0.120892294, 0.120983556, 0.12191175, 0.12270546, 0.12400697, 0.12441241, 0.1274649, 0.12981743, 0.13221866, 0.13263947, 0.13272023, 0.13441458, 0.13506988, 0.13516338, 0.13525985, 0.13616079, 0.13619384, 0.13659403, 0.1380069, 0.13840005, 0.13862729, 0.13932872, 0.14402965, 0.14467177, 0.14483255, 0.14544076, 0.14546996, 0.14558485, 0.15060936, 0.15121189, 0.15297653, 0.15343352, 0.15377945, 0.15539107, 0.15963604, 0.16253173, 0.16376485, 0.16499636, 0.16692448, 0.16722284, 0.16937274, 0.17182685, 0.17296448, 0.17474243, 0.17543551, 0.17679474, 0.19107375, 0.19716099, 0.19773786, 0.20336556, 0.21071473, 0.22898367, 0.24687144, 0.2483209]
训练完的损失： []
用时： 0:00:02.782875
开始训练：第35 epoch
预训练的损失： [0.04892707, 0.0649408, 0.06667549, 0.06715636, 0.07120428, 0.07336284, 0.07386127, 0.0743228, 0.07484631, 0.075169295, 0.07577807, 0.07592987, 0.07719582, 0.0795957, 0.079955444, 0.08066125, 0.08086318, 0.08145886, 0.0840143, 0.085182376, 0.08531732, 0.08914173, 0.09076982, 0.09197754, 0.09482899, 0.096334234, 0.099425554, 0.10060511, 0.10147686, 0.10179525, 0.10288351, 0.10289924, 0.10438143, 0.10459952, 0.10549694, 0.1065311, 0.10740606, 0.10816319, 0.10818747, 0.10881644, 0.10940772, 0.111865155, 0.112757176, 0.11329783, 0.11347298, 0.114654526, 0.11585097, 0.11622894, 0.11641027, 0.117237896, 0.11780569, 0.120508, 0.12061893, 0.12488659, 0.12595583, 0.12717216, 0.12756957, 0.12858245, 0.12894458, 0.1290716, 0.13074616, 0.13096502, 0.1310054, 0.13159338, 0.13203295, 0.132467, 0.13319722, 0.13363941, 0.13820006, 0.13830094, 0.13893282, 0.1393449, 0.14025551, 0.14108802, 0.145754, 0.14588372, 0.14795028, 0.14807385, 0.14872022, 0.1493674, 0.15303439, 0.15683234, 0.15836933, 0.15933958, 0.1605814, 0.16084318, 0.16388306, 0.16484568, 0.16705851, 0.16867532, 0.16921316, 0.16984755, 0.18401854, 0.19012785, 0.19054204, 0.19539723, 0.20287946, 0.22017819, 0.23750828, 0.23886439]
训练完的损失： []
用时： 0:00:02.770575
开始训练：第36 epoch
预训练的损失： [0.047579095, 0.06335238, 0.064288124, 0.064750105, 0.068059236, 0.06985816, 0.070759624, 0.072036475, 0.072087064, 0.07285382, 0.07352003, 0.07355988, 0.07408265, 0.076608494, 0.07741214, 0.07794569, 0.078731224, 0.07873196, 0.080505, 0.08270853, 0.08277438, 0.0852648, 0.08601634, 0.08836308, 0.09137286, 0.09258286, 0.096516274, 0.096533194, 0.09756797, 0.0978224, 0.098361336, 0.099674605, 0.10133004, 0.10168157, 0.10177606, 0.102300875, 0.10348264, 0.10401852, 0.10414219, 0.10458371, 0.10474854, 0.10782346, 0.10809777, 0.10857559, 0.10900116, 0.10930119, 0.10991864, 0.11181567, 0.11195176, 0.11213781, 0.112860285, 0.11412972, 0.116767436, 0.1199027, 0.12025683, 0.12198101, 0.12241999, 0.122721, 0.12324694, 0.12380252, 0.12581566, 0.12609583, 0.12627883, 0.12691945, 0.12700063, 0.12724975, 0.12742834, 0.1288076, 0.13190006, 0.13286173, 0.13295618, 0.13431007, 0.1353111, 0.13686444, 0.14067632, 0.14139603, 0.14258859, 0.14317757, 0.14361647, 0.14426775, 0.1468043, 0.15150769, 0.15317158, 0.15399987, 0.1546166, 0.15480185, 0.1581808, 0.15857463, 0.16145429, 0.16232751, 0.16318566, 0.16415074, 0.17724565, 0.18335778, 0.1838977, 0.18780832, 0.19536361, 0.21164572, 0.22846143, 0.22988096]
训练完的损失： []
用时： 0:00:02.782904
开始训练：第37 epoch
预训练的损失： [0.04642852, 0.06179, 0.062087353, 0.06256861, 0.06516579, 0.06662673, 0.06786063, 0.06942693, 0.07003355, 0.070668936, 0.07133159, 0.0713637, 0.07140025, 0.07391024, 0.07504122, 0.075469546, 0.07612951, 0.076812595, 0.07732274, 0.080394216, 0.08041776, 0.08152059, 0.08172562, 0.08495429, 0.088060856, 0.08914774, 0.09259628, 0.093748406, 0.09392251, 0.09415987, 0.09416991, 0.0966987, 0.098194435, 0.09842326, 0.098444656, 0.0985944, 0.099064484, 0.10003582, 0.10010187, 0.10104969, 0.10154159, 0.10315077, 0.10328218, 0.10398178, 0.104584895, 0.1049699, 0.10540353, 0.106456324, 0.107681215, 0.10806151, 0.10811271, 0.108695105, 0.11322415, 0.11420894, 0.11585801, 0.11677079, 0.11699873, 0.11779753, 0.11815971, 0.118899494, 0.121066704, 0.12121387, 0.121324375, 0.12200433, 0.1224194, 0.122584656, 0.12317653, 0.124127194, 0.12617582, 0.12703459, 0.1279163, 0.12946129, 0.13090757, 0.1328828, 0.1358257, 0.13713063, 0.137431, 0.13822943, 0.13851607, 0.13990614, 0.14087585, 0.14648587, 0.14827602, 0.14881456, 0.14895393, 0.1490865, 0.15185583, 0.15344834, 0.1560983, 0.15626362, 0.15684663, 0.15935317, 0.170797, 0.1769609, 0.17751783, 0.18056151, 0.18820924, 0.20341244, 0.21982643, 0.22126839]
训练完的损失： []
用时： 0:00:02.774462
开始训练：第38 epoch
预训练的损失： [0.045382835, 0.060052916, 0.06028425, 0.060511112, 0.0625944, 0.063849956, 0.06513809, 0.06701003, 0.06811767, 0.06863269, 0.06875251, 0.0693692, 0.06943855, 0.07139744, 0.07275283, 0.0731638, 0.07372351, 0.074415475, 0.07502402, 0.07776931, 0.07802288, 0.07822113, 0.07827042, 0.081737846, 0.0849761, 0.0859959, 0.088821724, 0.090141594, 0.09051467, 0.090731435, 0.09107517, 0.09394485, 0.094022065, 0.09475605, 0.094961286, 0.09577274, 0.09588308, 0.09637205, 0.09646326, 0.097872935, 0.09807353, 0.09858703, 0.09881115, 0.099656224, 0.10116522, 0.1011671, 0.101185046, 0.10121626, 0.10253005, 0.10386348, 0.104154214, 0.10476504, 0.108783975, 0.10991825, 0.11141833, 0.11175822, 0.11225191, 0.11263414, 0.113831796, 0.11428429, 0.116258234, 0.11689077, 0.11690159, 0.11690447, 0.117844924, 0.11846234, 0.119461834, 0.11957859, 0.120868966, 0.12152503, 0.12320186, 0.12495063, 0.12675563, 0.1291565, 0.13116606, 0.1325756, 0.13300306, 0.13306528, 0.1339843, 0.1353336, 0.1357097, 0.14180966, 0.1434764, 0.14352515, 0.14366437, 0.14390682, 0.14582494, 0.14853212, 0.15067662, 0.15073797, 0.15109532, 0.15476467, 0.16460869, 0.17082614, 0.17157534, 0.17368223, 0.18126242, 0.19545996, 0.21156836, 0.21311997]
训练完的损失： []
用时： 0:00:02.775768
开始训练：第39 epoch
预训练的损失： [0.04445295, 0.058183655, 0.05871715, 0.05889929, 0.060207188, 0.06136761, 0.06255363, 0.06476797, 0.06635834, 0.06636292, 0.06673488, 0.06755276, 0.06756283, 0.06909925, 0.070608765, 0.07101941, 0.07144192, 0.071809694, 0.07334488, 0.074265845, 0.07475905, 0.07615864, 0.07629458, 0.078658946, 0.08214821, 0.08306509, 0.08528644, 0.086322755, 0.08724019, 0.08763173, 0.08845246, 0.089853175, 0.09131024, 0.091372415, 0.09193809, 0.091939904, 0.09280422, 0.092979945, 0.09326839, 0.09397787, 0.09481966, 0.09523906, 0.0955735, 0.09584321, 0.096423864, 0.09711279, 0.09736773, 0.09755515, 0.09800446, 0.10035093, 0.10049574, 0.101037376, 0.10375763, 0.10650757, 0.1067797, 0.10780029, 0.10783553, 0.10786702, 0.10965592, 0.10991676, 0.111858755, 0.1120432, 0.11258429, 0.11287008, 0.11346145, 0.11460255, 0.115128286, 0.11581052, 0.11589174, 0.11628397, 0.11875448, 0.120635405, 0.12295191, 0.12563676, 0.12677662, 0.12797415, 0.12812595, 0.12912235, 0.12966223, 0.13016672, 0.13167197, 0.13733654, 0.13833775, 0.13851619, 0.1389454, 0.1392417, 0.1401263, 0.14380448, 0.14488009, 0.14544182, 0.14643651, 0.15042812, 0.15879028, 0.1650157, 0.16584025, 0.16708991, 0.1745688, 0.18779293, 0.20362669, 0.2053594]
训练完的损失： []
用时： 0:00:02.770375
开始训练：第40 epoch
预训练的损失： [0.04359469, 0.056434266, 0.05707761, 0.057532266, 0.05801693, 0.059115015, 0.060193785, 0.06266684, 0.06420426, 0.064701244, 0.064999975, 0.065801345, 0.06584583, 0.06693572, 0.06853889, 0.06900367, 0.06926072, 0.06940761, 0.071032055, 0.071736544, 0.0718096, 0.0742406, 0.07448226, 0.075790755, 0.079480655, 0.08034216, 0.08189318, 0.08270579, 0.08418227, 0.084782995, 0.08591293, 0.0859727, 0.08804935, 0.08825168, 0.08854617, 0.08902534, 0.08905868, 0.0894625, 0.09089133, 0.09105083, 0.09156513, 0.091740094, 0.09191424, 0.09248848, 0.09251286, 0.09322108, 0.09324637, 0.094144195, 0.095012836, 0.09698625, 0.09705293, 0.09747025, 0.0990481, 0.10189812, 0.103348255, 0.103514835, 0.103748664, 0.10419813, 0.105728775, 0.10582352, 0.10738379, 0.10787442, 0.10851521, 0.10908276, 0.10936464, 0.11088435, 0.11088659, 0.1110142, 0.111345485, 0.112437375, 0.114541784, 0.11665417, 0.1194116, 0.12234569, 0.12260711, 0.12338513, 0.12366383, 0.12524393, 0.12542161, 0.12546971, 0.12776008, 0.13305853, 0.133365, 0.13382041, 0.13459599, 0.13472176, 0.13475779, 0.13913354, 0.13925454, 0.14051259, 0.14210758, 0.14623505, 0.15323785, 0.1594728, 0.16038583, 0.16082186, 0.16814977, 0.18048239, 0.19605967, 0.19793293]
训练完的损失： []
40/60 epochs...
用时： 0:00:02.781985
开始训练：第41 epoch
预训练的损失： [0.042809673, 0.05482512, 0.05556943, 0.056077708, 0.05625521, 0.057007104, 0.057968896, 0.06076195, 0.062202707, 0.06314418, 0.063366435, 0.064089596, 0.06421865, 0.06495693, 0.06665084, 0.06709859, 0.06717105, 0.06721446, 0.06814976, 0.06896533, 0.07030675, 0.07244345, 0.07274244, 0.07304366, 0.07698117, 0.07777757, 0.078724936, 0.0792298, 0.081272855, 0.08219963, 0.082380146, 0.08343913, 0.084565654, 0.084829986, 0.08493063, 0.08620748, 0.086346716, 0.086778894, 0.08752328, 0.08770251, 0.08806582, 0.08813031, 0.088648506, 0.089281596, 0.089533806, 0.089853704, 0.09070853, 0.090842284, 0.09220202, 0.09370898, 0.0940211, 0.0941208, 0.09470402, 0.09758663, 0.099159025, 0.0994169, 0.10077002, 0.10090832, 0.101877645, 0.101933986, 0.103089035, 0.10422176, 0.10464464, 0.10546709, 0.10551747, 0.1065001, 0.106657155, 0.10685122, 0.10735443, 0.109125644, 0.110525, 0.11283742, 0.11606424, 0.11865282, 0.118883185, 0.119178444, 0.119543806, 0.120562, 0.12145519, 0.121827185, 0.12398377, 0.12866177, 0.12901911, 0.12932691, 0.12979801, 0.13042377, 0.13044839, 0.13381118, 0.13456489, 0.13585925, 0.13796026, 0.14221075, 0.147928, 0.15408808, 0.15494087, 0.1551199, 0.16200227, 0.17350355, 0.18880874, 0.19091117]
训练完的损失： []
用时： 0:00:02.771433
开始训练：第42 epoch
预训练的损失： [0.042113934, 0.053364165, 0.054178134, 0.05428928, 0.05501628, 0.055094298, 0.05592694, 0.058931787, 0.06030791, 0.06166435, 0.061880104, 0.062459372, 0.06271874, 0.063073136, 0.06481676, 0.065179944, 0.06518864, 0.06532194, 0.0655603, 0.06641148, 0.06889093, 0.070417345, 0.070724405, 0.0711769, 0.07468395, 0.07538895, 0.075646855, 0.07602759, 0.078491926, 0.078992695, 0.079722725, 0.08090484, 0.081004634, 0.08155126, 0.08194703, 0.08319491, 0.083717935, 0.08379157, 0.08388945, 0.08416688, 0.08468199, 0.084796354, 0.08606006, 0.086500004, 0.08705004, 0.08732486, 0.087718114, 0.088348664, 0.08953257, 0.09060387, 0.09060837, 0.090847485, 0.09118469, 0.09356223, 0.095228486, 0.095456585, 0.09749965, 0.098171204, 0.09820061, 0.09837274, 0.098934785, 0.10090615, 0.10093176, 0.10181631, 0.10207336, 0.10224834, 0.1023539, 0.10300515, 0.10397577, 0.10589248, 0.106744274, 0.10923242, 0.11284459, 0.11450216, 0.11487782, 0.115616105, 0.1161653, 0.11616942, 0.11758864, 0.118398435, 0.12029891, 0.12417774, 0.12511219, 0.12513192, 0.12513223, 0.12632355, 0.12645608, 0.1286354, 0.13010217, 0.13152888, 0.13409469, 0.13837042, 0.14281756, 0.14897487, 0.14948484, 0.1500305, 0.15616405, 0.16681385, 0.18194148, 0.18409774]
训练完的损失： []
用时： 0:00:02.786136
开始训练：第43 epoch
预训练的损失： [0.041483235, 0.052039195, 0.052637044, 0.052922934, 0.05332356, 0.053835176, 0.054015867, 0.057226926, 0.058549862, 0.060248096, 0.06047016, 0.060893808, 0.061275594, 0.061388645, 0.063071266, 0.063225314, 0.06328012, 0.06329896, 0.063665904, 0.06406196, 0.06752823, 0.06791932, 0.069068104, 0.06968813, 0.072488315, 0.07271086, 0.07307029, 0.07309714, 0.07577133, 0.0758399, 0.07743558, 0.077598535, 0.07850155, 0.078650475, 0.07913126, 0.08004561, 0.08013433, 0.08017339, 0.08099806, 0.081224374, 0.08176584, 0.08270884, 0.082732044, 0.08445333, 0.084775046, 0.08483967, 0.08491359, 0.08606662, 0.08686369, 0.08703732, 0.08771379, 0.0877761, 0.08851637, 0.08975999, 0.09148049, 0.09168996, 0.09440441, 0.09469049, 0.09507295, 0.0950924, 0.095608674, 0.09742957, 0.097875655, 0.09823406, 0.098332375, 0.09837159, 0.098805375, 0.09933786, 0.10074437, 0.102781266, 0.10305015, 0.10580254, 0.109728366, 0.11028303, 0.111272186, 0.11187309, 0.11196895, 0.11323608, 0.11380728, 0.115015954, 0.11673555, 0.11988222, 0.12073575, 0.12117302, 0.121424936, 0.122343495, 0.12259579, 0.12369372, 0.1257225, 0.12733316, 0.13037121, 0.13465995, 0.13797851, 0.14413351, 0.14428146, 0.14505397, 0.15045612, 0.16037896, 0.1753895, 0.17775533]
训练完的损失： []
用时： 0:00:02.781420
开始训练：第44 epoch
预训练的损失： [0.04092405, 0.050792992, 0.05114249, 0.05167894, 0.051735006, 0.052292682, 0.052695554, 0.055596884, 0.056913905, 0.058890328, 0.059119616, 0.05938712, 0.05984324, 0.059899513, 0.061092563, 0.061394997, 0.06143228, 0.061566945, 0.06190256, 0.062114947, 0.06563306, 0.06624375, 0.0674819, 0.06823598, 0.0699466, 0.07035636, 0.07041978, 0.07095057, 0.072915375, 0.073286995, 0.07461683, 0.075264245, 0.075672105, 0.07634822, 0.076352954, 0.07641798, 0.07665716, 0.07739532, 0.07799025, 0.07874079, 0.07889961, 0.07966885, 0.080869615, 0.08192474, 0.08241193, 0.08254307, 0.0828478, 0.08344626, 0.083872505, 0.08469673, 0.08490528, 0.08492272, 0.08596353, 0.08618795, 0.08791433, 0.088108875, 0.091296986, 0.09139368, 0.09148505, 0.09197696, 0.09320092, 0.09405604, 0.0943874, 0.094594836, 0.09504851, 0.09506394, 0.09576718, 0.09591618, 0.09770982, 0.099501684, 0.09975508, 0.1024891, 0.10626945, 0.106885836, 0.107847095, 0.10799568, 0.108324625, 0.11017452, 0.110460386, 0.11176669, 0.113299966, 0.11578889, 0.116493, 0.11739389, 0.11795747, 0.11857018, 0.11885355, 0.118879795, 0.121480905, 0.12335603, 0.12683035, 0.13110799, 0.13327365, 0.13931432, 0.13959023, 0.14031978, 0.14497319, 0.154155, 0.16908503, 0.17155406]
训练完的损失： []
用时： 0:00:02.773729
开始训练：第45 epoch
预训练的损失： [0.040415816, 0.049605742, 0.049758963, 0.050227225, 0.05065222, 0.05069968, 0.051605366, 0.054120578, 0.055434033, 0.057610318, 0.057819042, 0.05794216, 0.058402047, 0.058577076, 0.05912307, 0.059748888, 0.059790008, 0.05991896, 0.059933268, 0.06069205, 0.06346219, 0.065001704, 0.066003665, 0.06685737, 0.06734262, 0.067840345, 0.06851044, 0.06893198, 0.07035372, 0.07086419, 0.07189408, 0.072902545, 0.07299465, 0.073242396, 0.07349254, 0.073919185, 0.074109845, 0.07466569, 0.07514944, 0.07628444, 0.07635224, 0.07669777, 0.079082966, 0.07925559, 0.08005637, 0.08029847, 0.080700964, 0.08079945, 0.08176744, 0.08219397, 0.08220241, 0.082496494, 0.08281961, 0.08345099, 0.08460359, 0.084751174, 0.087914586, 0.08807117, 0.088726364, 0.0891202, 0.09063907, 0.09082332, 0.09092984, 0.091059566, 0.09192057, 0.09247117, 0.092591554, 0.092856854, 0.09485887, 0.09612174, 0.09681243, 0.09931037, 0.10242909, 0.10420039, 0.10422094, 0.104597196, 0.10493873, 0.10666238, 0.10771932, 0.10853738, 0.10995719, 0.11186879, 0.11249387, 0.11384697, 0.11431825, 0.11460462, 0.114933245, 0.11527191, 0.11731236, 0.119540974, 0.12341423, 0.12763092, 0.12882139, 0.13455148, 0.1352322, 0.13566098, 0.13971277, 0.14818716, 0.1631152, 0.16561502]
训练完的损失： []
用时： 0:00:02.770865
开始训练：第46 epoch
预训练的损失： [0.039941017, 0.048486512, 0.048506908, 0.048903957, 0.049230196, 0.049621522, 0.05057275, 0.052697785, 0.05403845, 0.0563953, 0.056535676, 0.056577627, 0.057120085, 0.05730512, 0.05732601, 0.058088616, 0.05815099, 0.05818212, 0.058382377, 0.059341736, 0.061488938, 0.0638366, 0.06462054, 0.06489188, 0.0655307, 0.065545306, 0.06669213, 0.067014724, 0.06788943, 0.068542704, 0.069397055, 0.06965451, 0.07046479, 0.070485435, 0.07130029, 0.071554296, 0.0718862, 0.071982615, 0.072460294, 0.073795095, 0.07391946, 0.07399601, 0.076692335, 0.07733612, 0.07734214, 0.077829674, 0.07883844, 0.0789721, 0.07963778, 0.07970323, 0.07972763, 0.07977364, 0.08040219, 0.081071965, 0.08142947, 0.08150239, 0.08459171, 0.08502465, 0.08607285, 0.08641766, 0.087119736, 0.0877395, 0.087739885, 0.08873793, 0.08893719, 0.0894112, 0.09004913, 0.090085715, 0.09213704, 0.09284613, 0.09397128, 0.0962625, 0.09876636, 0.100593776, 0.1014254, 0.10165316, 0.10167281, 0.103191614, 0.105044544, 0.10543606, 0.10670901, 0.10805388, 0.108668745, 0.10990026, 0.110413685, 0.11141738, 0.11148046, 0.11181531, 0.11320937, 0.115886465, 0.12012872, 0.12428593, 0.12454754, 0.1301168, 0.13108365, 0.13109717, 0.13467962, 0.14252944, 0.15738401, 0.15998039]
训练完的损失： []
用时： 0:00:02.786974
开始训练：第47 epoch
预训练的损失： [0.039506238, 0.04736495, 0.047486186, 0.047678813, 0.047835834, 0.048685685, 0.049579155, 0.051372603, 0.05273179, 0.055205695, 0.055212207, 0.055366702, 0.055633664, 0.05595281, 0.056113202, 0.056349974, 0.056642644, 0.05664614, 0.05690163, 0.058070734, 0.05960454, 0.06256904, 0.06270146, 0.063273385, 0.06337287, 0.06430011, 0.064920016, 0.06520659, 0.06564465, 0.06633617, 0.066573486, 0.06717703, 0.06769684, 0.068124294, 0.06928571, 0.06940283, 0.06945784, 0.06970707, 0.069876924, 0.071276516, 0.071505845, 0.07174097, 0.074256696, 0.07461299, 0.07563545, 0.0756681, 0.07694629, 0.07699993, 0.077158764, 0.07729392, 0.07742044, 0.07771365, 0.078444116, 0.078459226, 0.07849154, 0.07878788, 0.08144082, 0.0820138, 0.08357623, 0.08376881, 0.08381483, 0.08466533, 0.084736094, 0.086131185, 0.08638975, 0.08668129, 0.08743155, 0.08774787, 0.08953905, 0.089756384, 0.09121439, 0.093336284, 0.095276706, 0.09718087, 0.098416835, 0.09856014, 0.09925868, 0.09988782, 0.102351055, 0.1024526, 0.10353966, 0.10441716, 0.10502443, 0.105683856, 0.10713411, 0.10816726, 0.10837416, 0.108467296, 0.10924411, 0.11234191, 0.116961665, 0.120391525, 0.121036544, 0.12589632, 0.12662017, 0.12713256, 0.12977302, 0.13716151, 0.15189047, 0.15462294]
训练完的损失： []
用时： 0:00:02.780530
开始训练：第48 epoch
预训练的损失： [0.03909799, 0.046321914, 0.046547092, 0.046562575, 0.046572737, 0.047807727, 0.048663005, 0.050083652, 0.051482484, 0.05389835, 0.054062285, 0.054075137, 0.054195695, 0.054722056, 0.054877304, 0.054963924, 0.055137254, 0.05523832, 0.055475935, 0.05685804, 0.057776142, 0.06034804, 0.06134461, 0.061650794, 0.061965518, 0.06310623, 0.06323391, 0.06343237, 0.06353912, 0.06375138, 0.06426032, 0.0650774, 0.065131694, 0.06582541, 0.06695205, 0.06709204, 0.06751594, 0.06762138, 0.06763694, 0.06874389, 0.06930274, 0.06953549, 0.07191821, 0.0720629, 0.07358347, 0.0740325, 0.07428971, 0.074775144, 0.07524869, 0.07525121, 0.07559596, 0.07567012, 0.075679466, 0.07583072, 0.076586455, 0.07665774, 0.078463696, 0.07914883, 0.08060372, 0.08115556, 0.08143223, 0.08181462, 0.081817135, 0.08339405, 0.08354618, 0.084704064, 0.08491271, 0.08553985, 0.08676588, 0.08706122, 0.088578194, 0.09046446, 0.092004895, 0.09393853, 0.09554352, 0.09559686, 0.09665315, 0.09693462, 0.09938754, 0.09986516, 0.10047845, 0.10089336, 0.101537734, 0.10163978, 0.1040757, 0.10494085, 0.10525864, 0.10536814, 0.10544811, 0.10887073, 0.11391964, 0.116438985, 0.117913425, 0.12193383, 0.12231653, 0.12337141, 0.12512086, 0.13189045, 0.1466451, 0.14949717]
训练完的损失： []
用时： 0:00:02.771160
开始训练：第49 epoch
预训练的损失： [0.038727943, 0.04537504, 0.04542558, 0.04556202, 0.045697942, 0.047009863, 0.04777886, 0.04887064, 0.050337955, 0.05265974, 0.052719757, 0.052994736, 0.05307313, 0.05321697, 0.05374071, 0.05385106, 0.05388666, 0.053937554, 0.054146294, 0.05566968, 0.056080915, 0.05831458, 0.059467033, 0.060621932, 0.060656663, 0.061179638, 0.06155747, 0.06164092, 0.061808497, 0.06195879, 0.062285226, 0.062742144, 0.06318978, 0.06366457, 0.06463393, 0.06504995, 0.06533407, 0.06556657, 0.06592704, 0.066408075, 0.06720133, 0.06745571, 0.069665834, 0.06968225, 0.07159774, 0.071782656, 0.07245742, 0.07249707, 0.072831735, 0.07305585, 0.07323468, 0.07359375, 0.074039824, 0.07412073, 0.074434645, 0.07503354, 0.07562879, 0.07645565, 0.07759037, 0.07878406, 0.07902837, 0.07907995, 0.07911837, 0.0808132, 0.080851376, 0.08241779, 0.08279417, 0.08346091, 0.08388522, 0.0846927, 0.086074986, 0.08773619, 0.08895209, 0.09077639, 0.09270031, 0.092794776, 0.0935234, 0.09468077, 0.09649545, 0.097356886, 0.0974682, 0.09753778, 0.09769316, 0.09818204, 0.101144634, 0.10162171, 0.10180291, 0.10213622, 0.10263741, 0.10555779, 0.110937536, 0.11262828, 0.11490613, 0.118076585, 0.11819613, 0.11987, 0.12053711, 0.12689632, 0.14154184, 0.14460583]
训练完的损失： []
用时： 0:00:02.780551
开始训练：第50 epoch
预训练的损失： [0.038376205, 0.04436494, 0.044526182, 0.04464349, 0.04489984, 0.04626705, 0.04693594, 0.0477303, 0.04926741, 0.051458538, 0.051483765, 0.051786058, 0.05195844, 0.051974706, 0.052341744, 0.052729473, 0.05276823, 0.052872226, 0.05297364, 0.054442044, 0.05452176, 0.05641179, 0.057678554, 0.05883929, 0.0594346, 0.05963573, 0.059753384, 0.0601066, 0.060300678, 0.060404167, 0.060540266, 0.060826898, 0.061388806, 0.061627094, 0.062391717, 0.06311303, 0.06325281, 0.063633166, 0.06421571, 0.06432642, 0.065191716, 0.06545834, 0.06746297, 0.067545325, 0.069412604, 0.06969032, 0.07027604, 0.0703383, 0.07061042, 0.070903964, 0.07129251, 0.07202496, 0.072338134, 0.07236799, 0.07259542, 0.073000096, 0.07349545, 0.07386759, 0.074768595, 0.07632003, 0.07647717, 0.07649639, 0.07688989, 0.07828388, 0.07834035, 0.07999334, 0.080999985, 0.08107061, 0.08145986, 0.0824156, 0.083757356, 0.08510024, 0.086046055, 0.08774082, 0.08994645, 0.09011674, 0.09049529, 0.092506155, 0.09374695, 0.093937606, 0.094258234, 0.09453033, 0.09494388, 0.094985805, 0.09794179, 0.098337755, 0.09877039, 0.09916786, 0.09994397, 0.10240616, 0.10812189, 0.1089776, 0.111938775, 0.11392623, 0.114647545, 0.11620259, 0.11649184, 0.12213653, 0.13662183, 0.13991684]
训练完的损失： []
50/60 epochs...
Save to path:  HTRS_model/save_DBP15k_ja_en.ckpt
用时： 0:00:35.669404
开始训练：第51 epoch
数据准备：
负采样：
开始时间： 2022-05-14 15:21:55
结束时间： 2022-05-14 15:23:19
用时 0:01:23.467397
负采样：
开始时间： 2022-05-14 15:23:19
结束时间： 2022-05-14 15:24:41
用时 0:01:22.080553
预训练的损失： []
训练完的损失： [0.055951513, 0.06503234, 0.06571039, 0.06644345, 0.06663774, 0.070037395, 0.071754456, 0.075363696, 0.07563192, 0.07568747, 0.077506825, 0.07764591, 0.07949539, 0.081138656, 0.08148651, 0.083142005, 0.08348777, 0.08359551, 0.08390605, 0.08410978, 0.0841199, 0.08429645, 0.08506089, 0.085719526, 0.08630503, 0.087455764, 0.087545976, 0.08759708, 0.08889405, 0.08999643, 0.090087675, 0.09531775, 0.09576387, 0.0957945, 0.096374616, 0.097038746, 0.09894232, 0.0990829, 0.0996324, 0.10010763, 0.100181624, 0.101112746, 0.10304551, 0.10423277, 0.10474546, 0.10589746, 0.1063879, 0.106431365, 0.106451355, 0.10686193, 0.10830958, 0.109390765, 0.109781496, 0.10995255, 0.111275196, 0.11183183, 0.11193973, 0.1121233, 0.11329287, 0.11336546, 0.11418468, 0.115238614, 0.11578686, 0.11607678, 0.11748561, 0.1188631, 0.12025102, 0.12117493, 0.1225357, 0.123019226, 0.123873055, 0.12715238, 0.12829296, 0.12874219, 0.12965384, 0.12968996, 0.12975, 0.13091078, 0.13266796, 0.13375463, 0.13411996, 0.13420695, 0.1367251, 0.14168358, 0.1423262, 0.14254762, 0.14469196, 0.14594398, 0.14972913, 0.1504312, 0.15143523, 0.156731, 0.15699989, 0.15828797, 0.17396611, 0.17509146, 0.17531969, 0.17542012, 0.18580458, 0.18702617]
用时： 0:05:56.457097
开始训练：第52 epoch
预训练的损失： []
训练完的损失： [0.053738877, 0.061517425, 0.062417295, 0.063270874, 0.063665636, 0.06698209, 0.067247614, 0.07173879, 0.07215626, 0.07227443, 0.07346925, 0.073823705, 0.074438736, 0.07646459, 0.07771484, 0.079174, 0.07947593, 0.07949275, 0.079755686, 0.079909444, 0.079933785, 0.07997588, 0.08087322, 0.08147153, 0.0817997, 0.0830386, 0.08336411, 0.08365313, 0.08452685, 0.08540513, 0.08628083, 0.08949039, 0.09088543, 0.092073694, 0.09231303, 0.09244173, 0.093274616, 0.093421645, 0.09379583, 0.09465226, 0.09609081, 0.09623436, 0.09649789, 0.09869465, 0.100468546, 0.100593396, 0.10093939, 0.10102779, 0.10125002, 0.10127293, 0.101496436, 0.10377578, 0.10397122, 0.104257025, 0.10505188, 0.10583831, 0.10610449, 0.10635211, 0.10747521, 0.10796981, 0.108085446, 0.109592475, 0.10963744, 0.11100013, 0.11210714, 0.11250352, 0.11482952, 0.11529602, 0.11730601, 0.11743219, 0.11791959, 0.12171589, 0.12226929, 0.12240179, 0.12309611, 0.123795845, 0.12443444, 0.12504193, 0.12681083, 0.12687172, 0.12871511, 0.12887032, 0.1312895, 0.1356411, 0.13607028, 0.13705955, 0.13862279, 0.13926414, 0.1424822, 0.14432973, 0.14499675, 0.14953353, 0.15027884, 0.15138529, 0.16678932, 0.16728248, 0.16774, 0.16827744, 0.17798355, 0.17827487]
用时： 0:00:16.009402
开始训练：第53 epoch
预训练的损失： []
训练完的损失： [0.05224303, 0.05888221, 0.06010945, 0.06095069, 0.062046707, 0.06379245, 0.06492726, 0.06877155, 0.06966961, 0.0697172, 0.07032233, 0.070979714, 0.071117, 0.07275441, 0.07487548, 0.07578028, 0.07648435, 0.07657543, 0.07663567, 0.076769985, 0.07684125, 0.07684778, 0.07686002, 0.07786437, 0.07899932, 0.079742715, 0.08017613, 0.08075391, 0.081223905, 0.08176261, 0.08384839, 0.08484305, 0.08711593, 0.088426076, 0.08850702, 0.088703744, 0.0889049, 0.08922737, 0.08943499, 0.090976685, 0.09107021, 0.09189288, 0.09333506, 0.09375273, 0.09568061, 0.0958264, 0.097175054, 0.0974045, 0.09745653, 0.09755342, 0.09763003, 0.098916024, 0.09895599, 0.09933761, 0.09978472, 0.100019366, 0.10115237, 0.10204736, 0.10297715, 0.10354252, 0.10370249, 0.10391299, 0.104273796, 0.106422074, 0.1074868, 0.108964644, 0.1101422, 0.11024237, 0.11178961, 0.11307727, 0.11383441, 0.1169108, 0.11706744, 0.11709493, 0.117870584, 0.11879241, 0.119797476, 0.11998299, 0.12093489, 0.121827915, 0.12489277, 0.12503338, 0.12687187, 0.13004126, 0.13097543, 0.13213111, 0.13231158, 0.13473277, 0.13646889, 0.13856679, 0.14038493, 0.14349008, 0.1443116, 0.14553303, 0.16017896, 0.16131815, 0.16136014, 0.1621694, 0.17049472, 0.17101581]
用时： 0:00:15.983202
开始训练：第54 epoch
预训练的损失： []
训练完的损失： [0.05114983, 0.056810282, 0.058283962, 0.05908335, 0.060646936, 0.06088566, 0.06315248, 0.06627858, 0.06749293, 0.06750119, 0.067587145, 0.067998305, 0.06863748, 0.069750905, 0.072271824, 0.072701685, 0.07356724, 0.073626734, 0.07379188, 0.0738596, 0.07400787, 0.07431232, 0.07434015, 0.07460346, 0.07674798, 0.07687652, 0.07730318, 0.07806739, 0.07819943, 0.07821734, 0.08065851, 0.08158189, 0.0837858, 0.083893985, 0.08418226, 0.08479124, 0.08575565, 0.085863076, 0.08643245, 0.087072775, 0.08805488, 0.08825395, 0.08941682, 0.09081588, 0.0911095, 0.09131944, 0.093453184, 0.09394373, 0.09405689, 0.09410026, 0.094195314, 0.094279416, 0.094376236, 0.09451724, 0.0948052, 0.09641822, 0.09701865, 0.09792258, 0.09855418, 0.0988593, 0.09922453, 0.099736154, 0.10035487, 0.101450905, 0.10441157, 0.105449915, 0.10563592, 0.10592567, 0.10670352, 0.109076194, 0.11000441, 0.11177959, 0.11192478, 0.112886295, 0.11333594, 0.114161745, 0.11493395, 0.11558193, 0.11583493, 0.117257856, 0.12112372, 0.12144943, 0.12278713, 0.12493982, 0.12627293, 0.12687196, 0.12745406, 0.13033585, 0.13093619, 0.13289978, 0.13613556, 0.13789457, 0.13906714, 0.13984947, 0.15384357, 0.15567626, 0.15593281, 0.15606163, 0.16317849, 0.16448079]
用时： 0:00:15.950577
开始训练：第55 epoch
预训练的损失： []
训练完的损失： [0.050302252, 0.055161722, 0.05673416, 0.057500668, 0.05855203, 0.059413075, 0.061519604, 0.063980974, 0.06506215, 0.06530181, 0.06547221, 0.065640256, 0.06657304, 0.06729351, 0.06985141, 0.06988467, 0.07077205, 0.07101737, 0.071039885, 0.07120899, 0.07131732, 0.07148109, 0.07243626, 0.0725722, 0.07407581, 0.074754186, 0.07495318, 0.07502529, 0.07507443, 0.07584037, 0.077034876, 0.07959907, 0.07982303, 0.080276564, 0.08082706, 0.081259355, 0.0812899, 0.08298477, 0.0839378, 0.08494152, 0.08495532, 0.08551851, 0.08554844, 0.08686417, 0.08722701, 0.088592604, 0.08903558, 0.08967972, 0.09012318, 0.09031857, 0.09034559, 0.09054086, 0.09105289, 0.091529, 0.09246354, 0.093096815, 0.09318447, 0.09405155, 0.09423637, 0.094537176, 0.0945625, 0.09625745, 0.09714572, 0.09737553, 0.101160325, 0.10151537, 0.10197126, 0.10201368, 0.102624625, 0.105268046, 0.10653972, 0.1069708, 0.10726359, 0.1088855, 0.109059036, 0.10986609, 0.11021405, 0.1107007, 0.11198996, 0.113323465, 0.11762404, 0.11805791, 0.11885152, 0.12035805, 0.12170112, 0.12201664, 0.122992285, 0.1259192, 0.12616871, 0.12753263, 0.13223591, 0.13264966, 0.13409735, 0.13450943, 0.14789444, 0.15025285, 0.15039009, 0.15074459, 0.1566139, 0.15849859]
用时： 0:00:16.037490
开始训练：第56 epoch
预训练的损失： []
训练完的损失： [0.04960691, 0.05379314, 0.055420145, 0.056210417, 0.05677034, 0.058284618, 0.060063332, 0.061939575, 0.062466, 0.06331762, 0.063591324, 0.06399007, 0.0647847, 0.0652515, 0.06743458, 0.067459635, 0.06798609, 0.06838515, 0.06876428, 0.06876699, 0.0690699, 0.06922775, 0.070669055, 0.07086277, 0.07160872, 0.0718362, 0.07226837, 0.07249199, 0.073391214, 0.07370304, 0.0739698, 0.07634481, 0.07673838, 0.07714873, 0.07769635, 0.078049555, 0.07810561, 0.080464184, 0.0816384, 0.08184355, 0.082011975, 0.0829069, 0.0830129, 0.08333221, 0.0835318, 0.08490381, 0.08561004, 0.08645442, 0.0865503, 0.08657752, 0.0869566, 0.08741917, 0.088286355, 0.08897625, 0.089557685, 0.09020479, 0.09024083, 0.09029424, 0.09029696, 0.09046666, 0.0908566, 0.09306873, 0.09385626, 0.094119266, 0.09720661, 0.09771067, 0.09830765, 0.098837346, 0.09982345, 0.10158582, 0.10261727, 0.10297475, 0.103272155, 0.10491993, 0.1051546, 0.10579852, 0.10586801, 0.10613157, 0.10820868, 0.10994769, 0.11432294, 0.11463927, 0.11513958, 0.11601682, 0.117349744, 0.11760059, 0.118688755, 0.12126354, 0.12219811, 0.122394785, 0.12759544, 0.12846284, 0.12948118, 0.12958126, 0.14218992, 0.14457189, 0.1453841, 0.14560138, 0.15030345, 0.15286626]
用时： 0:00:16.061693
开始训练：第57 epoch
预训练的损失： []
训练完的损失： [0.049006604, 0.05263239, 0.05431845, 0.055088528, 0.055330906, 0.05720229, 0.058689594, 0.05997138, 0.060291532, 0.0615332, 0.061835397, 0.06245212, 0.06324833, 0.063507624, 0.06517423, 0.06523444, 0.06539433, 0.06619344, 0.06644128, 0.06672943, 0.06717473, 0.06717625, 0.068901725, 0.06902805, 0.06937145, 0.06945446, 0.069655836, 0.070505716, 0.07138331, 0.07170648, 0.07190016, 0.07329504, 0.07331332, 0.0734716, 0.075205475, 0.07553358, 0.075918466, 0.07810878, 0.0787711, 0.07898945, 0.07950954, 0.07957027, 0.08002152, 0.08100877, 0.08132005, 0.08139127, 0.082212925, 0.082884915, 0.08323647, 0.08386569, 0.084612526, 0.08462266, 0.0857624, 0.08627246, 0.086282775, 0.08670425, 0.08676018, 0.08720346, 0.08743138, 0.08759123, 0.088250674, 0.090123534, 0.09091899, 0.09137688, 0.09344999, 0.09379013, 0.09484102, 0.09625686, 0.09712502, 0.09812389, 0.09849083, 0.09891248, 0.100197464, 0.10095604, 0.10146136, 0.10148638, 0.101816416, 0.10205855, 0.10462903, 0.10703937, 0.11130827, 0.11134137, 0.111767925, 0.11191557, 0.11308072, 0.11358291, 0.11455571, 0.11681935, 0.11753114, 0.11838408, 0.12275731, 0.124881715, 0.124931194, 0.12514125, 0.13680904, 0.13912812, 0.14064, 0.14067318, 0.14449897, 0.14740503]
用时： 0:00:16.062337
开始训练：第58 epoch
预训练的损失： []
训练完的损失： [0.048478235, 0.05165679, 0.053392965, 0.054097176, 0.054205235, 0.056181077, 0.057422023, 0.058124296, 0.058368236, 0.05994007, 0.060376287, 0.061124936, 0.061886374, 0.061923742, 0.063015684, 0.06313169, 0.063353956, 0.064161494, 0.06431806, 0.06494329, 0.06536363, 0.065380864, 0.06634811, 0.06720282, 0.06723779, 0.06724785, 0.06815587, 0.068679996, 0.069057524, 0.06970176, 0.06983985, 0.07051296, 0.07056302, 0.070665054, 0.07244083, 0.07312961, 0.07414011, 0.07573069, 0.07589698, 0.07623372, 0.076405704, 0.07681988, 0.07756147, 0.07816635, 0.079244055, 0.079319894, 0.079521574, 0.07965399, 0.08018696, 0.08098836, 0.08201046, 0.08251779, 0.08282486, 0.08337313, 0.0835173, 0.08383909, 0.08411377, 0.08417741, 0.08465008, 0.08509104, 0.08632218, 0.08727592, 0.08847725, 0.08896657, 0.0900608, 0.09029463, 0.091569856, 0.09375206, 0.094635375, 0.09464613, 0.0947285, 0.09509255, 0.097211994, 0.09729155, 0.09744267, 0.097774506, 0.097949155, 0.09854868, 0.101196274, 0.104343206, 0.1080456, 0.10806178, 0.108484566, 0.10849525, 0.10894362, 0.10985999, 0.11062251, 0.112821616, 0.1129006, 0.11477559, 0.11834901, 0.120689176, 0.121126294, 0.12145284, 0.13164383, 0.13393934, 0.13598694, 0.13608742, 0.13898063, 0.1421613]
用时： 0:00:16.068979
开始训练：第59 epoch
预训练的损失： []
训练完的损失： [0.04800015, 0.050811455, 0.052588, 0.053229656, 0.05324146, 0.055246763, 0.056293048, 0.056423567, 0.05665914, 0.05852505, 0.059058167, 0.059857897, 0.0604907, 0.060616612, 0.06091585, 0.061296925, 0.06170255, 0.06222596, 0.06247041, 0.06328565, 0.06368855, 0.06369002, 0.06397965, 0.06493001, 0.06520612, 0.06566899, 0.06644531, 0.06693074, 0.067007, 0.06702977, 0.06779685, 0.06801645, 0.068234995, 0.0693197, 0.06997728, 0.0708368, 0.07249083, 0.07296349, 0.07313933, 0.07394219, 0.07395345, 0.074138455, 0.0755168, 0.075732715, 0.076403745, 0.07653497, 0.077323414, 0.07779395, 0.07798883, 0.078262985, 0.07899503, 0.07959941, 0.080767326, 0.081096016, 0.08111145, 0.08120649, 0.08122513, 0.081455894, 0.082722, 0.08272942, 0.08453305, 0.08459494, 0.08637779, 0.0869157, 0.08697257, 0.08727158, 0.088464156, 0.091156565, 0.09140967, 0.09156694, 0.09161137, 0.09223922, 0.09340428, 0.093538076, 0.09390185, 0.09453319, 0.09480418, 0.09535954, 0.09780694, 0.1018178, 0.104231514, 0.1047808, 0.104858205, 0.105444506, 0.105860434, 0.106462605, 0.10696314, 0.10860905, 0.10908711, 0.11129891, 0.11422639, 0.11660939, 0.11739268, 0.118231915, 0.12668023, 0.12896961, 0.13154423, 0.13179465, 0.13383496, 0.13705254]
用时： 0:00:16.083610
开始训练：第60 epoch
预训练的损失： []
训练完的损失： [0.047563456, 0.05006045, 0.05186417, 0.052441534, 0.052446343, 0.054389462, 0.05489266, 0.05519077, 0.05525799, 0.05720029, 0.057911992, 0.058703326, 0.058898427, 0.05914302, 0.0594533, 0.059708685, 0.06028988, 0.06045055, 0.060817838, 0.061725244, 0.061743245, 0.0621503, 0.062163375, 0.06288161, 0.06326451, 0.06351122, 0.06415301, 0.0652069, 0.06531749, 0.065563135, 0.06580771, 0.06614612, 0.06634322, 0.06759956, 0.068181664, 0.06870651, 0.07036959, 0.07037378, 0.070884936, 0.07133076, 0.072089, 0.072155416, 0.07335658, 0.073481195, 0.07402885, 0.07405401, 0.074767955, 0.075730674, 0.07578844, 0.076437116, 0.076447256, 0.077272154, 0.078324884, 0.07842993, 0.07849296, 0.07886453, 0.079414174, 0.07945051, 0.08045533, 0.08092942, 0.081993885, 0.08289083, 0.08405942, 0.08451089, 0.0845394, 0.08502398, 0.08560911, 0.08783153, 0.08835592, 0.08849004, 0.08907996, 0.08970321, 0.089909784, 0.089911535, 0.09019964, 0.09132656, 0.09239313, 0.09248609, 0.09451364, 0.09939658, 0.10064666, 0.10091848, 0.10160111, 0.102456436, 0.10320122, 0.10339789, 0.10341309, 0.10456015, 0.10566332, 0.107964344, 0.110314324, 0.11272634, 0.113929026, 0.115119375, 0.12185069, 0.12446995, 0.1272527, 0.12780704, 0.1290067, 0.1321267]
60/60 epochs...
Testing
Test set results:
iter: 1
开始时间： 2022-05-14 15:31:33
实体sim [[3.19512474 5.53314572 6.28905958 ... 5.44660307 5.12483511 6.90303593]
 [5.97922768 2.84267439 6.85455322 ... 6.14107643 5.83047931 6.52284156]
 [6.6406633  6.40458017 1.34576087 ... 6.44695172 6.09614093 7.88597161]
 ...
 [5.96186653 5.77605911 6.33470092 ... 0.82024365 5.00108127 7.35892475]
 [5.25229455 5.18702683 5.94339194 ... 4.82162042 2.11269717 6.58008185]
 [7.85402241 6.69968643 8.17965107 ... 7.8659315  7.18603279 1.53746321]]
关系sim [[32.52567272 30.47755934 29.00376283 ... 29.98493324 27.53746113
  32.1970565 ]
 [31.80798101 29.84132464 26.34905094 ... 28.05393086 30.85877949
  33.75241379]
 [34.42448687 31.23890914 29.94366299 ... 31.39317547 32.33163846
  36.55394089]
 ...
 [33.84181492 31.36137947 31.15918982 ... 31.9008888  29.71095086
  31.84574601]
 [32.66029549 31.51274881 28.75084297 ... 29.87951274 30.56016893
  32.84661578]
 [33.60835571 29.88948292 31.6948602  ... 30.9668842  30.55918492
  33.06255867]]
[[32.52567272 30.47755934 29.00376283 ... 29.98493324 27.53746113
  32.1970565 ]
 [31.80798101 29.84132464 26.34905094 ... 28.05393086 30.85877949
  33.75241379]
 [34.42448687 31.23890914 29.94366299 ... 31.39317547 32.33163846
  36.55394089]
 ...
 [33.84181492 31.36137947 31.15918982 ... 31.9008888  29.71095086
  31.84574601]
 [32.66029549 31.51274881 28.75084297 ... 29.87951274 30.56016893
  32.84661578]
 [33.60835571 29.88948292 31.6948602  ... 30.9668842  30.55918492
  33.06255867]]
Entity Alignment (left):
Hits@1: 79.77%
Hits@3: 86.82%
Hits@10: 91.32%
MRR: 0.8394
MR: 46.3532
Entity Alignment (right):
Hits@1: 78.16%
Hits@3: 86.02%
Hits@10: 91.32%
MRR: 0.8287
MR: 36.1634
结束时间： 2022-05-14 15:39:04
用时 0:07:30.951721
iter: 2
开始时间： 2022-05-14 15:39:04
实体sim [[3.19512474 5.53314572 6.28905958 ... 5.44660307 5.12483511 6.90303593]
 [5.97922768 2.84267439 6.85455322 ... 6.14107643 5.83047931 6.52284156]
 [6.6406633  6.40458017 1.34576087 ... 6.44695172 6.09614093 7.88597161]
 ...
 [5.96186653 5.77605911 6.33470092 ... 0.82024365 5.00108127 7.35892475]
 [5.25229455 5.18702683 5.94339194 ... 4.82162042 2.11269717 6.58008185]
 [7.85402241 6.69968643 8.17965107 ... 7.8659315  7.18603279 1.53746321]]
关系sim [[32.52567272 30.47755934 29.00376283 ... 29.98493324 27.53746113
  32.1970565 ]
 [31.80798101 29.84132464 26.34905094 ... 28.05393086 30.85877949
  33.75241379]
 [34.42448687 31.23890914 29.94366299 ... 31.39317547 32.33163846
  36.55394089]
 ...
 [33.84181492 31.36137947 31.15918982 ... 31.9008888  29.71095086
  31.84574601]
 [32.66029549 31.51274881 28.75084297 ... 29.87951274 30.56016893
  32.84661578]
 [33.60835571 29.88948292 31.6948602  ... 30.9668842  30.55918492
  33.06255867]]
[[32.52567272 30.47755934 29.00376283 ... 29.98493324 27.53746113
  32.1970565 ]
 [31.80798101 29.84132464 26.34905094 ... 28.05393086 30.85877949
  33.75241379]
 [34.42448687 31.23890914 29.94366299 ... 31.39317547 32.33163846
  36.55394089]
 ...
 [33.84181492 31.36137947 31.15918982 ... 31.9008888  29.71095086
  31.84574601]
 [32.66029549 31.51274881 28.75084297 ... 29.87951274 30.56016893
  32.84661578]
 [33.60835571 29.88948292 31.6948602  ... 30.9668842  30.55918492
  33.06255867]]
Entity Alignment (left):
Hits@1: 87.27%
Hits@3: 92.22%
Hits@10: 95.10%
MRR: 0.9012
MR: 43.1013
Entity Alignment (right):
Hits@1: 86.27%
Hits@3: 91.69%
Hits@10: 94.90%
MRR: 0.8944
MR: 29.4882
结束时间： 2022-05-14 15:46:40
用时 0:07:36.320037
开始时间： 2022-05-14 15:46:41
2022-05-14 15:46:41
[[3.19512474 5.53314572 6.28905958 ... 5.44660307 5.12483511 6.90303593]
 [5.97922768 2.84267439 6.85455322 ... 6.14107643 5.83047931 6.52284156]
 [6.6406633  6.40458017 1.34576087 ... 6.44695172 6.09614093 7.88597161]
 ...
 [5.96186653 5.77605911 6.33470092 ... 0.82024365 5.00108127 7.35892475]
 [5.25229455 5.18702683 5.94339194 ... 4.82162042 2.11269717 6.58008185]
 [7.85402241 6.69968643 8.17965107 ... 7.8659315  7.18603279 1.53746321]]
Relation Alignment (left):
Hits@1: 77.13%
Hits@10: 86.01%
Relation Alignment (right):
Hits@1: 72.78%
Hits@10: 83.36%
结束时间： 2022-05-14 15:50:17
用时 0:03:35.974444
用时： 0:20:16.527096
结束时间： 2022-05-14 15:50:17
用时 0:37:48.012537
结束时间： 2022-05-14 15:50:17
用时 0:38:43.322192
