2022-05-13 13:15:42
开始时间： 2022-05-13 13:15:42
正在执行DBP15k
加载数据文件：data/DBP15k/ja_en/ent_ids_1
加载数据文件：data/DBP15k/ja_en/ent_ids_2
39594
加载数据文件：data/DBP15k/ja_en/ref_ent_ids
加载数据文件：data/DBP15k/ja_en/ref_r_ids
加载数据文件：data/DBP15k/ja_en/triples_1
加载数据文件：data/DBP15k/ja_en/triples_2
建立模型：
开始时间： 2022-05-13 13:15:42
计算头尾实体对应关系的矩阵以及对应概率：
开始时间： 2022-05-13 13:15:42
结束时间： 2022-05-13 13:15:43
用时 0:00:01.254467
输入词向量，增加原始输入层：
开始时间： 2022-05-13 13:15:44
39594 rows, 300 columns.
结束时间： 2022-05-13 13:15:53
用时 0:00:09.169823
计算稀疏张量和对称归一化后的矩阵：
开始时间： 2022-05-13 13:15:53
获取反转图，邻接矩阵、度、丰富三元组：
开始时间： 2022-05-13 13:15:53
结束时间： 2022-05-13 13:15:53
用时 0:00:00.407426
计算三角：
开始时间： 2022-05-13 13:16:14
结束时间： 2022-05-13 13:16:15
用时 0:00:01.228473
计算三角：
开始时间： 2022-05-13 13:16:15
结束时间： 2022-05-13 13:16:16
用时 0:00:01.219127
M2 SparseTensor(indices=Tensor("SparseTensor_1/indices:0", shape=(269696, 2), dtype=int64), values=Tensor("SparseTensor_1/values:0", shape=(269696,), dtype=float32), dense_shape=Tensor("SparseTensor_1/dense_shape:0", shape=(2,), dtype=int64))
结束时间： 2022-05-13 13:16:16
用时 0:00:23.175910
KG structure embedding
增加GCN层：
开始时间： 2022-05-13 13:16:18
<tf.Variable 'Variable_1:0' shape=(1, 300) dtype=float32_ref>
结束时间： 2022-05-13 13:16:18
用时 0:00:00.003633
实现SKNet：
开始时间： 2022-05-13 13:16:18
结束时间： 2022-05-13 13:16:18
用时 0:00:00.006614
增加GCN层：
开始时间： 2022-05-13 13:16:18
<tf.Variable 'Variable_4:0' shape=(1, 300) dtype=float32_ref>
结束时间： 2022-05-13 13:16:18
用时 0:00:00.002259
实现SKNet：
开始时间： 2022-05-13 13:16:18
结束时间： 2022-05-13 13:16:18
用时 0:00:00.006238
shape of output_h:  (39594, 300)
compute pre-training loss
计算预训练损失函数：
开始时间： 2022-05-13 13:16:18
Tensor("strided_slice:0", shape=(?,), dtype=int32) Tensor("strided_slice_1:0", shape=(?,), dtype=int32)
Tensor("embedding_lookup/Identity:0", shape=(?, 300), dtype=float32) Tensor("embedding_lookup_1/Identity:0", shape=(?, 300), dtype=float32)
结束时间： 2022-05-13 13:16:18
用时 0:00:00.014803
输入词向量，增加原始输入层：
开始时间： 2022-05-13 13:16:18
2452 rows, 300 columns.
2452
(2452, 300)
计算关系的向量：
开始时间： 2022-05-13 13:16:26
结束时间： 2022-05-13 13:16:30
用时 0:00:04.081131
Tensor("Add_13:0", shape=(4904, 300), dtype=float32)
结束时间： 2022-05-13 13:16:30
用时 0:00:12.151698
计算关系损失函数：
开始时间： 2022-05-13 13:16:30
结束时间： 2022-05-13 13:16:30
用时 0:00:00.006088
结束时间： 2022-05-13 13:16:30
用时 0:00:47.504403
初始化：
开始时间： 2022-05-13 13:16:30
开始运行：
开始训练：第1 epoch
数据准备：
负采样：
开始时间： 2022-05-13 13:20:51
结束时间： 2022-05-13 13:22:18
用时 0:01:27.217955
负采样：
开始时间： 2022-05-13 13:22:18
结束时间： 2022-05-13 13:23:44
用时 0:01:26.062302
1/60 epochs...
用时： 0:03:50.930121
开始训练：第2 epoch
用时： 0:00:03.274610
开始训练：第3 epoch
用时： 0:00:03.283070
开始训练：第4 epoch
用时： 0:00:03.285658
开始训练：第5 epoch
用时： 0:00:03.289831
开始训练：第6 epoch
用时： 0:00:03.301408
开始训练：第7 epoch
用时： 0:00:03.299942
开始训练：第8 epoch
用时： 0:00:03.296977
开始训练：第9 epoch
用时： 0:00:03.298654
开始训练：第10 epoch
10/60 epochs...
用时： 0:00:03.308855
开始训练：第11 epoch
用时： 0:00:03.313613
开始训练：第12 epoch
用时： 0:00:03.309802
开始训练：第13 epoch
用时： 0:00:03.311672
开始训练：第14 epoch
用时： 0:00:03.309506
开始训练：第15 epoch
用时： 0:00:03.317236
开始训练：第16 epoch
用时： 0:00:03.310441
开始训练：第17 epoch
用时： 0:00:03.310458
开始训练：第18 epoch
用时： 0:00:03.314550
开始训练：第19 epoch
用时： 0:00:03.296622
开始训练：第20 epoch
20/60 epochs...
用时： 0:00:03.300197
开始训练：第21 epoch
用时： 0:00:03.298480
开始训练：第22 epoch
用时： 0:00:03.297855
开始训练：第23 epoch
用时： 0:00:03.299286
开始训练：第24 epoch
用时： 0:00:03.298427
开始训练：第25 epoch
用时： 0:00:03.295555
开始训练：第26 epoch
用时： 0:00:03.308082
开始训练：第27 epoch
用时： 0:00:03.300902
开始训练：第28 epoch
用时： 0:00:03.294480
开始训练：第29 epoch
用时： 0:00:03.302084
开始训练：第30 epoch
30/60 epochs...
用时： 0:00:03.295915
开始训练：第31 epoch
用时： 0:00:03.293421
开始训练：第32 epoch
用时： 0:00:03.305180
开始训练：第33 epoch
用时： 0:00:03.306741
开始训练：第34 epoch
用时： 0:00:03.297134
开始训练：第35 epoch
用时： 0:00:03.294923
开始训练：第36 epoch
用时： 0:00:03.298973
开始训练：第37 epoch
用时： 0:00:03.295754
开始训练：第38 epoch
用时： 0:00:03.295083
开始训练：第39 epoch
用时： 0:00:03.303238
开始训练：第40 epoch
40/60 epochs...
用时： 0:00:03.296791
开始训练：第41 epoch
用时： 0:00:03.297299
开始训练：第42 epoch
用时： 0:00:03.299309
开始训练：第43 epoch
用时： 0:00:03.296897
开始训练：第44 epoch
用时： 0:00:03.301372
开始训练：第45 epoch
用时： 0:00:03.298920
开始训练：第46 epoch
用时： 0:00:03.297054
开始训练：第47 epoch
用时： 0:00:03.296626
开始训练：第48 epoch
用时： 0:00:03.299936
开始训练：第49 epoch
用时： 0:00:03.305213
开始训练：第50 epoch
50/60 epochs...
Save to path:  HTRS_model/save_DBP15k_ja_en.ckpt
用时： 0:00:39.083771
开始训练：第51 epoch
数据准备：
负采样：
开始时间： 2022-05-13 13:27:10
结束时间： 2022-05-13 13:28:34
用时 0:01:23.971161
负采样：
开始时间： 2022-05-13 13:28:34
结束时间： 2022-05-13 13:29:59
用时 0:01:24.824224
用时： 0:05:16.565976
开始训练：第52 epoch
用时： 0:00:18.710894
开始训练：第53 epoch
用时： 0:00:18.811025
开始训练：第54 epoch
用时： 0:00:18.771430
开始训练：第55 epoch
用时： 0:00:18.694576
开始训练：第56 epoch
用时： 0:00:18.689615
开始训练：第57 epoch
用时： 0:00:18.691638
开始训练：第58 epoch
用时： 0:00:18.702264
开始训练：第59 epoch
用时： 0:00:18.693579
开始训练：第60 epoch
60/60 epochs...
Testing
Test set results:
iter: 1
开始时间： 2022-05-13 13:36:04
实体sim [[3.2099975  5.53708349 6.30014844 ... 5.41395618 5.11020427 6.89425197]
 [5.97423102 2.85709942 6.8504453  ... 6.10172569 5.80879158 6.49926275]
 [6.59827373 6.37063642 1.3491448  ... 6.41135255 6.07881088 7.84553342]
 ...
 [5.95334042 5.78926296 6.31497807 ... 0.78389081 4.98036495 7.37896667]
 [5.26260057 5.16114535 5.99823419 ... 4.79780918 2.09865661 6.54944336]
 [7.82988673 6.65867033 8.17194456 ... 7.87522519 7.14035848 1.5495885 ]]
关系sim [[32.57808714 30.5771634  28.98643815 ... 29.9541033  27.47368789
  32.20997823]
 [31.82449777 29.8384011  26.32981935 ... 28.04595514 30.80462385
  33.76325421]
 [34.46270761 31.28273804 29.97616695 ... 31.37318787 32.27684486
  36.5480924 ]
 ...
 [33.86680553 31.34179279 31.11210197 ... 31.91250558 29.74009892
  31.82757929]
 [32.68808293 31.53941803 28.738917   ... 29.85963153 30.51945596
  32.89536658]
 [33.6218152  29.93134403 31.72119082 ... 30.98049437 30.56579008
  33.07150053]]
[[32.57808714 30.5771634  28.98643815 ... 29.9541033  27.47368789
  32.20997823]
 [31.82449777 29.8384011  26.32981935 ... 28.04595514 30.80462385
  33.76325421]
 [34.46270761 31.28273804 29.97616695 ... 31.37318787 32.27684486
  36.5480924 ]
 ...
 [33.86680553 31.34179279 31.11210197 ... 31.91250558 29.74009892
  31.82757929]
 [32.68808293 31.53941803 28.738917   ... 29.85963153 30.51945596
  32.89536658]
 [33.6218152  29.93134403 31.72119082 ... 30.98049437 30.56579008
  33.07150053]]
Entity Alignment (left):
Hits@1: 80.16%
Hits@3: 87.03%
Hits@10: 91.44%
MRR: 0.8423
MR: 45.8536
Entity Alignment (right):
Hits@1: 78.65%
Hits@3: 86.16%
Hits@10: 91.46%
MRR: 0.8320
MR: 35.8507
结束时间： 2022-05-13 13:44:01
用时 0:07:57.565276
iter: 2
开始时间： 2022-05-13 13:44:01
实体sim [[3.2099975  5.53708349 6.30014844 ... 5.41395618 5.11020427 6.89425197]
 [5.97423102 2.85709942 6.8504453  ... 6.10172569 5.80879158 6.49926275]
 [6.59827373 6.37063642 1.3491448  ... 6.41135255 6.07881088 7.84553342]
 ...
 [5.95334042 5.78926296 6.31497807 ... 0.78389081 4.98036495 7.37896667]
 [5.26260057 5.16114535 5.99823419 ... 4.79780918 2.09865661 6.54944336]
 [7.82988673 6.65867033 8.17194456 ... 7.87522519 7.14035848 1.5495885 ]]
关系sim [[32.57808714 30.5771634  28.98643815 ... 29.9541033  27.47368789
  32.20997823]
 [31.82449777 29.8384011  26.32981935 ... 28.04595514 30.80462385
  33.76325421]
 [34.46270761 31.28273804 29.97616695 ... 31.37318787 32.27684486
  36.5480924 ]
 ...
 [33.86680553 31.34179279 31.11210197 ... 31.91250558 29.74009892
  31.82757929]
 [32.68808293 31.53941803 28.738917   ... 29.85963153 30.51945596
  32.89536658]
 [33.6218152  29.93134403 31.72119082 ... 30.98049437 30.56579008
  33.07150053]]
[[32.57808714 30.5771634  28.98643815 ... 29.9541033  27.47368789
  32.20997823]
 [31.82449777 29.8384011  26.32981935 ... 28.04595514 30.80462385
  33.76325421]
 [34.46270761 31.28273804 29.97616695 ... 31.37318787 32.27684486
  36.5480924 ]
 ...
 [33.86680553 31.34179279 31.11210197 ... 31.91250558 29.74009892
  31.82757929]
 [32.68808293 31.53941803 28.738917   ... 29.85963153 30.51945596
  32.89536658]
 [33.6218152  29.93134403 31.72119082 ... 30.98049437 30.56579008
  33.07150053]]
Entity Alignment (left):
Hits@1: 87.30%
Hits@3: 92.37%
Hits@10: 95.19%
MRR: 0.9019
MR: 42.6161
Entity Alignment (right):
Hits@1: 86.37%
Hits@3: 91.68%
Hits@10: 94.93%
MRR: 0.8951
MR: 29.2097
结束时间： 2022-05-13 13:52:07
用时 0:08:06.055340
iter: 3
开始时间： 2022-05-13 13:52:08
实体sim [[3.2099975  5.53708349 6.30014844 ... 5.41395618 5.11020427 6.89425197]
 [5.97423102 2.85709942 6.8504453  ... 6.10172569 5.80879158 6.49926275]
 [6.59827373 6.37063642 1.3491448  ... 6.41135255 6.07881088 7.84553342]
 ...
 [5.95334042 5.78926296 6.31497807 ... 0.78389081 4.98036495 7.37896667]
 [5.26260057 5.16114535 5.99823419 ... 4.79780918 2.09865661 6.54944336]
 [7.82988673 6.65867033 8.17194456 ... 7.87522519 7.14035848 1.5495885 ]]
关系sim [[32.57808714 30.5771634  28.98643815 ... 29.9541033  27.47368789
  32.20997823]
 [31.82449777 29.8384011  26.32981935 ... 28.04595514 30.80462385
  33.76325421]
 [34.46270761 31.28273804 29.97616695 ... 31.37318787 32.27684486
  36.5480924 ]
 ...
 [33.86680553 31.34179279 31.11210197 ... 31.91250558 29.74009892
  31.82757929]
 [32.68808293 31.53941803 28.738917   ... 29.85963153 30.51945596
  32.89536658]
 [33.6218152  29.93134403 31.72119082 ... 30.98049437 30.56579008
  33.07150053]]
[[32.57808714 30.5771634  28.98643815 ... 29.9541033  27.47368789
  32.20997823]
 [31.82449777 29.8384011  26.32981935 ... 28.04595514 30.80462385
  33.76325421]
 [34.46270761 31.28273804 29.97616695 ... 31.37318787 32.27684486
  36.5480924 ]
 ...
 [33.86680553 31.34179279 31.11210197 ... 31.91250558 29.74009892
  31.82757929]
 [32.68808293 31.53941803 28.738917   ... 29.85963153 30.51945596
  32.89536658]
 [33.6218152  29.93134403 31.72119082 ... 30.98049437 30.56579008
  33.07150053]]
Entity Alignment (left):
Hits@1: 87.62%
Hits@3: 92.70%
Hits@10: 95.29%
MRR: 0.9047
MR: 42.4883
Entity Alignment (right):
Hits@1: 86.91%
Hits@3: 92.10%
Hits@10: 95.11%
MRR: 0.8994
MR: 28.6900
结束时间： 2022-05-13 14:00:17
用时 0:08:08.967826
iter: 4
开始时间： 2022-05-13 14:00:17
实体sim [[3.2099975  5.53708349 6.30014844 ... 5.41395618 5.11020427 6.89425197]
 [5.97423102 2.85709942 6.8504453  ... 6.10172569 5.80879158 6.49926275]
 [6.59827373 6.37063642 1.3491448  ... 6.41135255 6.07881088 7.84553342]
 ...
 [5.95334042 5.78926296 6.31497807 ... 0.78389081 4.98036495 7.37896667]
 [5.26260057 5.16114535 5.99823419 ... 4.79780918 2.09865661 6.54944336]
 [7.82988673 6.65867033 8.17194456 ... 7.87522519 7.14035848 1.5495885 ]]
关系sim [[32.57808714 30.5771634  28.98643815 ... 29.9541033  27.47368789
  32.20997823]
 [31.82449777 29.8384011  26.32981935 ... 28.04595514 30.80462385
  33.76325421]
 [34.46270761 31.28273804 29.97616695 ... 31.37318787 32.27684486
  36.5480924 ]
 ...
 [33.86680553 31.34179279 31.11210197 ... 31.91250558 29.74009892
  31.82757929]
 [32.68808293 31.53941803 28.738917   ... 29.85963153 30.51945596
  32.89536658]
 [33.6218152  29.93134403 31.72119082 ... 30.98049437 30.56579008
  33.07150053]]
[[32.57808714 30.5771634  28.98643815 ... 29.9541033  27.47368789
  32.20997823]
 [31.82449777 29.8384011  26.32981935 ... 28.04595514 30.80462385
  33.76325421]
 [34.46270761 31.28273804 29.97616695 ... 31.37318787 32.27684486
  36.5480924 ]
 ...
 [33.86680553 31.34179279 31.11210197 ... 31.91250558 29.74009892
  31.82757929]
 [32.68808293 31.53941803 28.738917   ... 29.85963153 30.51945596
  32.89536658]
 [33.6218152  29.93134403 31.72119082 ... 30.98049437 30.56579008
  33.07150053]]
Entity Alignment (left):
Hits@1: 87.75%
Hits@3: 92.79%
Hits@10: 95.32%
MRR: 0.9058
MR: 42.4740
Entity Alignment (right):
Hits@1: 87.07%
Hits@3: 92.18%
Hits@10: 95.16%
MRR: 0.9006
MR: 28.6901
结束时间： 2022-05-13 14:08:31
用时 0:08:14.371391
iter: 5
开始时间： 2022-05-13 14:08:31
实体sim [[3.2099975  5.53708349 6.30014844 ... 5.41395618 5.11020427 6.89425197]
 [5.97423102 2.85709942 6.8504453  ... 6.10172569 5.80879158 6.49926275]
 [6.59827373 6.37063642 1.3491448  ... 6.41135255 6.07881088 7.84553342]
 ...
 [5.95334042 5.78926296 6.31497807 ... 0.78389081 4.98036495 7.37896667]
 [5.26260057 5.16114535 5.99823419 ... 4.79780918 2.09865661 6.54944336]
 [7.82988673 6.65867033 8.17194456 ... 7.87522519 7.14035848 1.5495885 ]]
关系sim [[32.57808714 30.5771634  28.98643815 ... 29.9541033  27.47368789
  32.20997823]
 [31.82449777 29.8384011  26.32981935 ... 28.04595514 30.80462385
  33.76325421]
 [34.46270761 31.28273804 29.97616695 ... 31.37318787 32.27684486
  36.5480924 ]
 ...
 [33.86680553 31.34179279 31.11210197 ... 31.91250558 29.74009892
  31.82757929]
 [32.68808293 31.53941803 28.738917   ... 29.85963153 30.51945596
  32.89536658]
 [33.6218152  29.93134403 31.72119082 ... 30.98049437 30.56579008
  33.07150053]]
[[32.57808714 30.5771634  28.98643815 ... 29.9541033  27.47368789
  32.20997823]
 [31.82449777 29.8384011  26.32981935 ... 28.04595514 30.80462385
  33.76325421]
 [34.46270761 31.28273804 29.97616695 ... 31.37318787 32.27684486
  36.5480924 ]
 ...
 [33.86680553 31.34179279 31.11210197 ... 31.91250558 29.74009892
  31.82757929]
 [32.68808293 31.53941803 28.738917   ... 29.85963153 30.51945596
  32.89536658]
 [33.6218152  29.93134403 31.72119082 ... 30.98049437 30.56579008
  33.07150053]]
Entity Alignment (left):
Hits@1: 87.73%
Hits@3: 92.81%
Hits@10: 95.33%
MRR: 0.9057
MR: 42.4738
Entity Alignment (right):
Hits@1: 87.11%
Hits@3: 92.23%
Hits@10: 95.20%
MRR: 0.9010
MR: 28.6566
结束时间： 2022-05-13 14:16:42
用时 0:08:10.205012
iter: 6
开始时间： 2022-05-13 14:16:42
实体sim [[3.2099975  5.53708349 6.30014844 ... 5.41395618 5.11020427 6.89425197]
 [5.97423102 2.85709942 6.8504453  ... 6.10172569 5.80879158 6.49926275]
 [6.59827373 6.37063642 1.3491448  ... 6.41135255 6.07881088 7.84553342]
 ...
 [5.95334042 5.78926296 6.31497807 ... 0.78389081 4.98036495 7.37896667]
 [5.26260057 5.16114535 5.99823419 ... 4.79780918 2.09865661 6.54944336]
 [7.82988673 6.65867033 8.17194456 ... 7.87522519 7.14035848 1.5495885 ]]
关系sim [[32.57808714 30.5771634  28.98643815 ... 29.9541033  27.47368789
  32.20997823]
 [31.82449777 29.8384011  26.32981935 ... 28.04595514 30.80462385
  33.76325421]
 [34.46270761 31.28273804 29.97616695 ... 31.37318787 32.27684486
  36.5480924 ]
 ...
 [33.86680553 31.34179279 31.11210197 ... 31.91250558 29.74009892
  31.82757929]
 [32.68808293 31.53941803 28.738917   ... 29.85963153 30.51945596
  32.89536658]
 [33.6218152  29.93134403 31.72119082 ... 30.98049437 30.56579008
  33.07150053]]
[[32.57808714 30.5771634  28.98643815 ... 29.9541033  27.47368789
  32.20997823]
 [31.82449777 29.8384011  26.32981935 ... 28.04595514 30.80462385
  33.76325421]
 [34.46270761 31.28273804 29.97616695 ... 31.37318787 32.27684486
  36.5480924 ]
 ...
 [33.86680553 31.34179279 31.11210197 ... 31.91250558 29.74009892
  31.82757929]
 [32.68808293 31.53941803 28.738917   ... 29.85963153 30.51945596
  32.89536658]
 [33.6218152  29.93134403 31.72119082 ... 30.98049437 30.56579008
  33.07150053]]
Entity Alignment (left):
Hits@1: 87.79%
Hits@3: 92.84%
Hits@10: 95.36%
MRR: 0.9061
MR: 42.4647
Entity Alignment (right):
Hits@1: 87.10%
Hits@3: 92.23%
Hits@10: 95.20%
MRR: 0.9009
MR: 28.5314
结束时间： 2022-05-13 14:24:53
用时 0:08:11.066004
iter: 7
开始时间： 2022-05-13 14:24:53
实体sim [[3.2099975  5.53708349 6.30014844 ... 5.41395618 5.11020427 6.89425197]
 [5.97423102 2.85709942 6.8504453  ... 6.10172569 5.80879158 6.49926275]
 [6.59827373 6.37063642 1.3491448  ... 6.41135255 6.07881088 7.84553342]
 ...
 [5.95334042 5.78926296 6.31497807 ... 0.78389081 4.98036495 7.37896667]
 [5.26260057 5.16114535 5.99823419 ... 4.79780918 2.09865661 6.54944336]
 [7.82988673 6.65867033 8.17194456 ... 7.87522519 7.14035848 1.5495885 ]]
关系sim [[32.57808714 30.5771634  28.98643815 ... 29.9541033  27.47368789
  32.20997823]
 [31.82449777 29.8384011  26.32981935 ... 28.04595514 30.80462385
  33.76325421]
 [34.46270761 31.28273804 29.97616695 ... 31.37318787 32.27684486
  36.5480924 ]
 ...
 [33.86680553 31.34179279 31.11210197 ... 31.91250558 29.74009892
  31.82757929]
 [32.68808293 31.53941803 28.738917   ... 29.85963153 30.51945596
  32.89536658]
 [33.6218152  29.93134403 31.72119082 ... 30.98049437 30.56579008
  33.07150053]]
[[32.57808714 30.5771634  28.98643815 ... 29.9541033  27.47368789
  32.20997823]
 [31.82449777 29.8384011  26.32981935 ... 28.04595514 30.80462385
  33.76325421]
 [34.46270761 31.28273804 29.97616695 ... 31.37318787 32.27684486
  36.5480924 ]
 ...
 [33.86680553 31.34179279 31.11210197 ... 31.91250558 29.74009892
  31.82757929]
 [32.68808293 31.53941803 28.738917   ... 29.85963153 30.51945596
  32.89536658]
 [33.6218152  29.93134403 31.72119082 ... 30.98049437 30.56579008
  33.07150053]]
Entity Alignment (left):
Hits@1: 87.75%
Hits@3: 92.83%
Hits@10: 95.37%
MRR: 0.9059
MR: 42.4655
Entity Alignment (right):
Hits@1: 87.11%
Hits@3: 92.24%
Hits@10: 95.21%
MRR: 0.9010
MR: 28.5128
结束时间： 2022-05-13 14:33:02
用时 0:08:09.048383
开始时间： 2022-05-13 14:33:02
2022-05-13 14:33:02
[[3.2099975  5.53708349 6.30014844 ... 5.41395618 5.11020427 6.89425197]
 [5.97423102 2.85709942 6.8504453  ... 6.10172569 5.80879158 6.49926275]
 [6.59827373 6.37063642 1.3491448  ... 6.41135255 6.07881088 7.84553342]
 ...
 [5.95334042 5.78926296 6.31497807 ... 0.78389081 4.98036495 7.37896667]
 [5.26260057 5.16114535 5.99823419 ... 4.79780918 2.09865661 6.54944336]
 [7.82988673 6.65867033 8.17194456 ... 7.87522519 7.14035848 1.5495885 ]]
Relation Alignment (left):
Hits@1: 76.75%
Hits@10: 85.63%
Relation Alignment (right):
Hits@1: 72.40%
Hits@10: 83.36%
结束时间： 2022-05-13 14:36:56
用时 0:03:54.005523
用时： 1:02:00.465337
结束时间： 2022-05-13 14:36:57
用时 1:20:26.556529
结束时间： 2022-05-13 14:36:57
用时 1:21:15.019653
