2022-05-22 22:08:34
开始时间： 2022-05-22 22:08:34
正在执行DBP15k
加载数据文件：data/DBP15k/zh_en/ent_ids_1
加载数据文件：data/DBP15k/zh_en/ent_ids_2
38960
加载数据文件：data/DBP15k/zh_en/ref_ent_ids
加载数据文件：data/DBP15k/zh_en/ref_r_ids
加载数据文件：data/DBP15k/zh_en/triples_1
加载数据文件：data/DBP15k/zh_en/triples_2
建立模型：
开始时间： 2022-05-22 22:08:34
计算头尾实体对应关系的矩阵以及对应概率：
开始时间： 2022-05-22 22:08:34
结束时间： 2022-05-22 22:08:35
用时 0:00:00.985755
输入词向量，增加原始输入层：
开始时间： 2022-05-22 22:08:35
38960 rows, 300 columns.
结束时间： 2022-05-22 22:08:44
用时 0:00:08.574051
计算稀疏张量和对称归一化后的矩阵：
开始时间： 2022-05-22 22:08:44
获取反转图，邻接矩阵、度、丰富三元组：
开始时间： 2022-05-22 22:08:44
结束时间： 2022-05-22 22:08:44
用时 0:00:00.398703
计算三角：
开始时间： 2022-05-22 22:09:08
结束时间： 2022-05-22 22:09:09
用时 0:00:01.122277
计算三角：
开始时间： 2022-05-22 22:09:09
结束时间： 2022-05-22 22:09:10
用时 0:00:01.128350
M2 SparseTensor(indices=Tensor("SparseTensor_1/indices:0", shape=(259136, 2), dtype=int64), values=Tensor("SparseTensor_1/values:0", shape=(259136,), dtype=float32), dense_shape=Tensor("SparseTensor_1/dense_shape:0", shape=(2,), dtype=int64))
结束时间： 2022-05-22 22:09:10
用时 0:00:26.290487
KG structure embedding
增加GCN层：
开始时间： 2022-05-22 22:09:12
<tf.Variable 'Variable_1:0' shape=(1, 300) dtype=float32_ref>
结束时间： 2022-05-22 22:09:12
用时 0:00:00.005020
实现SKNet：
开始时间： 2022-05-22 22:09:12
结束时间： 2022-05-22 22:09:12
用时 0:00:00.006440
增加GCN层：
开始时间： 2022-05-22 22:09:12
<tf.Variable 'Variable_4:0' shape=(1, 300) dtype=float32_ref>
结束时间： 2022-05-22 22:09:12
用时 0:00:00.002032
实现SKNet：
开始时间： 2022-05-22 22:09:12
结束时间： 2022-05-22 22:09:12
用时 0:00:00.005901
shape of output_h:  (38960, 300)
计算关系的向量：
开始时间： 2022-05-22 22:09:12
结束时间： 2022-05-22 22:09:17
用时 0:00:05.588111
compute pre-training loss
计算预训练损失函数：
开始时间： 2022-05-22 22:09:17
Tensor("strided_slice:0", shape=(?,), dtype=int32) Tensor("strided_slice_1:0", shape=(?,), dtype=int32)
Tensor("embedding_lookup/Identity:0", shape=(?, 300), dtype=float32) Tensor("embedding_lookup_1/Identity:0", shape=(?, 300), dtype=float32)
结束时间： 2022-05-22 22:09:17
用时 0:00:00.014765
计算关系损失函数：
开始时间： 2022-05-22 22:09:17
结束时间： 2022-05-22 22:09:17
用时 0:00:00.005159
结束时间： 2022-05-22 22:09:17
用时 0:00:43.289444
初始化：
开始时间： 2022-05-22 22:09:18
开始运行：
开始训练：第1 epoch
数据准备：
负采样：
开始时间： 2022-05-22 22:16:26
结束时间： 2022-05-22 22:17:45
用时 0:01:19.683550
负采样：
开始时间： 2022-05-22 22:17:45
结束时间： 2022-05-22 22:19:00
用时 0:01:14.682910
预训练的损失： [0.39602607, 0.42283195, 0.44962445, 0.44975254, 0.4522796, 0.45638686, 0.46258014, 0.46619305, 0.47379696, 0.48342913, 0.5108582, 0.5131801, 0.5270989, 0.5387958, 0.55027723, 0.55221975, 0.5709672, 0.5712987, 0.5790443, 0.5794333, 0.5836005, 0.58569795, 0.59130204, 0.5931856, 0.6072446, 0.6076966, 0.60826707, 0.6111421, 0.6140561, 0.62075156, 0.6252071, 0.6302289, 0.6310687, 0.63296413, 0.63380694, 0.633911, 0.6356772, 0.6370673, 0.63911563, 0.6447799, 0.64512753, 0.64623475, 0.64743364, 0.6511886, 0.6513107, 0.6657891, 0.6691905, 0.67035174, 0.6767674, 0.6849276, 0.6924592, 0.69773245, 0.70112336, 0.7066391, 0.71025, 0.7104174, 0.7106245, 0.7171378, 0.72199863, 0.7262167, 0.7263689, 0.72995734, 0.73104215, 0.73537624, 0.741603, 0.74797237, 0.7526587, 0.752854, 0.75368804, 0.75672513, 0.7580966, 0.7584435, 0.7610885, 0.7641703, 0.76473963, 0.7759824, 0.7788826, 0.78838205, 0.7908907, 0.8031622, 0.81014484, 0.81111205, 0.8120209, 0.81663656, 0.82729614, 0.82733274, 0.840531, 0.86705524, 0.87119764, 0.87584376, 0.88203275, 0.8837216, 0.89839613, 0.9145102, 0.9170563, 0.9205201, 0.9420521, 0.94785833, 0.98173165, 1.0196273]
训练完的损失： []
1/60 epochs...
用时： 0:04:24.877396
开始训练：第2 epoch
预训练的损失： [0.3768174, 0.40258396, 0.4280529, 0.4318396, 0.4331078, 0.43698847, 0.43816227, 0.44510508, 0.45198295, 0.45970103, 0.4910131, 0.4955694, 0.50659853, 0.51834893, 0.5291824, 0.53184855, 0.54502904, 0.552814, 0.55552465, 0.5564844, 0.5572416, 0.5613515, 0.562449, 0.56823146, 0.5820557, 0.58315, 0.5840569, 0.5880367, 0.5886506, 0.59704494, 0.60259545, 0.604916, 0.6064279, 0.6065922, 0.60819364, 0.6084244, 0.6097427, 0.61078197, 0.61208665, 0.61661506, 0.61775786, 0.6220057, 0.62322617, 0.62348104, 0.6266612, 0.63779736, 0.64435756, 0.6472827, 0.65149117, 0.6600059, 0.66274375, 0.66697973, 0.67544794, 0.6807731, 0.6834796, 0.68574595, 0.6864539, 0.6893805, 0.6972748, 0.6980803, 0.69891125, 0.70017004, 0.7038856, 0.7049862, 0.7067237, 0.71962506, 0.72414947, 0.72535896, 0.7271929, 0.7293089, 0.7306365, 0.73067474, 0.7328658, 0.737322, 0.740042, 0.7451227, 0.746331, 0.75265574, 0.7643552, 0.7785524, 0.78172076, 0.78269976, 0.7850005, 0.7864878, 0.7915242, 0.7933656, 0.8057529, 0.8312161, 0.8417616, 0.8422456, 0.8489847, 0.85402125, 0.8612229, 0.8747183, 0.8838575, 0.8912573, 0.90764475, 0.91543543, 0.9465351, 0.9767171]
训练完的损失： []
用时： 0:00:03.201380
开始训练：第3 epoch
预训练的损失： [0.35730016, 0.38156754, 0.40720856, 0.41313344, 0.41365016, 0.41365886, 0.41711158, 0.42421252, 0.43117523, 0.43699893, 0.4708398, 0.47664005, 0.48415196, 0.49607575, 0.50666237, 0.5108136, 0.5188246, 0.52969205, 0.532191, 0.5323653, 0.53317046, 0.5336608, 0.5395093, 0.54295796, 0.55538136, 0.5595145, 0.5605992, 0.56299824, 0.56812334, 0.57319874, 0.5786458, 0.5788793, 0.580114, 0.58113647, 0.5824122, 0.58242893, 0.5835813, 0.585955, 0.5872029, 0.58799285, 0.5891331, 0.59666765, 0.5974641, 0.600337, 0.6036759, 0.61069584, 0.6185386, 0.6239182, 0.6268102, 0.6276528, 0.63698566, 0.6391907, 0.647972, 0.65151644, 0.65961343, 0.6598594, 0.66015685, 0.6610607, 0.6681441, 0.6682502, 0.6705779, 0.6710963, 0.6742314, 0.67705643, 0.67811435, 0.68965006, 0.6899948, 0.6961584, 0.6997925, 0.70130765, 0.7027644, 0.70453393, 0.70818555, 0.7104529, 0.71258235, 0.71375036, 0.71480596, 0.7179034, 0.73570037, 0.7504443, 0.75297296, 0.75297946, 0.75467277, 0.7556212, 0.75713086, 0.7619031, 0.77221715, 0.7968485, 0.8096411, 0.8113913, 0.81516635, 0.82334113, 0.824614, 0.8357613, 0.8489129, 0.8589169, 0.8709892, 0.88191986, 0.90987, 0.9355358]
训练完的损失： []
用时： 0:00:03.201308
开始训练：第4 epoch
预训练的损失： [0.33795685, 0.36096287, 0.38728386, 0.3900655, 0.39255518, 0.39561892, 0.39745057, 0.40380806, 0.41132036, 0.4149067, 0.45111638, 0.45775008, 0.46134633, 0.47387788, 0.48412088, 0.49000722, 0.49298817, 0.5032908, 0.5049473, 0.5110426, 0.5113582, 0.511965, 0.51641047, 0.5178703, 0.5307718, 0.5369141, 0.5378617, 0.5386604, 0.54713523, 0.5494517, 0.5528916, 0.55490327, 0.55495155, 0.55495405, 0.5549604, 0.5588546, 0.55947703, 0.5598185, 0.55988103, 0.5614636, 0.5654681, 0.5708014, 0.57268935, 0.5767969, 0.5818622, 0.58467007, 0.5933701, 0.595997, 0.6009503, 0.6026168, 0.6079864, 0.61495197, 0.62043536, 0.6230658, 0.63022923, 0.6329463, 0.63403165, 0.6359099, 0.6369902, 0.6397317, 0.64136434, 0.64550245, 0.6478703, 0.6492594, 0.65131354, 0.6548273, 0.66084623, 0.6672059, 0.6720046, 0.6722859, 0.6754142, 0.6798444, 0.681138, 0.6831322, 0.68352365, 0.6839607, 0.6840832, 0.6870607, 0.7062899, 0.7191584, 0.72234917, 0.7227155, 0.723928, 0.7261558, 0.72724605, 0.72951394, 0.739856, 0.7637702, 0.7778202, 0.7810707, 0.78154105, 0.7891631, 0.7925644, 0.7980566, 0.8129581, 0.8263446, 0.8343625, 0.84828615, 0.87338036, 0.89635503]
训练完的损失： []
用时： 0:00:03.208869
开始训练：第5 epoch
预训练的损失： [0.3190405, 0.34102845, 0.36769104, 0.3681882, 0.37227106, 0.37773284, 0.3783265, 0.38424358, 0.39253882, 0.39372414, 0.43202907, 0.4389419, 0.43934107, 0.45225224, 0.4621633, 0.46761414, 0.4697884, 0.47825676, 0.47877824, 0.48952562, 0.48978138, 0.4917953, 0.49319816, 0.49372953, 0.5080687, 0.5149164, 0.51514137, 0.5158533, 0.5262736, 0.5264451, 0.52798593, 0.5284828, 0.5297499, 0.53101337, 0.53159934, 0.53264517, 0.53414065, 0.5347034, 0.5360904, 0.5361216, 0.54442036, 0.54602313, 0.54830986, 0.55349755, 0.55963904, 0.5610162, 0.56524867, 0.56904805, 0.5787443, 0.5789552, 0.5799111, 0.5909414, 0.5936674, 0.59574366, 0.6011903, 0.601382, 0.60676324, 0.6113714, 0.6122469, 0.6127888, 0.61424965, 0.6196281, 0.62120044, 0.6212791, 0.62448424, 0.62485886, 0.6327796, 0.63829005, 0.64336205, 0.64517653, 0.64868987, 0.6509606, 0.65099376, 0.65213877, 0.65575826, 0.6581204, 0.65942276, 0.66059136, 0.67691493, 0.6884071, 0.6912856, 0.691715, 0.69176924, 0.69739974, 0.6975126, 0.7018515, 0.7086978, 0.73164904, 0.746697, 0.74854803, 0.75126374, 0.7546989, 0.7618688, 0.7622261, 0.77716076, 0.7941474, 0.7985602, 0.8149395, 0.8374995, 0.8589856]
训练完的损失： []
用时： 0:00:03.218465
开始训练：第6 epoch
预训练的损失： [0.3005963, 0.32195538, 0.34630534, 0.34967026, 0.35250854, 0.3598401, 0.36030114, 0.36549246, 0.37354222, 0.37476358, 0.41348857, 0.41720417, 0.42148414, 0.43128753, 0.44092494, 0.44316506, 0.45020616, 0.45378998, 0.45460838, 0.46825665, 0.46867275, 0.4691622, 0.47177616, 0.4725193, 0.48677, 0.4919302, 0.49406278, 0.494627, 0.50306296, 0.5035109, 0.50403595, 0.50560063, 0.5063549, 0.50646335, 0.5082342, 0.5089214, 0.5089778, 0.50915587, 0.51357937, 0.51426125, 0.5223372, 0.5239027, 0.52432525, 0.5308057, 0.5354707, 0.53548896, 0.54104555, 0.5454848, 0.55285025, 0.55607975, 0.5571932, 0.56746745, 0.5677777, 0.5693462, 0.57015723, 0.57313347, 0.5814479, 0.584808, 0.5857634, 0.5875083, 0.5889262, 0.5920719, 0.59232295, 0.59797347, 0.5988332, 0.599997, 0.60621554, 0.6096696, 0.61550057, 0.61840606, 0.6190673, 0.6218671, 0.6219774, 0.6226924, 0.63239455, 0.63260746, 0.6345588, 0.6357316, 0.6481091, 0.6583588, 0.6604721, 0.66053194, 0.66136676, 0.66602814, 0.6695353, 0.676916, 0.6789268, 0.70043063, 0.7161609, 0.7164092, 0.721238, 0.72196376, 0.7269928, 0.7324691, 0.7420466, 0.7627572, 0.7636859, 0.78212035, 0.80256104, 0.82320666]
训练完的损失： []
用时： 0:00:03.211889
开始训练：第7 epoch
预训练的损失： [0.28281265, 0.3038605, 0.32582176, 0.33174568, 0.33330154, 0.34204763, 0.34335202, 0.34731042, 0.35453695, 0.35777694, 0.39543533, 0.39603657, 0.4040596, 0.4110392, 0.41982996, 0.42051744, 0.43005338, 0.43131787, 0.4322164, 0.44573987, 0.44758886, 0.44774717, 0.45048857, 0.45406634, 0.4664737, 0.46954858, 0.4736085, 0.47413367, 0.47857654, 0.481033, 0.48113227, 0.48155615, 0.48266464, 0.48408532, 0.4843815, 0.48664463, 0.48734364, 0.4877963, 0.491593, 0.4935106, 0.4997512, 0.50094604, 0.5040521, 0.50681454, 0.5086329, 0.5120904, 0.5216843, 0.5225128, 0.52665854, 0.5337517, 0.53663313, 0.54053044, 0.54259455, 0.54387856, 0.544495, 0.5459871, 0.5573142, 0.5577986, 0.55808794, 0.5601096, 0.5643039, 0.5658765, 0.5706892, 0.57327497, 0.57576144, 0.5759453, 0.5812833, 0.5817548, 0.58847165, 0.5886959, 0.5920738, 0.5928329, 0.59374833, 0.59726816, 0.60761493, 0.6090687, 0.60977966, 0.61251915, 0.6200132, 0.6291137, 0.63025016, 0.63060117, 0.6315675, 0.63560367, 0.64225304, 0.65060234, 0.6524186, 0.66991097, 0.68531966, 0.68605286, 0.68870956, 0.6933898, 0.69345796, 0.70334196, 0.70753217, 0.7299709, 0.73216426, 0.74970293, 0.76878154, 0.7889581]
训练完的损失： []
用时： 0:00:03.214302
开始训练：第8 epoch
预训练的损失： [0.2658031, 0.2866785, 0.30659953, 0.31426242, 0.31471753, 0.32486007, 0.32686865, 0.32976153, 0.33641487, 0.34157047, 0.3756773, 0.37795192, 0.3871076, 0.39138803, 0.397488, 0.40089965, 0.40739244, 0.41102868, 0.41295588, 0.422934, 0.42725146, 0.4274251, 0.42991406, 0.4362531, 0.4472406, 0.4479576, 0.45365426, 0.45422828, 0.45512354, 0.45687425, 0.45913196, 0.46011272, 0.46026212, 0.46060982, 0.4606102, 0.46627587, 0.46719742, 0.46921027, 0.47014636, 0.47383437, 0.47816002, 0.47852403, 0.47925562, 0.48478317, 0.48724425, 0.4895715, 0.50017476, 0.50151885, 0.50306845, 0.5119968, 0.5121947, 0.5168678, 0.51810074, 0.51939255, 0.51995754, 0.5223007, 0.5283345, 0.53143084, 0.5341469, 0.5351377, 0.5403323, 0.54191136, 0.5486218, 0.5498791, 0.552513, 0.5544187, 0.5546652, 0.5578064, 0.55923545, 0.56281304, 0.5646088, 0.56626034, 0.56683624, 0.5725026, 0.5828651, 0.584134, 0.5878303, 0.5897796, 0.592461, 0.6006234, 0.60079587, 0.6018915, 0.6022489, 0.6065424, 0.6156427, 0.6234331, 0.628451, 0.64018416, 0.6555861, 0.65652645, 0.6572486, 0.6612064, 0.6656157, 0.67365646, 0.6747264, 0.69739664, 0.70241135, 0.71814334, 0.7360679, 0.75602484]
训练完的损失： []
用时： 0:00:03.222908
开始训练：第9 epoch
预训练的损失： [0.24936622, 0.27053332, 0.28823403, 0.29694438, 0.29737636, 0.30815762, 0.3110228, 0.31261718, 0.3193521, 0.3259815, 0.35610402, 0.3611547, 0.3705305, 0.3722639, 0.37653172, 0.3819809, 0.3858559, 0.3910622, 0.39508206, 0.4010572, 0.40748358, 0.40763843, 0.4101168, 0.41905716, 0.42712152, 0.428861, 0.43269825, 0.4336038, 0.4342882, 0.43480238, 0.43707472, 0.4379445, 0.4380375, 0.4395182, 0.43957013, 0.4468658, 0.44729578, 0.4493049, 0.45173222, 0.45308596, 0.45504853, 0.45709193, 0.45771772, 0.4663453, 0.46651357, 0.46788076, 0.4774036, 0.47869635, 0.48501736, 0.48510206, 0.4908063, 0.49436945, 0.49477044, 0.49577445, 0.49810025, 0.5001331, 0.50100183, 0.50600266, 0.5109034, 0.5119517, 0.51580834, 0.52012086, 0.5248213, 0.5284231, 0.52957916, 0.5297199, 0.5313698, 0.5339582, 0.5355722, 0.5372772, 0.537966, 0.5410671, 0.54113495, 0.54828596, 0.5586337, 0.55988836, 0.56581175, 0.5665015, 0.567367, 0.5724037, 0.5730821, 0.57346845, 0.5743685, 0.5787892, 0.5896548, 0.5971235, 0.6049119, 0.6112763, 0.62683904, 0.6270381, 0.6274146, 0.6301619, 0.6386659, 0.6404848, 0.6469134, 0.6662241, 0.67364967, 0.6873287, 0.7043675, 0.7241714]
训练完的损失： []
用时： 0:00:03.223300
开始训练：第10 epoch
预训练的损失： [0.23371267, 0.2555601, 0.27091867, 0.28005487, 0.28118813, 0.2919386, 0.29576242, 0.29623955, 0.30328655, 0.3112564, 0.33764094, 0.3451513, 0.35387313, 0.35451156, 0.35654843, 0.36374545, 0.36518803, 0.37211376, 0.37762797, 0.38011327, 0.38839316, 0.388676, 0.39093602, 0.40236294, 0.40704346, 0.41102552, 0.41118267, 0.4112202, 0.41501325, 0.41551065, 0.41600424, 0.4162659, 0.41799682, 0.4193495, 0.4194396, 0.42814904, 0.42828137, 0.42852682, 0.42904025, 0.43503696, 0.43670732, 0.43712318, 0.43835896, 0.44645837, 0.44695818, 0.4485549, 0.45432818, 0.45793778, 0.45908034, 0.46739757, 0.4703986, 0.47049138, 0.47139233, 0.4732008, 0.4732895, 0.4799942, 0.48028123, 0.4813723, 0.4873321, 0.49085736, 0.49230933, 0.49895602, 0.5018003, 0.5032161, 0.50492036, 0.5075064, 0.5098034, 0.5110841, 0.5138156, 0.51419574, 0.51441073, 0.5163962, 0.51640016, 0.524738, 0.5347971, 0.5363355, 0.5402081, 0.54494107, 0.54534316, 0.5455081, 0.5457756, 0.54668754, 0.54790604, 0.552451, 0.56428725, 0.5717237, 0.58187884, 0.5834441, 0.5975143, 0.5987151, 0.5994219, 0.59999144, 0.6078805, 0.6124593, 0.6198426, 0.63635206, 0.64607286, 0.6573123, 0.67377824, 0.69348365]
训练完的损失： []
10/60 epochs...
用时： 0:00:03.222716
开始训练：第11 epoch
预训练的损失： [0.21864139, 0.24158402, 0.254385, 0.26434577, 0.26551613, 0.27620816, 0.2805547, 0.2810306, 0.288333, 0.29735717, 0.32014662, 0.33002368, 0.3361699, 0.33769774, 0.33881846, 0.34559208, 0.34631434, 0.3540398, 0.36028165, 0.3605755, 0.36982238, 0.37055725, 0.37248123, 0.3861748, 0.38799912, 0.38983816, 0.39065778, 0.3937162, 0.393786, 0.39532882, 0.39753407, 0.3977567, 0.39870167, 0.3999539, 0.40013713, 0.40470743, 0.4092527, 0.40970898, 0.41106862, 0.41723168, 0.41902453, 0.41985032, 0.4201303, 0.4267556, 0.42709878, 0.43135202, 0.43224686, 0.4340485, 0.4379217, 0.44692957, 0.4481414, 0.44881138, 0.45040935, 0.4505599, 0.45160058, 0.4574327, 0.46015024, 0.46249261, 0.4646157, 0.4697458, 0.47072887, 0.47824013, 0.47878516, 0.47968656, 0.4798267, 0.48564357, 0.48591924, 0.4903295, 0.49045515, 0.4923426, 0.4929164, 0.4943806, 0.4952035, 0.5018232, 0.5118054, 0.51367486, 0.5157098, 0.5179333, 0.5188439, 0.52147895, 0.5225133, 0.5241467, 0.52567816, 0.527513, 0.5394355, 0.54710835, 0.5568367, 0.55928004, 0.56898385, 0.570445, 0.57129014, 0.5724202, 0.5761394, 0.5869143, 0.5938778, 0.6078749, 0.61928713, 0.62805986, 0.6442181, 0.66400516]
训练完的损失： []
用时： 0:00:03.221868
开始训练：第12 epoch
预训练的损失： [0.20447469, 0.22856566, 0.23840459, 0.24959132, 0.25037825, 0.2608467, 0.26596195, 0.2668716, 0.27421087, 0.28408128, 0.30356252, 0.31557143, 0.3191479, 0.3197621, 0.32353628, 0.32722262, 0.32975453, 0.33682582, 0.34147, 0.34406555, 0.3519304, 0.3529211, 0.35467958, 0.3692158, 0.36992264, 0.370399, 0.37136793, 0.37299326, 0.37521267, 0.37700912, 0.38005537, 0.38006878, 0.38016942, 0.38116223, 0.38150117, 0.3821438, 0.39009115, 0.3918447, 0.3942988, 0.39852333, 0.40283266, 0.4031805, 0.4034642, 0.40715608, 0.40831894, 0.41009736, 0.4108925, 0.414783, 0.41848427, 0.4240988, 0.42435962, 0.42686146, 0.4309283, 0.43093222, 0.43397695, 0.43429393, 0.4406005, 0.4425382, 0.44558942, 0.44831645, 0.4512883, 0.45513707, 0.45540178, 0.4579301, 0.45864826, 0.46113813, 0.4649976, 0.4675326, 0.46885467, 0.47065037, 0.47144133, 0.47503978, 0.47666264, 0.4796275, 0.48947114, 0.49124894, 0.49207723, 0.4920827, 0.49406376, 0.4976357, 0.49812162, 0.5034643, 0.5036563, 0.5060817, 0.5153551, 0.5232334, 0.5316097, 0.53725123, 0.54151416, 0.54274976, 0.5437633, 0.5455315, 0.54628736, 0.5621717, 0.56886524, 0.58082676, 0.5934418, 0.59973705, 0.6158123, 0.6353842]
训练完的损失： []
用时： 0:00:03.224600
开始训练：第13 epoch
预训练的损失： [0.19108564, 0.21663511, 0.22291772, 0.2354464, 0.23572105, 0.24622786, 0.2524367, 0.25309688, 0.2609546, 0.27129072, 0.2879215, 0.3017431, 0.30250466, 0.3029384, 0.3086242, 0.30988443, 0.31410545, 0.3203712, 0.32367593, 0.3278948, 0.33492917, 0.33585954, 0.33761686, 0.34926128, 0.3528458, 0.35296282, 0.3530904, 0.35491216, 0.35588557, 0.36058655, 0.36065418, 0.36225057, 0.36284718, 0.36298376, 0.3632586, 0.3635308, 0.3715316, 0.37466747, 0.37808144, 0.38031363, 0.38627398, 0.3870715, 0.38711977, 0.38813603, 0.38855985, 0.3900743, 0.39047366, 0.3988911, 0.39990997, 0.40168872, 0.40197387, 0.40543085, 0.4113322, 0.41212678, 0.41214225, 0.41790456, 0.42130738, 0.42139935, 0.42774355, 0.42916223, 0.43214405, 0.4323966, 0.43277055, 0.43760103, 0.43802732, 0.43818343, 0.44467875, 0.44554046, 0.44591433, 0.44933397, 0.4528275, 0.45656997, 0.4581164, 0.45875245, 0.46556914, 0.46781415, 0.4695301, 0.47028854, 0.47129256, 0.47482085, 0.47487184, 0.48082697, 0.48319376, 0.48703054, 0.49181664, 0.50022334, 0.50755566, 0.5150252, 0.51561046, 0.51582855, 0.5162587, 0.5174783, 0.5210394, 0.5380633, 0.54454774, 0.55488694, 0.56877375, 0.5724586, 0.588632, 0.6078776]
训练完的损失： []
用时： 0:00:03.219824
开始训练：第14 epoch
预训练的损失： [0.17879964, 0.20577312, 0.20793077, 0.22169012, 0.22193639, 0.2319773, 0.23984136, 0.24007358, 0.24836926, 0.25900382, 0.27343208, 0.28601438, 0.28736854, 0.28858304, 0.2935295, 0.2939998, 0.29927224, 0.30485958, 0.30699682, 0.31206733, 0.3186794, 0.3193136, 0.32081938, 0.33039743, 0.33383286, 0.33592376, 0.33649355, 0.33757263, 0.33984405, 0.34054714, 0.34462202, 0.34511793, 0.34536403, 0.34630653, 0.3463347, 0.34686923, 0.35370192, 0.3580491, 0.36236945, 0.36274433, 0.36559612, 0.36966854, 0.3703397, 0.37085634, 0.3714408, 0.3725054, 0.37417144, 0.38017547, 0.38079503, 0.38163108, 0.383633, 0.38464716, 0.3907871, 0.39273372, 0.3939205, 0.40074688, 0.4021317, 0.40240335, 0.40802863, 0.40987748, 0.41051042, 0.41308042, 0.4148616, 0.4151082, 0.4184817, 0.41855052, 0.42360118, 0.42426234, 0.42491686, 0.42902148, 0.43446252, 0.437325, 0.438797, 0.44065356, 0.44135183, 0.44697526, 0.4477588, 0.4479072, 0.45134947, 0.45259658, 0.45330352, 0.45914337, 0.4635155, 0.46849558, 0.46887934, 0.47788945, 0.4846313, 0.48821926, 0.48929888, 0.48972154, 0.4923496, 0.49439853, 0.49668998, 0.5145389, 0.5209389, 0.5301709, 0.5449513, 0.5462941, 0.562464, 0.58161736]
训练完的损失： []
用时： 0:00:03.212221
开始训练：第15 epoch
预训练的损失： [0.16771087, 0.19356027, 0.1958816, 0.20823792, 0.20909381, 0.21848851, 0.22708684, 0.22872898, 0.23634467, 0.2473413, 0.25999326, 0.2701697, 0.27250838, 0.2761901, 0.27832285, 0.27987275, 0.2851202, 0.29010954, 0.29147094, 0.29663646, 0.30316, 0.30319405, 0.3047232, 0.31249386, 0.31557608, 0.31974074, 0.3201731, 0.320809, 0.3219406, 0.3251494, 0.32834327, 0.3285712, 0.3290258, 0.32997245, 0.33030468, 0.3309623, 0.33654553, 0.3420181, 0.3456701, 0.34569764, 0.3470711, 0.3517275, 0.3518923, 0.3547843, 0.35548645, 0.35635638, 0.35972708, 0.36037138, 0.36047992, 0.36403853, 0.36439517, 0.36891258, 0.37051296, 0.37493113, 0.37666026, 0.38072634, 0.38371944, 0.3867839, 0.3885712, 0.38942248, 0.38951695, 0.3935358, 0.39740348, 0.39766797, 0.39958066, 0.39960024, 0.40177688, 0.4040053, 0.4059028, 0.4097981, 0.4166118, 0.41673124, 0.41723406, 0.4220006, 0.424612, 0.42619038, 0.4268605, 0.42727476, 0.43182456, 0.4322621, 0.4326306, 0.4382805, 0.44417885, 0.4466809, 0.4504909, 0.456498, 0.4613455, 0.4627452, 0.46430096, 0.4645584, 0.46840012, 0.47305575, 0.47367233, 0.49167, 0.49813712, 0.50647074, 0.5210869, 0.5222423, 0.5372946, 0.5563987]
训练完的损失： []
用时： 0:00:03.211290
开始训练：第16 epoch
预训练的损失： [0.15753898, 0.17980936, 0.18679255, 0.19548108, 0.19689763, 0.20564869, 0.21485975, 0.21827999, 0.22477424, 0.23600718, 0.2475247, 0.25532305, 0.2582204, 0.26421094, 0.26432082, 0.26607993, 0.271654, 0.2760207, 0.27679777, 0.28157252, 0.28745738, 0.28822687, 0.2887862, 0.29569077, 0.29808939, 0.30357188, 0.30443949, 0.30466425, 0.305901, 0.3107084, 0.3120187, 0.31264406, 0.31381077, 0.31429183, 0.3149609, 0.31558043, 0.3202277, 0.32650563, 0.32736805, 0.32888937, 0.3322754, 0.33364642, 0.3344429, 0.33901197, 0.3396672, 0.34026402, 0.340929, 0.34188783, 0.34502375, 0.34692, 0.34739056, 0.3514025, 0.35467085, 0.35787588, 0.36004764, 0.36133575, 0.36519688, 0.3681873, 0.36948535, 0.3717849, 0.37194988, 0.37291932, 0.3805259, 0.38098747, 0.38106513, 0.3814241, 0.38217443, 0.38447818, 0.38777333, 0.39146507, 0.39386064, 0.39822727, 0.3990867, 0.4053809, 0.40608564, 0.40745395, 0.40747952, 0.40843743, 0.41205797, 0.4128791, 0.41406786, 0.41849834, 0.4251706, 0.42538023, 0.4330464, 0.4356526, 0.4357947, 0.43969804, 0.44072586, 0.4419396, 0.44521266, 0.45076552, 0.45328242, 0.46933162, 0.47628924, 0.48377696, 0.49684888, 0.50023, 0.513045, 0.53254306]
训练完的损失： []
用时： 0:00:03.211345
开始训练：第17 epoch
预训练的损失： [0.14842075, 0.16662988, 0.17840391, 0.18345207, 0.18528819, 0.19329602, 0.20307797, 0.20865366, 0.21383956, 0.22508854, 0.23574218, 0.24154499, 0.2446263, 0.25090465, 0.25279567, 0.25295472, 0.25886482, 0.26262212, 0.2629774, 0.2668786, 0.2721682, 0.2734534, 0.27387384, 0.2799179, 0.28177786, 0.287765, 0.28829297, 0.2898654, 0.29147965, 0.2963633, 0.2965811, 0.2974373, 0.29913992, 0.29936123, 0.30030382, 0.30055314, 0.30459332, 0.31031024, 0.31159163, 0.31262004, 0.3161154, 0.31773522, 0.3179356, 0.32154167, 0.3225245, 0.32303745, 0.32475567, 0.32639724, 0.32810718, 0.3304415, 0.33317775, 0.33485654, 0.34084117, 0.34147674, 0.34266815, 0.3442287, 0.34703773, 0.3486496, 0.35040015, 0.35296437, 0.35512814, 0.35764104, 0.35996154, 0.36306208, 0.3640147, 0.36473063, 0.365581, 0.36730945, 0.37045318, 0.37218127, 0.37410867, 0.38005987, 0.3819356, 0.3854692, 0.3884169, 0.38883564, 0.39086768, 0.39283735, 0.39349455, 0.3942006, 0.3965863, 0.39944673, 0.40425432, 0.40692097, 0.41123062, 0.41565132, 0.41611016, 0.41614693, 0.41783428, 0.4217691, 0.42305058, 0.42959607, 0.43333572, 0.44743448, 0.45528883, 0.46185845, 0.47356594, 0.47940987, 0.48962694, 0.50998336]
训练完的损失： []
用时： 0:00:03.210172
开始训练：第18 epoch
预训练的损失： [0.1400767, 0.15406033, 0.17062344, 0.17203534, 0.1745528, 0.18139817, 0.19193953, 0.19971433, 0.20344132, 0.21463567, 0.22470249, 0.22871447, 0.23172766, 0.23854542, 0.23990673, 0.24210495, 0.24664202, 0.24994524, 0.25000334, 0.2525611, 0.2572615, 0.25853103, 0.26018283, 0.2652691, 0.26631778, 0.27274492, 0.27282444, 0.27595615, 0.2778169, 0.28143895, 0.28266063, 0.28286836, 0.28479242, 0.2853486, 0.28590012, 0.286237, 0.28974754, 0.29433933, 0.29692468, 0.29709473, 0.29911226, 0.301569, 0.30374944, 0.3043617, 0.30518702, 0.30773994, 0.3087232, 0.31031865, 0.314449, 0.314691, 0.31582275, 0.32284212, 0.32456878, 0.32583568, 0.32743764, 0.3289839, 0.32951793, 0.32999253, 0.3322317, 0.33374804, 0.33928114, 0.34020028, 0.343736, 0.3457389, 0.3473306, 0.34752762, 0.34887958, 0.35156915, 0.3527826, 0.3537594, 0.3577235, 0.3629328, 0.3653289, 0.36632487, 0.3703853, 0.37093842, 0.37585568, 0.37606406, 0.37646577, 0.3776585, 0.37982303, 0.38122433, 0.38398522, 0.38801163, 0.38882333, 0.39335337, 0.39619195, 0.3962971, 0.40009072, 0.4016346, 0.40248084, 0.40969044, 0.41377905, 0.42608052, 0.43519664, 0.44088832, 0.45088154, 0.4589675, 0.4672374, 0.48851126]
训练完的损失： []
用时： 0:00:03.211905
开始训练：第19 epoch
预训练的损失： [0.13247117, 0.14217195, 0.16133264, 0.16333002, 0.16435033, 0.17007291, 0.18119496, 0.19128817, 0.19378453, 0.20470782, 0.21417674, 0.21683891, 0.21951306, 0.22702909, 0.22744596, 0.23159048, 0.23507306, 0.23759359, 0.23788024, 0.23863578, 0.24275629, 0.24397531, 0.24701263, 0.2514258, 0.25174224, 0.25806636, 0.2583308, 0.26280898, 0.2647774, 0.26745456, 0.26849592, 0.26949194, 0.27101994, 0.27161413, 0.272146, 0.27273318, 0.27574682, 0.27952185, 0.281826, 0.2828263, 0.2831607, 0.28596997, 0.2867819, 0.28877547, 0.29146326, 0.29189718, 0.29299834, 0.29623002, 0.29895198, 0.29932308, 0.301647, 0.3073547, 0.31071222, 0.31127572, 0.31216744, 0.31227273, 0.3143735, 0.31447464, 0.31496978, 0.31510437, 0.3211525, 0.32423335, 0.3288961, 0.33031908, 0.3304312, 0.33134055, 0.33209902, 0.3334298, 0.3376081, 0.3385182, 0.34199876, 0.34663302, 0.34825352, 0.34940523, 0.3530221, 0.35376042, 0.35887235, 0.35956886, 0.36185387, 0.36302975, 0.3636074, 0.3637395, 0.36437005, 0.36597547, 0.37103617, 0.3716311, 0.37554115, 0.3775748, 0.38117397, 0.38381875, 0.3848002, 0.39092666, 0.39465827, 0.40519583, 0.41573763, 0.4208644, 0.42901132, 0.43937558, 0.44584662, 0.4681213]
训练完的损失： []
用时： 0:00:03.212520
开始训练：第20 epoch
预训练的损失： [0.12552029, 0.13105303, 0.15129706, 0.1549983, 0.15664846, 0.15948175, 0.17098838, 0.18346792, 0.18472481, 0.19514972, 0.204321, 0.20564185, 0.20775509, 0.21534541, 0.21629734, 0.22143868, 0.22400376, 0.22493684, 0.22601925, 0.22625905, 0.22871397, 0.22980528, 0.23440579, 0.23804313, 0.23865221, 0.24408492, 0.24459693, 0.25025272, 0.2524224, 0.25430027, 0.25500157, 0.25650388, 0.25761402, 0.25782794, 0.25966883, 0.25981116, 0.26236418, 0.26576418, 0.26713607, 0.2674095, 0.26984194, 0.27052784, 0.27109185, 0.27330565, 0.27611387, 0.27883077, 0.27916276, 0.28237075, 0.28357404, 0.28404665, 0.2889194, 0.29100287, 0.29517138, 0.29563814, 0.29621732, 0.29718596, 0.2986967, 0.30022442, 0.30038458, 0.30170876, 0.3029655, 0.31012428, 0.3126681, 0.31398663, 0.31418505, 0.3159779, 0.3175326, 0.31821483, 0.32205033, 0.32474005, 0.3270713, 0.3309136, 0.3310609, 0.3341574, 0.33660614, 0.33729374, 0.34266895, 0.34353304, 0.3449512, 0.34553975, 0.34669954, 0.3478949, 0.34834227, 0.3487348, 0.3510697, 0.3537614, 0.3560747, 0.35967803, 0.3614477, 0.3658688, 0.37024945, 0.37309396, 0.37609485, 0.38463554, 0.39713705, 0.40175205, 0.4078795, 0.42068434, 0.4253587, 0.44891047]
训练完的损失： []
20/60 epochs...
用时： 0:00:03.210962
开始训练：第21 epoch
预训练的损失： [0.119194, 0.12080458, 0.14196295, 0.14644098, 0.14947587, 0.15060796, 0.1612109, 0.17607117, 0.17611352, 0.18601358, 0.1950514, 0.19520208, 0.1965672, 0.20358819, 0.20641406, 0.21177268, 0.21182209, 0.21337718, 0.21510765, 0.2152147, 0.21522957, 0.2160586, 0.22255057, 0.22542232, 0.22664055, 0.2308551, 0.23171353, 0.23823114, 0.24055733, 0.2417208, 0.24239056, 0.24386917, 0.24399975, 0.24519247, 0.24713446, 0.24812067, 0.2497736, 0.25212473, 0.25273558, 0.2537527, 0.25521323, 0.25692698, 0.25697738, 0.25885257, 0.2611466, 0.26526365, 0.26755127, 0.26852316, 0.26882476, 0.2694959, 0.27539062, 0.27663335, 0.27901137, 0.27982563, 0.27989793, 0.2821701, 0.2833021, 0.2856921, 0.28684837, 0.2894156, 0.28965208, 0.29673266, 0.29691273, 0.29707187, 0.2990209, 0.30127087, 0.30352464, 0.30505246, 0.30692703, 0.31109047, 0.31287453, 0.31427526, 0.31620747, 0.31954348, 0.32120997, 0.3214727, 0.32490468, 0.32714152, 0.3274228, 0.32809553, 0.33029965, 0.33155462, 0.33343688, 0.33453494, 0.3348527, 0.33691186, 0.33780268, 0.34227535, 0.34246194, 0.34861094, 0.35622942, 0.3564968, 0.35826004, 0.3649087, 0.3791417, 0.38359562, 0.38745016, 0.40298027, 0.40561825, 0.4307321]
训练完的损失： []
用时： 0:00:03.214763
开始训练：第22 epoch
预训练的损失： [0.11164522, 0.1135076, 0.1331487, 0.13845734, 0.14038774, 0.14493877, 0.15185852, 0.16795532, 0.1693619, 0.17718312, 0.18544774, 0.18600285, 0.18616134, 0.1923193, 0.19715574, 0.19911116, 0.20187256, 0.20267719, 0.20310001, 0.20335501, 0.204851, 0.20509924, 0.21129787, 0.21369879, 0.21546143, 0.21830511, 0.21957852, 0.22695753, 0.22931805, 0.22981414, 0.23034427, 0.23052634, 0.23193762, 0.23323792, 0.23495714, 0.23710844, 0.23774187, 0.23776555, 0.24046955, 0.2406245, 0.24104148, 0.24356441, 0.24474522, 0.24535802, 0.2469582, 0.25235707, 0.25421512, 0.2556659, 0.25567257, 0.25641778, 0.26035023, 0.2633163, 0.26371086, 0.26459944, 0.26475772, 0.2689088, 0.26906294, 0.2691942, 0.2739305, 0.27754334, 0.27943173, 0.28101414, 0.28205907, 0.28397852, 0.2849111, 0.28717935, 0.28908938, 0.29223746, 0.2930774, 0.29790157, 0.29815286, 0.299269, 0.30213958, 0.30547863, 0.30596662, 0.30621016, 0.30653006, 0.31016737, 0.3121795, 0.31325808, 0.31342, 0.3144591, 0.31907213, 0.32046813, 0.32055715, 0.32150364, 0.3215922, 0.32421094, 0.32567483, 0.33209592, 0.3402903, 0.34123224, 0.34366465, 0.34579492, 0.36179125, 0.36624253, 0.36764407, 0.386198, 0.3866038, 0.4132997]
训练完的损失： []
用时： 0:00:03.213035
开始训练：第23 epoch
预训练的损失： [0.10333504, 0.10840399, 0.12491499, 0.13113947, 0.13181022, 0.1395552, 0.1430548, 0.16035624, 0.16308862, 0.16877523, 0.17611796, 0.17644814, 0.17763212, 0.18153065, 0.18711771, 0.18858406, 0.18945327, 0.19071454, 0.1938376, 0.19398838, 0.195061, 0.1954788, 0.20068783, 0.20270127, 0.20491461, 0.20676485, 0.20804061, 0.21642935, 0.2175107, 0.21856207, 0.21860158, 0.21907726, 0.22050929, 0.22187918, 0.22342224, 0.22418404, 0.22620875, 0.22670394, 0.2268455, 0.22886863, 0.22923702, 0.23098207, 0.23292312, 0.23293483, 0.2337057, 0.23994568, 0.24063122, 0.24252403, 0.2429206, 0.24567279, 0.24597992, 0.24759898, 0.2493222, 0.2502727, 0.25324714, 0.25342458, 0.25568146, 0.25616238, 0.26150745, 0.26605028, 0.2661081, 0.2677073, 0.26964512, 0.27183795, 0.27188835, 0.27356732, 0.27528277, 0.27815986, 0.2813702, 0.2827053, 0.28488404, 0.2862332, 0.28800485, 0.28877327, 0.2914195, 0.29203653, 0.29269746, 0.29376322, 0.29586875, 0.29793596, 0.29905123, 0.29944986, 0.30419904, 0.3046177, 0.30534327, 0.30684352, 0.3087945, 0.30903602, 0.30965942, 0.31644338, 0.32497594, 0.32515576, 0.32738382, 0.3314738, 0.345301, 0.3485437, 0.35001826, 0.36840415, 0.37010178, 0.3967926]
训练完的损失： []
用时： 0:00:03.211324
开始训练：第24 epoch
预训练的损失： [0.09590275, 0.10385808, 0.117270604, 0.123931944, 0.12434003, 0.13453701, 0.13480721, 0.15312079, 0.15722659, 0.16069588, 0.16683969, 0.16804439, 0.16954392, 0.17138651, 0.1758296, 0.17771049, 0.17915384, 0.18067278, 0.18477708, 0.18562688, 0.18577737, 0.18630502, 0.19071883, 0.19251895, 0.19493902, 0.19616963, 0.19713552, 0.20485769, 0.20652577, 0.2079039, 0.2083539, 0.20868585, 0.20948446, 0.2111976, 0.21133733, 0.2124067, 0.21389219, 0.21525182, 0.21679673, 0.21781227, 0.21840242, 0.21912923, 0.22129717, 0.22138053, 0.22144842, 0.22773956, 0.22822237, 0.23022091, 0.2306653, 0.23247412, 0.23275462, 0.23538479, 0.23561333, 0.23666453, 0.23853624, 0.2422162, 0.24329585, 0.24419907, 0.24963306, 0.25202912, 0.25407237, 0.25502893, 0.25966552, 0.26012915, 0.2603189, 0.2605508, 0.26197523, 0.26445532, 0.26795185, 0.27007914, 0.27104044, 0.2723291, 0.27369475, 0.27590424, 0.27756986, 0.27821824, 0.27912545, 0.27936742, 0.279683, 0.2842151, 0.28433448, 0.2861504, 0.28911597, 0.28915545, 0.2902336, 0.29231137, 0.29432476, 0.29638273, 0.2969588, 0.30147207, 0.30947712, 0.30987376, 0.3109359, 0.31996673, 0.32943013, 0.32998133, 0.33475134, 0.3507408, 0.3547867, 0.38097352]
训练完的损失： []
用时： 0:00:03.222710
开始训练：第25 epoch
预训练的损失： [0.08911875, 0.09970322, 0.11034416, 0.1165749, 0.11802177, 0.12701043, 0.12973152, 0.14622626, 0.15169364, 0.15287557, 0.15814707, 0.16017804, 0.16177331, 0.16179508, 0.16526204, 0.16669852, 0.16828033, 0.17333703, 0.17626126, 0.17699374, 0.17764859, 0.17765656, 0.18143913, 0.18309753, 0.18552941, 0.18625215, 0.18670738, 0.19269104, 0.1970977, 0.19777489, 0.19853179, 0.19892326, 0.19903958, 0.19918379, 0.2011302, 0.20177746, 0.2019268, 0.2047558, 0.20733297, 0.20740038, 0.2080388, 0.20850638, 0.209879, 0.21044496, 0.21069081, 0.21542656, 0.21707347, 0.21871269, 0.21884845, 0.2190222, 0.21939029, 0.22266562, 0.22373506, 0.22431177, 0.22553363, 0.23153919, 0.23195297, 0.23284814, 0.23830342, 0.23866111, 0.2411297, 0.2443771, 0.24806662, 0.24821883, 0.24911667, 0.24926353, 0.25100064, 0.25113174, 0.2538767, 0.25493008, 0.25923008, 0.26015177, 0.26184776, 0.2634743, 0.2636867, 0.26371878, 0.26407057, 0.26666877, 0.26747534, 0.26970655, 0.27151656, 0.27351624, 0.27419364, 0.27465644, 0.2748705, 0.27957898, 0.2799104, 0.28448078, 0.2853797, 0.28726953, 0.29315668, 0.29495463, 0.29747763, 0.30899534, 0.3121187, 0.3140905, 0.32056087, 0.33397657, 0.34031767, 0.3659175]
训练完的损失： []
用时： 0:00:03.210657
开始训练：第26 epoch
预训练的损失： [0.08295098, 0.09589609, 0.10391694, 0.1098496, 0.11225861, 0.119950816, 0.12516084, 0.13971385, 0.14544821, 0.14650285, 0.1500805, 0.15275633, 0.15280718, 0.15430236, 0.15558004, 0.15644033, 0.158132, 0.16644904, 0.1681068, 0.1687706, 0.16950217, 0.17004675, 0.17278254, 0.17431307, 0.17649937, 0.17668048, 0.17708899, 0.18100744, 0.187612, 0.18816286, 0.18826418, 0.18892676, 0.18921836, 0.18992516, 0.19045797, 0.19168267, 0.19181065, 0.19467518, 0.19756293, 0.19762559, 0.19831815, 0.19923553, 0.19924307, 0.19981283, 0.2007197, 0.2038039, 0.20551042, 0.20644005, 0.20728698, 0.2079096, 0.20840982, 0.21026406, 0.2109893, 0.21158999, 0.21599633, 0.22143793, 0.22145844, 0.22230361, 0.2260127, 0.22762123, 0.2287618, 0.23411876, 0.23614302, 0.2370176, 0.23743573, 0.23823358, 0.238309, 0.23970862, 0.24062535, 0.24200195, 0.2482084, 0.24848124, 0.24878086, 0.249271, 0.25054234, 0.25127453, 0.25230062, 0.2548553, 0.25576004, 0.25577974, 0.25946027, 0.2597755, 0.25985095, 0.26144457, 0.26154408, 0.2656919, 0.26817766, 0.27292794, 0.27396137, 0.2741686, 0.27709794, 0.2812264, 0.28453386, 0.2948943, 0.2984901, 0.2994466, 0.30726078, 0.3179059, 0.3266266, 0.3514244]
训练完的损失： []
用时： 0:00:03.214898
开始训练：第27 epoch
预训练的损失： [0.07760007, 0.092473626, 0.09808412, 0.10367709, 0.10696599, 0.11330584, 0.12079084, 0.13347095, 0.138396, 0.14159139, 0.14271618, 0.14434005, 0.14594162, 0.1466811, 0.14710559, 0.14714286, 0.14876953, 0.16005667, 0.16033618, 0.16104175, 0.16165906, 0.16269268, 0.16471845, 0.16595438, 0.16716275, 0.16794917, 0.16860473, 0.16990963, 0.17675376, 0.17902794, 0.17943642, 0.17991447, 0.17992833, 0.18038948, 0.18150973, 0.18212628, 0.1827461, 0.18516609, 0.18792647, 0.18821526, 0.18948674, 0.18958372, 0.18971214, 0.19076458, 0.19144523, 0.19288152, 0.19309601, 0.19575928, 0.19611925, 0.19735295, 0.1984734, 0.19860193, 0.19863917, 0.20004636, 0.20700999, 0.21160167, 0.21182385, 0.212521, 0.21414258, 0.2171971, 0.21722579, 0.22432974, 0.22485846, 0.22527547, 0.22532997, 0.22580977, 0.22727002, 0.2278369, 0.22818294, 0.23330316, 0.23479782, 0.23575565, 0.23668575, 0.23843583, 0.2389847, 0.23974317, 0.24154189, 0.24230453, 0.24347872, 0.24464928, 0.24557242, 0.24618652, 0.24805275, 0.2488122, 0.25000107, 0.2525248, 0.25698954, 0.26155236, 0.26182032, 0.26202184, 0.26338422, 0.2681897, 0.27232447, 0.27847904, 0.28528243, 0.28851688, 0.2948348, 0.3025147, 0.31381494, 0.33756703]
训练完的损失： []
用时： 0:00:03.216300
开始训练：第28 epoch
预训练的损失： [0.072779834, 0.08935158, 0.092747405, 0.09796974, 0.10213235, 0.10708679, 0.11663763, 0.12759152, 0.13163233, 0.135768, 0.13659796, 0.13698183, 0.1385429, 0.13873306, 0.139583, 0.14020011, 0.14033878, 0.15303805, 0.15372969, 0.15404257, 0.15447867, 0.15562224, 0.15717752, 0.15813074, 0.15818378, 0.15970895, 0.1597814, 0.16081858, 0.1664571, 0.17024413, 0.17045546, 0.1705145, 0.17202154, 0.17214817, 0.17279792, 0.17351548, 0.17424244, 0.17614806, 0.17888118, 0.17960931, 0.17972028, 0.18050578, 0.18151677, 0.18154061, 0.182596, 0.18277384, 0.18281034, 0.18502545, 0.18643653, 0.18687463, 0.18730418, 0.18761063, 0.18910587, 0.18949828, 0.19838348, 0.20210683, 0.20291206, 0.2029821, 0.20336944, 0.20623335, 0.20744254, 0.21193014, 0.21386956, 0.21405956, 0.21415456, 0.21517572, 0.21660218, 0.2176958, 0.21771133, 0.22133988, 0.22304471, 0.22484419, 0.22558731, 0.22719151, 0.2286199, 0.22946376, 0.22946666, 0.23132806, 0.23206013, 0.23258346, 0.2331995, 0.23409864, 0.23689002, 0.23732336, 0.23919915, 0.2400164, 0.24648921, 0.24763966, 0.2501059, 0.25098723, 0.25308424, 0.2558839, 0.2607847, 0.26285234, 0.27202177, 0.27884278, 0.28310376, 0.2877629, 0.30173805, 0.32429293]
训练完的损失： []
用时： 0:00:03.213848
开始训练：第29 epoch
预训练的损失： [0.06852077, 0.0864436, 0.08799252, 0.09263167, 0.09767106, 0.10132508, 0.11268682, 0.1220997, 0.12536044, 0.12927882, 0.12933382, 0.13109031, 0.13119434, 0.13245551, 0.13269816, 0.1336198, 0.13400699, 0.14617723, 0.14696002, 0.14779969, 0.14843737, 0.1489353, 0.14941503, 0.1500856, 0.15024064, 0.1509277, 0.1521377, 0.15359458, 0.15693712, 0.16130117, 0.16211036, 0.16231087, 0.16387087, 0.16444688, 0.16453373, 0.1660775, 0.16634978, 0.16767377, 0.1703245, 0.1703541, 0.17063326, 0.17159623, 0.17235556, 0.17285302, 0.17383714, 0.17466375, 0.17484468, 0.1752744, 0.17645314, 0.17704117, 0.17720452, 0.17776838, 0.17870656, 0.18099232, 0.1901175, 0.1925413, 0.19310269, 0.19462776, 0.1949195, 0.19574039, 0.19820425, 0.19933853, 0.20268355, 0.20360166, 0.20381846, 0.2058897, 0.20645878, 0.20793563, 0.2086078, 0.20867583, 0.2109212, 0.21481706, 0.21591848, 0.21661904, 0.21720897, 0.21935895, 0.21936631, 0.21963708, 0.22093582, 0.22166532, 0.22223234, 0.22391397, 0.22564131, 0.22711289, 0.22821954, 0.22899455, 0.23401578, 0.23660311, 0.23933473, 0.24052487, 0.24318588, 0.24428299, 0.24800006, 0.24978691, 0.25935832, 0.26946366, 0.27208915, 0.2738657, 0.29048845, 0.31166765]
训练完的损失： []
用时： 0:00:03.216042
开始训练：第30 epoch
预训练的损失： [0.06478032, 0.08366406, 0.08377629, 0.08770569, 0.09353953, 0.09585735, 0.10891436, 0.1168857, 0.119460955, 0.12259515, 0.123229, 0.12437972, 0.12440246, 0.12547784, 0.12801155, 0.12804797, 0.12865694, 0.13969034, 0.14074859, 0.14123985, 0.14142618, 0.14152502, 0.14260808, 0.14312568, 0.14357245, 0.1441342, 0.14492942, 0.14689597, 0.14796893, 0.15299144, 0.15422153, 0.15463194, 0.15532455, 0.1571983, 0.15747619, 0.15885203, 0.15916646, 0.15962066, 0.1604654, 0.16147172, 0.16229373, 0.16374788, 0.16419713, 0.16491604, 0.16544667, 0.16650619, 0.1667141, 0.1670678, 0.16732365, 0.1682204, 0.16831729, 0.16870499, 0.16878286, 0.17300111, 0.18228766, 0.18285617, 0.18457529, 0.1860523, 0.18694067, 0.18697624, 0.18744594, 0.1894244, 0.19222519, 0.19371107, 0.19397186, 0.19583997, 0.19657896, 0.19810456, 0.19851992, 0.19958195, 0.2002627, 0.20444617, 0.2050241, 0.20544057, 0.2074217, 0.20875615, 0.2093865, 0.21020806, 0.21046352, 0.21221372, 0.21241876, 0.2144064, 0.21501288, 0.2170456, 0.21742302, 0.21933031, 0.22123826, 0.2273818, 0.22924691, 0.23043986, 0.23348528, 0.23349379, 0.23377609, 0.23936841, 0.2473667, 0.2606083, 0.26067322, 0.2616701, 0.27983242, 0.29973453]
训练完的损失： []
30/60 epochs...
用时： 0:00:03.217206
开始训练：第31 epoch
预训练的损失： [0.06144933, 0.07969011, 0.081338435, 0.083171986, 0.08976245, 0.09104186, 0.10529381, 0.11201438, 0.11388763, 0.11633569, 0.117603265, 0.11812341, 0.11819449, 0.119177416, 0.12241091, 0.12272562, 0.12480305, 0.13347267, 0.13348845, 0.13369745, 0.13495405, 0.13568242, 0.1366762, 0.13748899, 0.13763848, 0.13807133, 0.13822342, 0.13976568, 0.14064649, 0.14557412, 0.14671984, 0.14712851, 0.14714688, 0.15056925, 0.15083376, 0.15096813, 0.1518108, 0.15191883, 0.1527076, 0.15310422, 0.15466207, 0.15537958, 0.15632853, 0.15731329, 0.15777567, 0.15802321, 0.15825135, 0.15939823, 0.15944609, 0.15985444, 0.15999238, 0.1600778, 0.16164047, 0.16534218, 0.17374112, 0.17472872, 0.17632826, 0.17648199, 0.1770005, 0.17958672, 0.17968339, 0.18126184, 0.18232557, 0.18449266, 0.18469399, 0.1851407, 0.1863257, 0.18878405, 0.1895465, 0.19013125, 0.1922248, 0.19441587, 0.19453427, 0.19463454, 0.1962108, 0.19839601, 0.20110725, 0.20128417, 0.20205781, 0.20257804, 0.2036957, 0.20494545, 0.20523468, 0.20649672, 0.20827922, 0.20923221, 0.21017861, 0.21874514, 0.21984577, 0.22044984, 0.22069243, 0.22345194, 0.22438857, 0.22957456, 0.23611695, 0.24826398, 0.25187457, 0.25198084, 0.269742, 0.28834873]
训练完的损失： []
用时： 0:00:03.228214
开始训练：第32 epoch
预训练的损失： [0.058548108, 0.076122105, 0.079034075, 0.079061925, 0.08630451, 0.08643918, 0.10184402, 0.107457854, 0.10859604, 0.110608, 0.11231193, 0.1124272, 0.11247586, 0.11336527, 0.11708647, 0.11782081, 0.12115793, 0.12620226, 0.12625477, 0.1280182, 0.12950689, 0.13015303, 0.1310758, 0.1316189, 0.13178903, 0.13186187, 0.13221706, 0.13324323, 0.13486224, 0.13879105, 0.13934162, 0.13969071, 0.14021787, 0.14226684, 0.14441419, 0.14457256, 0.14474428, 0.14520377, 0.1452528, 0.1466276, 0.14749312, 0.14762379, 0.14783058, 0.1492051, 0.14938943, 0.15046135, 0.15078275, 0.15208368, 0.15219688, 0.15220512, 0.1525901, 0.15311648, 0.15536971, 0.15822259, 0.16520254, 0.16600399, 0.16747163, 0.1686168, 0.16882153, 0.17268428, 0.17286626, 0.17302844, 0.17346473, 0.17440936, 0.17575186, 0.1758864, 0.17745502, 0.17856446, 0.18086646, 0.18258485, 0.183961, 0.18462494, 0.18471023, 0.18507975, 0.18564242, 0.18802637, 0.19270119, 0.19335711, 0.19381943, 0.19392903, 0.19541624, 0.19545242, 0.19657768, 0.19668439, 0.1978961, 0.19949007, 0.20169272, 0.20784768, 0.21068229, 0.2108132, 0.21132532, 0.2140638, 0.21547991, 0.22032005, 0.2255371, 0.23660219, 0.2425963, 0.24374771, 0.26037544, 0.2774305]
训练完的损失： []
用时： 0:00:03.226742
开始训练：第33 epoch
预训练的损失： [0.056025006, 0.07288775, 0.07519959, 0.0769214, 0.082296625, 0.083161205, 0.098574296, 0.10315808, 0.1037309, 0.1054773, 0.1069866, 0.10728747, 0.10771647, 0.10811174, 0.11218563, 0.113165244, 0.11768839, 0.11941323, 0.11966635, 0.12276821, 0.124476686, 0.124945894, 0.12526232, 0.12585163, 0.12587263, 0.12588134, 0.12649588, 0.12865311, 0.12952782, 0.13197085, 0.13259816, 0.13309872, 0.13342771, 0.1341527, 0.13788939, 0.13795476, 0.13869205, 0.13876277, 0.13915926, 0.13979548, 0.14036581, 0.14058532, 0.14092885, 0.14104615, 0.14175886, 0.14191055, 0.14470996, 0.14477003, 0.14483444, 0.14616045, 0.14655648, 0.14665759, 0.14941603, 0.1514594, 0.15635556, 0.15717505, 0.16054063, 0.16081193, 0.16179988, 0.16424096, 0.16446537, 0.16611436, 0.16615799, 0.16650075, 0.16751602, 0.16777113, 0.16908194, 0.16913334, 0.1726506, 0.17410642, 0.17516041, 0.17545983, 0.17565174, 0.17615949, 0.1776804, 0.17820907, 0.18459411, 0.184612, 0.18624382, 0.18634853, 0.18679956, 0.1872537, 0.18738365, 0.18758798, 0.1884514, 0.1911859, 0.19362117, 0.19587493, 0.20226957, 0.20237193, 0.20312491, 0.20536566, 0.2069326, 0.21171221, 0.21550006, 0.22573557, 0.23380354, 0.2356602, 0.25133124, 0.2671998]
训练完的损失： []
用时： 0:00:03.229251
开始训练：第34 epoch
预训练的损失： [0.053807735, 0.06999548, 0.0718002, 0.074909106, 0.078416646, 0.08027022, 0.09550831, 0.0990998, 0.09914665, 0.10083917, 0.102086365, 0.102438904, 0.10325028, 0.103285566, 0.10776525, 0.10876953, 0.113162994, 0.113674834, 0.1143702, 0.117753394, 0.11882809, 0.11967619, 0.119994506, 0.120211944, 0.12046674, 0.120925225, 0.12152682, 0.12434731, 0.1245368, 0.12489451, 0.12659723, 0.12685326, 0.12694134, 0.12707368, 0.13104329, 0.13175084, 0.13231534, 0.13325727, 0.13327144, 0.13338646, 0.13351074, 0.133623, 0.1338913, 0.13408235, 0.13456915, 0.13582794, 0.13791078, 0.13795553, 0.13889359, 0.13985467, 0.14063767, 0.14132406, 0.14382093, 0.14509627, 0.1473226, 0.14963573, 0.15352207, 0.15390292, 0.15514323, 0.15532711, 0.15600143, 0.15919489, 0.15957747, 0.1600399, 0.16023147, 0.16023345, 0.16049892, 0.16134295, 0.1647371, 0.16487181, 0.166123, 0.16628529, 0.16763139, 0.16873519, 0.16890253, 0.170886, 0.17624947, 0.17668213, 0.17725691, 0.17790756, 0.17877401, 0.17885657, 0.18012768, 0.18026444, 0.18077436, 0.18325302, 0.18469605, 0.18587106, 0.1937894, 0.1941765, 0.19596222, 0.19720137, 0.19900343, 0.20352784, 0.20620504, 0.21563679, 0.22555766, 0.2279925, 0.24296732, 0.25737444]
训练完的损失： []
用时： 0:00:03.223090
开始训练：第35 epoch
预训练的损失： [0.051821586, 0.067386486, 0.0686665, 0.07301869, 0.074933365, 0.07761705, 0.09249771, 0.09489164, 0.095296144, 0.096508056, 0.0975194, 0.09797788, 0.098892964, 0.099163875, 0.1036495, 0.104643896, 0.10733341, 0.108143434, 0.11117732, 0.112926714, 0.113157324, 0.114785716, 0.11516881, 0.11531059, 0.11540466, 0.11635778, 0.11693713, 0.11828161, 0.11972791, 0.119836, 0.12010841, 0.12091729, 0.12105867, 0.12165575, 0.12477714, 0.1253586, 0.12583372, 0.12615116, 0.12630315, 0.1272541, 0.12783502, 0.12798315, 0.12810308, 0.12822483, 0.12847461, 0.13096777, 0.13132077, 0.13154396, 0.13347574, 0.13382989, 0.13490495, 0.13646, 0.13856672, 0.13889034, 0.13892184, 0.14257495, 0.1467681, 0.14677265, 0.14760697, 0.14825734, 0.14893273, 0.15183368, 0.15203033, 0.15277687, 0.15327314, 0.15402031, 0.15433258, 0.15490001, 0.15621722, 0.157276, 0.1574383, 0.15750104, 0.15946847, 0.1602334, 0.16243772, 0.16457184, 0.16792762, 0.16845945, 0.16918564, 0.16987097, 0.17066902, 0.17173147, 0.17310798, 0.17352304, 0.17396058, 0.17434523, 0.17564744, 0.17855804, 0.18565147, 0.18652521, 0.18926696, 0.18955734, 0.19135353, 0.19587404, 0.19755433, 0.20621653, 0.21769997, 0.22061276, 0.2349335, 0.24808106]
训练完的损失： []
用时： 0:00:03.222492
开始训练：第36 epoch
预训练的损失： [0.050130725, 0.0650442, 0.06584737, 0.07123843, 0.07178216, 0.075220965, 0.08965946, 0.09098898, 0.091742665, 0.092600614, 0.09332946, 0.09378059, 0.09480575, 0.09524189, 0.0998618, 0.100736566, 0.10207266, 0.10302515, 0.10749836, 0.10809046, 0.10870413, 0.109666124, 0.11067073, 0.11098128, 0.1109918, 0.11203198, 0.11218941, 0.112646624, 0.113260314, 0.11535387, 0.11539335, 0.11542992, 0.116024, 0.11684064, 0.118939236, 0.11898417, 0.11938435, 0.119696274, 0.12028689, 0.12132901, 0.12182218, 0.121955946, 0.12319617, 0.12319654, 0.12391566, 0.12504269, 0.12556629, 0.1263575, 0.12809804, 0.12826936, 0.12951614, 0.13096991, 0.1318901, 0.13319834, 0.13346381, 0.13597688, 0.13894041, 0.14058127, 0.14096297, 0.14164521, 0.14302365, 0.14404768, 0.14475693, 0.14673635, 0.14684702, 0.14714716, 0.14820355, 0.148911, 0.14933628, 0.1493684, 0.14970006, 0.15023947, 0.15180384, 0.15218273, 0.156333, 0.15851972, 0.15922852, 0.16103953, 0.1619871, 0.16241652, 0.16312452, 0.1648352, 0.16513653, 0.16644296, 0.16656826, 0.16800758, 0.16834429, 0.17167339, 0.17791525, 0.1792742, 0.18233739, 0.183, 0.18409818, 0.1886906, 0.18952534, 0.19743039, 0.21019128, 0.21350685, 0.22731483, 0.23916876]
训练完的损失： []
用时： 0:00:03.221921
开始训练：第37 epoch
预训练的损失： [0.048648454, 0.062868655, 0.0633055, 0.068882406, 0.06952104, 0.072993286, 0.08695747, 0.08736673, 0.08838783, 0.088957116, 0.08941072, 0.08997171, 0.0910722, 0.09159014, 0.096456036, 0.09702386, 0.097300276, 0.098451585, 0.102497205, 0.10449572, 0.1048864, 0.10508731, 0.10611151, 0.10627927, 0.106943905, 0.10704476, 0.107342914, 0.108318225, 0.10870004, 0.109935455, 0.11030392, 0.11124584, 0.11210026, 0.11235822, 0.112852864, 0.112998955, 0.113581896, 0.11364083, 0.11504991, 0.11586005, 0.11610849, 0.116310425, 0.1184826, 0.11862095, 0.11917059, 0.119651794, 0.11996266, 0.122125596, 0.12264901, 0.12331414, 0.12365143, 0.124423966, 0.1275347, 0.12758364, 0.12873283, 0.12985268, 0.13174728, 0.1340668, 0.13482586, 0.13608512, 0.13675205, 0.13753328, 0.13800603, 0.140552, 0.14069717, 0.14094436, 0.14108859, 0.14155883, 0.14173844, 0.14356607, 0.14367175, 0.14454317, 0.14461915, 0.14486367, 0.15062144, 0.15105912, 0.15295674, 0.15410838, 0.15509346, 0.15544903, 0.15594628, 0.15617424, 0.15878859, 0.16005719, 0.16014926, 0.16147938, 0.16228266, 0.16516723, 0.17057317, 0.17236586, 0.17539147, 0.17704377, 0.17729679, 0.18185264, 0.18194824, 0.18923977, 0.20309833, 0.20673236, 0.21997927, 0.2306717]
训练完的损失： []
用时： 0:00:03.222290
开始训练：第38 epoch
预训练的损失： [0.047353506, 0.06086518, 0.061011575, 0.06621862, 0.0679065, 0.07094461, 0.084052324, 0.08440891, 0.0853415, 0.08563811, 0.08573224, 0.08645487, 0.08771233, 0.08814572, 0.09291412, 0.09330167, 0.09354467, 0.09418218, 0.09797186, 0.10045544, 0.10057543, 0.1007642, 0.10178958, 0.102077335, 0.10218348, 0.103119686, 0.10326647, 0.104700476, 0.10478601, 0.10502014, 0.10556398, 0.10686922, 0.1073017, 0.107560605, 0.10806136, 0.10833528, 0.10836769, 0.1086276, 0.11009009, 0.11069797, 0.110724896, 0.111070916, 0.11361214, 0.114005, 0.11422084, 0.114761725, 0.115591966, 0.11687887, 0.117525354, 0.11811635, 0.11853986, 0.11951774, 0.12235616, 0.12331908, 0.12413731, 0.1242771, 0.12520146, 0.12756072, 0.1294544, 0.12983046, 0.13076922, 0.13157526, 0.13222376, 0.13373995, 0.13425982, 0.13432439, 0.1347211, 0.1355603, 0.13571624, 0.13738301, 0.13765448, 0.13782962, 0.13874383, 0.1402938, 0.14353675, 0.14516518, 0.14758924, 0.14767326, 0.14784408, 0.14851996, 0.1489374, 0.14966635, 0.15278584, 0.15382499, 0.15421005, 0.15497164, 0.15687548, 0.15908238, 0.16362897, 0.16580863, 0.16891164, 0.17082246, 0.17141277, 0.17473952, 0.17557523, 0.18159288, 0.19629174, 0.20027134, 0.21315078, 0.22248736]
训练完的损失： []
用时： 0:00:03.227228
开始训练：第39 epoch
预训练的损失： [0.04619106, 0.058971405, 0.05901856, 0.06380142, 0.066394925, 0.06907427, 0.0810597, 0.081976116, 0.08237402, 0.082421884, 0.08270747, 0.08311523, 0.0846702, 0.08493715, 0.08885598, 0.09020594, 0.090245605, 0.090358414, 0.09379107, 0.09582437, 0.09637465, 0.09669152, 0.09693277, 0.09813517, 0.09940342, 0.09962405, 0.09971431, 0.09987004, 0.10118494, 0.10127903, 0.10140711, 0.10158387, 0.10260907, 0.10294995, 0.103553265, 0.10397446, 0.10455756, 0.104800545, 0.105462246, 0.10582544, 0.10595433, 0.10610627, 0.10835973, 0.10978311, 0.109937355, 0.11007048, 0.110651374, 0.11176105, 0.11270061, 0.11406576, 0.114296, 0.114825904, 0.11735475, 0.118741944, 0.1190775, 0.11933373, 0.120015666, 0.12140109, 0.123389706, 0.12444684, 0.12552339, 0.12578562, 0.12721042, 0.12729242, 0.1274634, 0.12814063, 0.12850681, 0.13060021, 0.13068604, 0.13101844, 0.13156565, 0.13163505, 0.13407132, 0.13596714, 0.13657919, 0.13988672, 0.14041841, 0.14155999, 0.14220792, 0.1427373, 0.14277348, 0.14358282, 0.14702779, 0.14784728, 0.1485556, 0.14881776, 0.15163091, 0.153328, 0.1567121, 0.15962952, 0.16282475, 0.16475181, 0.16598901, 0.16802362, 0.1695626, 0.17457348, 0.1898601, 0.19415931, 0.206642, 0.21460846]
训练完的损失： []
用时： 0:00:03.231351
开始训练：第40 epoch
预训练的损失： [0.045138307, 0.05711113, 0.05741503, 0.06164355, 0.06497777, 0.067375496, 0.07820984, 0.07932514, 0.079616375, 0.079728186, 0.08000619, 0.080047786, 0.08187836, 0.08195451, 0.08508986, 0.086519875, 0.087004356, 0.08758727, 0.08997856, 0.091365844, 0.092084944, 0.09267817, 0.09356287, 0.09443115, 0.0952455, 0.096297175, 0.09631878, 0.096340336, 0.0967593, 0.09710583, 0.09788806, 0.09805064, 0.09826248, 0.09837774, 0.09973614, 0.10005513, 0.10112223, 0.10115251, 0.10125762, 0.10141513, 0.10144502, 0.10148962, 0.10339898, 0.104880854, 0.105448, 0.10579914, 0.10606952, 0.10809736, 0.10811274, 0.10972803, 0.110393226, 0.11071165, 0.11265771, 0.11342926, 0.113651715, 0.11552088, 0.1155883, 0.115958005, 0.11728527, 0.11968814, 0.11982507, 0.12116458, 0.12123087, 0.1213458, 0.12206848, 0.122503854, 0.12298612, 0.12487709, 0.1257115, 0.12579516, 0.12623169, 0.12635401, 0.12966157, 0.13013212, 0.1318908, 0.1335562, 0.1349618, 0.13592777, 0.13620965, 0.13707596, 0.1378166, 0.13803416, 0.14164647, 0.14217988, 0.14300188, 0.14320198, 0.14672521, 0.1480207, 0.15032709, 0.1537666, 0.15698655, 0.15896948, 0.16082956, 0.16169208, 0.16386983, 0.16786718, 0.18371844, 0.18827996, 0.2003396, 0.20713541]
训练完的损失： []
40/60 epochs...
用时： 0:00:03.226188
开始训练：第41 epoch
预训练的损失： [0.04415431, 0.055475228, 0.05597399, 0.05965896, 0.06364775, 0.06577741, 0.07556307, 0.07647267, 0.07701072, 0.07714318, 0.077545874, 0.07763767, 0.07916545, 0.07922283, 0.081665725, 0.08311395, 0.083981216, 0.085091114, 0.0864858, 0.08727426, 0.087908, 0.08923112, 0.0903862, 0.09097545, 0.09098446, 0.09157188, 0.093161106, 0.09318541, 0.09323016, 0.093585745, 0.093928054, 0.09418419, 0.094975166, 0.09541085, 0.09578678, 0.096668124, 0.097081095, 0.097091086, 0.09713179, 0.09727597, 0.097975254, 0.09818928, 0.0987376, 0.09960361, 0.10120648, 0.1020851, 0.1023035, 0.10383408, 0.10477263, 0.105610445, 0.106216386, 0.10728079, 0.10824594, 0.10827175, 0.10884419, 0.11014927, 0.11167866, 0.111903824, 0.11206154, 0.114462316, 0.11535352, 0.11545274, 0.1159185, 0.11649837, 0.11682185, 0.1177935, 0.117995515, 0.11914776, 0.12046684, 0.121061206, 0.12144019, 0.1221098, 0.12422568, 0.12533979, 0.1272383, 0.12791045, 0.13023528, 0.13051754, 0.1306661, 0.13170442, 0.13247567, 0.13349077, 0.13649906, 0.13690032, 0.13768452, 0.13811421, 0.14198703, 0.14297783, 0.1441092, 0.14821073, 0.15148142, 0.15344645, 0.15573907, 0.15585525, 0.15841, 0.16175231, 0.17777, 0.18270773, 0.19445224, 0.19983996]
训练完的损失： []
用时： 0:00:03.225085
开始训练：第42 epoch
预训练的损失： [0.04328429, 0.053995997, 0.05463359, 0.05784837, 0.06238429, 0.06426187, 0.07309197, 0.07390001, 0.07441674, 0.07454279, 0.07530819, 0.07567857, 0.07655923, 0.076771826, 0.07846096, 0.08000291, 0.081023574, 0.08267327, 0.083255515, 0.083464, 0.08415228, 0.08601032, 0.086954765, 0.08727015, 0.08742969, 0.087693065, 0.089600824, 0.08967708, 0.08990979, 0.090138, 0.09020011, 0.09171741, 0.092108496, 0.09213833, 0.09263955, 0.09301717, 0.093143344, 0.09325419, 0.093449384, 0.093460456, 0.0943897, 0.09483144, 0.09502588, 0.095166445, 0.09722178, 0.098610476, 0.09873224, 0.09982573, 0.10161424, 0.101705715, 0.102192536, 0.103395164, 0.10397253, 0.10403403, 0.104324654, 0.105065115, 0.10630784, 0.108427435, 0.10844362, 0.109287724, 0.110126644, 0.11081622, 0.11126162, 0.11138324, 0.11270268, 0.11293879, 0.113721624, 0.113859326, 0.115550004, 0.11669086, 0.116858914, 0.11828643, 0.1187731, 0.121283606, 0.12131223, 0.124221556, 0.12515919, 0.12569731, 0.12570134, 0.12674317, 0.12741165, 0.12924904, 0.1315397, 0.13190724, 0.13264886, 0.13319674, 0.13741103, 0.13821714, 0.13839242, 0.14294323, 0.1462881, 0.14808375, 0.15025622, 0.15106021, 0.15322742, 0.15602781, 0.17209116, 0.17746504, 0.18876895, 0.19288042]
训练完的损失： []
用时： 0:00:03.224225
开始训练：第43 epoch
预训练的损失： [0.042506058, 0.05260314, 0.053424727, 0.05620766, 0.061196335, 0.06283686, 0.07077466, 0.07157849, 0.07181144, 0.07221064, 0.0732209, 0.073872425, 0.07414158, 0.07454016, 0.07550345, 0.077119194, 0.078210235, 0.08004216, 0.08025254, 0.080444686, 0.08084269, 0.08299812, 0.083229005, 0.08339624, 0.08458415, 0.084648564, 0.08604521, 0.086145766, 0.086211815, 0.087279804, 0.087410465, 0.088679135, 0.089196876, 0.08926374, 0.089418456, 0.089542955, 0.0896084, 0.08982238, 0.090038545, 0.09033181, 0.09036684, 0.090387836, 0.092249036, 0.09235412, 0.0934575, 0.0952669, 0.09529477, 0.09601188, 0.09796528, 0.09838259, 0.098662734, 0.098854095, 0.100073025, 0.10014625, 0.100320354, 0.10082121, 0.101299554, 0.104473144, 0.104949124, 0.10509747, 0.10517717, 0.10606907, 0.106571525, 0.10743779, 0.10831006, 0.108872935, 0.108917676, 0.10963172, 0.110947356, 0.11254435, 0.11256291, 0.113772854, 0.11473064, 0.11583319, 0.11727315, 0.12004993, 0.12068643, 0.12103989, 0.12136507, 0.12199543, 0.12266776, 0.12514937, 0.12675074, 0.12722838, 0.12801911, 0.12842928, 0.13285623, 0.13312617, 0.13373457, 0.13787577, 0.141334, 0.14299382, 0.14494161, 0.14642358, 0.14835848, 0.15056206, 0.16663694, 0.17248058, 0.18333907, 0.18620747]
训练完的损失： []
用时： 0:00:03.221124
开始训练：第44 epoch
预训练的损失： [0.04179948, 0.05131002, 0.052339546, 0.054681152, 0.060068645, 0.061495468, 0.068560936, 0.069405556, 0.06942749, 0.06999819, 0.07130707, 0.07191372, 0.07214488, 0.07239874, 0.07277787, 0.07448824, 0.075487256, 0.07689649, 0.07741176, 0.07767276, 0.07833437, 0.079680495, 0.07985742, 0.080208085, 0.081659645, 0.08194925, 0.082659066, 0.082677215, 0.08300232, 0.08459979, 0.08474394, 0.08548197, 0.08567797, 0.08609423, 0.08623971, 0.08640358, 0.0864508, 0.08657752, 0.08683574, 0.08694333, 0.08740522, 0.0875687, 0.08959955, 0.08963242, 0.0898954, 0.0920295, 0.09205518, 0.0923845, 0.0943819, 0.09459373, 0.09470591, 0.09586137, 0.095896974, 0.0961465, 0.09639691, 0.09654217, 0.09779766, 0.09998311, 0.10053927, 0.10163845, 0.10168049, 0.10193496, 0.10220146, 0.10382812, 0.10403437, 0.10430189, 0.10524131, 0.105821356, 0.1066431, 0.10853705, 0.10863809, 0.10903664, 0.11072269, 0.11139986, 0.1134345, 0.11527144, 0.116612345, 0.1171781, 0.11729312, 0.11761059, 0.11825931, 0.121261425, 0.12222364, 0.122699104, 0.123634905, 0.12381812, 0.1276462, 0.12899771, 0.12946841, 0.13304418, 0.13662249, 0.13808261, 0.13993552, 0.14187178, 0.14375746, 0.14538811, 0.16140702, 0.16774942, 0.17809692, 0.17978328]
训练完的损失： []
用时： 0:00:03.221591
开始训练：第45 epoch
预训练的损失： [0.04116541, 0.050142307, 0.051302932, 0.053305823, 0.058962602, 0.0602349, 0.06648904, 0.06695889, 0.067416176, 0.067858726, 0.06952779, 0.069771975, 0.07036339, 0.07047673, 0.07053135, 0.07200476, 0.07291381, 0.07403218, 0.07474218, 0.07481808, 0.07639599, 0.07647436, 0.076647006, 0.07758179, 0.07886745, 0.07936951, 0.07939862, 0.079595536, 0.08001324, 0.08206581, 0.08220726, 0.08235349, 0.08249666, 0.08275521, 0.08287819, 0.08309898, 0.083100945, 0.083312765, 0.084352344, 0.084548235, 0.08470591, 0.08525281, 0.086554796, 0.0870896, 0.08714466, 0.088915735, 0.08896923, 0.088997185, 0.09056778, 0.090965346, 0.0911059, 0.09177873, 0.09211412, 0.092437714, 0.09287709, 0.09320257, 0.094873846, 0.09570888, 0.09626735, 0.0974868, 0.09819009, 0.098630704, 0.09892662, 0.09998195, 0.099984385, 0.10046779, 0.10174801, 0.10213655, 0.10259418, 0.1046647, 0.10471411, 0.104837075, 0.10601737, 0.10823053, 0.109653294, 0.11077751, 0.11243051, 0.1132608, 0.11343829, 0.11407648, 0.114083245, 0.11757399, 0.117910855, 0.11844593, 0.119432226, 0.11956255, 0.12277004, 0.12502587, 0.12543383, 0.12843117, 0.13204834, 0.13335577, 0.13505968, 0.13745627, 0.13940638, 0.14056443, 0.15629435, 0.16325405, 0.17308307, 0.17355986]
训练完的损失： []
用时： 0:00:03.233663
开始训练：第46 epoch
预训练的损失： [0.040572055, 0.049105167, 0.050350424, 0.05204314, 0.057881974, 0.059019715, 0.06452634, 0.064746894, 0.06556701, 0.06588009, 0.06778158, 0.06785041, 0.068206854, 0.068629086, 0.0689669, 0.06968725, 0.070440024, 0.07140109, 0.07217282, 0.072206944, 0.07347673, 0.073709436, 0.07453449, 0.07513699, 0.07628386, 0.07631296, 0.07670125, 0.07697992, 0.07721439, 0.07925916, 0.07933906, 0.07971197, 0.07974987, 0.079779476, 0.079867676, 0.07990092, 0.080119476, 0.08038968, 0.081792295, 0.08203403, 0.08245669, 0.083065264, 0.08344391, 0.084640086, 0.08481449, 0.08582844, 0.08592966, 0.086000815, 0.08683541, 0.08764754, 0.08766743, 0.08798278, 0.08805928, 0.0890155, 0.089614496, 0.09066744, 0.091692775, 0.09205906, 0.092306264, 0.09368926, 0.0944983, 0.09569449, 0.09597102, 0.09607542, 0.0962336, 0.09729089, 0.098538615, 0.09868676, 0.098842606, 0.100544855, 0.101120345, 0.10131015, 0.10158257, 0.10520425, 0.10593748, 0.106482685, 0.10851845, 0.10947337, 0.10952127, 0.11008398, 0.11092498, 0.113731965, 0.11400956, 0.11428613, 0.11523931, 0.1156839, 0.118135855, 0.12127291, 0.12156068, 0.12406662, 0.12767194, 0.1288374, 0.13049516, 0.13311902, 0.13528028, 0.13596305, 0.15143353, 0.15893072, 0.16762061, 0.16830526]
训练完的损失： []
用时： 0:00:03.221648
开始训练：第47 epoch
预训练的损失： [0.04005006, 0.048113674, 0.049465172, 0.05089278, 0.056873962, 0.057870746, 0.062491275, 0.06267746, 0.063906334, 0.064005196, 0.065883316, 0.06621933, 0.06632203, 0.06691385, 0.06745276, 0.06749513, 0.06802217, 0.06897177, 0.06973685, 0.06983884, 0.070702076, 0.07094249, 0.072780475, 0.07283038, 0.07345508, 0.07379332, 0.07399595, 0.074594975, 0.07464531, 0.076179154, 0.07634978, 0.07693176, 0.07701699, 0.07723642, 0.07730998, 0.0774388, 0.077508144, 0.07761805, 0.079190485, 0.07970353, 0.08031872, 0.08055107, 0.08106668, 0.08230059, 0.0825479, 0.08280324, 0.083110526, 0.08321894, 0.08336729, 0.084364794, 0.08440131, 0.0844768, 0.08455633, 0.08578807, 0.08649969, 0.08789431, 0.088276654, 0.088744074, 0.08935983, 0.090185836, 0.091053694, 0.09228043, 0.09266962, 0.09293459, 0.09337145, 0.094276756, 0.095251635, 0.09541009, 0.095511466, 0.09668325, 0.09748109, 0.097763345, 0.09792048, 0.10235813, 0.10239482, 0.102433085, 0.10479287, 0.10571931, 0.10592913, 0.106420815, 0.10785623, 0.109728664, 0.11040525, 0.11069404, 0.11135533, 0.112098604, 0.11373652, 0.11769066, 0.11790073, 0.11983481, 0.12339358, 0.124534234, 0.12614566, 0.1288667, 0.1313237, 0.13164584, 0.14670303, 0.1548968, 0.16180868, 0.1635952]
训练完的损失： []
用时： 0:00:03.224399
开始训练：第48 epoch
预训练的损失： [0.03956267, 0.047196165, 0.048664406, 0.04981272, 0.055869915, 0.056782138, 0.0604647, 0.060938783, 0.062239237, 0.062329017, 0.06406779, 0.06439169, 0.06484324, 0.06528642, 0.06542592, 0.06576074, 0.065999076, 0.066760905, 0.06743813, 0.06761733, 0.068167195, 0.068469435, 0.070698544, 0.07086159, 0.071150675, 0.07145742, 0.07148286, 0.072131194, 0.07241112, 0.07320796, 0.0736069, 0.074129045, 0.07439798, 0.07465468, 0.07485007, 0.07503927, 0.07526854, 0.07534804, 0.07671048, 0.0774893, 0.07786115, 0.07821372, 0.07915958, 0.07997545, 0.08005083, 0.080053, 0.080408335, 0.08041893, 0.080632865, 0.081019, 0.081223145, 0.08124773, 0.08154142, 0.08274095, 0.083568916, 0.08435143, 0.085359275, 0.08601796, 0.08677043, 0.0869299, 0.08788887, 0.08877881, 0.08934939, 0.09031777, 0.09076601, 0.09144027, 0.09183325, 0.09233981, 0.09265761, 0.0930635, 0.093520194, 0.09457624, 0.09470283, 0.09857261, 0.09897256, 0.09963878, 0.101308756, 0.10217421, 0.102451734, 0.102947764, 0.10489417, 0.1058076, 0.10659152, 0.10745534, 0.10765219, 0.10867445, 0.10945661, 0.11425917, 0.11441343, 0.11585005, 0.1193669, 0.12037946, 0.12208863, 0.1247049, 0.12749295, 0.12758702, 0.14215504, 0.15106341, 0.15621161, 0.159098]
训练完的损失： []
用时： 0:00:03.223184
开始训练：第49 epoch
预训练的损失： [0.03910566, 0.046378523, 0.047925085, 0.048812926, 0.0549197, 0.055748824, 0.05850857, 0.059294384, 0.060640596, 0.060856048, 0.062409144, 0.06273013, 0.06342761, 0.063531294, 0.063585036, 0.063745625, 0.06460892, 0.06469491, 0.065307975, 0.06547813, 0.06581251, 0.06621542, 0.06852074, 0.06869035, 0.06913614, 0.06922133, 0.06962335, 0.069827445, 0.070276, 0.07043612, 0.07102096, 0.07150189, 0.071945496, 0.072189696, 0.07258142, 0.07259047, 0.07320302, 0.07327113, 0.07434654, 0.075376004, 0.075408846, 0.07616245, 0.07689449, 0.077244624, 0.07734533, 0.077891655, 0.07789624, 0.07790437, 0.07816128, 0.07820186, 0.07830383, 0.078332335, 0.07868491, 0.07989903, 0.08084247, 0.08106577, 0.08221942, 0.08389294, 0.08389497, 0.084241614, 0.08496959, 0.085499294, 0.08623406, 0.08786568, 0.088271886, 0.088620156, 0.088731915, 0.08937903, 0.08958035, 0.089933686, 0.08994168, 0.091594376, 0.091615826, 0.0949689, 0.09562673, 0.09706594, 0.09796536, 0.09885016, 0.09920737, 0.09963703, 0.101999044, 0.10209924, 0.103089646, 0.10408892, 0.10437354, 0.1054395, 0.10546745, 0.11104889, 0.111057, 0.112072736, 0.11549159, 0.11638677, 0.11819574, 0.12063466, 0.123524874, 0.12397832, 0.1377611, 0.14740784, 0.1508081, 0.15473564]
训练完的损失： []
用时： 0:00:03.221851
开始训练：第50 epoch
预训练的损失： [0.038669042, 0.04560121, 0.047205888, 0.047857538, 0.05398848, 0.0547551, 0.056709785, 0.057760768, 0.05919308, 0.059461325, 0.06081482, 0.06116258, 0.06153886, 0.061737463, 0.062080126, 0.06231772, 0.062784806, 0.06328543, 0.0633494, 0.063457854, 0.06370644, 0.06418172, 0.06641611, 0.06682795, 0.06694918, 0.06709722, 0.06763354, 0.067919225, 0.06818031, 0.06819523, 0.06861048, 0.069061264, 0.06969051, 0.06988525, 0.07024669, 0.070451304, 0.0711798, 0.071300544, 0.072073884, 0.073056415, 0.07339619, 0.07393815, 0.07414886, 0.07470074, 0.07497058, 0.07538931, 0.07546911, 0.075490326, 0.07563354, 0.07585912, 0.07587325, 0.07589775, 0.07636856, 0.07723104, 0.0779548, 0.07821396, 0.07928033, 0.081020504, 0.081823185, 0.08182486, 0.08219391, 0.08236999, 0.083295844, 0.08554704, 0.08556806, 0.085877, 0.08613527, 0.08634818, 0.08652139, 0.08660005, 0.08731568, 0.08872856, 0.08877194, 0.09159921, 0.09238474, 0.09459794, 0.09485985, 0.09565747, 0.0960464, 0.09647612, 0.09855971, 0.099236816, 0.09965558, 0.10069694, 0.10150414, 0.10158952, 0.10241065, 0.1078555, 0.10792712, 0.10853474, 0.111790225, 0.112547666, 0.114501454, 0.11662066, 0.11977728, 0.12055086, 0.1335512, 0.14385137, 0.14552139, 0.15056022]
训练完的损失： []
50/60 epochs...
Save to path:  HTRS_model/save_DBP15k_zh_en.ckpt
用时： 0:00:23.677516
开始训练：第51 epoch
数据准备：
负采样：
开始时间： 2022-05-22 22:22:05
结束时间： 2022-05-22 22:23:19
用时 0:01:14.319179
负采样：
开始时间： 2022-05-22 22:23:19
结束时间： 2022-05-22 22:24:33
用时 0:01:14.519203
预训练的损失： []
训练完的损失： [0.049110226, 0.05916078, 0.060098175, 0.06268221, 0.06469951, 0.07011387, 0.072314374, 0.072976835, 0.075179935, 0.0757571, 0.07666565, 0.08026768, 0.08088889, 0.082262754, 0.08262692, 0.08386385, 0.085792236, 0.08612453, 0.08668855, 0.08792414, 0.08822337, 0.08857627, 0.08947165, 0.09016789, 0.090170056, 0.09127122, 0.09163231, 0.09209978, 0.09341722, 0.09476371, 0.09485379, 0.094883114, 0.094916135, 0.09518301, 0.0957972, 0.095924236, 0.097251095, 0.09804282, 0.09978473, 0.10016617, 0.10021596, 0.10027684, 0.10096152, 0.101033516, 0.10189157, 0.1024204, 0.103828356, 0.10393027, 0.10429639, 0.104992025, 0.10539159, 0.10590263, 0.10650684, 0.10723063, 0.107941575, 0.110103674, 0.111571066, 0.11230434, 0.11236397, 0.11396061, 0.114759386, 0.11490476, 0.116645426, 0.11695718, 0.11771779, 0.11837432, 0.118446186, 0.11928753, 0.12092596, 0.121440195, 0.12167546, 0.12283082, 0.12304316, 0.123944744, 0.12446848, 0.12526986, 0.12775339, 0.12860382, 0.131911, 0.13342439, 0.13451275, 0.13475615, 0.13613386, 0.13762763, 0.13831528, 0.13926642, 0.14078304, 0.1411805, 0.14726003, 0.15012145, 0.15038136, 0.15066515, 0.15230736, 0.15248264, 0.15463771, 0.15742968, 0.17598617, 0.17930791, 0.18173926, 0.19437169]
用时： 0:04:48.051543
开始训练：第52 epoch
预训练的损失： []
训练完的损失： [0.047154922, 0.056563042, 0.057453085, 0.061101466, 0.062054496, 0.06664932, 0.06922149, 0.06947269, 0.07206603, 0.07254551, 0.07367213, 0.0769582, 0.077012286, 0.07840984, 0.07951493, 0.079559185, 0.08090016, 0.08141633, 0.08253939, 0.08353674, 0.083717294, 0.08477285, 0.084926404, 0.08574309, 0.08632901, 0.08707185, 0.0872024, 0.087250344, 0.08735901, 0.08944879, 0.08951595, 0.08978048, 0.09089564, 0.09167092, 0.09194835, 0.09212693, 0.09345972, 0.09410911, 0.094812244, 0.094855025, 0.09497337, 0.09518178, 0.095200345, 0.0957369, 0.09671197, 0.0984811, 0.09906123, 0.09989557, 0.10002723, 0.10005868, 0.10017333, 0.100324176, 0.101695836, 0.101931706, 0.10371634, 0.10519292, 0.10527784, 0.10600937, 0.10656335, 0.10691972, 0.109074585, 0.10944633, 0.10967153, 0.111452706, 0.111749835, 0.112579204, 0.11319073, 0.11337551, 0.11498566, 0.11506588, 0.115557544, 0.11741439, 0.11804637, 0.11812725, 0.11858423, 0.118755974, 0.12067135, 0.121464856, 0.1266222, 0.12721615, 0.12849233, 0.12866817, 0.12927383, 0.13228896, 0.13309377, 0.13412157, 0.13432516, 0.13542888, 0.14004502, 0.14382617, 0.14450154, 0.14472647, 0.14490335, 0.1473874, 0.14898486, 0.15020186, 0.17002825, 0.17381874, 0.17593233, 0.18750712]
用时： 0:00:16.037248
开始训练：第53 epoch
预训练的损失： []
训练完的损失： [0.04563402, 0.054560732, 0.055296537, 0.05981657, 0.059843842, 0.06456276, 0.066555366, 0.06685145, 0.0693953, 0.0697384, 0.071285784, 0.07409905, 0.07451278, 0.07517447, 0.07565232, 0.076817736, 0.07694912, 0.077322215, 0.079013154, 0.07940951, 0.079528816, 0.081715226, 0.0817848, 0.081866935, 0.08197549, 0.08261208, 0.08289947, 0.0834953, 0.083806165, 0.08398822, 0.08453899, 0.08503483, 0.087273836, 0.08848538, 0.08871358, 0.08930117, 0.08950602, 0.09011098, 0.090214714, 0.090333395, 0.090584025, 0.09067954, 0.09074146, 0.09155143, 0.0931027, 0.09467035, 0.09491205, 0.0950773, 0.09511282, 0.09583311, 0.0959642, 0.09682042, 0.09707517, 0.0981431, 0.099321485, 0.100236185, 0.100771196, 0.10128705, 0.10142164, 0.102741994, 0.10368346, 0.103866756, 0.104742974, 0.1050011, 0.10661077, 0.10708094, 0.10881324, 0.108918734, 0.10903754, 0.10954459, 0.11078043, 0.111789905, 0.11230436, 0.11291551, 0.11369374, 0.11401999, 0.11461647, 0.11585884, 0.12042182, 0.1228518, 0.1231286, 0.12316932, 0.1234027, 0.12731501, 0.1282285, 0.12901989, 0.1298991, 0.13048539, 0.13324322, 0.13767396, 0.13843066, 0.13954215, 0.1396682, 0.14267859, 0.14327393, 0.14388117, 0.16442068, 0.16891487, 0.17081042, 0.18106264]
用时： 0:00:16.065931
开始训练：第54 epoch
预训练的损失： []
训练完的损失： [0.04450953, 0.052863304, 0.053509776, 0.05775808, 0.058704544, 0.06259034, 0.06425418, 0.064544685, 0.06706458, 0.06727271, 0.0690195, 0.07152808, 0.07218962, 0.0723615, 0.072377376, 0.073177285, 0.0738129, 0.07457679, 0.07541072, 0.07569337, 0.07599103, 0.07675376, 0.07817499, 0.07855247, 0.07911113, 0.07918628, 0.07930853, 0.07967233, 0.07996751, 0.080119304, 0.08052871, 0.080800086, 0.08400443, 0.08494445, 0.085363925, 0.08556038, 0.08565516, 0.08621478, 0.08640021, 0.08647738, 0.08687802, 0.08716149, 0.08731535, 0.08743477, 0.09007043, 0.09040178, 0.09048482, 0.09062288, 0.09170753, 0.09188517, 0.09234632, 0.09250791, 0.09361124, 0.09426372, 0.09478401, 0.095455006, 0.095786266, 0.09647272, 0.097807005, 0.09855424, 0.098932914, 0.09935154, 0.09961133, 0.10039669, 0.10080856, 0.10273369, 0.103398725, 0.10469038, 0.10471552, 0.10525051, 0.10591724, 0.1067104, 0.10753333, 0.107587524, 0.10762736, 0.10954535, 0.11086116, 0.11120711, 0.11469866, 0.11748826, 0.11762223, 0.11820679, 0.11953039, 0.122387424, 0.12359536, 0.12370698, 0.12566821, 0.12579916, 0.12716566, 0.13207777, 0.13226831, 0.13484435, 0.1349073, 0.13679692, 0.13787907, 0.13885728, 0.15853746, 0.1639771, 0.16574489, 0.17492524]
用时： 0:00:15.965320
开始训练：第55 epoch
预训练的损失： []
训练完的损失： [0.043672282, 0.051405516, 0.051885657, 0.055876873, 0.05764272, 0.060858406, 0.06231105, 0.062442914, 0.06497874, 0.065120116, 0.06685239, 0.06934186, 0.06954883, 0.06993655, 0.069974616, 0.0701784, 0.07065232, 0.071849704, 0.072193995, 0.07235106, 0.07256714, 0.07345534, 0.074772656, 0.07486658, 0.07512649, 0.075954795, 0.07656454, 0.076670766, 0.07682995, 0.07685873, 0.07707658, 0.077553645, 0.080913305, 0.080979705, 0.0817307, 0.082166605, 0.08227329, 0.08239883, 0.082705125, 0.082817554, 0.083743654, 0.08407216, 0.08440841, 0.08457153, 0.086035915, 0.086213514, 0.08695082, 0.08735464, 0.08819237, 0.088293195, 0.08872837, 0.08931644, 0.08952362, 0.09055839, 0.09087389, 0.09099616, 0.09167406, 0.09188848, 0.09411255, 0.09425377, 0.094430685, 0.094971985, 0.0956313, 0.09632464, 0.096707426, 0.098553784, 0.09871309, 0.10031015, 0.10070138, 0.10089591, 0.10158796, 0.10202555, 0.102824874, 0.10301898, 0.10320194, 0.105357595, 0.10622097, 0.10793859, 0.10927634, 0.112399645, 0.11260459, 0.11363455, 0.11590708, 0.11777344, 0.11865352, 0.11940381, 0.12112046, 0.12147935, 0.121922046, 0.12666816, 0.12713106, 0.13031705, 0.13033108, 0.13079165, 0.133298, 0.13428813, 0.15279375, 0.15908155, 0.16097136, 0.16892868]
用时： 0:00:15.968243
开始训练：第56 epoch
预训练的损失： []
训练完的损失： [0.043012258, 0.050158028, 0.050422963, 0.05414148, 0.056633253, 0.05929373, 0.060359042, 0.0606224, 0.06300743, 0.06322302, 0.06481809, 0.06709563, 0.06710482, 0.067300536, 0.06777183, 0.06778844, 0.06830813, 0.06841909, 0.06876582, 0.06901954, 0.070741765, 0.07124144, 0.07144619, 0.07176551, 0.071790464, 0.07256355, 0.073408134, 0.074032806, 0.07410428, 0.07431216, 0.074791476, 0.0748635, 0.077398196, 0.078191206, 0.07827224, 0.07854495, 0.078661285, 0.0791701, 0.07919686, 0.080191575, 0.08023465, 0.08101112, 0.08188331, 0.081943765, 0.082485005, 0.082520604, 0.08365305, 0.08407709, 0.08480685, 0.08497828, 0.085392274, 0.085979305, 0.086305894, 0.0867608, 0.086921565, 0.087583505, 0.08769649, 0.088711545, 0.08992909, 0.0902018, 0.09042514, 0.09074089, 0.092108585, 0.09269056, 0.09388102, 0.09438796, 0.09497035, 0.095953025, 0.09620526, 0.09713581, 0.097490676, 0.098092064, 0.09834787, 0.09914262, 0.099584416, 0.10141817, 0.10207178, 0.10422604, 0.10491136, 0.1076954, 0.10802407, 0.10938879, 0.112350345, 0.11341604, 0.11390805, 0.11532994, 0.11602259, 0.11685427, 0.11833641, 0.121432856, 0.12253362, 0.12556158, 0.12600103, 0.1260388, 0.12877433, 0.13000463, 0.14724438, 0.15449984, 0.15664752, 0.16315126]
用时： 0:00:15.980889
开始训练：第57 epoch
预训练的损失： []
训练完的损失： [0.042515177, 0.049056895, 0.049118325, 0.05256752, 0.05569769, 0.05787127, 0.058399923, 0.059126474, 0.061157085, 0.0615128, 0.06291652, 0.064684026, 0.06487023, 0.06498021, 0.065300494, 0.06546451, 0.06574066, 0.065986305, 0.06603955, 0.06660111, 0.06829485, 0.06901842, 0.069045685, 0.06914253, 0.06926556, 0.06954421, 0.070355006, 0.071655065, 0.07174248, 0.07196234, 0.07247135, 0.072839156, 0.07421115, 0.07503059, 0.07508179, 0.075207114, 0.0754587, 0.07594405, 0.076447554, 0.077069595, 0.07771035, 0.07803889, 0.078296036, 0.079203054, 0.07941474, 0.08028639, 0.080426835, 0.080688514, 0.081564575, 0.081750646, 0.082090154, 0.082741044, 0.08322322, 0.08336674, 0.08364639, 0.08446181, 0.084845185, 0.08586085, 0.08608688, 0.086213976, 0.08638486, 0.08715848, 0.08940997, 0.089472115, 0.09071756, 0.09125769, 0.09131527, 0.091722086, 0.0923583, 0.09274657, 0.09430571, 0.09432783, 0.094600394, 0.09533839, 0.096391045, 0.097734705, 0.09824304, 0.099549234, 0.1020065, 0.10339274, 0.10372773, 0.10539762, 0.10890752, 0.109366946, 0.10938252, 0.11095672, 0.11141502, 0.112886555, 0.11501797, 0.116625816, 0.118186474, 0.12083175, 0.12182631, 0.121900365, 0.12446448, 0.12600568, 0.14189781, 0.14999627, 0.15236983, 0.15751547]
用时： 0:00:16.088198
开始训练：第58 epoch
预训练的损失： []
训练完的损失： [0.04208948, 0.04795842, 0.048057884, 0.05105728, 0.054792363, 0.056518167, 0.056553327, 0.057774562, 0.059419952, 0.059987064, 0.06110043, 0.062199913, 0.06261401, 0.062957756, 0.06313169, 0.06336092, 0.06352503, 0.06376202, 0.06382299, 0.064980194, 0.06551709, 0.066484116, 0.06684966, 0.06686947, 0.06742877, 0.06747471, 0.0676897, 0.069223545, 0.069613256, 0.07000013, 0.07033842, 0.07101306, 0.07139713, 0.07179135, 0.072105095, 0.07219975, 0.07293399, 0.072939724, 0.074014075, 0.07424966, 0.07514721, 0.0752808, 0.07537876, 0.07624987, 0.07680833, 0.077020325, 0.07791535, 0.07825924, 0.07845927, 0.0785341, 0.07853916, 0.07983949, 0.080037445, 0.08069271, 0.08091413, 0.08204144, 0.08213268, 0.0824315, 0.08258216, 0.08301556, 0.08305773, 0.08427684, 0.08662369, 0.086849585, 0.08750706, 0.08781761, 0.08792794, 0.08870648, 0.08872735, 0.08886973, 0.09077681, 0.09123744, 0.091380306, 0.09173977, 0.093487024, 0.09429035, 0.09482596, 0.09536664, 0.09932108, 0.099384986, 0.09965936, 0.101614065, 0.10505986, 0.105512574, 0.105631255, 0.106381126, 0.10764225, 0.10925009, 0.111876026, 0.11222077, 0.11417019, 0.11666815, 0.11786309, 0.11789453, 0.12032508, 0.12220136, 0.13693795, 0.1457534, 0.14845052, 0.1519976]
用时： 0:00:16.074086
开始训练：第59 epoch
预训练的损失： []
训练完的损失： [0.04172988, 0.047002546, 0.047147226, 0.049787883, 0.053918663, 0.05463134, 0.055319645, 0.056437783, 0.057771962, 0.058552716, 0.059309397, 0.060006864, 0.060843147, 0.061002962, 0.061172083, 0.061174564, 0.061285254, 0.062017404, 0.062243134, 0.063070126, 0.063458905, 0.06404978, 0.064400926, 0.06480487, 0.065285616, 0.06583976, 0.066017516, 0.06691878, 0.067726254, 0.06826683, 0.06835717, 0.068709545, 0.06882822, 0.06934568, 0.06946097, 0.069567874, 0.07013924, 0.07041283, 0.071757086, 0.07187551, 0.07239711, 0.07267974, 0.07317596, 0.073517025, 0.073643856, 0.07467497, 0.07477561, 0.075409114, 0.075567596, 0.07582647, 0.07655491, 0.07676354, 0.07684787, 0.07829428, 0.078518674, 0.0788855, 0.079470836, 0.0794927, 0.07989494, 0.08038218, 0.08061135, 0.08164433, 0.084120005, 0.08421522, 0.08452604, 0.08452984, 0.08462175, 0.085239165, 0.08540786, 0.08640535, 0.08761289, 0.08796793, 0.0883897, 0.08857022, 0.09072224, 0.09114287, 0.091447555, 0.09162729, 0.09578949, 0.0958697, 0.09670607, 0.09799452, 0.101016864, 0.10197818, 0.10220708, 0.102335446, 0.10392386, 0.105750315, 0.10809651, 0.10887577, 0.11033514, 0.11285806, 0.113873355, 0.114058495, 0.11649484, 0.118397176, 0.13231646, 0.14177608, 0.144564, 0.14666893]
用时： 0:00:16.063024
开始训练：第60 epoch
预训练的损失： []
训练完的损失： [0.04139029, 0.0462094, 0.046303306, 0.048713267, 0.05291397, 0.05310172, 0.05416269, 0.055228747, 0.056219786, 0.057332233, 0.057609193, 0.058207724, 0.05899555, 0.059330113, 0.05933769, 0.0594487, 0.059490666, 0.06028239, 0.060875982, 0.060911357, 0.061831795, 0.062019523, 0.062138654, 0.06295728, 0.06317199, 0.064313695, 0.064621866, 0.06463876, 0.0658244, 0.0659895, 0.06649179, 0.066594765, 0.0666392, 0.06709592, 0.06718336, 0.06764691, 0.06774864, 0.068061925, 0.06958432, 0.06995362, 0.06998718, 0.07032345, 0.070722274, 0.07096439, 0.07113107, 0.071357414, 0.072566055, 0.07292414, 0.07298086, 0.07333921, 0.073775195, 0.07412263, 0.074720606, 0.074900836, 0.07620442, 0.07678994, 0.076912284, 0.07710378, 0.07713923, 0.07773111, 0.078916684, 0.0792338, 0.08098911, 0.081488974, 0.08181756, 0.081967935, 0.08202353, 0.08226321, 0.08239891, 0.08415503, 0.0847213, 0.084764756, 0.08530925, 0.08590689, 0.08793513, 0.08812559, 0.08837912, 0.08875306, 0.09226089, 0.09247129, 0.09426106, 0.09450505, 0.09711699, 0.09862836, 0.09866435, 0.09911507, 0.10049128, 0.10249494, 0.1042576, 0.105950736, 0.10687069, 0.10932738, 0.109958425, 0.110507086, 0.11268312, 0.11488475, 0.12812825, 0.13813987, 0.14088373, 0.14136733]
60/60 epochs...
Testing
Test set results:
iter: 1
开始时间： 2022-05-22 22:30:39
实体sim [[1.44147031 5.61991692 5.63820434 ... 5.71914565 6.07395521 4.72576425]
 [5.46491152 2.63994357 5.12321371 ... 5.38455124 5.59132536 6.10113481]
 [5.29384146 4.63939997 1.95762504 ... 4.61584937 4.86305433 5.52024147]
 ...
 [5.63694833 4.69782144 4.91689761 ... 3.89728397 5.13287045 5.67808561]
 [6.09915927 5.63507677 5.28461481 ... 5.65318054 1.90062486 6.27623221]
 [4.97816556 5.84150694 5.90544478 ... 5.91626353 6.36798629 2.45523394]]
关系sim [[12.69045512  9.7022578  11.79445079 ... 12.16234014 11.10027962
  13.22964656]
 [ 9.88730341  7.19425691 10.96845817 ... 10.55565986  9.37161056
  12.32190462]
 [10.35155336  7.83414762 10.73641925 ... 10.49622024  8.75751854
  11.47526009]
 ...
 [11.12027481  8.84136464 11.8689173  ... 11.12387198  9.82807752
  10.64385369]
 [11.75767702  9.06642579 11.22884871 ... 11.45219947  9.44049891
  13.21152245]
 [12.87360008  9.71676039 12.57816217 ... 12.56624424 12.78120958
  14.19787418]]
[[12.69045512  9.7022578  11.79445079 ... 12.16234014 11.10027962
  13.22964656]
 [ 9.88730341  7.19425691 10.96845817 ... 10.55565986  9.37161056
  12.32190462]
 [10.35155336  7.83414762 10.73641925 ... 10.49622024  8.75751854
  11.47526009]
 ...
 [11.12027481  8.84136464 11.8689173  ... 11.12387198  9.82807752
  10.64385369]
 [11.75767702  9.06642579 11.22884871 ... 11.45219947  9.44049891
  13.21152245]
 [12.87360008  9.71676039 12.57816217 ... 12.56624424 12.78120958
  14.19787418]]
Entity Alignment (left):
Hits@1: 82.25%
Hits@3: 87.58%
Hits@10: 90.42%
MRR: 0.8533
MR: 70.4344
Entity Alignment (right):
Hits@1: 79.53%
Hits@3: 86.48%
Hits@10: 90.46%
MRR: 0.8362
MR: 62.8750
结束时间： 2022-05-22 22:33:02
用时 0:02:23.932156
iter: 2
开始时间： 2022-05-22 22:33:03
实体sim [[1.44147031 5.61991692 5.63820434 ... 5.71914565 6.07395521 4.72576425]
 [5.46491152 2.63994357 5.12321371 ... 5.38455124 5.59132536 6.10113481]
 [5.29384146 4.63939997 1.95762504 ... 4.61584937 4.86305433 5.52024147]
 ...
 [5.63694833 4.69782144 4.91689761 ... 3.89728397 5.13287045 5.67808561]
 [6.09915927 5.63507677 5.28461481 ... 5.65318054 1.90062486 6.27623221]
 [4.97816556 5.84150694 5.90544478 ... 5.91626353 6.36798629 2.45523394]]
关系sim [[12.69045512  9.7022578  11.79445079 ... 12.16234014 11.10027962
  13.22964656]
 [ 9.88730341  7.19425691 10.96845817 ... 10.55565986  9.37161056
  12.32190462]
 [10.35155336  7.83414762 10.73641925 ... 10.49622024  8.75751854
  11.47526009]
 ...
 [11.12027481  8.84136464 11.8689173  ... 11.12387198  9.82807752
  10.64385369]
 [11.75767702  9.06642579 11.22884871 ... 11.45219947  9.44049891
  13.21152245]
 [12.87360008  9.71676039 12.57816217 ... 12.56624424 12.78120958
  14.19787418]]
[[12.69045512  9.7022578  11.79445079 ... 12.16234014 11.10027962
  13.22964656]
 [ 9.88730341  7.19425691 10.96845817 ... 10.55565986  9.37161056
  12.32190462]
 [10.35155336  7.83414762 10.73641925 ... 10.49622024  8.75751854
  11.47526009]
 ...
 [11.12027481  8.84136464 11.8689173  ... 11.12387198  9.82807752
  10.64385369]
 [11.75767702  9.06642579 11.22884871 ... 11.45219947  9.44049891
  13.21152245]
 [12.87360008  9.71676039 12.57816217 ... 12.56624424 12.78120958
  14.19787418]]
Entity Alignment (left):
Hits@1: 84.51%
Hits@3: 88.75%
Hits@10: 90.91%
MRR: 0.8696
MR: 70.2303
Entity Alignment (right):
Hits@1: 82.20%
Hits@3: 87.96%
Hits@10: 91.30%
MRR: 0.8560
MR: 60.8686
结束时间： 2022-05-22 22:35:29
用时 0:02:26.370970
开始时间： 2022-05-22 22:35:29
2022-05-22 22:35:29
[[1.44147031 5.61991692 5.63820434 ... 5.71914565 6.07395521 4.72576425]
 [5.46491152 2.63994357 5.12321371 ... 5.38455124 5.59132536 6.10113481]
 [5.29384146 4.63939997 1.95762504 ... 4.61584937 4.86305433 5.52024147]
 ...
 [5.63694833 4.69782144 4.91689761 ... 3.89728397 5.13287045 5.67808561]
 [6.09915927 5.63507677 5.28461481 ... 5.65318054 1.90062486 6.27623221]
 [4.97816556 5.84150694 5.90544478 ... 5.91626353 6.36798629 2.45523394]]
Relation Alignment (left):
Hits@1: 79.89%
Hits@10: 86.29%
Relation Alignment (right):
Hits@1: 78.76%
Hits@10: 86.29%
结束时间： 2022-05-22 22:43:57
用时 0:08:27.233777
用时： 0:14:55.684989
结束时间： 2022-05-22 22:43:57
用时 0:34:38.951761
结束时间： 2022-05-22 22:43:57
用时 0:35:23.287930
