2022-07-02 18:51:17
开始时间： 2022-07-02 18:51:17
正在执行DBP15k
加载数据文件：data/DBP15k/zh_en/ent_ids_1
加载数据文件：data/DBP15k/zh_en/ent_ids_2
38960
加载数据文件：data/DBP15k/zh_en/ref_ent_ids
加载数据文件：data/DBP15k/zh_en/ref_r_ids
加载数据文件：data/DBP15k/zh_en/triples_1
加载数据文件：data/DBP15k/zh_en/triples_2
建立模型：
开始时间： 2022-07-02 18:51:17
计算头尾实体对应关系的矩阵以及对应概率：
开始时间： 2022-07-02 18:51:17
结束时间： 2022-07-02 18:51:18
用时 0:00:01.101370
输入词向量，增加原始输入层：
开始时间： 2022-07-02 18:51:18
38960 rows, 300 columns.
结束时间： 2022-07-02 18:51:27
用时 0:00:08.260390
计算稀疏张量和对称归一化后的矩阵：
开始时间： 2022-07-02 18:51:27
获取反转图，邻接矩阵、度、丰富三元组：
开始时间： 2022-07-02 18:51:27
结束时间： 2022-07-02 18:51:27
用时 0:00:00.411960
计算三角：
开始时间： 2022-07-02 18:51:40
结束时间： 2022-07-02 18:51:41
用时 0:00:01.076854
计算三角：
开始时间： 2022-07-02 18:51:41
结束时间： 2022-07-02 18:51:42
用时 0:00:01.082114
M2 SparseTensor(indices=Tensor("SparseTensor_1/indices:0", shape=(259136, 2), dtype=int64), values=Tensor("SparseTensor_1/values:0", shape=(259136,), dtype=float32), dense_shape=Tensor("SparseTensor_1/dense_shape:0", shape=(2,), dtype=int64))
结束时间： 2022-07-02 18:51:42
用时 0:00:15.004073
KG structure embedding
增加MixHop层：
开始时间： 2022-07-02 18:51:42
<tf.Variable 'Variable_1:0' shape=(1, 300) dtype=float32_ref>
结束时间： 2022-07-02 18:51:42
用时 0:00:00.003409
实现SKNet：
开始时间： 2022-07-02 18:51:42
结束时间： 2022-07-02 18:51:42
用时 0:00:00.006191
增加MixHop层：
开始时间： 2022-07-02 18:51:42
<tf.Variable 'Variable_4:0' shape=(1, 300) dtype=float32_ref>
结束时间： 2022-07-02 18:51:42
用时 0:00:00.003763
实现SKNet：
开始时间： 2022-07-02 18:51:42
结束时间： 2022-07-02 18:51:42
用时 0:00:00.005612
shape of output_h:  (38960, 300)
compute pre-training loss
计算预训练损失函数：
开始时间： 2022-07-02 18:51:42
Tensor("strided_slice:0", shape=(?,), dtype=int32) Tensor("strided_slice_1:0", shape=(?,), dtype=int32)
Tensor("embedding_lookup/Identity:0", shape=(?, 300), dtype=float32) Tensor("embedding_lookup_1/Identity:0", shape=(?, 300), dtype=float32)
结束时间： 2022-07-02 18:51:42
用时 0:00:00.014190
输入词向量，增加原始输入层：
开始时间： 2022-07-02 18:51:42
3024 rows, 300 columns.
3024
(3024, 300)
计算关系的向量：
开始时间： 2022-07-02 18:51:48
结束时间： 2022-07-02 18:51:51
用时 0:00:02.743086
Tensor("Add_12:0", shape=(6048, 300), dtype=float32)
结束时间： 2022-07-02 18:51:51
用时 0:00:09.108171
计算关系损失函数：
开始时间： 2022-07-02 18:51:51
结束时间： 2022-07-02 18:51:51
用时 0:00:00.005638
