2022-05-14 12:45:35
开始时间： 2022-05-14 12:45:35
正在执行DBP15k
加载数据文件：data/DBP15k/ja_en/ent_ids_1
加载数据文件：data/DBP15k/ja_en/ent_ids_2
39594
加载数据文件：data/DBP15k/ja_en/ref_ent_ids
加载数据文件：data/DBP15k/ja_en/ref_r_ids
加载数据文件：data/DBP15k/ja_en/triples_1
加载数据文件：data/DBP15k/ja_en/triples_2
建立模型：
开始时间： 2022-05-14 12:45:35
计算头尾实体对应关系的矩阵以及对应概率：
开始时间： 2022-05-14 12:45:35
结束时间： 2022-05-14 12:45:36
用时 0:00:01.002056
输入词向量，增加原始输入层：
开始时间： 2022-05-14 12:45:36
39594 rows, 300 columns.
结束时间： 2022-05-14 12:45:46
用时 0:00:10.380077
计算稀疏张量和对称归一化后的矩阵：
开始时间： 2022-05-14 12:45:47
获取反转图，邻接矩阵、度、丰富三元组：
开始时间： 2022-05-14 12:45:47
结束时间： 2022-05-14 12:45:47
用时 0:00:00.322614
计算三角：
开始时间： 2022-05-14 12:46:12
结束时间： 2022-05-14 12:46:14
用时 0:00:01.162338
计算三角：
开始时间： 2022-05-14 12:46:14
结束时间： 2022-05-14 12:46:15
用时 0:00:01.185984
M2 SparseTensor(indices=Tensor("SparseTensor_1/indices:0", shape=(269696, 2), dtype=int64), values=Tensor("SparseTensor_1/values:0", shape=(269696,), dtype=float32), dense_shape=Tensor("SparseTensor_1/dense_shape:0", shape=(2,), dtype=int64))
结束时间： 2022-05-14 12:46:15
用时 0:00:28.236289
KG structure embedding
增加GCN层：
开始时间： 2022-05-14 12:46:18
<tf.Variable 'Variable_1:0' shape=(1, 300) dtype=float32_ref>
结束时间： 2022-05-14 12:46:18
用时 0:00:00.004172
实现SKNet：
开始时间： 2022-05-14 12:46:18
结束时间： 2022-05-14 12:46:18
用时 0:00:00.007506
增加GCN层：
开始时间： 2022-05-14 12:46:18
<tf.Variable 'Variable_4:0' shape=(1, 300) dtype=float32_ref>
结束时间： 2022-05-14 12:46:18
用时 0:00:00.002057
实现SKNet：
开始时间： 2022-05-14 12:46:18
结束时间： 2022-05-14 12:46:18
用时 0:00:00.005832
shape of output_h:  (39594, 300)
compute pre-training loss
计算预训练损失函数：
开始时间： 2022-05-14 12:46:18
Tensor("strided_slice:0", shape=(?,), dtype=int32) Tensor("strided_slice_1:0", shape=(?,), dtype=int32)
Tensor("embedding_lookup/Identity:0", shape=(?, 300), dtype=float32) Tensor("embedding_lookup_1/Identity:0", shape=(?, 300), dtype=float32)
结束时间： 2022-05-14 12:46:18
用时 0:00:00.014370
输入词向量，增加原始输入层：
开始时间： 2022-05-14 12:46:18
2452 rows, 300 columns.
2452
(2452, 300)
计算关系的向量：
开始时间： 2022-05-14 12:46:26
结束时间： 2022-05-14 12:46:31
用时 0:00:04.434702
Tensor("Add_13:0", shape=(4904, 300), dtype=float32)
结束时间： 2022-05-14 12:46:31
用时 0:00:12.674369
计算关系损失函数：
开始时间： 2022-05-14 12:46:31
结束时间： 2022-05-14 12:46:31
用时 0:00:00.005340
结束时间： 2022-05-14 12:46:31
用时 0:00:55.711519
初始化：
开始时间： 2022-05-14 12:46:31
开始运行：
开始训练：第1 epoch
数据准备：
负采样：
开始时间： 2022-05-14 12:52:40
结束时间： 2022-05-14 12:54:11
用时 0:01:31.563238
负采样：
开始时间： 2022-05-14 12:54:11
结束时间： 2022-05-14 12:55:43
用时 0:01:32.251461
预训练的损失： [0.33926475, 0.3987298, 0.4093564, 0.41599256, 0.4167023, 0.4359935, 0.43905175, 0.44186974, 0.44241986, 0.44563845, 0.44684744, 0.44794726, 0.44970465, 0.45450842, 0.4582744, 0.46990106, 0.47317547, 0.47347927, 0.4763962, 0.48200762, 0.49035618, 0.49204087, 0.5037754, 0.51369137, 0.518096, 0.51810914, 0.52057827, 0.5262491, 0.5268316, 0.5302468, 0.5337684, 0.53849983, 0.5595487, 0.5602467, 0.5710297, 0.5737903, 0.5757975, 0.5759111, 0.5780926, 0.57962424, 0.5803846, 0.584008, 0.5930889, 0.59444, 0.59580326, 0.60075593, 0.6040449, 0.6043918, 0.6076044, 0.60907936, 0.62222517, 0.6245, 0.6277511, 0.62827784, 0.6286986, 0.6326035, 0.6354166, 0.6392646, 0.6395277, 0.6434951, 0.6435958, 0.64603305, 0.6504219, 0.65371144, 0.661767, 0.66329634, 0.66350317, 0.67652017, 0.6769505, 0.6826406, 0.6845541, 0.69285023, 0.6940783, 0.6978972, 0.69896865, 0.69975173, 0.7011829, 0.7108897, 0.7286028, 0.7296721, 0.73210925, 0.7350569, 0.7371087, 0.76237106, 0.76422507, 0.7707131, 0.7721695, 0.7729279, 0.7740958, 0.79672873, 0.8053051, 0.80576444, 0.80794287, 0.81575847, 0.8213231, 0.8394473, 0.85972416, 0.94208395, 0.9473945, 0.9549643]
训练完的损失： []
1/30 epochs...
用时： 0:04:46.518102
开始训练：第2 epoch
预训练的损失： [0.31664902, 0.37797815, 0.39000005, 0.39259866, 0.39684492, 0.41198477, 0.41339988, 0.41830426, 0.4194564, 0.4213193, 0.4262551, 0.42709187, 0.429344, 0.43131408, 0.43277514, 0.4468711, 0.45100665, 0.45480803, 0.4583453, 0.46036762, 0.46392787, 0.46754938, 0.48506114, 0.48896825, 0.4901957, 0.49176073, 0.4921813, 0.4983073, 0.50178945, 0.5062922, 0.5105268, 0.513833, 0.53213066, 0.53568494, 0.54554147, 0.5475103, 0.5482094, 0.55162865, 0.55240154, 0.5534313, 0.5572052, 0.5607157, 0.56661487, 0.5695029, 0.57064116, 0.5734578, 0.5778509, 0.5781832, 0.5796384, 0.580954, 0.59729975, 0.5982225, 0.59890866, 0.603899, 0.60403013, 0.60510075, 0.60558254, 0.6070554, 0.60997653, 0.6109127, 0.613397, 0.6149805, 0.6170753, 0.6306126, 0.63074803, 0.63555765, 0.63685834, 0.63812864, 0.6434422, 0.6486618, 0.6508267, 0.6605458, 0.66375613, 0.66492486, 0.6686341, 0.6689046, 0.67078424, 0.6794578, 0.69456005, 0.69485986, 0.6992801, 0.7029909, 0.7031201, 0.7222098, 0.7329355, 0.73479366, 0.739442, 0.7419888, 0.7434764, 0.76148504, 0.7691784, 0.7692213, 0.77559143, 0.7778698, 0.78004754, 0.8055575, 0.83240724, 0.9081807, 0.90861714, 0.91035473]
训练完的损失： []
用时： 0:00:02.662806
开始训练：第3 epoch
预训练的损失： [0.2955761, 0.35718024, 0.37015802, 0.37058318, 0.37513766, 0.38871574, 0.38936192, 0.39486268, 0.3955254, 0.39582783, 0.40430897, 0.40468636, 0.4077845, 0.4089349, 0.41190395, 0.42068082, 0.42781296, 0.43477434, 0.43789107, 0.43853405, 0.44334185, 0.44383615, 0.46186146, 0.46356988, 0.46458197, 0.46469504, 0.46528354, 0.4719948, 0.47818184, 0.47960916, 0.488024, 0.49020353, 0.5059125, 0.5096269, 0.51852036, 0.5191083, 0.5227021, 0.52698123, 0.5276281, 0.52886647, 0.53197896, 0.5398402, 0.54025483, 0.54216087, 0.54430807, 0.54736704, 0.54921067, 0.5512652, 0.55207145, 0.55652404, 0.5686697, 0.57092476, 0.57322675, 0.5738564, 0.5742119, 0.57716227, 0.5785493, 0.5796148, 0.5813535, 0.58163786, 0.58178556, 0.5820069, 0.58883476, 0.5992901, 0.601892, 0.60742676, 0.6080227, 0.6115255, 0.6115612, 0.61614037, 0.61838424, 0.62794876, 0.6300756, 0.63397783, 0.6378919, 0.6392575, 0.64193225, 0.6492076, 0.66120994, 0.6612427, 0.66511405, 0.67008424, 0.673098, 0.68358994, 0.69994247, 0.700934, 0.7063176, 0.70980674, 0.7150565, 0.7259605, 0.7323289, 0.73420024, 0.73711514, 0.74385476, 0.74407125, 0.7719423, 0.80515325, 0.86291826, 0.8718108, 0.8749542]
训练完的损失： []
用时： 0:00:02.670600
开始训练：第4 epoch
预训练的损失： [0.27549815, 0.33711803, 0.34885806, 0.35095018, 0.35317495, 0.3665436, 0.36667615, 0.36953032, 0.37162715, 0.37444264, 0.38213506, 0.38325834, 0.38427752, 0.3875515, 0.39417005, 0.39557457, 0.4051544, 0.41196477, 0.41321862, 0.42051312, 0.422015, 0.42582452, 0.43414637, 0.43566656, 0.43911856, 0.44147134, 0.44375402, 0.4471539, 0.45380312, 0.4558066, 0.46222666, 0.47011477, 0.48131436, 0.48315376, 0.49019134, 0.49298948, 0.49776405, 0.5013912, 0.5038457, 0.5056857, 0.50789, 0.5137055, 0.5151931, 0.5154318, 0.5201491, 0.52183473, 0.5241173, 0.52456236, 0.5257783, 0.5322678, 0.5398685, 0.54238915, 0.54452085, 0.5449409, 0.54544234, 0.5483105, 0.5498506, 0.55094326, 0.55229414, 0.5535619, 0.5538801, 0.55776215, 0.56015277, 0.567474, 0.5694586, 0.5801876, 0.5812667, 0.58523047, 0.58568025, 0.58670604, 0.5873328, 0.59679115, 0.5970247, 0.6042832, 0.6067432, 0.61080307, 0.6136303, 0.6203152, 0.62866986, 0.62871, 0.63261324, 0.63829947, 0.6434336, 0.6471473, 0.66614485, 0.66938525, 0.6747309, 0.67781043, 0.6874515, 0.6907308, 0.69733316, 0.6984719, 0.70095134, 0.7081202, 0.7124957, 0.7381234, 0.77803147, 0.8196542, 0.83363724, 0.8424506]
训练完的损失： []
用时： 0:00:02.675708
开始训练：第5 epoch
预训练的损失： [0.2563429, 0.317918, 0.32853854, 0.33162093, 0.33175123, 0.34480548, 0.34577256, 0.34585714, 0.3481003, 0.35372463, 0.36099374, 0.36261088, 0.36264896, 0.36674452, 0.37146357, 0.37680697, 0.38343412, 0.38982278, 0.39043486, 0.39805582, 0.40587044, 0.40773705, 0.40874174, 0.40880558, 0.41352272, 0.4197508, 0.42304033, 0.4234273, 0.42905024, 0.43461007, 0.4368633, 0.45036715, 0.45721602, 0.45821804, 0.46219146, 0.4691275, 0.4736637, 0.47676706, 0.48105037, 0.48264593, 0.48474577, 0.48681173, 0.48847258, 0.4899758, 0.495244, 0.49850553, 0.5005527, 0.5007891, 0.5014798, 0.5086774, 0.51086426, 0.51201916, 0.51501966, 0.5174808, 0.51880455, 0.5201775, 0.5210726, 0.524135, 0.5256748, 0.52706265, 0.5292097, 0.53192466, 0.53440326, 0.5344269, 0.5409458, 0.5520021, 0.55398273, 0.5561092, 0.5580339, 0.56266093, 0.5640653, 0.5657743, 0.56734633, 0.575531, 0.57615864, 0.58346736, 0.5862735, 0.59270585, 0.5975193, 0.5976244, 0.6014215, 0.6075628, 0.6127498, 0.61429524, 0.63314694, 0.63904643, 0.6445347, 0.6463773, 0.6562128, 0.6606816, 0.6621059, 0.6641482, 0.66919637, 0.6732465, 0.68148637, 0.70479727, 0.7512138, 0.7779255, 0.79663366, 0.81134903]
训练完的损失： []
用时： 0:00:02.668250
开始训练：第6 epoch
预训练的损失： [0.2381289, 0.29975948, 0.3095706, 0.3111171, 0.3132975, 0.32389408, 0.3239231, 0.32525197, 0.32602423, 0.33383957, 0.34110516, 0.3427012, 0.3429278, 0.34646246, 0.34859076, 0.36038682, 0.36276555, 0.36750016, 0.37018007, 0.37628344, 0.3826612, 0.38308483, 0.38879645, 0.390391, 0.3919471, 0.39925855, 0.40073463, 0.40271807, 0.40517628, 0.4124738, 0.4144264, 0.43104234, 0.4319275, 0.43510586, 0.43642423, 0.44672605, 0.4503718, 0.45317155, 0.45927614, 0.4594602, 0.46004403, 0.4622389, 0.4644693, 0.4657991, 0.46938258, 0.47306716, 0.4765895, 0.47956795, 0.48015258, 0.48243248, 0.48505646, 0.48579204, 0.48651487, 0.4913305, 0.49241054, 0.49277705, 0.49405956, 0.4999745, 0.50086534, 0.50196886, 0.5028657, 0.5046787, 0.505616, 0.5119753, 0.5136235, 0.52366096, 0.5284349, 0.5290133, 0.5301306, 0.5361755, 0.53914434, 0.5396347, 0.54306006, 0.5462412, 0.5478052, 0.55711144, 0.55987877, 0.5664704, 0.5680253, 0.5680259, 0.57138145, 0.5778761, 0.5804717, 0.58567125, 0.6011945, 0.6102445, 0.6154201, 0.61590457, 0.6223135, 0.6285053, 0.63257384, 0.63506377, 0.6387876, 0.6393148, 0.6514504, 0.67274886, 0.724977, 0.7379054, 0.7610333, 0.7813786]
训练完的损失： []
用时： 0:00:02.679693
开始训练：第7 epoch
预训练的损失： [0.22102743, 0.28269356, 0.29188854, 0.2922043, 0.29569393, 0.30313647, 0.3037212, 0.3040753, 0.30732745, 0.31450543, 0.32230175, 0.3234583, 0.3246408, 0.3265541, 0.32683003, 0.34313485, 0.3450935, 0.3461409, 0.35108155, 0.35535207, 0.35825053, 0.3587677, 0.36507863, 0.3755108, 0.37557685, 0.37921098, 0.38026208, 0.38274893, 0.38275033, 0.389101, 0.39521396, 0.40751106, 0.40922475, 0.41197938, 0.41572607, 0.42569494, 0.42758667, 0.43088818, 0.4329339, 0.43811548, 0.4382186, 0.44033724, 0.4416672, 0.442757, 0.44457835, 0.44874, 0.45043814, 0.4544024, 0.45833784, 0.45912308, 0.45999652, 0.46351165, 0.46501845, 0.46525624, 0.4668243, 0.46798435, 0.47022057, 0.47325444, 0.4754584, 0.47826958, 0.47831345, 0.4786271, 0.48272473, 0.48755732, 0.4904877, 0.49663028, 0.50228846, 0.50363517, 0.50519013, 0.508245, 0.5134115, 0.51610124, 0.51716244, 0.521021, 0.5228762, 0.5315522, 0.5345281, 0.5397785, 0.5400853, 0.5416556, 0.5424055, 0.54941076, 0.55028856, 0.55792844, 0.57022774, 0.58304054, 0.5850949, 0.588756, 0.58924985, 0.5974023, 0.6024306, 0.60645854, 0.60958475, 0.6102587, 0.6224874, 0.6418035, 0.69936204, 0.6997406, 0.7270569, 0.7524022]
训练完的损失： []
用时： 0:00:02.676516
开始训练：第8 epoch
预训练的损失： [0.20521113, 0.26655555, 0.27389562, 0.27586663, 0.2792861, 0.2821151, 0.28506976, 0.28521562, 0.28984153, 0.29580048, 0.30443257, 0.3051259, 0.3062225, 0.30727923, 0.30742267, 0.32444137, 0.32579902, 0.33065343, 0.3332764, 0.33477947, 0.33558637, 0.33671406, 0.34294137, 0.3584904, 0.36008644, 0.36098337, 0.36175472, 0.36249626, 0.36303595, 0.36709678, 0.37694252, 0.38428375, 0.3847288, 0.3932159, 0.39578217, 0.40560567, 0.4060908, 0.4077083, 0.40980923, 0.41756415, 0.41772044, 0.4189341, 0.4202056, 0.42092842, 0.42100063, 0.42212194, 0.42550626, 0.4337056, 0.4342429, 0.4351418, 0.43803233, 0.4388766, 0.441812, 0.44376165, 0.44532388, 0.44545645, 0.44712913, 0.44911194, 0.4525661, 0.4528486, 0.45605767, 0.45712346, 0.46076527, 0.46275398, 0.46962002, 0.470901, 0.47769925, 0.4782743, 0.48191828, 0.48242542, 0.48858196, 0.48903084, 0.49349868, 0.49542898, 0.503175, 0.5070899, 0.5101041, 0.51308274, 0.5134458, 0.51496387, 0.5181713, 0.52229095, 0.52229524, 0.53091085, 0.5409284, 0.555712, 0.556777, 0.55709016, 0.5631026, 0.56854296, 0.5734993, 0.57475555, 0.58178544, 0.58646876, 0.5947224, 0.61194265, 0.66371274, 0.6744449, 0.6948088, 0.7243468]
训练完的损失： []
用时： 0:00:02.677583
开始训练：第9 epoch
预训练的损失： [0.19099435, 0.25133038, 0.2571424, 0.2606724, 0.2619777, 0.26396555, 0.26706898, 0.268066, 0.27346188, 0.27805972, 0.2866251, 0.28750283, 0.28799522, 0.28839347, 0.2909058, 0.30643576, 0.30655676, 0.31269258, 0.3166507, 0.31671664, 0.31690255, 0.31713843, 0.32215464, 0.33912492, 0.34236586, 0.34386063, 0.3454849, 0.34561118, 0.3464756, 0.34691837, 0.35964507, 0.36178935, 0.36240608, 0.37514412, 0.37662137, 0.38389963, 0.3843833, 0.38796368, 0.38987303, 0.39516264, 0.3978489, 0.39808953, 0.39810342, 0.39852244, 0.40018022, 0.40040055, 0.40317178, 0.41046244, 0.41195822, 0.41421187, 0.4142123, 0.41858652, 0.4195779, 0.42066652, 0.4221002, 0.42411438, 0.42516583, 0.42885625, 0.43101192, 0.43382415, 0.43509609, 0.43658394, 0.43922132, 0.4395759, 0.44661403, 0.44931027, 0.45395, 0.45440936, 0.45702225, 0.46062776, 0.46184677, 0.4651611, 0.47113082, 0.47163838, 0.48371267, 0.48375136, 0.48685455, 0.48758858, 0.488226, 0.48863858, 0.49590188, 0.49632612, 0.496499, 0.5048133, 0.51294625, 0.52560633, 0.5275297, 0.5324526, 0.53869593, 0.5413952, 0.5446561, 0.54599977, 0.5555818, 0.5636182, 0.56800264, 0.58322954, 0.62981313, 0.6501428, 0.66439575, 0.69727695]
训练完的损失： []
用时： 0:00:02.676551
开始训练：第10 epoch
预训练的损失： [0.17824467, 0.23701783, 0.24134858, 0.2429966, 0.24669972, 0.2496485, 0.24993542, 0.252253, 0.2584405, 0.26111886, 0.26795697, 0.27013186, 0.27131918, 0.27215365, 0.27523065, 0.28832293, 0.28957063, 0.29222155, 0.29865634, 0.29903325, 0.3009411, 0.30284953, 0.30431694, 0.32092172, 0.32425618, 0.3253286, 0.32724905, 0.32956544, 0.33182365, 0.3333105, 0.34048516, 0.34164405, 0.34310684, 0.35775483, 0.35824066, 0.36164343, 0.36419314, 0.36981237, 0.37074926, 0.37113932, 0.37715304, 0.37810457, 0.379129, 0.37928683, 0.38113448, 0.38140124, 0.38197243, 0.3874843, 0.39033857, 0.3906806, 0.3955276, 0.39560455, 0.39993986, 0.40008682, 0.40161735, 0.40397805, 0.40413272, 0.4063701, 0.41049457, 0.41549894, 0.41683316, 0.41690886, 0.41909748, 0.41922617, 0.42363274, 0.42942297, 0.43073016, 0.432509, 0.43321645, 0.43593985, 0.43973953, 0.4427665, 0.44824162, 0.4504015, 0.46162602, 0.46340597, 0.46384525, 0.46445063, 0.46450853, 0.46473676, 0.47157267, 0.47248012, 0.474706, 0.47950304, 0.48653072, 0.4955619, 0.50073075, 0.5092608, 0.51548713, 0.5156624, 0.5160543, 0.51977164, 0.531053, 0.54164195, 0.54218346, 0.55564237, 0.598258, 0.62649125, 0.6355055, 0.670971]
训练完的损失： []
10/30 epochs...
用时： 0:00:02.684615
开始训练：第11 epoch
预训练的损失： [0.16717328, 0.22389176, 0.22505921, 0.22693852, 0.23381118, 0.23389009, 0.23623586, 0.23781976, 0.24461421, 0.24511692, 0.2502925, 0.25301546, 0.25587973, 0.25740582, 0.26028448, 0.27131262, 0.27283883, 0.27360618, 0.28224063, 0.2824642, 0.28476876, 0.28609788, 0.292046, 0.30380073, 0.30752337, 0.30767518, 0.309168, 0.31437504, 0.3189857, 0.3200394, 0.32048595, 0.32216734, 0.32721597, 0.34059504, 0.34101278, 0.34107643, 0.34494764, 0.3459999, 0.35254073, 0.3552754, 0.3571568, 0.35884267, 0.3612292, 0.36134306, 0.36174917, 0.363392, 0.3635945, 0.36562076, 0.36840302, 0.37040308, 0.37288854, 0.3777954, 0.37974682, 0.38226563, 0.38253206, 0.38361514, 0.38504893, 0.38543832, 0.39081454, 0.3960554, 0.39713138, 0.39785302, 0.39952254, 0.40166527, 0.40510398, 0.40857485, 0.41012144, 0.41056895, 0.4112417, 0.41184357, 0.4195239, 0.42139977, 0.4267374, 0.43003425, 0.44040507, 0.44054276, 0.4408157, 0.44202214, 0.44297126, 0.44598866, 0.44800574, 0.44997382, 0.45438707, 0.45525074, 0.4617615, 0.46734583, 0.47494754, 0.48724937, 0.48880374, 0.49099207, 0.49382284, 0.49452367, 0.50770557, 0.5170233, 0.5205307, 0.52959186, 0.56871855, 0.60350245, 0.60774875, 0.64565814]
训练完的损失： []
用时： 0:00:02.685087
开始训练：第12 epoch
预训练的损失： [0.15737137, 0.20841035, 0.21172386, 0.21344574, 0.21907845, 0.22183058, 0.22366366, 0.22445992, 0.2301186, 0.23189376, 0.2338656, 0.23706499, 0.24112308, 0.24362281, 0.24604088, 0.254826, 0.25530183, 0.2585448, 0.2666502, 0.26766706, 0.2677831, 0.27162367, 0.2803949, 0.28794804, 0.29070252, 0.29180512, 0.29191375, 0.3001814, 0.30193976, 0.3037883, 0.30679995, 0.30700153, 0.31195194, 0.32198584, 0.32376385, 0.32389438, 0.32502505, 0.3267582, 0.33503062, 0.33853334, 0.3402857, 0.34040833, 0.34277618, 0.34431943, 0.34434414, 0.34464258, 0.34688216, 0.34690127, 0.34726813, 0.35178494, 0.35181195, 0.36003214, 0.3605546, 0.36395267, 0.36409032, 0.36498666, 0.36577258, 0.36779076, 0.3717559, 0.37653273, 0.37954563, 0.37988022, 0.38052553, 0.38099575, 0.38749364, 0.38777748, 0.38920987, 0.3913778, 0.39173406, 0.39260715, 0.40016115, 0.40074462, 0.40669793, 0.4101535, 0.41854727, 0.4186579, 0.42103824, 0.421483, 0.42276645, 0.42561603, 0.42735672, 0.4289635, 0.4320311, 0.4350093, 0.43841803, 0.44101584, 0.45064148, 0.46270055, 0.46633294, 0.46751612, 0.47043473, 0.47299588, 0.48579067, 0.49254435, 0.49996656, 0.5048367, 0.54140204, 0.5812631, 0.5814087, 0.621228]
训练完的损失： []
用时： 0:00:02.684318
开始训练：第13 epoch
预训练的损失： [0.14846602, 0.19298443, 0.20051542, 0.20075515, 0.20534673, 0.21073666, 0.21201465, 0.21228226, 0.21625288, 0.21855849, 0.22024757, 0.22242214, 0.22707233, 0.23072267, 0.23239148, 0.23808022, 0.24039245, 0.24439734, 0.25170475, 0.25223026, 0.25432417, 0.2577405, 0.26902282, 0.273258, 0.2745372, 0.27567723, 0.27691734, 0.28453848, 0.28657538, 0.28674406, 0.29431885, 0.2952247, 0.29728067, 0.303613, 0.30449072, 0.30740023, 0.30957672, 0.30962583, 0.31814727, 0.32098055, 0.32269806, 0.32438004, 0.3248344, 0.32605726, 0.3275022, 0.32819146, 0.32878846, 0.3311298, 0.33148512, 0.33190614, 0.33436686, 0.34102982, 0.34398395, 0.34542578, 0.34610343, 0.34657946, 0.34980994, 0.35134822, 0.3534255, 0.35830957, 0.360197, 0.36173278, 0.36353225, 0.36384475, 0.3658533, 0.3677045, 0.36936077, 0.3740916, 0.3747608, 0.37815922, 0.3810608, 0.38128293, 0.3880127, 0.39086965, 0.3977453, 0.39794508, 0.40150955, 0.4032657, 0.4036783, 0.4044444, 0.40896267, 0.4090743, 0.40993857, 0.4162923, 0.4165005, 0.41654158, 0.42765194, 0.43769628, 0.44513518, 0.44637835, 0.44717193, 0.45320833, 0.46505553, 0.46874848, 0.48006898, 0.48131907, 0.5162771, 0.5556738, 0.5599525, 0.5974453]
训练完的损失： []
用时： 0:00:02.691955
开始训练：第14 epoch
预训练的损失： [0.14037627, 0.17873383, 0.18882862, 0.1900233, 0.19276074, 0.200414, 0.2010544, 0.20123157, 0.20353946, 0.20451039, 0.20893739, 0.20957235, 0.21377331, 0.21864769, 0.219105, 0.22263268, 0.22649197, 0.23104861, 0.23647526, 0.23895214, 0.24177182, 0.24438523, 0.25798443, 0.2593179, 0.25953144, 0.260229, 0.26279655, 0.268364, 0.27031717, 0.27409855, 0.28215733, 0.28316063, 0.2840792, 0.28486714, 0.28872928, 0.2917374, 0.29326397, 0.29472962, 0.30194885, 0.30431664, 0.30516672, 0.30588433, 0.3078943, 0.30885005, 0.31252784, 0.31303602, 0.31345734, 0.3143865, 0.31644592, 0.31710505, 0.31808257, 0.32271895, 0.32773566, 0.32801595, 0.32821956, 0.33010983, 0.33469123, 0.3358119, 0.33585083, 0.34065488, 0.34121782, 0.3444383, 0.34537175, 0.34699535, 0.34847468, 0.34902966, 0.35064742, 0.35747576, 0.35785124, 0.36244673, 0.36304748, 0.36535645, 0.37060875, 0.37213826, 0.3779324, 0.37868077, 0.3831057, 0.38398153, 0.38557023, 0.38634402, 0.38892803, 0.39013916, 0.39061916, 0.39337057, 0.3958458, 0.39834833, 0.40606257, 0.41380662, 0.42365175, 0.42467952, 0.42748207, 0.43394828, 0.44557366, 0.44561565, 0.4592097, 0.4606067, 0.49270806, 0.53114015, 0.5393435, 0.57434976]
训练完的损失： []
用时： 0:00:02.691155
开始训练：第15 epoch
预训练的损失： [0.13284834, 0.165761, 0.17768483, 0.18040459, 0.18125919, 0.19081438, 0.19091634, 0.1910456, 0.19170187, 0.19195148, 0.19626608, 0.19961005, 0.20103341, 0.20637348, 0.20732972, 0.20846961, 0.21374363, 0.21850744, 0.22226301, 0.22664559, 0.23001084, 0.2316989, 0.24476862, 0.24558316, 0.24670714, 0.24730046, 0.2495329, 0.25330326, 0.25507966, 0.2620768, 0.2675832, 0.26956803, 0.2704196, 0.27336317, 0.2743311, 0.2768703, 0.27781564, 0.28029335, 0.28648534, 0.2867573, 0.28849784, 0.28973708, 0.2915218, 0.29187852, 0.29584268, 0.29855964, 0.29963022, 0.30101797, 0.30239266, 0.30283564, 0.30364114, 0.30508357, 0.31109196, 0.31132445, 0.3125993, 0.314574, 0.31885207, 0.32010087, 0.32114473, 0.32198897, 0.32527673, 0.32616553, 0.32773915, 0.33122128, 0.33131588, 0.33306122, 0.33388788, 0.3415408, 0.34204906, 0.34462386, 0.34571183, 0.352912, 0.3539382, 0.35425186, 0.35889792, 0.36042556, 0.36419034, 0.36580968, 0.36822355, 0.36924767, 0.37024128, 0.37160307, 0.3721298, 0.37248924, 0.37643415, 0.3811815, 0.38590384, 0.3912543, 0.40298647, 0.40314442, 0.4095657, 0.4154705, 0.42317474, 0.42750734, 0.43822405, 0.44188112, 0.47064227, 0.5076655, 0.5194888, 0.55189186]
训练完的损失： []
用时： 0:00:02.689056
开始训练：第16 epoch
预训练的损失： [0.12583905, 0.15390733, 0.16751847, 0.17107357, 0.1713854, 0.17987838, 0.1811594, 0.18125623, 0.18159202, 0.18216613, 0.18452856, 0.18896043, 0.1901767, 0.19400287, 0.19577226, 0.1967656, 0.20200115, 0.20677534, 0.20887476, 0.21518296, 0.21919596, 0.2196193, 0.23119, 0.23149946, 0.23471066, 0.23687264, 0.23694259, 0.23935118, 0.2407707, 0.25042886, 0.25118455, 0.2564778, 0.25900525, 0.26099846, 0.2628597, 0.26313263, 0.26323918, 0.26649868, 0.26950178, 0.27170512, 0.27349466, 0.27424818, 0.27521187, 0.27679503, 0.2796727, 0.28488514, 0.28725478, 0.28832504, 0.28858906, 0.28861895, 0.28920108, 0.2908985, 0.29530072, 0.29587376, 0.29771486, 0.30001736, 0.3024379, 0.3041996, 0.30603832, 0.30712122, 0.30807573, 0.31010622, 0.31178522, 0.31426787, 0.3166005, 0.31667864, 0.31991458, 0.32637626, 0.32734108, 0.32774317, 0.32923642, 0.33634448, 0.33875805, 0.34085357, 0.34089494, 0.343092, 0.3452041, 0.34957036, 0.35070932, 0.3511483, 0.35182953, 0.3545056, 0.35496178, 0.35496813, 0.3580349, 0.36458406, 0.36672544, 0.36989915, 0.38236794, 0.38351753, 0.3924826, 0.39761984, 0.4013637, 0.41039267, 0.41829187, 0.4234128, 0.44970515, 0.48537326, 0.50025284, 0.5299008]
训练完的损失： []
用时： 0:00:02.685239
开始训练：第17 epoch
预训练的损失： [0.1190813, 0.14317772, 0.1582661, 0.16199517, 0.16300961, 0.16919623, 0.1712971, 0.17202422, 0.17275302, 0.17354895, 0.17399552, 0.17744814, 0.18136638, 0.18208277, 0.18409234, 0.18675256, 0.19112748, 0.19569756, 0.19627488, 0.20456451, 0.20817567, 0.20905314, 0.2178965, 0.21844009, 0.22344299, 0.22528046, 0.22632267, 0.22667132, 0.22738218, 0.23596266, 0.23929855, 0.24412104, 0.24802671, 0.24858823, 0.24928972, 0.24965471, 0.25309712, 0.25310218, 0.25339624, 0.25762808, 0.25921446, 0.25930688, 0.2598793, 0.26279408, 0.26481938, 0.27165982, 0.2722717, 0.27527717, 0.27549523, 0.27678624, 0.27710155, 0.278799, 0.28003454, 0.28147084, 0.28320247, 0.28619674, 0.2866684, 0.2873568, 0.2909333, 0.29249507, 0.2938226, 0.29571518, 0.29682875, 0.29816356, 0.30129203, 0.30256963, 0.30651557, 0.311805, 0.31205016, 0.31363255, 0.31364602, 0.31921262, 0.32377243, 0.32427657, 0.32665253, 0.32682782, 0.32937688, 0.3319592, 0.33310807, 0.33399343, 0.33611923, 0.3368894, 0.33886206, 0.34040797, 0.3404637, 0.34852403, 0.34880945, 0.34971988, 0.3626479, 0.3648622, 0.3761231, 0.38028556, 0.3803138, 0.39423972, 0.3994055, 0.40551582, 0.42982453, 0.46428984, 0.48179567, 0.50859547]
训练完的损失： []
用时： 0:00:02.684729
开始训练：第18 epoch
预训练的损失： [0.11270738, 0.13338621, 0.14973259, 0.15379769, 0.15517479, 0.15947281, 0.16199224, 0.16313145, 0.16345929, 0.16455111, 0.16642797, 0.16667931, 0.17060114, 0.17297098, 0.17343596, 0.17731777, 0.18095982, 0.18445116, 0.18530297, 0.19473812, 0.19756347, 0.19938537, 0.20482804, 0.20634513, 0.21301386, 0.21419212, 0.21436098, 0.21479008, 0.21673481, 0.2216579, 0.2285773, 0.23228273, 0.23590341, 0.23690146, 0.23731166, 0.23737209, 0.23772348, 0.24017909, 0.24406312, 0.24422443, 0.24513674, 0.24541488, 0.2456998, 0.24976264, 0.25116134, 0.25700465, 0.2589934, 0.26263383, 0.26421654, 0.26489037, 0.26537603, 0.2663979, 0.26731586, 0.26803446, 0.26929513, 0.27142507, 0.2716292, 0.27314863, 0.27482602, 0.27941388, 0.28128165, 0.28193232, 0.2827069, 0.28298253, 0.28690293, 0.28945908, 0.2935868, 0.29678118, 0.29842663, 0.2988912, 0.3009387, 0.30261287, 0.30749097, 0.30925602, 0.3107225, 0.31076366, 0.31393737, 0.31661814, 0.31806445, 0.31928343, 0.31969163, 0.3210662, 0.32372898, 0.32390326, 0.32669967, 0.33036286, 0.3310283, 0.3339424, 0.34388176, 0.34702736, 0.35968518, 0.3607074, 0.36356372, 0.37906158, 0.3813463, 0.38816857, 0.41084427, 0.44421428, 0.4637969, 0.48791942]
训练完的损失： []
用时： 0:00:02.681594
开始训练：第19 epoch
预训练的损失： [0.10652067, 0.12416096, 0.14202504, 0.14650834, 0.1478109, 0.15065697, 0.15338066, 0.15365498, 0.15539634, 0.15672605, 0.15706614, 0.1592566, 0.1598347, 0.16354614, 0.16496855, 0.1684709, 0.17129636, 0.17333561, 0.1754908, 0.18566284, 0.18755814, 0.1901797, 0.19230229, 0.19484353, 0.20290014, 0.20295833, 0.20322385, 0.2041646, 0.2069945, 0.2084385, 0.2182576, 0.22126104, 0.22307153, 0.22346321, 0.22597316, 0.22601996, 0.22700313, 0.22763291, 0.23143914, 0.23162852, 0.23193699, 0.23298424, 0.23517248, 0.2376067, 0.23866215, 0.2425112, 0.24668783, 0.25075528, 0.25146508, 0.253442, 0.25364268, 0.25552562, 0.25595507, 0.25633907, 0.25638255, 0.25647315, 0.25740623, 0.2596159, 0.26089302, 0.26698518, 0.26847982, 0.2688544, 0.2692328, 0.26936746, 0.27332425, 0.2769813, 0.28120023, 0.28264385, 0.28514594, 0.28533903, 0.28681326, 0.28901237, 0.2920748, 0.2925923, 0.2953902, 0.29687142, 0.2977249, 0.30090892, 0.30273414, 0.30534634, 0.30650777, 0.3070644, 0.30828267, 0.309348, 0.31221235, 0.31353027, 0.3143734, 0.32003534, 0.3262728, 0.33026803, 0.33996534, 0.3457649, 0.34727043, 0.3641469, 0.36452365, 0.3716604, 0.39276868, 0.4249928, 0.4465246, 0.4676848]
训练完的损失： []
用时： 0:00:02.690257
开始训练：第20 epoch
预训练的损失： [0.10069121, 0.11594556, 0.1348202, 0.13968304, 0.140968, 0.14276887, 0.14465582, 0.14523122, 0.14756733, 0.14793298, 0.14955965, 0.15008946, 0.15247634, 0.15434173, 0.15733105, 0.16019504, 0.16229995, 0.16315082, 0.16621943, 0.17726961, 0.17812213, 0.18041864, 0.18130445, 0.18427166, 0.19179341, 0.19247687, 0.19405317, 0.19455533, 0.1961424, 0.19748485, 0.20827472, 0.21042082, 0.21070126, 0.21086922, 0.21527061, 0.21553932, 0.21567921, 0.21706656, 0.21890226, 0.2193164, 0.21932355, 0.2209397, 0.22611457, 0.22659075, 0.22738355, 0.22898147, 0.23497795, 0.23810856, 0.23940927, 0.2423772, 0.2429826, 0.24298392, 0.24323693, 0.24373102, 0.24385998, 0.24517697, 0.24604726, 0.24691615, 0.2492296, 0.25468272, 0.2551092, 0.25641185, 0.25699508, 0.2579364, 0.26042628, 0.26507214, 0.2693767, 0.26940396, 0.27165765, 0.27215102, 0.2729885, 0.276712, 0.27750093, 0.2778808, 0.28078955, 0.28082687, 0.2854556, 0.28626242, 0.286508, 0.29225972, 0.29248062, 0.2934251, 0.2949521, 0.295978, 0.29633498, 0.29828933, 0.30074978, 0.306968, 0.3095461, 0.31438172, 0.3208288, 0.3314286, 0.33169153, 0.34794104, 0.3508297, 0.35562813, 0.37565207, 0.4067739, 0.42961165, 0.448027]
训练完的损失： []
20/30 epochs...
Save to path:  HTRS_model/save_DBP15k_ja_en.ckpt
用时： 0:01:01.579035
开始训练：第21 epoch
数据准备：
负采样：
开始时间： 2022-05-14 12:57:43
结束时间： 2022-05-14 12:59:10
用时 0:01:27.768775
负采样：
开始时间： 2022-05-14 12:59:10
结束时间： 2022-05-14 13:00:36
用时 0:01:25.929788
预训练的损失： []
训练完的损失： [0.123302445, 0.13390152, 0.15751456, 0.16570564, 0.1660071, 0.16679713, 0.16705729, 0.16838726, 0.17249751, 0.1741477, 0.17485705, 0.17596723, 0.17609702, 0.17745766, 0.17988521, 0.1804392, 0.18925661, 0.19531862, 0.19567555, 0.19864003, 0.19897136, 0.19954553, 0.20460165, 0.20598179, 0.21592526, 0.2173903, 0.2187805, 0.2193569, 0.22395167, 0.23012151, 0.23254429, 0.24017398, 0.2416996, 0.24259977, 0.24367027, 0.24382614, 0.24425918, 0.24571411, 0.24800393, 0.24848127, 0.2510306, 0.25122225, 0.25221735, 0.2547731, 0.25569376, 0.26129836, 0.27096635, 0.27153897, 0.27171138, 0.27185285, 0.27730477, 0.27745366, 0.27863935, 0.2799692, 0.28010935, 0.2803443, 0.2822586, 0.2839775, 0.2861166, 0.28658643, 0.28782913, 0.28829247, 0.2886433, 0.2900796, 0.29326317, 0.29428425, 0.29653183, 0.29757187, 0.3051904, 0.30694523, 0.3074277, 0.30832043, 0.30846286, 0.3107422, 0.31105104, 0.31351143, 0.31755778, 0.3192367, 0.32089326, 0.32214844, 0.3246955, 0.3300124, 0.33214, 0.3331876, 0.33345234, 0.33825248, 0.3390415, 0.3396119, 0.34788042, 0.3510209, 0.35718152, 0.36199084, 0.36617398, 0.38420042, 0.3859961, 0.39603156, 0.41830105, 0.44481564, 0.46351838, 0.47882432]
用时： 0:06:57.087603
开始训练：第22 epoch
预训练的损失： []
训练完的损失： [0.1156463, 0.12531859, 0.14999685, 0.15655464, 0.1566658, 0.15672529, 0.15884373, 0.16001245, 0.16115382, 0.16361412, 0.1654298, 0.16721, 0.16752353, 0.16766243, 0.16922447, 0.17182778, 0.1796582, 0.18467118, 0.18682757, 0.18904364, 0.18958604, 0.19039927, 0.19330275, 0.19564073, 0.20516396, 0.20558135, 0.20849933, 0.20855287, 0.21364117, 0.21972854, 0.22336334, 0.22859535, 0.22893405, 0.23035517, 0.2307183, 0.2311899, 0.23374052, 0.23393652, 0.23466845, 0.23596798, 0.23821527, 0.2399472, 0.24187514, 0.24247503, 0.24322328, 0.2518104, 0.25897145, 0.26041374, 0.2607146, 0.2617689, 0.26388285, 0.26466408, 0.2651555, 0.26692688, 0.2680106, 0.26888135, 0.27042377, 0.27067298, 0.27476075, 0.27498072, 0.27548012, 0.2759449, 0.27726474, 0.2773761, 0.28097683, 0.28148144, 0.28249273, 0.28626466, 0.29084146, 0.29321396, 0.29435122, 0.29583845, 0.29634827, 0.2975593, 0.29762456, 0.29921836, 0.30263716, 0.3048034, 0.30489457, 0.30959332, 0.31074074, 0.31408185, 0.3198556, 0.3200035, 0.3208776, 0.32443932, 0.32515725, 0.32531148, 0.33035994, 0.3338965, 0.34049997, 0.34744045, 0.3537569, 0.3698024, 0.37122795, 0.38171542, 0.40225884, 0.42877406, 0.44743744, 0.46191803]
用时： 0:00:15.982554
开始训练：第23 epoch
预训练的损失： []
训练完的损失： [0.108888865, 0.11830837, 0.14367162, 0.14733922, 0.14881995, 0.14894517, 0.15099768, 0.15212823, 0.15317826, 0.15450494, 0.15622245, 0.15918185, 0.15931113, 0.16056788, 0.16097367, 0.16486618, 0.17098747, 0.17492875, 0.17942333, 0.1795781, 0.18089749, 0.1829003, 0.18325502, 0.18639089, 0.19573632, 0.19603409, 0.19944568, 0.20041639, 0.20427641, 0.21010123, 0.21507707, 0.2165902, 0.2182879, 0.21857528, 0.21928346, 0.22008333, 0.22140911, 0.22439817, 0.22482389, 0.22547676, 0.22643344, 0.22951037, 0.23121221, 0.23163067, 0.2324847, 0.24390744, 0.24777478, 0.24956334, 0.25015417, 0.25044638, 0.25283155, 0.25411662, 0.25458464, 0.2552936, 0.25654167, 0.25795794, 0.2583685, 0.26218623, 0.26263124, 0.26391202, 0.26394787, 0.26494077, 0.26783797, 0.2679153, 0.26906312, 0.26910573, 0.27095288, 0.27552253, 0.2758791, 0.28129327, 0.28215984, 0.2831703, 0.2842457, 0.28496227, 0.28644624, 0.2884926, 0.2890913, 0.2899544, 0.29126972, 0.2976948, 0.29796144, 0.29838377, 0.3078439, 0.3090125, 0.3106322, 0.31099045, 0.31159994, 0.31344688, 0.31420574, 0.31839097, 0.3241594, 0.3338593, 0.34226754, 0.35656667, 0.358562, 0.36805987, 0.38706616, 0.4134134, 0.43234342, 0.44540408]
用时： 0:00:16.075266
开始训练：第24 epoch
预训练的损失： []
训练完的损失： [0.102775015, 0.11185926, 0.13769664, 0.13879281, 0.14159204, 0.14171967, 0.14207378, 0.14581066, 0.14623815, 0.14710471, 0.1480805, 0.15003222, 0.15156873, 0.15444985, 0.15467513, 0.15834643, 0.16290341, 0.16625956, 0.17038709, 0.1724339, 0.17276222, 0.17341626, 0.17566879, 0.17750299, 0.18607132, 0.18780577, 0.19046544, 0.19214465, 0.19569527, 0.20053379, 0.20579495, 0.20714755, 0.20721734, 0.20792392, 0.208372, 0.20978346, 0.21054782, 0.21467708, 0.21512322, 0.21605502, 0.21667114, 0.21937479, 0.22056414, 0.22061585, 0.22326016, 0.23617657, 0.23632284, 0.23659939, 0.24010427, 0.24044697, 0.24322723, 0.24371853, 0.24408181, 0.2445807, 0.24536027, 0.24599156, 0.24964583, 0.24993767, 0.25288835, 0.25359577, 0.25390077, 0.2553674, 0.2559124, 0.25790074, 0.25854194, 0.2587465, 0.2609332, 0.26197764, 0.26493394, 0.26859042, 0.26964593, 0.2714165, 0.27287564, 0.2731087, 0.27456212, 0.27593318, 0.27731043, 0.27803314, 0.279164, 0.28207585, 0.28655654, 0.28700697, 0.29701224, 0.29779905, 0.29790917, 0.29794806, 0.29926857, 0.30194402, 0.30254507, 0.30413866, 0.30776578, 0.32096112, 0.33073217, 0.3440514, 0.34552363, 0.35444015, 0.37278748, 0.3977751, 0.41734365, 0.42873174]
用时： 0:00:15.973958
开始训练：第25 epoch
预训练的损失： []
训练完的损失： [0.097116336, 0.10630724, 0.13093185, 0.13220613, 0.13301298, 0.13535832, 0.13585423, 0.13910756, 0.14011587, 0.14079456, 0.141611, 0.14177147, 0.14434138, 0.14864816, 0.14866766, 0.15216453, 0.15532963, 0.1582132, 0.16203405, 0.16412449, 0.16444479, 0.16653012, 0.16862525, 0.16925469, 0.17703791, 0.18022886, 0.182045, 0.1841909, 0.18755083, 0.19144125, 0.19577461, 0.19678862, 0.19722112, 0.19854379, 0.19879493, 0.19949251, 0.20189232, 0.20455337, 0.2054984, 0.2076242, 0.209179, 0.20955136, 0.21002533, 0.21049109, 0.21447308, 0.22400458, 0.2259215, 0.22874624, 0.23036587, 0.23117411, 0.23254484, 0.23271382, 0.23477568, 0.2347902, 0.23506138, 0.2357878, 0.23784718, 0.24156731, 0.24242292, 0.24332643, 0.24383497, 0.24608822, 0.24653418, 0.24724987, 0.24875161, 0.24957976, 0.24994715, 0.2514836, 0.2544996, 0.25644878, 0.25677916, 0.26115364, 0.26120436, 0.26122698, 0.26244962, 0.2628833, 0.26540405, 0.26726514, 0.26882595, 0.2695956, 0.27561325, 0.2765175, 0.2848205, 0.28536707, 0.28593647, 0.2869359, 0.28701136, 0.29090506, 0.29187486, 0.29198298, 0.2930114, 0.30839282, 0.3195787, 0.33222488, 0.33289623, 0.34114227, 0.35925904, 0.38272232, 0.40257522, 0.4127388]
用时： 0:00:15.968945
开始训练：第26 epoch
预训练的损失： []
训练完的损失： [0.09185769, 0.10177159, 0.12355895, 0.12532197, 0.12716123, 0.12955654, 0.13020265, 0.13271087, 0.13410947, 0.13413893, 0.1351116, 0.13651013, 0.1374193, 0.14294857, 0.14307758, 0.14628446, 0.14836498, 0.15061337, 0.15442052, 0.15523206, 0.15716718, 0.16087863, 0.16141774, 0.16185081, 0.16872051, 0.17307296, 0.17406647, 0.17625988, 0.17977127, 0.18290883, 0.186495, 0.18707074, 0.1874522, 0.1878819, 0.18976265, 0.19207999, 0.19391206, 0.19448432, 0.19661823, 0.1995207, 0.19989973, 0.19994615, 0.20078819, 0.2025164, 0.20622578, 0.21230298, 0.21590228, 0.22118303, 0.22169583, 0.22179502, 0.22236888, 0.22259022, 0.22381577, 0.22480631, 0.225694, 0.22643977, 0.22773625, 0.23143749, 0.23247644, 0.23386945, 0.23461294, 0.23660786, 0.23704219, 0.23799995, 0.23855808, 0.2409334, 0.24144699, 0.24238887, 0.24438445, 0.24460158, 0.24475372, 0.24831097, 0.25010562, 0.25075054, 0.25157088, 0.252185, 0.2531499, 0.25356808, 0.2604969, 0.260767, 0.26505405, 0.26648286, 0.27202752, 0.27253368, 0.27468717, 0.27652842, 0.2766275, 0.27724096, 0.27878135, 0.28176662, 0.28410774, 0.29641002, 0.30863324, 0.32038715, 0.3210339, 0.32787037, 0.3463037, 0.36824176, 0.38810626, 0.39707202]
用时： 0:00:16.036601
开始训练：第27 epoch
预训练的损失： []
训练完的损失： [0.08701725, 0.09777867, 0.11697087, 0.1182615, 0.12235578, 0.12413794, 0.12490833, 0.12706965, 0.12721127, 0.12817313, 0.13060808, 0.1309431, 0.13180463, 0.13750876, 0.13773118, 0.14069197, 0.14188734, 0.14373957, 0.1469585, 0.14744863, 0.15043929, 0.15403676, 0.15524863, 0.15554827, 0.16104415, 0.16632035, 0.16666134, 0.16865604, 0.17227821, 0.17499326, 0.17750889, 0.17756413, 0.17759408, 0.17832722, 0.18121432, 0.18482101, 0.18518494, 0.18640044, 0.18813714, 0.19048433, 0.1906053, 0.1916908, 0.19171382, 0.19631702, 0.19843116, 0.20124674, 0.20662174, 0.2112495, 0.21257031, 0.21288548, 0.21318416, 0.21382113, 0.2150105, 0.21537843, 0.21561645, 0.21659413, 0.21996173, 0.22010984, 0.22310324, 0.22520575, 0.22601572, 0.22640315, 0.2273194, 0.22992754, 0.23139171, 0.23270854, 0.23300226, 0.23310383, 0.23352505, 0.23365231, 0.23472188, 0.23612404, 0.23918399, 0.23926312, 0.2398423, 0.24214832, 0.24263753, 0.24274796, 0.251751, 0.25312003, 0.2547772, 0.25707805, 0.25982776, 0.26064858, 0.26188233, 0.26395318, 0.26638302, 0.26761177, 0.26805323, 0.2719095, 0.27541783, 0.28483725, 0.29811043, 0.30867746, 0.3103123, 0.31500098, 0.33395416, 0.35457483, 0.3739426, 0.38206774]
用时： 0:00:16.057373
开始训练：第28 epoch
预训练的损失： []
训练完的损失： [0.082458094, 0.094129026, 0.11103043, 0.11185759, 0.117847875, 0.11914763, 0.12000126, 0.120690644, 0.122472554, 0.12277316, 0.12473515, 0.12657171, 0.1274196, 0.13232706, 0.13254587, 0.13532063, 0.13587554, 0.13753557, 0.13929354, 0.14115843, 0.14426826, 0.14676364, 0.1488777, 0.15059534, 0.15392219, 0.15969233, 0.15995872, 0.1612883, 0.16517863, 0.167864, 0.1678866, 0.16865194, 0.16912417, 0.16985832, 0.17318405, 0.17648791, 0.17803827, 0.17940795, 0.18015584, 0.1814918, 0.18159682, 0.18319719, 0.18402635, 0.19048698, 0.19077677, 0.19102804, 0.19774039, 0.20134296, 0.20307603, 0.20345782, 0.20453088, 0.2053935, 0.20559448, 0.20651004, 0.20771946, 0.20852499, 0.20943944, 0.2124659, 0.21418682, 0.21459681, 0.21761072, 0.21797734, 0.21951376, 0.22211404, 0.22212413, 0.22283337, 0.22442824, 0.2245215, 0.22468422, 0.22491777, 0.22516833, 0.2254758, 0.22721054, 0.22824453, 0.22883058, 0.23262832, 0.23290399, 0.2341878, 0.24322806, 0.2449183, 0.2458753, 0.24768248, 0.24809648, 0.24836683, 0.24967766, 0.25390345, 0.25655326, 0.25729984, 0.25915307, 0.26214468, 0.26682648, 0.27371237, 0.28799698, 0.29765123, 0.30030477, 0.3023652, 0.32208708, 0.3413149, 0.36019868, 0.36738646]
用时： 0:00:16.009708
开始训练：第29 epoch
预训练的损失： []
训练完的损失： [0.078346685, 0.09086572, 0.1056208, 0.10599941, 0.11356063, 0.1144111, 0.11481406, 0.11545968, 0.11813979, 0.118266106, 0.11895947, 0.12288703, 0.12333205, 0.12747099, 0.12757422, 0.13024952, 0.1303079, 0.13178298, 0.13205358, 0.13524832, 0.13847795, 0.13980274, 0.14284803, 0.14592515, 0.14742422, 0.15323155, 0.15406504, 0.15410198, 0.15831897, 0.15850338, 0.16015919, 0.16121213, 0.16132368, 0.16192853, 0.16549541, 0.16834441, 0.17159404, 0.17257681, 0.17278321, 0.1728448, 0.17311285, 0.1754558, 0.17667462, 0.18093915, 0.18407845, 0.18498957, 0.18925206, 0.19207235, 0.19321108, 0.194323, 0.1958194, 0.19697233, 0.1975474, 0.19810784, 0.19904502, 0.19908883, 0.2022671, 0.20444274, 0.20513979, 0.20589449, 0.20885037, 0.2094209, 0.21171105, 0.21282037, 0.21283042, 0.21370645, 0.21463321, 0.21527395, 0.2166867, 0.21683197, 0.21701898, 0.21703348, 0.21770972, 0.21771364, 0.21874309, 0.22347173, 0.22373332, 0.22596356, 0.2339938, 0.23500648, 0.2356173, 0.23703282, 0.23890376, 0.23934846, 0.23955002, 0.24436353, 0.24724907, 0.24781011, 0.25049624, 0.25267506, 0.25834942, 0.26291808, 0.27832806, 0.28743654, 0.29025298, 0.2907628, 0.31052288, 0.3285953, 0.3467637, 0.3533051]
用时： 0:00:16.006029
开始训练：第30 epoch
预训练的损失： []
训练完的损失： [0.07448466, 0.087961875, 0.10055813, 0.1006726, 0.10941114, 0.1095607, 0.10992597, 0.111335784, 0.113489844, 0.11382663, 0.11438086, 0.11931191, 0.11950968, 0.1227936, 0.12285057, 0.12499326, 0.1253048, 0.1255275, 0.12622443, 0.12974095, 0.13310026, 0.13311684, 0.1371525, 0.14134791, 0.14154996, 0.14717013, 0.14734103, 0.14855734, 0.14952163, 0.15185848, 0.15217225, 0.15363836, 0.15434885, 0.15524821, 0.15826724, 0.16094886, 0.16426958, 0.16525285, 0.16536179, 0.16565949, 0.16703443, 0.16829032, 0.16956057, 0.17181586, 0.1775026, 0.17972484, 0.18099341, 0.18317321, 0.18369965, 0.18553598, 0.18668555, 0.18926215, 0.18957037, 0.18976256, 0.19014542, 0.19041331, 0.19484438, 0.19615461, 0.19796512, 0.19806398, 0.20012794, 0.20154548, 0.20187356, 0.20323212, 0.20338881, 0.20386748, 0.20664588, 0.2075112, 0.20756021, 0.20813492, 0.20901531, 0.20921285, 0.20931983, 0.20989294, 0.2112078, 0.2146823, 0.21521795, 0.21803239, 0.22067684, 0.22632104, 0.22691067, 0.22712368, 0.22960374, 0.23145299, 0.23216695, 0.23554932, 0.2385102, 0.23904335, 0.24216919, 0.24338117, 0.24996684, 0.25247085, 0.26901162, 0.27770612, 0.27887544, 0.28160602, 0.29920918, 0.316288, 0.33389258, 0.33975014]
30/30 epochs...
Testing
Test set results:
iter: 1
开始时间： 2022-05-14 13:08:24
实体sim [[3.42907798 5.54369502 6.34147439 ... 5.46908488 5.06907099 6.74844899]
 [5.95339902 2.98510208 6.82742967 ... 6.15649905 5.88199774 6.42075986]
 [6.5869699  6.23373028 1.20353834 ... 6.53348298 6.07108675 7.7693063 ]
 ...
 [5.97742203 5.81880287 6.5127974  ... 0.61812725 5.18637281 7.37070711]
 [5.24823708 5.24160422 6.12785271 ... 4.94229579 1.94872546 6.53499691]
 [7.48796242 6.18584245 7.84857025 ... 7.59984408 6.72309285 1.18016004]]
关系sim [[32.73762423 30.69466851 28.95394122 ... 30.03227363 27.54626131
  32.2254108 ]
 [31.7912351  29.95488806 26.31532427 ... 27.90932886 30.77227818
  33.84409718]
 [34.52044772 31.36414879 29.86351317 ... 31.27631794 32.23468425
  36.64962295]
 ...
 [33.81096061 31.3934944  31.10973457 ... 31.93679407 29.55163515
  31.85504459]
 [32.47838825 31.61232321 28.60345446 ... 29.85056817 30.43658808
  32.92134783]
 [33.3691653  29.96376026 31.43977449 ... 30.98460103 30.58328691
  33.12289901]]
[[32.73762423 30.69466851 28.95394122 ... 30.03227363 27.54626131
  32.2254108 ]
 [31.7912351  29.95488806 26.31532427 ... 27.90932886 30.77227818
  33.84409718]
 [34.52044772 31.36414879 29.86351317 ... 31.27631794 32.23468425
  36.64962295]
 ...
 [33.81096061 31.3934944  31.10973457 ... 31.93679407 29.55163515
  31.85504459]
 [32.47838825 31.61232321 28.60345446 ... 29.85056817 30.43658808
  32.92134783]
 [33.3691653  29.96376026 31.43977449 ... 30.98460103 30.58328691
  33.12289901]]
Entity Alignment (left):
Hits@1: 78.07%
Hits@3: 84.90%
Hits@10: 89.55%
MRR: 0.8219
MR: 53.5841
Entity Alignment (right):
Hits@1: 76.61%
Hits@3: 84.22%
Hits@10: 89.57%
MRR: 0.8125
MR: 42.4878
结束时间： 2022-05-14 13:16:02
用时 0:07:37.876022
iter: 2
开始时间： 2022-05-14 13:16:02
实体sim [[3.42907798 5.54369502 6.34147439 ... 5.46908488 5.06907099 6.74844899]
 [5.95339902 2.98510208 6.82742967 ... 6.15649905 5.88199774 6.42075986]
 [6.5869699  6.23373028 1.20353834 ... 6.53348298 6.07108675 7.7693063 ]
 ...
 [5.97742203 5.81880287 6.5127974  ... 0.61812725 5.18637281 7.37070711]
 [5.24823708 5.24160422 6.12785271 ... 4.94229579 1.94872546 6.53499691]
 [7.48796242 6.18584245 7.84857025 ... 7.59984408 6.72309285 1.18016004]]
关系sim [[32.73762423 30.69466851 28.95394122 ... 30.03227363 27.54626131
  32.2254108 ]
 [31.7912351  29.95488806 26.31532427 ... 27.90932886 30.77227818
  33.84409718]
 [34.52044772 31.36414879 29.86351317 ... 31.27631794 32.23468425
  36.64962295]
 ...
 [33.81096061 31.3934944  31.10973457 ... 31.93679407 29.55163515
  31.85504459]
 [32.47838825 31.61232321 28.60345446 ... 29.85056817 30.43658808
  32.92134783]
 [33.3691653  29.96376026 31.43977449 ... 30.98460103 30.58328691
  33.12289901]]
[[32.73762423 30.69466851 28.95394122 ... 30.03227363 27.54626131
  32.2254108 ]
 [31.7912351  29.95488806 26.31532427 ... 27.90932886 30.77227818
  33.84409718]
 [34.52044772 31.36414879 29.86351317 ... 31.27631794 32.23468425
  36.64962295]
 ...
 [33.81096061 31.3934944  31.10973457 ... 31.93679407 29.55163515
  31.85504459]
 [32.47838825 31.61232321 28.60345446 ... 29.85056817 30.43658808
  32.92134783]
 [33.3691653  29.96376026 31.43977449 ... 30.98460103 30.58328691
  33.12289901]]
Entity Alignment (left):
Hits@1: 86.21%
Hits@3: 91.12%
Hits@10: 93.77%
MRR: 0.8899
MR: 49.0362
Entity Alignment (right):
Hits@1: 85.37%
Hits@3: 90.34%
Hits@10: 93.59%
MRR: 0.8833
MR: 35.0032
结束时间： 2022-05-14 13:23:39
用时 0:07:36.737852
开始时间： 2022-05-14 13:23:39
2022-05-14 13:23:39
[[3.42907798 5.54369502 6.34147439 ... 5.46908488 5.06907099 6.74844899]
 [5.95339902 2.98510208 6.82742967 ... 6.15649905 5.88199774 6.42075986]
 [6.5869699  6.23373028 1.20353834 ... 6.53348298 6.07108675 7.7693063 ]
 ...
 [5.97742203 5.81880287 6.5127974  ... 0.61812725 5.18637281 7.37070711]
 [5.24823708 5.24160422 6.12785271 ... 4.94229579 1.94872546 6.53499691]
 [7.48796242 6.18584245 7.84857025 ... 7.59984408 6.72309285 1.18016004]]
Relation Alignment (left):
Hits@1: 76.37%
Hits@10: 85.44%
Relation Alignment (right):
Hits@1: 72.40%
Hits@10: 82.42%
结束时间： 2022-05-14 13:27:11
用时 0:03:32.064824
用时： 0:20:23.321987
结束时间： 2022-05-14 13:27:12
用时 0:40:40.317216
结束时间： 2022-05-14 13:27:12
用时 0:41:37.069555
