2022-07-02 18:35:49
开始时间： 2022-07-02 18:35:49
正在执行DBP15k
加载数据文件：data/DBP15k/zh_en/ent_ids_1
加载数据文件：data/DBP15k/zh_en/ent_ids_2
38960
加载数据文件：data/DBP15k/zh_en/ref_ent_ids
加载数据文件：data/DBP15k/zh_en/ref_r_ids
加载数据文件：data/DBP15k/zh_en/triples_1
加载数据文件：data/DBP15k/zh_en/triples_2
建立模型：
开始时间： 2022-07-02 18:35:50
计算头尾实体对应关系的矩阵以及对应概率：
开始时间： 2022-07-02 18:35:50
结束时间： 2022-07-02 18:35:51
用时 0:00:01.279354
输入词向量，增加原始输入层：
开始时间： 2022-07-02 18:35:51
38960 rows, 300 columns.
结束时间： 2022-07-02 18:35:59
用时 0:00:08.350653
计算稀疏张量和对称归一化后的矩阵：
开始时间： 2022-07-02 18:36:00
获取反转图，邻接矩阵、度、丰富三元组：
开始时间： 2022-07-02 18:36:00
结束时间： 2022-07-02 18:36:00
用时 0:00:00.467675
计算三角：
开始时间： 2022-07-02 18:36:13
结束时间： 2022-07-02 18:36:14
用时 0:00:01.132217
计算三角：
开始时间： 2022-07-02 18:36:14
结束时间： 2022-07-02 18:36:15
用时 0:00:01.163064
M2 SparseTensor(indices=Tensor("SparseTensor_1/indices:0", shape=(259136, 2), dtype=int64), values=Tensor("SparseTensor_1/values:0", shape=(259136,), dtype=float32), dense_shape=Tensor("SparseTensor_1/dense_shape:0", shape=(2,), dtype=int64))
结束时间： 2022-07-02 18:36:15
用时 0:00:15.476195
KG structure embedding
增加MixHop层：
开始时间： 2022-07-02 18:36:15
<tf.Variable 'Variable_1:0' shape=(1, 300) dtype=float32_ref>
结束时间： 2022-07-02 18:36:15
用时 0:00:00.003893
实现SKNet：
开始时间： 2022-07-02 18:36:15
结束时间： 2022-07-02 18:36:15
用时 0:00:00.006347
增加MixHop层：
开始时间： 2022-07-02 18:36:15
<tf.Variable 'Variable_4:0' shape=(1, 300) dtype=float32_ref>
结束时间： 2022-07-02 18:36:15
用时 0:00:00.003828
实现SKNet：
开始时间： 2022-07-02 18:36:15
结束时间： 2022-07-02 18:36:15
用时 0:00:00.005880
shape of output_h:  (38960, 300)
compute pre-training loss
计算预训练损失函数：
开始时间： 2022-07-02 18:36:15
Tensor("strided_slice:0", shape=(?,), dtype=int32) Tensor("strided_slice_1:0", shape=(?,), dtype=int32)
Tensor("embedding_lookup/Identity:0", shape=(?, 300), dtype=float32) Tensor("embedding_lookup_1/Identity:0", shape=(?, 300), dtype=float32)
结束时间： 2022-07-02 18:36:15
用时 0:00:00.014476
输入词向量，增加原始输入层：
开始时间： 2022-07-02 18:36:15
3024 rows, 300 columns.
3024
(3024, 300)
计算关系的向量：
开始时间： 2022-07-02 18:36:22
结束时间： 2022-07-02 18:36:24
用时 0:00:02.790214
Tensor("Add_12:0", shape=(6048, 300), dtype=float32)
结束时间： 2022-07-02 18:36:24
用时 0:00:09.185520
计算关系损失函数：
开始时间： 2022-07-02 18:36:24
结束时间： 2022-07-02 18:36:24
用时 0:00:00.005837
