2022-07-02 19:44:59
开始时间： 2022-07-02 19:44:59
正在执行DBP15k
加载数据文件：data/DBP15k/zh_en/ent_ids_1
加载数据文件：data/DBP15k/zh_en/ent_ids_2
38960
加载数据文件：data/DBP15k/zh_en/ref_ent_ids
加载数据文件：data/DBP15k/zh_en/ref_r_ids
加载数据文件：data/DBP15k/zh_en/triples_1
加载数据文件：data/DBP15k/zh_en/triples_2
建立模型：
开始时间： 2022-07-02 19:45:00
计算头尾实体对应关系的矩阵以及对应概率：
开始时间： 2022-07-02 19:45:00
结束时间： 2022-07-02 19:45:01
用时 0:00:01.114496
输入词向量，增加原始输入层：
开始时间： 2022-07-02 19:45:01
38960 rows, 300 columns.
结束时间： 2022-07-02 19:45:09
用时 0:00:08.302504
计算稀疏张量和对称归一化后的矩阵：
开始时间： 2022-07-02 19:45:09
获取反转图，邻接矩阵、度、丰富三元组：
开始时间： 2022-07-02 19:45:09
结束时间： 2022-07-02 19:45:10
用时 0:00:00.403025
计算三角：
开始时间： 2022-07-02 19:45:22
结束时间： 2022-07-02 19:45:23
用时 0:00:01.090928
计算三角：
开始时间： 2022-07-02 19:45:23
结束时间： 2022-07-02 19:45:24
用时 0:00:01.094604
M2 SparseTensor(indices=Tensor("SparseTensor_1/indices:0", shape=(259136, 2), dtype=int64), values=Tensor("SparseTensor_1/values:0", shape=(259136,), dtype=float32), dense_shape=Tensor("SparseTensor_1/dense_shape:0", shape=(2,), dtype=int64))
结束时间： 2022-07-02 19:45:24
用时 0:00:15.072808
KG structure embedding
增加MixHop层：
开始时间： 2022-07-02 19:45:24
<tf.Variable 'Variable_1:0' shape=(1, 300) dtype=float32_ref>
结束时间： 2022-07-02 19:45:24
用时 0:00:00.003367
实现SKNet：
开始时间： 2022-07-02 19:45:24
结束时间： 2022-07-02 19:45:25
用时 0:00:00.006029
增加MixHop层：
开始时间： 2022-07-02 19:45:25
<tf.Variable 'Variable_4:0' shape=(1, 300) dtype=float32_ref>
结束时间： 2022-07-02 19:45:25
用时 0:00:00.003695
实现SKNet：
开始时间： 2022-07-02 19:45:25
结束时间： 2022-07-02 19:45:25
用时 0:00:00.005540
shape of output_h:  (38960, 300)
compute pre-training loss
计算预训练损失函数：
开始时间： 2022-07-02 19:45:25
Tensor("strided_slice:0", shape=(?,), dtype=int32) Tensor("strided_slice_1:0", shape=(?,), dtype=int32)
Tensor("embedding_lookup/Identity:0", shape=(?, 300), dtype=float32) Tensor("embedding_lookup_1/Identity:0", shape=(?, 300), dtype=float32)
结束时间： 2022-07-02 19:45:25
用时 0:00:00.014815
输入词向量，增加原始输入层：
开始时间： 2022-07-02 19:45:25
3024 rows, 300 columns.
3024
(3024, 300)
计算关系的向量：
开始时间： 2022-07-02 19:45:31
结束时间： 2022-07-02 19:45:34
用时 0:00:02.717349
Tensor("Add_12:0", shape=(6048, 300), dtype=float32)
结束时间： 2022-07-02 19:45:34
用时 0:00:09.101677
计算关系损失函数：
开始时间： 2022-07-02 19:45:34
结束时间： 2022-07-02 19:45:34
用时 0:00:00.005470
结束时间： 2022-07-02 19:45:34
用时 0:00:33.878762
初始化：
开始时间： 2022-07-02 19:45:34
开始运行：
开始训练：第1 epoch
数据准备：
负采样：
开始时间： 2022-07-02 19:51:07
结束时间： 2022-07-02 19:53:06
用时 0:01:59.485245
负采样：
开始时间： 2022-07-02 19:53:06
结束时间： 2022-07-02 19:55:06
用时 0:01:59.177250
