2022-05-22 19:58:06
开始时间： 2022-05-22 19:58:06
正在执行DBP15k
加载数据文件：data/DBP15k/zh_en/ent_ids_1
加载数据文件：data/DBP15k/zh_en/ent_ids_2
38960
加载数据文件：data/DBP15k/zh_en/ref_ent_ids
加载数据文件：data/DBP15k/zh_en/ref_r_ids
加载数据文件：data/DBP15k/zh_en/triples_1
加载数据文件：data/DBP15k/zh_en/triples_2
建立模型：
开始时间： 2022-05-22 19:58:07
计算头尾实体对应关系的矩阵以及对应概率：
开始时间： 2022-05-22 19:58:07
结束时间： 2022-05-22 19:58:08
用时 0:00:00.960160
输入词向量，增加原始输入层：
开始时间： 2022-05-22 19:58:08
38960 rows, 300 columns.
结束时间： 2022-05-22 19:58:18
用时 0:00:09.988780
计算稀疏张量和对称归一化后的矩阵：
开始时间： 2022-05-22 19:58:18
获取反转图，邻接矩阵、度、丰富三元组：
开始时间： 2022-05-22 19:58:18
结束时间： 2022-05-22 19:58:18
用时 0:00:00.396441
计算三角：
开始时间： 2022-05-22 19:58:43
结束时间： 2022-05-22 19:58:44
用时 0:00:01.152960
计算三角：
开始时间： 2022-05-22 19:58:44
结束时间： 2022-05-22 19:58:45
用时 0:00:01.122418
M2 SparseTensor(indices=Tensor("SparseTensor_1/indices:0", shape=(259136, 2), dtype=int64), values=Tensor("SparseTensor_1/values:0", shape=(259136,), dtype=float32), dense_shape=Tensor("SparseTensor_1/dense_shape:0", shape=(2,), dtype=int64))
结束时间： 2022-05-22 19:58:45
用时 0:00:26.756199
KG structure embedding
增加GCN层：
开始时间： 2022-05-22 19:58:46
<tf.Variable 'Variable_1:0' shape=(1, 300) dtype=float32_ref>
结束时间： 2022-05-22 19:58:46
用时 0:00:00.004588
实现SKNet：
开始时间： 2022-05-22 19:58:46
结束时间： 2022-05-22 19:58:46
用时 0:00:00.006280
增加GCN层：
开始时间： 2022-05-22 19:58:46
<tf.Variable 'Variable_4:0' shape=(1, 300) dtype=float32_ref>
结束时间： 2022-05-22 19:58:46
用时 0:00:00.002011
实现SKNet：
开始时间： 2022-05-22 19:58:46
结束时间： 2022-05-22 19:58:46
用时 0:00:00.005714
shape of output_h:  (38960, 300)
计算关系的向量：
开始时间： 2022-05-22 19:58:46
结束时间： 2022-05-22 19:58:52
用时 0:00:05.558593
compute pre-training loss
计算预训练损失函数：
开始时间： 2022-05-22 19:58:52
Tensor("strided_slice:0", shape=(?,), dtype=int32) Tensor("strided_slice_1:0", shape=(?,), dtype=int32)
Tensor("embedding_lookup/Identity:0", shape=(?, 300), dtype=float32) Tensor("embedding_lookup_1/Identity:0", shape=(?, 300), dtype=float32)
结束时间： 2022-05-22 19:58:52
用时 0:00:00.014258
计算关系损失函数：
开始时间： 2022-05-22 19:58:52
结束时间： 2022-05-22 19:58:52
用时 0:00:00.004980
结束时间： 2022-05-22 19:58:52
用时 0:00:45.091286
初始化：
开始时间： 2022-05-22 19:58:53
开始运行：
开始训练：第1 epoch
数据准备：
负采样：
开始时间： 2022-05-22 20:05:32
结束时间： 2022-05-22 20:06:49
用时 0:01:17.197785
负采样：
开始时间： 2022-05-22 20:06:49
结束时间： 2022-05-22 20:08:00
用时 0:01:10.867851
预训练的损失： [0.39620697, 0.42204148, 0.4490655, 0.4495319, 0.4532314, 0.45547742, 0.46131745, 0.4654755, 0.47440165, 0.483583, 0.5095981, 0.51434296, 0.52582824, 0.53746885, 0.54964185, 0.5512812, 0.57283807, 0.5743004, 0.5777184, 0.5787991, 0.5844112, 0.58562315, 0.5909776, 0.59146607, 0.60679907, 0.607005, 0.6099567, 0.61121714, 0.61545736, 0.6204009, 0.6237775, 0.6274843, 0.63003516, 0.6322515, 0.63234687, 0.6323844, 0.63622737, 0.6381537, 0.64033544, 0.6421841, 0.6432034, 0.64370453, 0.649251, 0.6505151, 0.65328145, 0.6667204, 0.6703529, 0.6707969, 0.67675734, 0.68374646, 0.6920943, 0.7018738, 0.7024586, 0.7063743, 0.70770824, 0.7089417, 0.71161133, 0.71514904, 0.72148764, 0.7253649, 0.72704995, 0.72720313, 0.732895, 0.73404145, 0.7387575, 0.7456667, 0.75111353, 0.7514254, 0.75214183, 0.7581258, 0.75834286, 0.75853276, 0.7608566, 0.761324, 0.763316, 0.7736914, 0.7793262, 0.78904235, 0.7901287, 0.80405855, 0.80941784, 0.80947757, 0.8125832, 0.8192649, 0.824769, 0.8291879, 0.8394499, 0.8647202, 0.86685824, 0.8763215, 0.8824128, 0.88435423, 0.8970298, 0.9090611, 0.91720665, 0.91946554, 0.9427725, 0.94285834, 0.97999513, 1.0222541]
训练完的损失： []
1/60 epochs...
用时： 0:04:23.723310
开始训练：第2 epoch
预训练的损失： [0.37694344, 0.4018653, 0.42741394, 0.43178958, 0.43410528, 0.43624485, 0.43713862, 0.44437158, 0.45271882, 0.45979145, 0.48971412, 0.4968229, 0.5053973, 0.5169281, 0.5286924, 0.53104377, 0.54691815, 0.55431014, 0.55584145, 0.55607235, 0.5561621, 0.5615895, 0.5644051, 0.56625277, 0.5822096, 0.58282244, 0.5828804, 0.5894624, 0.5909536, 0.59668195, 0.6012873, 0.60374725, 0.6038798, 0.60508895, 0.60699284, 0.6090045, 0.61066246, 0.6113925, 0.61197054, 0.6141138, 0.61953616, 0.62023944, 0.62073314, 0.62261444, 0.62903273, 0.6387172, 0.645658, 0.64790046, 0.65155476, 0.65962255, 0.66165936, 0.67092544, 0.676674, 0.68196076, 0.68304366, 0.6832567, 0.6847861, 0.6874776, 0.69645476, 0.6975442, 0.6984134, 0.6988552, 0.70130396, 0.70453244, 0.7079975, 0.7172419, 0.72350764, 0.7249454, 0.7252139, 0.72794366, 0.7306144, 0.73074114, 0.73470116, 0.736125, 0.7372006, 0.744079, 0.7456518, 0.75321805, 0.76372015, 0.77982235, 0.78012085, 0.7825584, 0.78494257, 0.78913057, 0.79079235, 0.79350716, 0.8047831, 0.82912165, 0.8377237, 0.8428293, 0.85126, 0.8527918, 0.8599783, 0.8695725, 0.8840283, 0.8902118, 0.90830505, 0.91034824, 0.9448199, 0.979175]
训练完的损失： []
用时： 0:00:03.191472
开始训练：第3 epoch
预训练的损失： [0.35744268, 0.38087583, 0.4066381, 0.412753, 0.4136775, 0.414191, 0.41649395, 0.4234481, 0.43198, 0.4369583, 0.4695254, 0.4779572, 0.4830517, 0.49468368, 0.5062398, 0.5101806, 0.5207464, 0.5286834, 0.53208685, 0.5326288, 0.5334565, 0.5352069, 0.5411732, 0.5414087, 0.5555055, 0.5592958, 0.5594356, 0.56446874, 0.57044244, 0.5727172, 0.57742655, 0.5777106, 0.5789614, 0.5797528, 0.5822073, 0.5835825, 0.5836, 0.5853516, 0.5856267, 0.58652246, 0.59082484, 0.5956994, 0.5957091, 0.5978799, 0.6061863, 0.6116111, 0.6198909, 0.6245966, 0.6268789, 0.62721807, 0.63825095, 0.6408538, 0.64910614, 0.65268564, 0.65697277, 0.6580105, 0.65937054, 0.6599013, 0.6658282, 0.66721594, 0.66803014, 0.6717708, 0.6737813, 0.67521095, 0.6811713, 0.6876491, 0.6897626, 0.6955856, 0.6975193, 0.7011218, 0.7029612, 0.70327795, 0.70941615, 0.7098454, 0.71114016, 0.7124992, 0.71316373, 0.71841234, 0.73503995, 0.74894524, 0.75314355, 0.7544724, 0.75507045, 0.75728476, 0.75913084, 0.7593125, 0.7712724, 0.7947825, 0.80756927, 0.81037235, 0.81730235, 0.82213485, 0.8234234, 0.8308686, 0.8491707, 0.8579607, 0.8714468, 0.87680435, 0.90813637, 0.9380107]
训练完的损失： []
用时： 0:00:03.197603
开始训练：第4 epoch
预训练的损失： [0.33805108, 0.36023453, 0.38669556, 0.38939446, 0.39365637, 0.39563876, 0.39695048, 0.40308362, 0.41207385, 0.41486084, 0.44967917, 0.45885292, 0.4604088, 0.47251838, 0.4836093, 0.48953536, 0.49490198, 0.50230044, 0.5052067, 0.5108697, 0.5112845, 0.51398766, 0.51625746, 0.5183729, 0.5309211, 0.5367209, 0.5367978, 0.54010665, 0.54895866, 0.54949784, 0.5517596, 0.5539448, 0.553967, 0.556129, 0.5561757, 0.55718374, 0.5576899, 0.558226, 0.5592666, 0.56324565, 0.5648234, 0.5698551, 0.5709641, 0.5743482, 0.584406, 0.5857243, 0.5946418, 0.59553313, 0.60159564, 0.60274386, 0.61180747, 0.6141774, 0.62136793, 0.6243273, 0.62832975, 0.63038754, 0.6318277, 0.63413036, 0.63678765, 0.6387112, 0.63898313, 0.64597607, 0.64619064, 0.6488817, 0.6543528, 0.6548342, 0.65847945, 0.66657776, 0.6700057, 0.6717349, 0.6756816, 0.67866457, 0.680784, 0.681751, 0.6832374, 0.6844212, 0.6846775, 0.685038, 0.70557976, 0.7176276, 0.7237667, 0.7242454, 0.72537553, 0.72593856, 0.72698295, 0.7288768, 0.738994, 0.7618532, 0.7775384, 0.77871394, 0.78369486, 0.78784883, 0.791417, 0.79354954, 0.81328297, 0.825117, 0.83466864, 0.8433035, 0.8717293, 0.89864105]
训练完的损失： []
用时： 0:00:03.199839
开始训练：第5 epoch
预训练的损失： [0.31913114, 0.34030518, 0.36704782, 0.36765927, 0.37344766, 0.37788814, 0.37801766, 0.38349718, 0.39332485, 0.39352715, 0.43055776, 0.43801534, 0.44024116, 0.45092458, 0.46164873, 0.46943825, 0.4695155, 0.4772317, 0.47903016, 0.48973078, 0.49061614, 0.49167025, 0.4926471, 0.49559772, 0.5081786, 0.51488316, 0.51495194, 0.5163405, 0.5256299, 0.5269276, 0.5288335, 0.529644, 0.52993697, 0.5305121, 0.53071964, 0.5317287, 0.53345454, 0.53355587, 0.53504354, 0.5365016, 0.5437741, 0.5451182, 0.54657185, 0.5510439, 0.56068885, 0.56360555, 0.56488717, 0.5704103, 0.5792459, 0.579257, 0.58371943, 0.59041774, 0.59437555, 0.5969417, 0.5992172, 0.5993476, 0.6043469, 0.6095849, 0.6105335, 0.6112419, 0.6140399, 0.61822313, 0.6213105, 0.6215768, 0.6241739, 0.62785, 0.6305383, 0.63756186, 0.64287543, 0.64306134, 0.649038, 0.6496653, 0.65126294, 0.65157783, 0.65466857, 0.6574625, 0.6583228, 0.6608802, 0.67620635, 0.68684405, 0.69339013, 0.69378954, 0.6938633, 0.6948954, 0.69501454, 0.7035681, 0.70796883, 0.7299937, 0.7476102, 0.74789983, 0.75076103, 0.7534381, 0.7577465, 0.76101255, 0.7776387, 0.792859, 0.7987903, 0.81013155, 0.8360013, 0.8610172]
训练完的损失： []
用时： 0:00:03.201529
开始训练：第6 epoch
预训练的损失： [0.30066407, 0.32127792, 0.34567982, 0.34914687, 0.35366464, 0.35962963, 0.36046326, 0.36482495, 0.3731944, 0.3754285, 0.41204786, 0.41616088, 0.42218807, 0.4300276, 0.44042468, 0.44508654, 0.44995663, 0.4536503, 0.45419407, 0.46766213, 0.46864069, 0.4713967, 0.47152203, 0.4736184, 0.4868533, 0.49321508, 0.4937073, 0.4938414, 0.5028041, 0.5031291, 0.5040878, 0.5043478, 0.5073925, 0.5075336, 0.5083748, 0.50848347, 0.508938, 0.5107368, 0.5116948, 0.5125903, 0.52149737, 0.52271366, 0.523272, 0.5283439, 0.53515404, 0.5365534, 0.543679, 0.5468863, 0.556505, 0.55654573, 0.5576545, 0.56707764, 0.56810546, 0.5682966, 0.5706073, 0.5712924, 0.579098, 0.58273196, 0.58475995, 0.5857645, 0.5890722, 0.591149, 0.5919434, 0.5982932, 0.5997287, 0.6017121, 0.60406566, 0.6089873, 0.61526126, 0.61606574, 0.61954993, 0.6195921, 0.62256926, 0.6231128, 0.63128585, 0.6321442, 0.63238525, 0.6371665, 0.6471976, 0.6568887, 0.6626283, 0.66296124, 0.6630037, 0.66341674, 0.6669369, 0.6781868, 0.6787597, 0.699002, 0.7171701, 0.7187391, 0.7189331, 0.72003096, 0.72321594, 0.73130465, 0.74277353, 0.7613534, 0.7638506, 0.7773596, 0.80129373, 0.82501066]
训练完的损失： []
用时： 0:00:03.200859
开始训练：第7 epoch
预训练的损失： [0.2829317, 0.3029968, 0.32537442, 0.33112794, 0.3344291, 0.34198055, 0.34356114, 0.3466997, 0.3539773, 0.3584143, 0.39409947, 0.39487916, 0.40463573, 0.40984976, 0.4200446, 0.42171317, 0.4305994, 0.4311123, 0.4312665, 0.44422907, 0.44804376, 0.45063645, 0.4523348, 0.45303005, 0.4666282, 0.47077328, 0.47324544, 0.47347295, 0.47928363, 0.479577, 0.48029494, 0.48077118, 0.484041, 0.48443532, 0.4857161, 0.4859485, 0.48705357, 0.48983216, 0.49076945, 0.49103448, 0.49900314, 0.49948913, 0.503429, 0.5063523, 0.506425, 0.5132334, 0.5238509, 0.52436924, 0.53021395, 0.53440034, 0.53704566, 0.5383353, 0.5429665, 0.5443063, 0.5443157, 0.54505897, 0.5549034, 0.5557043, 0.55808043, 0.5592866, 0.562536, 0.56481785, 0.57061386, 0.5757265, 0.5760182, 0.57619214, 0.57922673, 0.58105254, 0.5884529, 0.58902466, 0.5896916, 0.5904117, 0.5944655, 0.5977099, 0.60688937, 0.60714126, 0.6086092, 0.61399496, 0.61902523, 0.6277113, 0.63250333, 0.63295424, 0.6330066, 0.6330631, 0.63960946, 0.6499711, 0.6543417, 0.6686909, 0.68733394, 0.6875043, 0.68780726, 0.6899327, 0.69057745, 0.70218766, 0.70836437, 0.7301841, 0.7308451, 0.7449735, 0.7676885, 0.7904084]
训练完的损失： []
用时： 0:00:03.202588
开始训练：第8 epoch
预训练的损失： [0.26573455, 0.2857859, 0.30627984, 0.3136, 0.31583947, 0.3248394, 0.3270095, 0.3292917, 0.33584708, 0.34228346, 0.37436515, 0.37679595, 0.38757217, 0.39026463, 0.3993376, 0.40048045, 0.4081418, 0.41004574, 0.41285685, 0.4214913, 0.42788598, 0.4301348, 0.4317273, 0.43532205, 0.44750863, 0.44906098, 0.4533354, 0.453643, 0.4551531, 0.45606846, 0.4584099, 0.459288, 0.46036083, 0.46160161, 0.46236086, 0.46561587, 0.46663684, 0.46945083, 0.47139728, 0.47172004, 0.47715205, 0.4775574, 0.47883528, 0.48416394, 0.4850718, 0.4907739, 0.5013553, 0.50491774, 0.50574553, 0.5101551, 0.51287425, 0.5172765, 0.5183464, 0.5184214, 0.5204795, 0.52223223, 0.52829766, 0.52942824, 0.53190565, 0.5343047, 0.5394567, 0.540076, 0.54976034, 0.5515065, 0.5522782, 0.5539155, 0.55460835, 0.5558565, 0.5597038, 0.56233716, 0.56263655, 0.56383157, 0.56737304, 0.5729537, 0.5821016, 0.58256185, 0.5866307, 0.59116566, 0.5916375, 0.5993586, 0.6030829, 0.6034075, 0.6038796, 0.6041357, 0.6130382, 0.6227907, 0.6304993, 0.6391307, 0.6560365, 0.6578865, 0.65797687, 0.6580103, 0.66303796, 0.6736074, 0.6745951, 0.6977969, 0.70120335, 0.7133355, 0.7349644, 0.75714]
训练完的损失： []
用时： 0:00:03.201746
开始训练：第9 epoch
预训练的损失： [0.24924818, 0.26962736, 0.28808266, 0.29679728, 0.29803362, 0.30827436, 0.3110416, 0.31221312, 0.31861484, 0.32682478, 0.3547703, 0.36014384, 0.3709452, 0.37113214, 0.37809253, 0.38155252, 0.386608, 0.39006558, 0.39488828, 0.39960885, 0.4081615, 0.4103191, 0.4119097, 0.4181429, 0.4282216, 0.4290944, 0.43217337, 0.4333617, 0.43392327, 0.43435, 0.43752104, 0.4376502, 0.4384761, 0.43856955, 0.44123483, 0.4463209, 0.44679463, 0.44862217, 0.45245326, 0.4526028, 0.45439005, 0.45577514, 0.4573025, 0.4644493, 0.46558833, 0.46906853, 0.4799254, 0.48063505, 0.4829472, 0.48756522, 0.49185818, 0.49327135, 0.49459565, 0.49678752, 0.4984026, 0.49977577, 0.50088567, 0.5040233, 0.5098078, 0.510088, 0.5149478, 0.51838964, 0.52760637, 0.527818, 0.52941376, 0.5294391, 0.5318257, 0.53375155, 0.5340983, 0.5351002, 0.53783506, 0.53850365, 0.54142874, 0.54882294, 0.55804855, 0.55844855, 0.5650159, 0.5652206, 0.5686723, 0.57189155, 0.5743788, 0.574571, 0.5759403, 0.57646024, 0.586928, 0.5965746, 0.6070311, 0.61030066, 0.62561387, 0.6271207, 0.6290574, 0.6294491, 0.63627744, 0.6415426, 0.64577687, 0.66670394, 0.6725446, 0.68273425, 0.70322394, 0.7251806]
训练完的损失： []
用时： 0:00:03.190099
开始训练：第10 epoch
预训练的损失： [0.23341168, 0.25458705, 0.27085832, 0.28047055, 0.2811752, 0.2919942, 0.29582855, 0.29600132, 0.30246294, 0.31202242, 0.3361917, 0.344291, 0.35267502, 0.35474536, 0.35805392, 0.36333257, 0.36604035, 0.37094626, 0.37740532, 0.37865385, 0.38897377, 0.3914478, 0.39275676, 0.40156573, 0.408077, 0.41002148, 0.41129208, 0.41191015, 0.4151578, 0.41567498, 0.41590145, 0.41626927, 0.41739112, 0.41826928, 0.42100328, 0.42759687, 0.42768553, 0.42805532, 0.42837602, 0.43461406, 0.43539992, 0.43774432, 0.43819246, 0.44459873, 0.44776088, 0.4480526, 0.45687765, 0.45740062, 0.45902514, 0.4689626, 0.469939, 0.471339, 0.4715339, 0.4727732, 0.4741956, 0.47948667, 0.48018676, 0.48022157, 0.4865458, 0.4888445, 0.49155807, 0.49721512, 0.5025844, 0.50463486, 0.5053556, 0.5072457, 0.50894344, 0.50970113, 0.51266825, 0.5136751, 0.51381254, 0.5143545, 0.51673985, 0.5252307, 0.5345676, 0.534866, 0.53928185, 0.5445855, 0.5455946, 0.5462259, 0.54670006, 0.54694283, 0.5495865, 0.54995537, 0.56146455, 0.5710416, 0.5825573, 0.5841137, 0.5962601, 0.5972936, 0.6004275, 0.6017987, 0.609012, 0.61025417, 0.61866164, 0.63698125, 0.64475614, 0.6527975, 0.6726416, 0.6943748]
训练完的损失： []
10/60 epochs...
用时： 0:00:03.192492
开始训练：第11 epoch
预训练的损失： [0.21835631, 0.24056435, 0.25432858, 0.26481658, 0.26542282, 0.2762002, 0.28044754, 0.28120676, 0.28738832, 0.29809806, 0.31878752, 0.3292141, 0.33495283, 0.33899066, 0.339054, 0.34599018, 0.3465156, 0.352772, 0.35888213, 0.36048314, 0.37043142, 0.37316704, 0.37431446, 0.38547063, 0.38871157, 0.38913476, 0.3912844, 0.3939633, 0.3948499, 0.39493778, 0.39701152, 0.3974722, 0.39810225, 0.39884484, 0.40159488, 0.4040637, 0.40861762, 0.4092431, 0.4107014, 0.41590834, 0.4172762, 0.42011982, 0.4215737, 0.42527676, 0.42769963, 0.43056118, 0.4318536, 0.43519014, 0.43906784, 0.44534647, 0.44724447, 0.4487521, 0.45157045, 0.45252362, 0.45298082, 0.4557541, 0.46010077, 0.4628132, 0.46384484, 0.46877182, 0.46915436, 0.47647104, 0.47816288, 0.4798967, 0.4825204, 0.48351967, 0.4855886, 0.48972565, 0.49028918, 0.49033147, 0.49253964, 0.4932016, 0.49519095, 0.50229174, 0.51182055, 0.51201916, 0.51481014, 0.51862454, 0.5206548, 0.52078223, 0.5244682, 0.5244783, 0.5246383, 0.52524513, 0.53657085, 0.5464658, 0.5559456, 0.5615125, 0.5679959, 0.5686884, 0.57227993, 0.5749768, 0.57751036, 0.5848016, 0.5925249, 0.6085663, 0.6180247, 0.6235825, 0.64303726, 0.6647058]
训练完的损失： []
用时： 0:00:03.191295
开始训练：第12 epoch
预训练的损失： [0.20414951, 0.2274786, 0.23836976, 0.24961409, 0.25048938, 0.26086426, 0.26581427, 0.26699638, 0.27325267, 0.2847684, 0.30231774, 0.31470913, 0.3180365, 0.3210394, 0.3236521, 0.32804906, 0.3294855, 0.335486, 0.34000605, 0.343961, 0.35267028, 0.355497, 0.3564567, 0.3680418, 0.36979663, 0.37120017, 0.3720464, 0.3740803, 0.3747654, 0.3771426, 0.37954265, 0.3796004, 0.37980798, 0.38012913, 0.3814097, 0.3828749, 0.3894739, 0.39133537, 0.3940175, 0.39709046, 0.4006173, 0.40286595, 0.40604317, 0.40662634, 0.40788794, 0.40802234, 0.4137628, 0.41401243, 0.4196804, 0.42260903, 0.42325848, 0.4267894, 0.431935, 0.4322526, 0.43291548, 0.43632805, 0.4404605, 0.44191593, 0.4459681, 0.44765323, 0.44970304, 0.4544832, 0.45553845, 0.45622432, 0.4591337, 0.46124816, 0.4647634, 0.466142, 0.46759748, 0.47071636, 0.47129947, 0.47325748, 0.47660565, 0.48006168, 0.48953533, 0.49043, 0.49124756, 0.4918521, 0.49576592, 0.49677688, 0.50012165, 0.5008748, 0.504369, 0.50507885, 0.5123527, 0.5226422, 0.53054345, 0.5393561, 0.5406321, 0.541419, 0.5447697, 0.5468681, 0.5488823, 0.56016076, 0.5674368, 0.58155847, 0.5921164, 0.5953663, 0.6147028, 0.6361515]
训练完的损失： []
用时： 0:00:03.190093
开始训练：第13 epoch
预训练的损失： [0.19076118, 0.2155375, 0.22294077, 0.23495477, 0.23621556, 0.246196, 0.25223947, 0.2532414, 0.25991428, 0.27191776, 0.28683037, 0.30093977, 0.30184704, 0.30374467, 0.30868575, 0.31060976, 0.3138032, 0.3189689, 0.32226503, 0.32784396, 0.33557355, 0.33840707, 0.3393054, 0.3483264, 0.3536943, 0.35407254, 0.3541283, 0.35445032, 0.35532877, 0.35978773, 0.36071298, 0.3617506, 0.36212003, 0.3627174, 0.3627632, 0.36461914, 0.37097427, 0.37409735, 0.37782985, 0.37897876, 0.38446566, 0.38501865, 0.3863714, 0.38855743, 0.38897339, 0.39104092, 0.39319098, 0.39816248, 0.40065843, 0.40077257, 0.40097773, 0.40530625, 0.41077876, 0.41240555, 0.4134035, 0.4201581, 0.42066526, 0.4213045, 0.42722815, 0.4296088, 0.4312341, 0.4320442, 0.43216348, 0.43558323, 0.43639106, 0.4407055, 0.44319782, 0.44439662, 0.44564974, 0.44937667, 0.4527734, 0.4548546, 0.45835066, 0.4586938, 0.465818, 0.4680389, 0.4687904, 0.46966824, 0.47186083, 0.47403914, 0.47693193, 0.4783236, 0.4841376, 0.48609963, 0.4888739, 0.49978673, 0.5064972, 0.514156, 0.515337, 0.5176739, 0.51779073, 0.5177978, 0.52377325, 0.5361923, 0.5430069, 0.55553937, 0.56730413, 0.56814015, 0.5874596, 0.6086178]
训练完的损失： []
用时： 0:00:03.190503
开始训练：第14 epoch
预训练的损失： [0.17853911, 0.20467982, 0.20805624, 0.22089769, 0.22256038, 0.23204136, 0.23981616, 0.23995614, 0.24719504, 0.25958586, 0.27254546, 0.28629768, 0.28720456, 0.28785062, 0.29411018, 0.29415944, 0.2989422, 0.30341336, 0.3057064, 0.3120242, 0.3194306, 0.32178134, 0.32266468, 0.32954663, 0.33492744, 0.3363613, 0.33690834, 0.33775043, 0.3395273, 0.33971494, 0.3445394, 0.34466767, 0.34505528, 0.34617054, 0.34627536, 0.34711552, 0.35315293, 0.3575095, 0.36144477, 0.3622192, 0.3637724, 0.3689029, 0.3703635, 0.37049267, 0.37109536, 0.3734812, 0.37668556, 0.3791715, 0.3796575, 0.3826992, 0.3828361, 0.3844564, 0.38958016, 0.39382496, 0.39531896, 0.40000722, 0.40247405, 0.4043085, 0.4076451, 0.40972733, 0.4102816, 0.41330102, 0.4134234, 0.41352195, 0.41702253, 0.4208231, 0.4209448, 0.42456302, 0.42472667, 0.42910677, 0.43445328, 0.43726358, 0.43757743, 0.44083345, 0.44132602, 0.447182, 0.4472336, 0.44920015, 0.4496961, 0.45229134, 0.45476335, 0.45677274, 0.46429586, 0.465814, 0.4677139, 0.47761407, 0.4835614, 0.488604, 0.48963493, 0.49048775, 0.4915911, 0.4965956, 0.49928778, 0.5128807, 0.5195276, 0.53084517, 0.54199886, 0.54352045, 0.56118417, 0.58226603]
训练完的损失： []
用时： 0:00:03.191014
开始训练：第15 epoch
预训练的损失： [0.16741389, 0.19368947, 0.19480851, 0.2075221, 0.20961198, 0.21854648, 0.22722906, 0.22838406, 0.2351268, 0.24780463, 0.25931025, 0.2714355, 0.27150148, 0.2754189, 0.27885807, 0.27984893, 0.284803, 0.28859416, 0.29012665, 0.29667696, 0.303917, 0.3056983, 0.30644512, 0.3117206, 0.3165114, 0.31932947, 0.32020605, 0.320956, 0.32222772, 0.32484642, 0.32808617, 0.3287179, 0.32906842, 0.3300906, 0.33024853, 0.33045346, 0.33605534, 0.34161133, 0.34400412, 0.34424305, 0.34690472, 0.3525942, 0.3538528, 0.35415655, 0.35451347, 0.3547854, 0.3586018, 0.35945725, 0.36290035, 0.36430997, 0.36507058, 0.3681691, 0.3695706, 0.3760565, 0.3779536, 0.38003498, 0.38372234, 0.3883815, 0.38891166, 0.3889165, 0.38935295, 0.39185447, 0.3962335, 0.39793438, 0.39814574, 0.39908212, 0.40197402, 0.40426064, 0.4057806, 0.4099459, 0.41652048, 0.41666114, 0.4173198, 0.42056367, 0.42446503, 0.42670715, 0.42716533, 0.4275528, 0.43059206, 0.43158394, 0.43396378, 0.43622553, 0.44357312, 0.44498652, 0.44981253, 0.4562766, 0.46191636, 0.46273488, 0.46388662, 0.46612477, 0.46679497, 0.475797, 0.47583959, 0.4901504, 0.49677408, 0.5072095, 0.51681817, 0.520834, 0.5360564, 0.55707616]
训练完的损失： []
用时： 0:00:03.190673
开始训练：第16 epoch
预训练的损失： [0.1571983, 0.17982976, 0.18573731, 0.19479115, 0.19736809, 0.20578334, 0.21514103, 0.21797282, 0.2234412, 0.23644271, 0.24685434, 0.25662342, 0.25738043, 0.2635745, 0.26461947, 0.26618558, 0.2713716, 0.2744429, 0.27548122, 0.28150105, 0.28891623, 0.2900108, 0.29065162, 0.29507643, 0.29885164, 0.30266464, 0.30367845, 0.30473387, 0.30732548, 0.31050402, 0.31209627, 0.31321883, 0.31377465, 0.31390926, 0.31503686, 0.3150754, 0.31968814, 0.3259521, 0.32612205, 0.32762665, 0.33221826, 0.33546132, 0.33613813, 0.33778107, 0.3390755, 0.33941564, 0.33959335, 0.34028083, 0.34494984, 0.34788415, 0.34969208, 0.3504663, 0.3538062, 0.3591218, 0.36067086, 0.3613087, 0.3652385, 0.3680315, 0.36949182, 0.3711812, 0.37124735, 0.3739693, 0.37792546, 0.3796056, 0.37970975, 0.38276732, 0.38375434, 0.38483542, 0.38768548, 0.3916732, 0.39391565, 0.3980733, 0.39902264, 0.40483648, 0.4067074, 0.4070838, 0.40788716, 0.40824872, 0.4118891, 0.4123628, 0.41429764, 0.41656542, 0.4220822, 0.42603427, 0.43254763, 0.43540394, 0.43701828, 0.44008377, 0.4410845, 0.44148314, 0.44380122, 0.4534022, 0.4554255, 0.46788877, 0.47502762, 0.4845097, 0.49282283, 0.49902672, 0.5117254, 0.5330584]
训练完的损失： []
用时： 0:00:03.203220
开始训练：第17 epoch
预训练的损失： [0.14793338, 0.16670305, 0.17736706, 0.18274984, 0.18567589, 0.19343536, 0.20341316, 0.20838566, 0.21255225, 0.22557133, 0.23520379, 0.24279317, 0.24378806, 0.2513889, 0.25221235, 0.2527977, 0.2586532, 0.2610563, 0.26172101, 0.2667726, 0.2745112, 0.27480254, 0.27527314, 0.2794258, 0.28226194, 0.28680748, 0.28732908, 0.29016113, 0.2929511, 0.2965423, 0.29688913, 0.29804194, 0.29841784, 0.29907954, 0.30008805, 0.3004598, 0.30413163, 0.30901203, 0.31128308, 0.3114677, 0.31796443, 0.31845203, 0.31876987, 0.32041305, 0.3219396, 0.3220176, 0.3247991, 0.32556593, 0.32630864, 0.33124748, 0.33236146, 0.33699125, 0.34001893, 0.3419224, 0.34267378, 0.345311, 0.34720272, 0.3484828, 0.3504629, 0.35144523, 0.35445988, 0.35738483, 0.3595582, 0.36186016, 0.3633262, 0.366027, 0.36619237, 0.36779007, 0.37044978, 0.37231863, 0.37435815, 0.37998313, 0.38193196, 0.38669398, 0.38823816, 0.38927823, 0.38967907, 0.39258584, 0.39322436, 0.39509395, 0.3956671, 0.39777815, 0.40115362, 0.4075762, 0.41243964, 0.4154722, 0.41572893, 0.4172547, 0.4176646, 0.4210489, 0.42184377, 0.43229997, 0.43546012, 0.44618377, 0.45408, 0.46268556, 0.46945852, 0.47806615, 0.4882446, 0.51045144]
训练完的损失： []
用时： 0:00:03.201785
开始训练：第18 epoch
预训练的损失： [0.1394883, 0.15410346, 0.16967332, 0.1712848, 0.17475796, 0.1816585, 0.19213589, 0.19941765, 0.20216712, 0.21507126, 0.2240946, 0.2300037, 0.23098552, 0.23907723, 0.23992714, 0.24130833, 0.24656203, 0.24834672, 0.24875438, 0.25241363, 0.25990844, 0.26031572, 0.26071757, 0.26485297, 0.2667209, 0.27176782, 0.27182433, 0.27624422, 0.27921122, 0.2822106, 0.2829824, 0.2831759, 0.28452188, 0.28484964, 0.28547305, 0.28639457, 0.28937048, 0.29336983, 0.2958197, 0.29690182, 0.3014413, 0.3026467, 0.3026473, 0.30424714, 0.3047332, 0.30684656, 0.30862716, 0.31040126, 0.3122212, 0.3150376, 0.31529015, 0.32408023, 0.32493573, 0.32652193, 0.32697362, 0.3294682, 0.32989746, 0.33004433, 0.33220732, 0.33237928, 0.33760774, 0.33884758, 0.34446892, 0.34555525, 0.34759706, 0.3480569, 0.3494041, 0.35171402, 0.3532834, 0.35374004, 0.3580371, 0.36290425, 0.3654689, 0.36780804, 0.37010926, 0.3713097, 0.374924, 0.3755514, 0.37733948, 0.37798476, 0.37850928, 0.37962252, 0.38097066, 0.3891569, 0.38930362, 0.39494163, 0.39551032, 0.39610094, 0.39966002, 0.40070924, 0.40174085, 0.41239035, 0.41585433, 0.42489016, 0.43411595, 0.4417055, 0.44699728, 0.45772386, 0.46584642, 0.48904538]
训练完的损失： []
用时： 0:00:03.204610
开始训练：第19 epoch
预训练的损失： [0.1317607, 0.14222692, 0.16057894, 0.16250117, 0.16469115, 0.17043689, 0.18145123, 0.19096018, 0.19246069, 0.20508716, 0.21371071, 0.21806182, 0.21871814, 0.22743842, 0.2274597, 0.23082733, 0.23505405, 0.23618695, 0.23650187, 0.23834598, 0.24550958, 0.24581328, 0.24759458, 0.25121266, 0.2519766, 0.25707483, 0.25744933, 0.26289657, 0.2661988, 0.2680432, 0.26908064, 0.2696945, 0.27100787, 0.2712351, 0.2714546, 0.27286822, 0.27541316, 0.27876747, 0.28074604, 0.2831044, 0.28504843, 0.28565925, 0.2870988, 0.2882802, 0.29129863, 0.2918387, 0.29225424, 0.29639298, 0.29854694, 0.29924327, 0.29967985, 0.30686343, 0.3117866, 0.31204098, 0.31231713, 0.31329346, 0.31345856, 0.31364554, 0.31510657, 0.31537908, 0.31869906, 0.3240571, 0.3277017, 0.33101338, 0.332083, 0.3321384, 0.33218035, 0.3333827, 0.3375734, 0.33902454, 0.34242892, 0.34663588, 0.34953398, 0.34961712, 0.352801, 0.3541978, 0.35880917, 0.36084777, 0.3609146, 0.36140043, 0.36210805, 0.36251533, 0.3625906, 0.36708957, 0.3715551, 0.3732292, 0.37495226, 0.3774811, 0.3802936, 0.3831783, 0.38442641, 0.39350992, 0.39665562, 0.40411258, 0.41480654, 0.42169026, 0.42515004, 0.43819752, 0.44459295, 0.46871337]
训练完的损失： []
用时： 0:00:03.204302
开始训练：第20 epoch
预训练的损失： [0.12481101, 0.13118699, 0.15063569, 0.15526995, 0.15595187, 0.15984103, 0.17126682, 0.1831269, 0.18334049, 0.19537032, 0.20396666, 0.20692235, 0.20697418, 0.21538901, 0.21677968, 0.2207022, 0.22406086, 0.22469904, 0.22469942, 0.22507866, 0.23144129, 0.23151681, 0.23508647, 0.23825237, 0.23855779, 0.24307732, 0.2438558, 0.25027937, 0.25375783, 0.2545784, 0.25579846, 0.2568583, 0.2572548, 0.25779414, 0.25916868, 0.25979286, 0.26207536, 0.2649785, 0.26626548, 0.2692898, 0.269309, 0.2697286, 0.27222034, 0.27279246, 0.27586338, 0.27818745, 0.27892736, 0.28261328, 0.2829114, 0.28469366, 0.28657997, 0.29049784, 0.2951736, 0.29568288, 0.2957018, 0.2972366, 0.2987716, 0.30062512, 0.3008272, 0.30132997, 0.30220157, 0.310021, 0.31142265, 0.313955, 0.3149221, 0.31696066, 0.31794268, 0.31906027, 0.3219432, 0.32531917, 0.32761616, 0.33108947, 0.33224297, 0.334342, 0.33648002, 0.3376571, 0.34273842, 0.34276906, 0.3447315, 0.34527522, 0.34604678, 0.3471192, 0.34726357, 0.3481913, 0.35254437, 0.35419217, 0.3554214, 0.3596648, 0.36066166, 0.3652755, 0.3699159, 0.37565246, 0.37815517, 0.38384393, 0.39627212, 0.40248513, 0.4040736, 0.41947526, 0.42412347, 0.4493937]
训练完的损失： []
20/60 epochs...
用时： 0:00:03.201749
开始训练：第21 epoch
预训练的损失： [0.11849189, 0.12100337, 0.14140946, 0.1466425, 0.1499218, 0.14997846, 0.16146234, 0.17485008, 0.17581783, 0.18610796, 0.19473815, 0.1957691, 0.1964351, 0.20369495, 0.20677474, 0.21107388, 0.21154493, 0.21351546, 0.21368545, 0.21439385, 0.21781278, 0.21789357, 0.22317082, 0.22541896, 0.22656175, 0.22975159, 0.23094273, 0.23826073, 0.24191189, 0.2420074, 0.24320342, 0.24366151, 0.24437255, 0.24515906, 0.24730536, 0.24759337, 0.2494128, 0.2522436, 0.2525083, 0.25391632, 0.25433224, 0.2568806, 0.25801402, 0.25834823, 0.26089868, 0.26472202, 0.267259, 0.26798725, 0.2690885, 0.2703437, 0.27443895, 0.27508476, 0.27844408, 0.27912748, 0.2798401, 0.2831167, 0.2833342, 0.28338432, 0.28775698, 0.28856364, 0.29149008, 0.2959364, 0.29672825, 0.29688358, 0.29978037, 0.3023002, 0.30314967, 0.3066304, 0.3068438, 0.31158406, 0.31344074, 0.31549895, 0.31611457, 0.31960565, 0.3210733, 0.32181048, 0.32489094, 0.32600614, 0.32737005, 0.3290217, 0.32915407, 0.3325082, 0.33285406, 0.3338219, 0.33422118, 0.33712023, 0.33738092, 0.34177238, 0.34242874, 0.34818164, 0.35629264, 0.358595, 0.36028695, 0.36416125, 0.37843826, 0.38372543, 0.38432428, 0.40203518, 0.4045427, 0.43115342]
训练完的损失： []
用时： 0:00:03.203130
开始训练：第22 epoch
预训练的损失： [0.11188966, 0.112854525, 0.13269871, 0.1387226, 0.14078087, 0.14424747, 0.15219796, 0.16673857, 0.16907433, 0.17732424, 0.18517342, 0.1859073, 0.1866439, 0.19255933, 0.19753927, 0.19897258, 0.20205441, 0.20326403, 0.20345569, 0.20439453, 0.20460352, 0.20462704, 0.21186441, 0.21360438, 0.21546414, 0.21727404, 0.21885118, 0.22694133, 0.22999853, 0.23024753, 0.23073894, 0.2312589, 0.23248523, 0.23316215, 0.23512748, 0.23671363, 0.23729682, 0.23944086, 0.23963131, 0.23983926, 0.24001151, 0.24459577, 0.24464998, 0.24499014, 0.24680707, 0.2517734, 0.2536699, 0.25592107, 0.2560263, 0.2566152, 0.26024416, 0.26206768, 0.2626521, 0.26383922, 0.26465678, 0.2668653, 0.26893783, 0.26970565, 0.27477667, 0.27666056, 0.280801, 0.2809077, 0.2812537, 0.28410274, 0.28572065, 0.28788707, 0.28902268, 0.29216295, 0.29439247, 0.29842934, 0.29938915, 0.29985356, 0.30194172, 0.305588, 0.30622348, 0.30652457, 0.30698526, 0.30788475, 0.3127443, 0.31336927, 0.31413916, 0.3144158, 0.31836632, 0.31975532, 0.32080233, 0.3208918, 0.32093817, 0.32347786, 0.32588422, 0.33187115, 0.34247756, 0.3430335, 0.3434531, 0.34502822, 0.36115348, 0.36403018, 0.36712825, 0.38534772, 0.38551092, 0.41367364]
训练完的损失： []
用时： 0:00:03.210538
开始训练：第23 epoch
预训练的损失： [0.1036108, 0.10777475, 0.124471754, 0.13131227, 0.13218008, 0.13888262, 0.14341131, 0.1591936, 0.16274792, 0.1688741, 0.1753088, 0.17744246, 0.1775901, 0.18193571, 0.186963, 0.1889432, 0.19205019, 0.19213103, 0.19341913, 0.19357851, 0.19392848, 0.19494566, 0.2011336, 0.20255835, 0.20488274, 0.20574886, 0.20739472, 0.2163652, 0.21731335, 0.21868283, 0.22002107, 0.22002694, 0.22099303, 0.22188416, 0.22358975, 0.22571066, 0.2258015, 0.22613046, 0.2262913, 0.22772741, 0.22844312, 0.2319803, 0.23251453, 0.2328063, 0.2336615, 0.23953384, 0.24007821, 0.24322838, 0.24344829, 0.24525417, 0.24599619, 0.24630721, 0.24929923, 0.2503106, 0.25130904, 0.25131622, 0.25560665, 0.25699827, 0.26238614, 0.265219, 0.26585343, 0.2665478, 0.2714019, 0.27201965, 0.27275655, 0.27402174, 0.27535868, 0.2779407, 0.2825889, 0.28395075, 0.28542697, 0.28686064, 0.28838056, 0.28908437, 0.29166913, 0.29181087, 0.29205748, 0.29239765, 0.2968589, 0.29810208, 0.29881454, 0.29977566, 0.30345353, 0.30474156, 0.305184, 0.3061308, 0.30796328, 0.3084705, 0.30982018, 0.31613392, 0.32665718, 0.32669383, 0.32721126, 0.33128056, 0.34489632, 0.34489673, 0.3508651, 0.36737543, 0.36937577, 0.39723772]
训练完的损失： []
用时： 0:00:03.201507
开始训练：第24 epoch
预训练的损失： [0.09627862, 0.103243545, 0.11686039, 0.124261744, 0.12453474, 0.13387209, 0.13502783, 0.15198664, 0.15689571, 0.16078898, 0.16609612, 0.16901436, 0.16939652, 0.1717274, 0.17577489, 0.1802469, 0.18047985, 0.18097252, 0.1842504, 0.18487188, 0.18517786, 0.18584684, 0.19112623, 0.19220525, 0.1948486, 0.19514129, 0.19650441, 0.2047118, 0.20642096, 0.20825449, 0.20935819, 0.209825, 0.21005678, 0.21115643, 0.21256687, 0.21274677, 0.21314389, 0.21486157, 0.21647233, 0.21685587, 0.2173606, 0.22002324, 0.22103536, 0.22143793, 0.22146444, 0.22721541, 0.2278061, 0.23104006, 0.23105766, 0.23148552, 0.23249528, 0.23493269, 0.23553967, 0.23627359, 0.23665202, 0.24032083, 0.24319106, 0.24489665, 0.25041363, 0.2517123, 0.25289065, 0.25417703, 0.260546, 0.2606939, 0.26085347, 0.26185578, 0.26234174, 0.2642485, 0.26914456, 0.27118933, 0.27217916, 0.27281097, 0.27455568, 0.2754966, 0.2762776, 0.27784705, 0.27907062, 0.27944258, 0.28030396, 0.2833097, 0.28552222, 0.2861659, 0.28836945, 0.28959894, 0.28964847, 0.29184857, 0.2945134, 0.2955523, 0.29644, 0.30128658, 0.30923957, 0.31101835, 0.31287596, 0.3198195, 0.32638752, 0.32913536, 0.33571893, 0.34983206, 0.35415083, 0.38152555]
训练完的损失： []
用时： 0:00:03.204811
开始训练：第25 epoch
预训练的损失： [0.089638226, 0.09910668, 0.109938525, 0.11692558, 0.1182567, 0.12733063, 0.12905389, 0.14527386, 0.15136173, 0.15301502, 0.15749899, 0.16108984, 0.16153258, 0.16231012, 0.16528895, 0.16914952, 0.16946451, 0.17351265, 0.17549683, 0.17628565, 0.17726165, 0.177309, 0.18191335, 0.1828167, 0.18522358, 0.18541992, 0.18601422, 0.192456, 0.19701096, 0.19845071, 0.19909912, 0.19957593, 0.19998166, 0.20054388, 0.2007789, 0.20101628, 0.20205928, 0.20436594, 0.20686206, 0.20698148, 0.20699385, 0.20883007, 0.21000984, 0.2102628, 0.21035269, 0.21489461, 0.21664423, 0.2174839, 0.21936911, 0.21967494, 0.2196876, 0.22229648, 0.22236678, 0.22375941, 0.22496574, 0.22983581, 0.2318678, 0.23360792, 0.23835054, 0.2390675, 0.23990548, 0.2436611, 0.24817681, 0.24922007, 0.24940059, 0.24982348, 0.25086987, 0.2526173, 0.2550391, 0.2560295, 0.2600997, 0.26041186, 0.2615326, 0.26269034, 0.2632154, 0.26446682, 0.2644846, 0.26656398, 0.2672856, 0.2689896, 0.272878, 0.27325293, 0.27392882, 0.2741314, 0.27481586, 0.279486, 0.27987745, 0.28364864, 0.28494856, 0.287098, 0.29257694, 0.29635644, 0.29933697, 0.3085566, 0.30891532, 0.31394652, 0.32145122, 0.333095, 0.3398309, 0.36651576]
训练完的损失： []
用时： 0:00:03.202269
开始训练：第26 epoch
预训练的损失： [0.08351074, 0.0953172, 0.10351327, 0.110205024, 0.1125295, 0.120112516, 0.124460444, 0.1388646, 0.14555895, 0.146202, 0.14950591, 0.15334553, 0.15361872, 0.15407506, 0.15546714, 0.15888566, 0.15921012, 0.1665706, 0.16729058, 0.16816466, 0.16917795, 0.16972739, 0.17317374, 0.17399624, 0.17589617, 0.17604935, 0.17640066, 0.18074477, 0.18822846, 0.18915215, 0.18925917, 0.18940382, 0.18941657, 0.18956918, 0.19058529, 0.19146872, 0.19194347, 0.19427267, 0.19723211, 0.1976997, 0.19803673, 0.19834982, 0.19956346, 0.19976822, 0.20025384, 0.2033412, 0.20423567, 0.20602196, 0.20750338, 0.20820715, 0.20902428, 0.20921037, 0.21001941, 0.21159081, 0.21548222, 0.21975537, 0.22134581, 0.22305965, 0.22575101, 0.2276362, 0.2283023, 0.23340675, 0.23599815, 0.23783842, 0.23798549, 0.23855221, 0.23862766, 0.24072626, 0.24188021, 0.24360894, 0.24755308, 0.24861044, 0.24936761, 0.24950716, 0.25139868, 0.25157216, 0.25171772, 0.25463018, 0.25511473, 0.25569558, 0.2592057, 0.260522, 0.26084235, 0.26084656, 0.26116112, 0.26593205, 0.2678067, 0.27214873, 0.2738144, 0.27384216, 0.27668378, 0.28247303, 0.2863971, 0.29131484, 0.29850674, 0.2993676, 0.30833125, 0.3170372, 0.32624164, 0.35206223]
训练完的损失： []
用时： 0:00:03.201532
开始训练：第27 epoch
预训练的损失： [0.07811078, 0.09190495, 0.09773859, 0.1040404, 0.107273795, 0.11342094, 0.120130084, 0.13273291, 0.13845903, 0.14131683, 0.14209948, 0.14502332, 0.14644806, 0.14677705, 0.14688186, 0.14938408, 0.14974009, 0.15951431, 0.1600576, 0.16043033, 0.16151778, 0.16252026, 0.16506034, 0.16569468, 0.16636121, 0.16762802, 0.16781636, 0.16979663, 0.17808807, 0.1786989, 0.17989519, 0.18008189, 0.1802198, 0.18088666, 0.18178885, 0.18221746, 0.18246998, 0.18476187, 0.1878983, 0.18854952, 0.18917671, 0.1894607, 0.18949771, 0.18976676, 0.1909771, 0.1919016, 0.19247118, 0.19578642, 0.19620341, 0.19667536, 0.19763978, 0.19833499, 0.19934992, 0.20009488, 0.20642766, 0.20997152, 0.21164511, 0.2133733, 0.21385649, 0.21611619, 0.21794215, 0.22373745, 0.2244491, 0.22546235, 0.22636044, 0.22644608, 0.2282033, 0.22848396, 0.22942576, 0.23418275, 0.23490763, 0.2352868, 0.23704332, 0.23905787, 0.23918724, 0.24067618, 0.24090153, 0.24182825, 0.24319002, 0.24466679, 0.24507421, 0.24694604, 0.24822511, 0.24932644, 0.24980222, 0.25269353, 0.2567706, 0.26096195, 0.26138055, 0.26149842, 0.2631614, 0.26926255, 0.27410504, 0.27509218, 0.285384, 0.28845632, 0.29597607, 0.30175096, 0.31345963, 0.33825332]
训练完的损失： []
用时： 0:00:03.202660
开始训练：第28 epoch
预训练的损失： [0.07332349, 0.08879213, 0.092466176, 0.098288715, 0.10240744, 0.10718243, 0.11597268, 0.12698147, 0.1318245, 0.135129, 0.13681224, 0.13734657, 0.13830918, 0.1400252, 0.14030313, 0.1407502, 0.14103314, 0.15233944, 0.1531466, 0.15404454, 0.15439716, 0.15556411, 0.15731084, 0.15752673, 0.15790546, 0.15951401, 0.15973976, 0.15978318, 0.16770993, 0.16898224, 0.1710676, 0.17159213, 0.17206684, 0.17286828, 0.17287832, 0.17357218, 0.1740117, 0.17580792, 0.179317, 0.17952617, 0.17961796, 0.18025467, 0.18085484, 0.18120061, 0.18136062, 0.1822127, 0.18226117, 0.18527313, 0.18547668, 0.18599927, 0.18723209, 0.18755966, 0.18917619, 0.19026521, 0.19780684, 0.20062834, 0.20272595, 0.20274293, 0.20420454, 0.20522282, 0.208092, 0.21284992, 0.21343519, 0.21350643, 0.21451399, 0.21558487, 0.21780919, 0.21802287, 0.21897104, 0.22153431, 0.2217581, 0.2259224, 0.22636946, 0.22743231, 0.22901341, 0.22916466, 0.23032415, 0.23067683, 0.2315245, 0.23229122, 0.23398662, 0.23414774, 0.23629811, 0.23852949, 0.23895745, 0.24019215, 0.24630126, 0.24722408, 0.24990407, 0.25011092, 0.25299636, 0.25681332, 0.25951862, 0.26251373, 0.2719754, 0.27886492, 0.2842947, 0.28719088, 0.30155998, 0.32504869]
训练完的损失： []
用时： 0:00:03.205115
开始训练：第29 epoch
预训练的损失： [0.069013834, 0.08594817, 0.08767888, 0.09302856, 0.09788352, 0.101363525, 0.111997455, 0.1215477, 0.12555157, 0.12864137, 0.13006058, 0.13093093, 0.13256533, 0.13291627, 0.13325076, 0.13362561, 0.13421366, 0.14570999, 0.14621426, 0.147789, 0.1484413, 0.14870417, 0.14898464, 0.15009749, 0.15046674, 0.15064484, 0.15211931, 0.15252206, 0.1578807, 0.16014571, 0.162677, 0.16344637, 0.16390997, 0.1646856, 0.16540843, 0.16582459, 0.16610157, 0.1672836, 0.16947696, 0.17025697, 0.17096117, 0.17132019, 0.17252469, 0.17261767, 0.17369571, 0.17381325, 0.17412362, 0.17477214, 0.17548081, 0.1767107, 0.17682025, 0.17793007, 0.17892016, 0.18176344, 0.18966822, 0.19163647, 0.19230121, 0.19445449, 0.1948064, 0.19564556, 0.19879742, 0.20031339, 0.20224415, 0.20299771, 0.20520285, 0.20581666, 0.20701107, 0.20825782, 0.20883803, 0.20959519, 0.2100071, 0.21514773, 0.21608236, 0.21680418, 0.21812126, 0.21876934, 0.21978807, 0.22050372, 0.22096835, 0.22174823, 0.22184812, 0.22407913, 0.22509378, 0.2283577, 0.22842242, 0.22867629, 0.23361114, 0.23653935, 0.23904455, 0.2396485, 0.24311084, 0.24478444, 0.24529025, 0.2514383, 0.2593834, 0.26963225, 0.27321512, 0.2732882, 0.2901895, 0.31245375]
训练完的损失： []
用时： 0:00:03.206554
开始训练：第30 epoch
预训练的损失： [0.065218054, 0.08332838, 0.08339846, 0.08813307, 0.09382621, 0.09591939, 0.10817203, 0.11631179, 0.11955985, 0.12262839, 0.123341724, 0.12406999, 0.1258905, 0.12626217, 0.1276117, 0.12851492, 0.12852044, 0.13960171, 0.13970801, 0.14057428, 0.14125231, 0.14151993, 0.14274609, 0.1430958, 0.14380273, 0.14396311, 0.14490953, 0.1457847, 0.14875698, 0.15190606, 0.15470159, 0.1553769, 0.15551068, 0.15761694, 0.15842447, 0.15860566, 0.1586736, 0.15920183, 0.15921764, 0.16132315, 0.16293272, 0.16342781, 0.16406316, 0.16502893, 0.1651808, 0.16602267, 0.16629425, 0.16654399, 0.16674213, 0.16687405, 0.16792107, 0.16876109, 0.16913743, 0.17369837, 0.18181828, 0.18254259, 0.18302235, 0.18517257, 0.18673651, 0.18771729, 0.18837827, 0.19010818, 0.19169746, 0.19312936, 0.19518082, 0.19677623, 0.19680351, 0.19734901, 0.19843842, 0.19885185, 0.2014519, 0.20485108, 0.20508412, 0.20533338, 0.20684028, 0.21013284, 0.21017466, 0.21080351, 0.21107335, 0.2117222, 0.21184364, 0.21444559, 0.21451867, 0.21722388, 0.21879381, 0.21897987, 0.22089526, 0.22736168, 0.22882402, 0.22947711, 0.23087715, 0.23346543, 0.23448876, 0.24096923, 0.2474362, 0.26013237, 0.2606894, 0.2627672, 0.27955848, 0.30051666]
训练完的损失： []
30/60 epochs...
用时： 0:00:03.203604
开始训练：第31 epoch
预训练的损失： [0.061825525, 0.07942277, 0.08086097, 0.08355734, 0.090066314, 0.090956055, 0.104521684, 0.11148384, 0.11398752, 0.117009684, 0.11702502, 0.11782631, 0.119402364, 0.11988952, 0.12195658, 0.12317325, 0.12465802, 0.13293427, 0.13320138, 0.1336952, 0.13388321, 0.1356659, 0.1369029, 0.13738623, 0.13790548, 0.13798289, 0.13818723, 0.13959812, 0.14030991, 0.14455552, 0.14718099, 0.14719534, 0.14802548, 0.14989704, 0.15100342, 0.15158036, 0.15161034, 0.15184826, 0.15196037, 0.1529371, 0.15500715, 0.15529904, 0.15626086, 0.1569026, 0.15711388, 0.15755883, 0.15830086, 0.15923433, 0.15931839, 0.15968509, 0.1597105, 0.16015494, 0.16021252, 0.16611192, 0.17349648, 0.1744169, 0.17491728, 0.17613474, 0.17729107, 0.1795735, 0.1803036, 0.18173923, 0.1818389, 0.18393907, 0.18526655, 0.18578371, 0.18716407, 0.18773511, 0.18946327, 0.18977252, 0.19347656, 0.19410425, 0.19483644, 0.19489825, 0.19556515, 0.19902384, 0.20213498, 0.20227303, 0.20238684, 0.20251232, 0.20304507, 0.2043487, 0.20534337, 0.2066581, 0.20885982, 0.20969017, 0.20974395, 0.21770842, 0.21873137, 0.21932493, 0.21972844, 0.22426274, 0.22446397, 0.23105708, 0.23608977, 0.24777547, 0.25218734, 0.25286716, 0.2696463, 0.2891184]
训练完的损失： []
用时： 0:00:03.200487
开始训练：第32 epoch
预训练的损失： [0.058862753, 0.075837776, 0.07858406, 0.0794055, 0.08638137, 0.08661866, 0.1010506, 0.106925085, 0.10870241, 0.11115135, 0.111960635, 0.11198029, 0.11350982, 0.11406754, 0.116735175, 0.118159935, 0.12096391, 0.12568432, 0.12597345, 0.12804791, 0.12858662, 0.1301251, 0.13135573, 0.13141629, 0.13188276, 0.13219303, 0.13252893, 0.13313654, 0.13378315, 0.13778411, 0.13932636, 0.14014974, 0.14096451, 0.14111304, 0.14444225, 0.14479074, 0.14505517, 0.14507166, 0.14562728, 0.14597747, 0.14722204, 0.14804769, 0.14807671, 0.14827578, 0.14883626, 0.15069884, 0.15090689, 0.15191151, 0.15207972, 0.1522166, 0.1525152, 0.15262875, 0.15396444, 0.15895817, 0.16496849, 0.16696167, 0.16722232, 0.16736329, 0.16774905, 0.17230752, 0.17275703, 0.17326614, 0.17410822, 0.17444208, 0.17530489, 0.17691562, 0.17770739, 0.17822033, 0.18105942, 0.18195122, 0.18376133, 0.1847919, 0.1850036, 0.18551299, 0.18586433, 0.18862185, 0.19298775, 0.19354284, 0.19426942, 0.1947864, 0.19488648, 0.1951192, 0.1967287, 0.19681732, 0.19751869, 0.20091403, 0.20122546, 0.20522799, 0.21029966, 0.21041857, 0.21057503, 0.2150057, 0.2153881, 0.22178665, 0.22545163, 0.23611024, 0.24349076, 0.24391186, 0.26006275, 0.2782751]
训练完的损失： []
用时： 0:00:03.219885
开始训练：第33 epoch
预训练的损失： [0.056293927, 0.072557494, 0.075533256, 0.07646456, 0.08212858, 0.083440006, 0.097775824, 0.10257963, 0.103787765, 0.10598828, 0.10653172, 0.10721902, 0.10810456, 0.10880196, 0.11189738, 0.113459304, 0.11750141, 0.11896615, 0.119374484, 0.122728616, 0.123587966, 0.12490979, 0.12541237, 0.12563929, 0.12590784, 0.12626734, 0.12682799, 0.12843233, 0.12854305, 0.13168442, 0.13191284, 0.13310692, 0.13351285, 0.13414656, 0.13769004, 0.13770822, 0.13898541, 0.13899717, 0.13980949, 0.1399828, 0.14020693, 0.14036673, 0.14045307, 0.14067855, 0.14122753, 0.14245412, 0.1446054, 0.14462233, 0.1448749, 0.14595166, 0.14611837, 0.14638719, 0.14813027, 0.1522378, 0.15699847, 0.15719359, 0.15994245, 0.1602678, 0.16031145, 0.16333641, 0.16443639, 0.16641508, 0.16676827, 0.16677544, 0.16741681, 0.16827998, 0.16845563, 0.16983768, 0.17283319, 0.17400914, 0.17485663, 0.17504957, 0.17516404, 0.17646337, 0.17871591, 0.17873347, 0.18414834, 0.18539983, 0.18574753, 0.18649945, 0.18684158, 0.1871307, 0.18760043, 0.18812376, 0.18867262, 0.19255115, 0.19319978, 0.19358158, 0.2014176, 0.20173258, 0.20293382, 0.20624551, 0.20696333, 0.21305317, 0.21546862, 0.22520347, 0.23469025, 0.23589349, 0.25108886, 0.2680289]
训练完的损失： []
用时： 0:00:03.204898
开始训练：第34 epoch
预训练的损失： [0.05401984, 0.06962283, 0.07210205, 0.07447046, 0.078240424, 0.08054006, 0.094671264, 0.0984945, 0.09919119, 0.10121431, 0.10161863, 0.10285413, 0.10324243, 0.10393973, 0.10743112, 0.10905922, 0.112663314, 0.113460466, 0.11418238, 0.11774575, 0.11885812, 0.118885025, 0.11997019, 0.12020585, 0.120239556, 0.12146231, 0.12181444, 0.12345363, 0.12415834, 0.12480144, 0.12557998, 0.1260146, 0.12727553, 0.12774979, 0.13088064, 0.13144128, 0.1326356, 0.1329675, 0.13320014, 0.13334776, 0.13343062, 0.13351025, 0.13442561, 0.13447829, 0.13463683, 0.13521509, 0.13764213, 0.13805361, 0.13885571, 0.13968027, 0.14007698, 0.14107165, 0.14258966, 0.14578542, 0.14819488, 0.14954382, 0.15272644, 0.15372115, 0.15375617, 0.1550569, 0.1551992, 0.15940532, 0.159822, 0.15995115, 0.16045676, 0.16047552, 0.16059989, 0.16193321, 0.16493258, 0.16497803, 0.16574562, 0.16610062, 0.1679129, 0.16818951, 0.16941226, 0.17190905, 0.17587957, 0.1769029, 0.1772144, 0.17754893, 0.17895533, 0.17914891, 0.17973895, 0.18104273, 0.18138601, 0.18259448, 0.18463758, 0.18553576, 0.19278893, 0.19356006, 0.19579358, 0.19808708, 0.1989167, 0.20482635, 0.20618924, 0.21527286, 0.22638395, 0.22823903, 0.24269965, 0.25825286]
训练完的损失： []
用时： 0:00:03.201240
开始训练：第35 epoch
预训练的损失： [0.052024998, 0.06700063, 0.06896602, 0.07258353, 0.0747849, 0.07789165, 0.09165556, 0.09470421, 0.094919845, 0.09676665, 0.0970891, 0.09865311, 0.09875864, 0.09951361, 0.10334079, 0.10494256, 0.106870726, 0.1079212, 0.110934526, 0.112772815, 0.11312409, 0.114512324, 0.11489476, 0.11517265, 0.11527514, 0.11698639, 0.11714704, 0.118085995, 0.11868632, 0.11881255, 0.119886726, 0.120821774, 0.121297695, 0.12161924, 0.12456076, 0.12551166, 0.12562147, 0.12594347, 0.12689099, 0.12691861, 0.12711677, 0.1280677, 0.12839279, 0.12839946, 0.12947108, 0.13030735, 0.13101718, 0.13165031, 0.13342333, 0.13368511, 0.13435192, 0.13611734, 0.13738954, 0.13963583, 0.13966419, 0.14247957, 0.14604622, 0.14670363, 0.14720735, 0.14744005, 0.1475597, 0.15106253, 0.15290909, 0.15308544, 0.15338211, 0.15452212, 0.1548868, 0.15490657, 0.15642309, 0.15697019, 0.15742798, 0.15745267, 0.15971884, 0.16077182, 0.16185506, 0.1654798, 0.16754606, 0.16804478, 0.16918302, 0.17003784, 0.17087582, 0.172094, 0.17251351, 0.17273201, 0.1737957, 0.17510013, 0.17699414, 0.17826405, 0.18475392, 0.18600339, 0.18905598, 0.19044021, 0.19136268, 0.19701636, 0.1975791, 0.20589456, 0.2184819, 0.22073665, 0.23482572, 0.24894902]
训练完的损失： []
用时： 0:00:03.204959
开始训练：第36 epoch
预训练的损失： [0.050293155, 0.0646678, 0.066112116, 0.07079659, 0.07156724, 0.07547769, 0.08882508, 0.09097342, 0.091178685, 0.09271163, 0.092857555, 0.09436341, 0.09489177, 0.095366895, 0.09956541, 0.10101749, 0.101584196, 0.10288967, 0.10730939, 0.10788411, 0.10868356, 0.10983848, 0.11034237, 0.11039839, 0.11088182, 0.11179651, 0.112294, 0.11275378, 0.112802185, 0.11439967, 0.115753695, 0.1157829, 0.115902275, 0.11599422, 0.11880043, 0.11915421, 0.11947028, 0.11998169, 0.120193616, 0.120864555, 0.12092404, 0.12245588, 0.12310168, 0.123486884, 0.124779806, 0.12483935, 0.12566245, 0.1258035, 0.12796046, 0.12825438, 0.12901965, 0.131446, 0.131719, 0.13246681, 0.133807, 0.13592726, 0.1388336, 0.13979268, 0.13984863, 0.14155364, 0.14179653, 0.14328885, 0.14553934, 0.14661092, 0.14736761, 0.1475669, 0.14843439, 0.14882721, 0.14926879, 0.14937691, 0.14974022, 0.1504432, 0.15193526, 0.15276238, 0.15582123, 0.15890688, 0.15952179, 0.16061038, 0.16158654, 0.16275278, 0.16304564, 0.16337751, 0.16549043, 0.16614278, 0.16695294, 0.16907497, 0.16970164, 0.17140594, 0.17697404, 0.17871898, 0.18272728, 0.18324076, 0.18415892, 0.18947892, 0.18972817, 0.19713633, 0.21092573, 0.21365944, 0.22714573, 0.24007502]
训练完的损失： []
用时： 0:00:03.204092
开始训练：第37 epoch
预训练的损失： [0.048767477, 0.06254836, 0.063565195, 0.068645, 0.06912365, 0.073245004, 0.08611353, 0.08734889, 0.08793856, 0.08896828, 0.08903607, 0.09043831, 0.09129818, 0.09161067, 0.09613654, 0.096846625, 0.09728971, 0.09830522, 0.10232429, 0.10452473, 0.104915276, 0.10516478, 0.105928674, 0.105967805, 0.10639773, 0.10646926, 0.106862836, 0.10874991, 0.108939976, 0.11024194, 0.1103627, 0.110588506, 0.11162408, 0.11186956, 0.11322608, 0.11340557, 0.11351502, 0.1137096, 0.11470729, 0.11518872, 0.11544171, 0.11688471, 0.11837053, 0.11881812, 0.118861474, 0.12008873, 0.120504424, 0.12155059, 0.12251751, 0.12331331, 0.1239406, 0.12428837, 0.12711142, 0.12782535, 0.12820639, 0.12976494, 0.13162321, 0.13288961, 0.13414234, 0.13592772, 0.1360574, 0.13630117, 0.13868256, 0.14069694, 0.14086252, 0.14100057, 0.14128941, 0.14144777, 0.14164323, 0.14375252, 0.14412652, 0.14472745, 0.14490116, 0.14522219, 0.15019655, 0.1507481, 0.15365729, 0.15387702, 0.1544624, 0.15466255, 0.15585856, 0.15638824, 0.15924096, 0.15981556, 0.16042624, 0.16277307, 0.163302, 0.16494346, 0.16963482, 0.17188725, 0.1763606, 0.1767326, 0.17730917, 0.18187058, 0.18288252, 0.188932, 0.20370364, 0.20691836, 0.21985702, 0.2315347]
训练完的损失： []
用时： 0:00:03.212853
开始训练：第38 epoch
预训练的损失： [0.04742624, 0.060591616, 0.06131253, 0.0660202, 0.0675108, 0.07120354, 0.08353084, 0.08404136, 0.08485158, 0.08538528, 0.08574101, 0.08686051, 0.087849036, 0.088160485, 0.092503354, 0.0929777, 0.09377161, 0.0940824, 0.097740255, 0.10058575, 0.10065531, 0.10072217, 0.10103682, 0.10179616, 0.102019615, 0.102693364, 0.103107035, 0.10495336, 0.10515785, 0.10532747, 0.105792105, 0.106316626, 0.107575834, 0.10773337, 0.10779886, 0.10792562, 0.10815266, 0.108403444, 0.10974634, 0.109885305, 0.11034183, 0.1116124, 0.11331348, 0.113836974, 0.11448535, 0.11494396, 0.1164102, 0.117393166, 0.117442325, 0.11756049, 0.118664324, 0.11904031, 0.12287402, 0.12288588, 0.123442516, 0.12399606, 0.12502626, 0.12629548, 0.12881845, 0.12915444, 0.13063367, 0.13111563, 0.13221842, 0.13398981, 0.13411033, 0.13429572, 0.1347471, 0.13534996, 0.13625635, 0.13757864, 0.13798314, 0.13811105, 0.13918132, 0.14030725, 0.14322932, 0.14480594, 0.14638877, 0.14713266, 0.14816226, 0.14863183, 0.14926985, 0.14994854, 0.15318966, 0.15388869, 0.15424715, 0.15627082, 0.15781987, 0.15885463, 0.16259706, 0.16540882, 0.16986275, 0.17084545, 0.17098883, 0.1747549, 0.1765521, 0.18135364, 0.1968291, 0.20040295, 0.21301332, 0.22341093]
训练完的损失： []
用时： 0:00:03.202259
开始训练：第39 epoch
预训练的损失： [0.046238836, 0.058799863, 0.059223637, 0.06362893, 0.06601061, 0.06932455, 0.08098705, 0.08110623, 0.08206138, 0.082070164, 0.08281837, 0.08342777, 0.084673494, 0.08507255, 0.08847976, 0.09003554, 0.09006673, 0.09042683, 0.09349781, 0.09570799, 0.09601182, 0.096658126, 0.09700482, 0.097838566, 0.099169716, 0.09924948, 0.099566035, 0.100213185, 0.10132487, 0.10146865, 0.101943225, 0.1023095, 0.10260996, 0.10277716, 0.10278489, 0.1038153, 0.10392776, 0.10462175, 0.104978174, 0.10511337, 0.1055558, 0.10661398, 0.10804978, 0.109655194, 0.11009307, 0.110275075, 0.11117692, 0.11250298, 0.11253311, 0.1137669, 0.114141226, 0.11436016, 0.11785941, 0.11863655, 0.11888358, 0.11897771, 0.11923282, 0.12009156, 0.12274641, 0.1237942, 0.12568957, 0.12607199, 0.1262304, 0.12719503, 0.12745851, 0.1277302, 0.12883908, 0.13044164, 0.13114718, 0.13142368, 0.13172555, 0.13181986, 0.13444826, 0.13601333, 0.13625091, 0.1389256, 0.13968588, 0.14103405, 0.14213213, 0.14293571, 0.14364728, 0.14385875, 0.14755641, 0.14824764, 0.14835, 0.15011546, 0.15256408, 0.15310712, 0.15573671, 0.15919508, 0.16370523, 0.16470662, 0.16556065, 0.16801971, 0.1704635, 0.17416292, 0.19026254, 0.19418432, 0.20641553, 0.21567853]
训练完的损失： []
用时： 0:00:03.204607
开始训练：第40 epoch
预训练的损失： [0.04515239, 0.05722338, 0.057399854, 0.061463602, 0.06460741, 0.0675873, 0.07821079, 0.07883687, 0.079025544, 0.079328045, 0.080110304, 0.08029534, 0.08173601, 0.08219354, 0.084692076, 0.08632508, 0.08723128, 0.08730811, 0.0896534, 0.09123196, 0.09146928, 0.09293796, 0.09356557, 0.094128236, 0.09560463, 0.09580608, 0.09628553, 0.09662131, 0.09719999, 0.097248554, 0.098098874, 0.09814077, 0.09823689, 0.09869067, 0.099104956, 0.09946891, 0.10044642, 0.10051892, 0.10079244, 0.101115726, 0.101227194, 0.1019602, 0.10316065, 0.10539873, 0.105514035, 0.105671585, 0.106286004, 0.10793786, 0.10885443, 0.10987422, 0.109900236, 0.110133454, 0.11313911, 0.11332443, 0.11355384, 0.11424184, 0.11508219, 0.115202524, 0.11675671, 0.119084835, 0.12031231, 0.12084598, 0.12102791, 0.121512175, 0.121579275, 0.121736765, 0.123294406, 0.1252209, 0.12591763, 0.12595174, 0.12620777, 0.12650336, 0.12981851, 0.12995407, 0.13187806, 0.13221054, 0.13482496, 0.13534357, 0.1364524, 0.13696401, 0.1381281, 0.13891931, 0.14223006, 0.1427913, 0.14293768, 0.14436105, 0.1476034, 0.14775728, 0.14941955, 0.15333629, 0.1579381, 0.15894198, 0.16035801, 0.1616855, 0.16480717, 0.16754827, 0.184032, 0.1882926, 0.20028898, 0.20816544]
训练完的损失： []
40/60 epochs...
用时： 0:00:03.204444
开始训练：第41 epoch
预训练的损失： [0.044149056, 0.055770032, 0.05581434, 0.05947502, 0.06329702, 0.065972716, 0.07555118, 0.07625336, 0.07670579, 0.07676609, 0.07735935, 0.07765065, 0.07895395, 0.079501204, 0.08128468, 0.08290829, 0.08422017, 0.084783286, 0.08614984, 0.08717959, 0.08740641, 0.08950336, 0.09035128, 0.090693064, 0.09125098, 0.092609644, 0.09261352, 0.09313333, 0.093260854, 0.09376131, 0.09390804, 0.09405252, 0.09523294, 0.095555365, 0.095651835, 0.0957568, 0.09627197, 0.096677735, 0.09695038, 0.09737012, 0.097552985, 0.09805088, 0.098447405, 0.10013026, 0.101261616, 0.10195047, 0.102482766, 0.103664204, 0.10542783, 0.105694994, 0.1057961, 0.10673329, 0.10816447, 0.10864178, 0.108749226, 0.108770445, 0.11110163, 0.11138062, 0.11145719, 0.11474433, 0.11487579, 0.11508757, 0.11597863, 0.11620729, 0.11667547, 0.11718145, 0.11804268, 0.11939737, 0.12057709, 0.121543884, 0.12154791, 0.12177399, 0.12391753, 0.12568335, 0.12594979, 0.12789485, 0.13006765, 0.13012336, 0.13118312, 0.13120054, 0.13277957, 0.13442278, 0.13703886, 0.13747108, 0.1378771, 0.1389426, 0.14268512, 0.14283687, 0.14322922, 0.14778912, 0.15238488, 0.1533691, 0.15531623, 0.15580389, 0.15938957, 0.16139504, 0.17805262, 0.18271093, 0.1943072, 0.20094976]
训练完的损失： []
用时： 0:00:03.203477
开始训练：第42 epoch
预训练的损失： [0.04327628, 0.0542889, 0.054508165, 0.057718843, 0.06205891, 0.06442723, 0.073070124, 0.07371993, 0.074347034, 0.074581146, 0.07475573, 0.07538429, 0.07638307, 0.07702884, 0.07815274, 0.07978783, 0.08129473, 0.08238937, 0.082928, 0.08345531, 0.08373049, 0.08624308, 0.08729614, 0.08731505, 0.08738418, 0.088416405, 0.08959824, 0.089636594, 0.08969465, 0.08999565, 0.09019757, 0.09160875, 0.091878146, 0.092430025, 0.0924544, 0.092604116, 0.09278566, 0.092797145, 0.093080685, 0.0934505, 0.094037354, 0.09439394, 0.095063984, 0.09526846, 0.09731433, 0.09846054, 0.098833136, 0.099611275, 0.10165411, 0.101853445, 0.10225038, 0.10325765, 0.103480056, 0.10366306, 0.104201436, 0.104522035, 0.10580228, 0.10772158, 0.107953295, 0.1096302, 0.109779164, 0.110732004, 0.11089276, 0.111129165, 0.11259454, 0.11296436, 0.11316674, 0.114033215, 0.11565597, 0.11693185, 0.1171055, 0.11800127, 0.11851235, 0.12006372, 0.12155127, 0.124208406, 0.12519792, 0.12575021, 0.12579736, 0.1262537, 0.12770289, 0.13009638, 0.13210034, 0.1325862, 0.13297914, 0.13391201, 0.13756935, 0.13790889, 0.13835426, 0.14250858, 0.14717232, 0.14804204, 0.1502833, 0.1504554, 0.1542503, 0.15563662, 0.17235605, 0.17741925, 0.18874414, 0.19395313]
训练完的损失： []
用时： 0:00:03.205464
开始训练：第43 epoch
预训练的损失： [0.04249973, 0.05288943, 0.053328898, 0.056088377, 0.06086435, 0.06297095, 0.070703395, 0.07138975, 0.072012536, 0.07203245, 0.07292409, 0.07333206, 0.074003235, 0.07473901, 0.07527273, 0.076901734, 0.078507684, 0.079882145, 0.080041826, 0.08013953, 0.08037013, 0.08320762, 0.083479434, 0.08430879, 0.08445297, 0.08451064, 0.08595735, 0.08621474, 0.086444944, 0.08679621, 0.08737095, 0.0884548, 0.0888372, 0.08915501, 0.08916436, 0.08950416, 0.089563236, 0.08961281, 0.08981674, 0.08995755, 0.090088956, 0.09083556, 0.091663286, 0.09222928, 0.09355133, 0.095151514, 0.09538746, 0.09580735, 0.09785134, 0.098109774, 0.09874919, 0.09894337, 0.09927736, 0.09997463, 0.100351915, 0.10058792, 0.1007399, 0.10437849, 0.104651734, 0.104682975, 0.10486076, 0.10614363, 0.10640389, 0.10696569, 0.10855083, 0.10873887, 0.10894932, 0.10900984, 0.11108001, 0.112582386, 0.112937406, 0.1135128, 0.11445673, 0.11466481, 0.117568955, 0.120440744, 0.12062085, 0.120700836, 0.121487916, 0.12163931, 0.12298606, 0.12602204, 0.1272861, 0.12778163, 0.12824869, 0.12916031, 0.13207038, 0.13340029, 0.13397567, 0.13747428, 0.1421829, 0.14292678, 0.14502752, 0.1457829, 0.14928356, 0.15011212, 0.16688432, 0.17244482, 0.18327421, 0.18735889]
训练完的损失： []
用时： 0:00:03.202193
开始训练：第44 epoch
预训练的损失： [0.041780844, 0.051593907, 0.05221965, 0.05459442, 0.059727892, 0.061594296, 0.06848648, 0.069234475, 0.06956826, 0.06987, 0.0712371, 0.071431056, 0.07179264, 0.07259807, 0.0726309, 0.074237406, 0.07584643, 0.07692537, 0.077034645, 0.07730186, 0.07806152, 0.07996299, 0.08038685, 0.080959275, 0.08138414, 0.08173768, 0.08245909, 0.08300162, 0.08308327, 0.08413288, 0.084718004, 0.085254624, 0.08547202, 0.085769266, 0.086018644, 0.08616106, 0.08622998, 0.08665484, 0.08675919, 0.086845025, 0.08737105, 0.08750386, 0.08903664, 0.08950342, 0.090026, 0.09192888, 0.092064634, 0.092205316, 0.09415973, 0.09447555, 0.09451912, 0.094538815, 0.095955655, 0.09599127, 0.096419364, 0.096897915, 0.09737286, 0.10004671, 0.100277066, 0.10117047, 0.10148055, 0.10167189, 0.10207857, 0.10344105, 0.1042643, 0.10430681, 0.10509722, 0.105098926, 0.106704116, 0.108543366, 0.108790256, 0.10898718, 0.10957403, 0.11113256, 0.11366938, 0.11584489, 0.11606283, 0.11724873, 0.117263466, 0.11739941, 0.11860669, 0.12211789, 0.12277329, 0.12337992, 0.123643965, 0.12475453, 0.12689021, 0.12911847, 0.12981378, 0.132651, 0.13742758, 0.13797304, 0.13996536, 0.1412392, 0.14470059, 0.14492692, 0.16160586, 0.16768989, 0.17807591, 0.18096507]
训练完的损失： []
用时： 0:00:03.212318
开始训练：第45 epoch
预训练的损失： [0.041127786, 0.050400328, 0.051187467, 0.05325769, 0.058623124, 0.060320184, 0.06639874, 0.06723042, 0.06724427, 0.067764014, 0.0695946, 0.06965356, 0.06965634, 0.07017882, 0.07064805, 0.07176333, 0.07326949, 0.07412824, 0.07437865, 0.07448393, 0.0761563, 0.07672306, 0.07777138, 0.077800706, 0.07858903, 0.07916893, 0.07921887, 0.08001901, 0.080036305, 0.08157718, 0.08217768, 0.08225042, 0.08227496, 0.08257572, 0.08266489, 0.082769655, 0.08306735, 0.08306878, 0.08385576, 0.08459582, 0.08503589, 0.085048296, 0.086598665, 0.08664355, 0.08695769, 0.088826805, 0.08883762, 0.08897285, 0.09043082, 0.09049039, 0.09061642, 0.091062516, 0.09156853, 0.092273, 0.093425274, 0.0937066, 0.094465986, 0.09578547, 0.09594849, 0.09760472, 0.098104924, 0.09813001, 0.098575875, 0.09992299, 0.10012503, 0.100214526, 0.1015341, 0.10164884, 0.10263023, 0.10440619, 0.10466589, 0.10488171, 0.10520395, 0.10804459, 0.10984898, 0.11124368, 0.11184726, 0.11308299, 0.11351162, 0.11400731, 0.11448539, 0.11841398, 0.118419796, 0.119111285, 0.11925927, 0.120623864, 0.12208206, 0.12504458, 0.12582937, 0.12812841, 0.132851, 0.13324359, 0.13519907, 0.13681942, 0.14001925, 0.14030603, 0.15650061, 0.16310388, 0.17310588, 0.17480654]
训练完的损失： []
用时： 0:00:03.202481
开始训练：第46 epoch
预训练的损失： [0.040525004, 0.04933507, 0.050248567, 0.052029725, 0.057569828, 0.059095453, 0.0643992, 0.06495857, 0.0653982, 0.065768644, 0.067652136, 0.06798747, 0.06799774, 0.06803793, 0.068805575, 0.06941853, 0.07079013, 0.07149576, 0.07187646, 0.07191057, 0.073716044, 0.07430381, 0.07481384, 0.07535914, 0.07601693, 0.0761313, 0.07669281, 0.07712501, 0.077220805, 0.07924464, 0.07926125, 0.07953208, 0.07953716, 0.07953826, 0.07957214, 0.079598375, 0.07979263, 0.080174886, 0.08113134, 0.08240709, 0.08267151, 0.08290398, 0.0835284, 0.084282316, 0.08451643, 0.0856417, 0.08584358, 0.08601867, 0.08669849, 0.08680341, 0.0871491, 0.087511025, 0.08777116, 0.08877585, 0.09015527, 0.09115544, 0.09170343, 0.09183903, 0.09185042, 0.09378031, 0.09441757, 0.09524159, 0.09574436, 0.09588085, 0.09644386, 0.09697888, 0.09811197, 0.09841639, 0.09883526, 0.10035165, 0.10057103, 0.101003304, 0.10157755, 0.10506778, 0.10613631, 0.10687274, 0.10795802, 0.109153084, 0.10976024, 0.11053509, 0.11086601, 0.11427593, 0.114855625, 0.115022555, 0.11511645, 0.11666809, 0.11743078, 0.121221304, 0.12198737, 0.12374362, 0.12841035, 0.12873322, 0.13058928, 0.13248001, 0.1354475, 0.13615093, 0.15165152, 0.15882695, 0.16818431, 0.16884008]
训练完的损失： []
用时： 0:00:03.225455
开始训练：第47 epoch
预训练的损失： [0.04000701, 0.04833106, 0.049377948, 0.05089602, 0.056563128, 0.057938397, 0.062533215, 0.062726766, 0.06371124, 0.063894965, 0.06574789, 0.06603561, 0.06644644, 0.066552736, 0.06709105, 0.06721005, 0.06840722, 0.06910935, 0.069520704, 0.069526106, 0.07090743, 0.07208324, 0.07255766, 0.07308843, 0.07336008, 0.07356998, 0.07429508, 0.07446018, 0.07459485, 0.07633887, 0.076515466, 0.076590106, 0.076597825, 0.07680793, 0.07698171, 0.07698197, 0.077439025, 0.07752235, 0.07858514, 0.08024139, 0.0803995, 0.080608085, 0.080892846, 0.08207722, 0.08219862, 0.08266534, 0.08304824, 0.0831638, 0.08321189, 0.08329729, 0.08383071, 0.083940044, 0.084592715, 0.0855384, 0.08708259, 0.087994866, 0.08826898, 0.08873356, 0.089040264, 0.09023644, 0.0909934, 0.092165664, 0.09248721, 0.09287599, 0.093050525, 0.09399195, 0.09492935, 0.09521503, 0.09541113, 0.096445546, 0.09647067, 0.09766724, 0.09820556, 0.10225394, 0.10253328, 0.102798045, 0.10420753, 0.105458096, 0.10623045, 0.10682297, 0.10778357, 0.11027786, 0.11106531, 0.11121053, 0.11150618, 0.11300464, 0.11303078, 0.117509626, 0.1183753, 0.11963235, 0.124165945, 0.12439403, 0.1262175, 0.12828435, 0.13106415, 0.13221166, 0.14693552, 0.15473622, 0.16308697, 0.16358683]
训练完的损失： []
用时： 0:00:03.214838
开始训练：第48 epoch
预训练的损失： [0.039518867, 0.04742258, 0.04860983, 0.04982981, 0.055601217, 0.05683249, 0.060684316, 0.060806207, 0.062120613, 0.0621589, 0.06394685, 0.064244874, 0.06493416, 0.06510167, 0.06517085, 0.06543717, 0.06613985, 0.06692389, 0.0672874, 0.06730435, 0.068396896, 0.069557875, 0.07077405, 0.07094102, 0.07098268, 0.071217775, 0.07197942, 0.07204245, 0.07211401, 0.073391974, 0.0737917, 0.07380539, 0.073820025, 0.07418743, 0.07461072, 0.074808605, 0.07483587, 0.07536213, 0.0761403, 0.07795036, 0.07815239, 0.07816206, 0.078962356, 0.07981215, 0.07994615, 0.07995577, 0.07995768, 0.08000653, 0.0804266, 0.08042848, 0.08058975, 0.08081993, 0.08157099, 0.0824741, 0.08419806, 0.08435435, 0.08488901, 0.08643226, 0.086436614, 0.08698389, 0.08778941, 0.08868019, 0.08957277, 0.08992182, 0.090453856, 0.091151804, 0.09176119, 0.09189764, 0.092566475, 0.09259957, 0.09282427, 0.09447551, 0.09496333, 0.098911315, 0.09907432, 0.099574246, 0.10076307, 0.10197292, 0.10278764, 0.103310674, 0.10483891, 0.10637358, 0.107338846, 0.107548416, 0.10834271, 0.108838886, 0.1095594, 0.11398718, 0.11492866, 0.11566518, 0.12008184, 0.12027919, 0.122150324, 0.12412758, 0.12696056, 0.12843241, 0.14238195, 0.15088871, 0.15746245, 0.1589875]
训练完的损失： []
用时： 0:00:03.215385
开始训练：第49 epoch
预训练的损失： [0.039057255, 0.046587452, 0.0478468, 0.048825633, 0.05464287, 0.055775374, 0.058684558, 0.059156753, 0.060596507, 0.06064867, 0.0622865, 0.062602095, 0.06324628, 0.063488, 0.06374256, 0.06390454, 0.063938305, 0.0649078, 0.065187305, 0.06522071, 0.066036664, 0.067215785, 0.068443544, 0.06899866, 0.06900884, 0.069440484, 0.06964465, 0.06978925, 0.06989652, 0.07060584, 0.07115567, 0.07120289, 0.07144756, 0.07179376, 0.072347164, 0.07239329, 0.07271974, 0.0733227, 0.07384759, 0.075419165, 0.0760065, 0.07609927, 0.07687652, 0.0769902, 0.077144355, 0.077156775, 0.077304184, 0.07780542, 0.07788886, 0.07789003, 0.077913225, 0.07810443, 0.07865651, 0.07961658, 0.08098773, 0.081436455, 0.081764095, 0.08393507, 0.08394803, 0.084219396, 0.08481485, 0.085386306, 0.086443216, 0.0874874, 0.087996535, 0.088463336, 0.0885599, 0.08902541, 0.089034915, 0.08933969, 0.089823954, 0.09149732, 0.091904625, 0.09524865, 0.09573515, 0.09702689, 0.097494155, 0.098655894, 0.09953979, 0.09997207, 0.10195802, 0.10266625, 0.10374485, 0.104059726, 0.10487257, 0.105280526, 0.10629494, 0.110612206, 0.11162509, 0.11192629, 0.11614061, 0.11622439, 0.11826295, 0.120115094, 0.12303242, 0.124855764, 0.13804622, 0.1472727, 0.1521278, 0.15465519]
训练完的损失： []
用时： 0:00:03.216448
开始训练：第50 epoch
预训练的损失： [0.03863097, 0.045807704, 0.047142975, 0.047887377, 0.053716302, 0.054787703, 0.056869183, 0.057590634, 0.05919058, 0.059274532, 0.060665295, 0.061052572, 0.061411466, 0.061883967, 0.062123485, 0.062431447, 0.06248977, 0.06301469, 0.06317504, 0.06327626, 0.06386932, 0.06511709, 0.06632615, 0.066872835, 0.067111574, 0.06745381, 0.06757401, 0.0678087, 0.068000555, 0.06805881, 0.06868998, 0.06873275, 0.06919255, 0.06950764, 0.07009693, 0.070220955, 0.070767984, 0.07136682, 0.07166286, 0.07307964, 0.07389523, 0.07394694, 0.07412574, 0.07424578, 0.074409485, 0.074563816, 0.075072035, 0.0754517, 0.07553047, 0.0757557, 0.075784706, 0.075879455, 0.07593772, 0.076960124, 0.077947706, 0.078806564, 0.078843415, 0.081070945, 0.081514925, 0.08209329, 0.08214313, 0.08221279, 0.08352478, 0.08516531, 0.0854595, 0.08562289, 0.0856718, 0.085884064, 0.08609134, 0.08632594, 0.08721678, 0.08867131, 0.088936254, 0.09185709, 0.092494935, 0.09435861, 0.09457271, 0.09543826, 0.09641965, 0.09681775, 0.099101834, 0.0991388, 0.100296296, 0.10069725, 0.10109968, 0.102393776, 0.10324074, 0.107454956, 0.10837528, 0.10845335, 0.11237945, 0.11244635, 0.11457844, 0.116147496, 0.11931893, 0.12139457, 0.1338309, 0.14373508, 0.14686373, 0.15047392]
训练完的损失： []
50/60 epochs...
Save to path:  HTRS_model/save_DBP15k_zh_en.ckpt
用时： 0:00:26.962285
开始训练：第51 epoch
数据准备：
负采样：
开始时间： 2022-05-22 20:11:08
结束时间： 2022-05-22 20:12:18
用时 0:01:10.465023
负采样：
开始时间： 2022-05-22 20:12:18
结束时间： 2022-05-22 20:13:29
用时 0:01:10.482046
预训练的损失： []
训练完的损失： [0.048824027, 0.059359424, 0.06011589, 0.062583596, 0.06466654, 0.070033446, 0.072543144, 0.07256411, 0.07564985, 0.07572016, 0.07689708, 0.080699734, 0.08088811, 0.08238547, 0.08262766, 0.08341204, 0.085677706, 0.08641647, 0.08703632, 0.087442406, 0.087823845, 0.08810968, 0.08920753, 0.08940612, 0.09031957, 0.09115963, 0.09217395, 0.09251595, 0.09380582, 0.09444335, 0.09479767, 0.09492867, 0.09495369, 0.09521772, 0.09580814, 0.09600404, 0.09678828, 0.09847066, 0.099528015, 0.099823266, 0.099987656, 0.10037089, 0.1008077, 0.10108803, 0.10181683, 0.1024708, 0.10351256, 0.1044554, 0.104538925, 0.104683295, 0.104704924, 0.10524718, 0.10662901, 0.10671119, 0.10803641, 0.1098625, 0.11167473, 0.111730225, 0.11246908, 0.1145961, 0.11482593, 0.1148647, 0.1157851, 0.1160474, 0.1176846, 0.117876366, 0.11864372, 0.119275734, 0.12121021, 0.12157967, 0.12206756, 0.123129666, 0.123287655, 0.12455272, 0.12482129, 0.124858335, 0.12693737, 0.12798621, 0.13200077, 0.13280852, 0.13421218, 0.13520476, 0.13594301, 0.13838904, 0.13879758, 0.14006881, 0.14089446, 0.1411026, 0.14666769, 0.14948471, 0.14986199, 0.1503974, 0.15126194, 0.15365905, 0.15549664, 0.15734506, 0.17663929, 0.179508, 0.18114723, 0.19560741]
用时： 0:04:55.548440
开始训练：第52 epoch
预训练的损失： []
训练完的损失： [0.046868235, 0.056786597, 0.057472795, 0.061016496, 0.062059022, 0.0664731, 0.06906502, 0.06943296, 0.072385475, 0.07261378, 0.07391219, 0.076950796, 0.07740927, 0.07857465, 0.079083435, 0.07947688, 0.08083561, 0.08157442, 0.08285888, 0.08302373, 0.083570436, 0.08429387, 0.08436101, 0.084864855, 0.086511515, 0.087123804, 0.087536044, 0.08769501, 0.08781313, 0.08944053, 0.08950853, 0.089858405, 0.090468235, 0.09170079, 0.09200414, 0.09218548, 0.09301457, 0.094150804, 0.09445849, 0.09450084, 0.09482733, 0.09492388, 0.09511859, 0.09557399, 0.09751804, 0.09857184, 0.09943405, 0.09949831, 0.099516906, 0.09976386, 0.09983552, 0.100138806, 0.101657525, 0.10207278, 0.10312533, 0.105245575, 0.10525244, 0.10572656, 0.10592065, 0.10775568, 0.10891467, 0.1090067, 0.10927477, 0.1107108, 0.11089163, 0.11248661, 0.113221444, 0.11348342, 0.11493051, 0.115533516, 0.11584689, 0.117728345, 0.117748156, 0.118032224, 0.118938684, 0.119057246, 0.11929245, 0.121825516, 0.12594657, 0.12725085, 0.1281898, 0.12901448, 0.12909086, 0.13307567, 0.13335702, 0.13442488, 0.13481112, 0.1352628, 0.13944969, 0.14354187, 0.14388809, 0.14420743, 0.14594953, 0.14620097, 0.14979729, 0.15001377, 0.17065908, 0.17388268, 0.17538927, 0.1889067]
用时： 0:00:16.047708
开始训练：第53 epoch
预训练的损失： []
训练完的损失： [0.04540718, 0.05482317, 0.05535236, 0.059765697, 0.05977448, 0.06434754, 0.06615953, 0.06700935, 0.069595404, 0.0699353, 0.07152771, 0.074107416, 0.074896894, 0.07521644, 0.075316995, 0.07661894, 0.0767284, 0.07736598, 0.0790025, 0.07932442, 0.07933078, 0.081069365, 0.08133946, 0.08134648, 0.08209894, 0.08307622, 0.08314149, 0.08364624, 0.08393615, 0.08399891, 0.0844953, 0.085185274, 0.08681666, 0.088460125, 0.08871036, 0.088842824, 0.0892994, 0.089466505, 0.0897334, 0.09023594, 0.090389945, 0.09079301, 0.09103619, 0.09144703, 0.09382984, 0.09423565, 0.09453679, 0.09500152, 0.09509353, 0.09545117, 0.09612941, 0.09646677, 0.09706835, 0.0982347, 0.0994542, 0.10013794, 0.10021323, 0.100749865, 0.10209305, 0.10242608, 0.10293808, 0.10374546, 0.10421951, 0.10455392, 0.10626975, 0.10659663, 0.10881287, 0.10885908, 0.109033145, 0.10994842, 0.11115232, 0.111428045, 0.11215459, 0.11257403, 0.113354206, 0.11454228, 0.1146659, 0.116204806, 0.11981531, 0.12253768, 0.12298351, 0.123430274, 0.12353201, 0.12816758, 0.12834498, 0.1291786, 0.13027367, 0.1306611, 0.13266432, 0.13731709, 0.13902645, 0.13923691, 0.13933149, 0.14148243, 0.14303365, 0.14461237, 0.16487567, 0.1689263, 0.17022061, 0.18240646]
用时： 0:00:15.948047
开始训练：第54 epoch
预训练的损失： []
训练完的损失： [0.04431829, 0.05312167, 0.05351968, 0.05771543, 0.05863863, 0.06239459, 0.06388138, 0.06466126, 0.0671029, 0.067623496, 0.06921555, 0.071600474, 0.0721058, 0.07255318, 0.07255631, 0.07293012, 0.07377665, 0.07433742, 0.07530353, 0.07535673, 0.076305166, 0.07719745, 0.07740021, 0.07839719, 0.078706294, 0.07907776, 0.07933749, 0.07991476, 0.0799552, 0.080368355, 0.08050619, 0.08094078, 0.083531044, 0.08434875, 0.08497189, 0.08542366, 0.08549818, 0.08616018, 0.08620469, 0.08651624, 0.08682698, 0.08686975, 0.08737081, 0.08766659, 0.08969072, 0.0899281, 0.09068348, 0.0909682, 0.091580175, 0.09176658, 0.092456594, 0.092569456, 0.093295895, 0.094282165, 0.09491817, 0.09541267, 0.09583219, 0.096612446, 0.09727316, 0.097807124, 0.098581575, 0.09883884, 0.09929394, 0.10017909, 0.10092385, 0.101981804, 0.10338966, 0.10458352, 0.10502866, 0.105225645, 0.10556193, 0.10616917, 0.10706277, 0.10785121, 0.108018085, 0.1101868, 0.11104824, 0.11120649, 0.11402007, 0.11722096, 0.117544524, 0.118515, 0.119603805, 0.12341771, 0.12364068, 0.12374147, 0.12546769, 0.12651026, 0.12658936, 0.13176757, 0.13305253, 0.13427699, 0.13458532, 0.13644955, 0.1367168, 0.13955033, 0.1590167, 0.16381288, 0.16518871, 0.17622127]
用时： 0:00:15.989322
开始训练：第55 epoch
预训练的损失： []
训练完的损失： [0.043533135, 0.051682487, 0.0519055, 0.055837065, 0.057568774, 0.06066235, 0.061945014, 0.062554836, 0.064989604, 0.0655189, 0.06705516, 0.069320686, 0.069374256, 0.06968867, 0.07013132, 0.07051747, 0.07061119, 0.071820855, 0.07186538, 0.07219748, 0.0726815, 0.073756725, 0.0740653, 0.07522711, 0.07546893, 0.07579172, 0.07587681, 0.07638812, 0.07691742, 0.0770417, 0.07744267, 0.07747871, 0.08038927, 0.08054742, 0.08115258, 0.08225617, 0.08226861, 0.08234852, 0.0824768, 0.0827372, 0.083631665, 0.0840521, 0.08452658, 0.08454375, 0.08543403, 0.085662186, 0.08715957, 0.08790048, 0.08791045, 0.08806997, 0.088809215, 0.08954258, 0.08964383, 0.09026055, 0.0909904, 0.09126933, 0.09166364, 0.091715254, 0.09349365, 0.09350054, 0.0942722, 0.094438136, 0.09580708, 0.09613679, 0.09642104, 0.09799507, 0.09860718, 0.100332975, 0.10063243, 0.10065416, 0.10070608, 0.101485424, 0.10312177, 0.10328857, 0.10351267, 0.106054, 0.10670566, 0.10772207, 0.108595565, 0.112193026, 0.11254938, 0.11391968, 0.11598487, 0.11871103, 0.11878687, 0.119264476, 0.12073194, 0.12089232, 0.12266326, 0.12671754, 0.12740654, 0.12972713, 0.1300764, 0.13048844, 0.1322077, 0.13498718, 0.15324858, 0.15885675, 0.16052274, 0.17030078]
用时： 0:00:16.062141
开始训练：第56 epoch
预训练的损失： []
训练完的损失： [0.042920653, 0.0504403, 0.050442696, 0.054069858, 0.056560136, 0.059120014, 0.060322426, 0.060488973, 0.06308591, 0.06349969, 0.06505232, 0.0668484, 0.06693812, 0.0673567, 0.06770298, 0.06793299, 0.06861087, 0.06870078, 0.06870907, 0.06876876, 0.07034623, 0.07107774, 0.07151301, 0.07160117, 0.07236068, 0.07250544, 0.073367454, 0.07357785, 0.07425431, 0.07431822, 0.0747113, 0.07472606, 0.076833315, 0.07769953, 0.077752315, 0.07851533, 0.07876737, 0.07889661, 0.079153165, 0.080140725, 0.080160014, 0.08134616, 0.081496805, 0.08164413, 0.081755124, 0.08240856, 0.08387646, 0.08394542, 0.08440886, 0.08542334, 0.08546393, 0.08604275, 0.08690383, 0.08694387, 0.08707962, 0.0870841, 0.08739675, 0.088741064, 0.08911975, 0.08982034, 0.090115994, 0.09099455, 0.09160216, 0.0925227, 0.09358803, 0.09423715, 0.0944559, 0.095633194, 0.095913045, 0.096508905, 0.09716712, 0.097965576, 0.09868879, 0.099374585, 0.09991036, 0.102117434, 0.1025307, 0.103624, 0.10460112, 0.10746304, 0.108013645, 0.10969679, 0.1124307, 0.11402428, 0.114219986, 0.115217865, 0.11534675, 0.1166985, 0.11899253, 0.12210561, 0.122138, 0.12514657, 0.12550691, 0.12575883, 0.12772146, 0.13065729, 0.14763083, 0.1541361, 0.15616013, 0.16449587]
用时： 0:00:16.072578
开始训练：第57 epoch
预训练的损失： []
训练完的损失： [0.04244842, 0.049138222, 0.049295224, 0.052416243, 0.055610523, 0.057729032, 0.058493834, 0.058805466, 0.061414998, 0.061669126, 0.06310368, 0.064479075, 0.06475329, 0.06519453, 0.06525721, 0.065565795, 0.065730944, 0.06593553, 0.06603122, 0.06684236, 0.06838198, 0.068467416, 0.068654366, 0.06951236, 0.069512434, 0.0696375, 0.07050388, 0.07129858, 0.07184982, 0.07210505, 0.07231932, 0.072375946, 0.07366685, 0.07457911, 0.07497148, 0.075056784, 0.075338274, 0.07563907, 0.076501384, 0.07698067, 0.07764562, 0.07814348, 0.07846299, 0.07848404, 0.07904702, 0.080139734, 0.08038073, 0.08089298, 0.08112549, 0.081845716, 0.08292205, 0.08316611, 0.08317863, 0.08327329, 0.083402276, 0.084589176, 0.08465044, 0.08525248, 0.08585376, 0.08630042, 0.0865159, 0.086557515, 0.08891202, 0.0893444, 0.09058339, 0.090786375, 0.09088683, 0.091353245, 0.09161395, 0.092609964, 0.093966864, 0.09451093, 0.09464911, 0.09557532, 0.09676045, 0.09838107, 0.09875285, 0.09907155, 0.101724654, 0.103208095, 0.103688955, 0.10567662, 0.10898012, 0.10950895, 0.11007918, 0.110339515, 0.1112753, 0.11272857, 0.115669966, 0.1172864, 0.11777368, 0.12037405, 0.12133978, 0.12158659, 0.123515934, 0.12662926, 0.1422787, 0.14962633, 0.1519429, 0.15887333]
用时： 0:00:16.049883
开始训练：第58 epoch
预训练的损失： []
训练完的损失： [0.042034373, 0.047973443, 0.048315678, 0.050961938, 0.05470378, 0.056402512, 0.0566384, 0.05741464, 0.05989342, 0.059908107, 0.06126812, 0.062403172, 0.062478863, 0.062765315, 0.063037015, 0.06311043, 0.063541204, 0.063842334, 0.06400118, 0.065211594, 0.0657342, 0.06584339, 0.0668551, 0.06707045, 0.06726928, 0.067692846, 0.06778116, 0.06946691, 0.06962679, 0.069741644, 0.07012787, 0.07058989, 0.070876904, 0.07163256, 0.07173414, 0.072253406, 0.07247342, 0.07265837, 0.07409226, 0.074101165, 0.07506522, 0.075285874, 0.07545527, 0.07565611, 0.07657629, 0.07670249, 0.07810925, 0.07816564, 0.07840435, 0.078562416, 0.07907811, 0.079775974, 0.079814926, 0.080926135, 0.081046015, 0.08178397, 0.08185713, 0.08229977, 0.082604535, 0.08290181, 0.083169535, 0.08376571, 0.08643668, 0.086523145, 0.08715297, 0.087358914, 0.08760623, 0.08785238, 0.08837604, 0.08896249, 0.09097579, 0.09098336, 0.09117669, 0.091918215, 0.093862034, 0.094945565, 0.094970904, 0.095208675, 0.09898742, 0.09923122, 0.0996886, 0.1019202, 0.10517909, 0.10566843, 0.10583137, 0.1061427, 0.10747115, 0.10907726, 0.11248815, 0.11288448, 0.1136798, 0.116164856, 0.11734128, 0.117593035, 0.119467065, 0.12274283, 0.1372959, 0.14542124, 0.14808708, 0.15342145]
用时： 0:00:16.064134
开始训练：第59 epoch
预训练的损失： []
训练完的损失： [0.041668605, 0.047023054, 0.047404718, 0.049668815, 0.05384774, 0.054736838, 0.05514615, 0.05610401, 0.058256358, 0.058501124, 0.059525315, 0.060164, 0.060773924, 0.060805984, 0.060985107, 0.06107597, 0.061307296, 0.062194794, 0.062354103, 0.06324983, 0.06347028, 0.06368929, 0.06442997, 0.065230854, 0.06538549, 0.06561343, 0.06601146, 0.0672721, 0.06784761, 0.06787658, 0.06813828, 0.0683256, 0.06868886, 0.06893347, 0.06904989, 0.069539, 0.069910645, 0.07001424, 0.07163033, 0.072049655, 0.072366275, 0.07274491, 0.07307692, 0.07308588, 0.0734349, 0.074409984, 0.07548607, 0.075503364, 0.075546384, 0.075597495, 0.076507084, 0.07652061, 0.076767735, 0.07852056, 0.07853331, 0.078739055, 0.079128794, 0.079215325, 0.07983732, 0.08044185, 0.08075034, 0.081183195, 0.08382321, 0.08391781, 0.08404612, 0.08416696, 0.084430106, 0.08476223, 0.085405216, 0.086007655, 0.08773939, 0.087864935, 0.08817345, 0.08858664, 0.09106638, 0.091182835, 0.09190521, 0.09200709, 0.095619395, 0.09595564, 0.09639159, 0.098270014, 0.101125725, 0.10179091, 0.10237001, 0.102516346, 0.10380931, 0.105623454, 0.108699426, 0.10945607, 0.109912366, 0.11233399, 0.1134658, 0.11373535, 0.1156794, 0.11904807, 0.13258888, 0.14144357, 0.14416017, 0.14800304]
用时： 0:00:16.050433
开始训练：第60 epoch
预训练的损失： []
训练完的损失： [0.041322056, 0.046208147, 0.04654347, 0.048622653, 0.05300212, 0.05301712, 0.05403846, 0.05489155, 0.05668422, 0.057264965, 0.05781011, 0.058323003, 0.058894902, 0.059256174, 0.059288196, 0.059370928, 0.05937239, 0.060444925, 0.06098789, 0.06111575, 0.06130272, 0.062200908, 0.062229346, 0.0632031, 0.06338494, 0.0641972, 0.06450353, 0.06499781, 0.065781064, 0.06601148, 0.06618258, 0.066303164, 0.066355705, 0.0666361, 0.067130916, 0.067356355, 0.067418344, 0.06761952, 0.06944214, 0.06998204, 0.070132464, 0.070179656, 0.07040809, 0.07069914, 0.071058966, 0.072189674, 0.07224402, 0.072909676, 0.07297055, 0.07317239, 0.073553644, 0.07403149, 0.074658744, 0.07501441, 0.076190844, 0.076217845, 0.076655455, 0.07702501, 0.07737794, 0.07781612, 0.07878457, 0.0790252, 0.080551915, 0.08087722, 0.0813499, 0.08178332, 0.08205153, 0.08213216, 0.08215404, 0.08375897, 0.08474096, 0.08480527, 0.085411005, 0.08542251, 0.08764247, 0.08845123, 0.08911953, 0.0891536, 0.0921795, 0.09240701, 0.093952216, 0.094745964, 0.09728237, 0.09807744, 0.09910762, 0.09922421, 0.100349575, 0.1023007, 0.104861125, 0.10643314, 0.10658725, 0.10884719, 0.109590515, 0.1101097, 0.11199103, 0.115440734, 0.1282658, 0.13777454, 0.14052457, 0.1427508]
60/60 epochs...
Testing
Test set results:
iter: 1
开始时间： 2022-05-22 20:19:49
实体sim [[1.43632692 5.6632038  5.65469166 ... 5.74520148 6.09861878 4.74176105]
 [5.46995224 2.62880489 5.11063011 ... 5.38974949 5.60747077 6.09154868]
 [5.32741269 4.70122657 1.97155801 ... 4.62615105 4.85782182 5.51722279]
 ...
 [5.64143286 4.71481684 4.88723876 ... 3.89531129 5.10187368 5.65706758]
 [6.11492076 5.68369904 5.26851606 ... 5.63133533 1.9000334  6.27986757]
 [5.00177617 5.86771744 5.89310896 ... 5.93435425 6.37725425 2.49959149]]
关系sim [[12.66948353  9.70023929 11.82552971 ... 12.18336522 11.11467644
  13.25804446]
 [ 9.89297273  7.2035203  11.02687655 ... 10.57816107  9.40259353
  12.3983915 ]
 [10.38839015  7.85148334 10.79695555 ... 10.54595805  8.77994887
  11.55319957]
 ...
 [11.18919443  8.88503344 11.92419629 ... 11.15225432  9.86458756
  10.73046595]
 [11.75000576  9.06845399 11.29546908 ... 11.50233212  9.40340314
  13.28363033]
 [12.86559521  9.74310902 12.5862217  ... 12.57459421 12.76277464
  14.20384748]]
[[12.66948353  9.70023929 11.82552971 ... 12.18336522 11.11467644
  13.25804446]
 [ 9.89297273  7.2035203  11.02687655 ... 10.57816107  9.40259353
  12.3983915 ]
 [10.38839015  7.85148334 10.79695555 ... 10.54595805  8.77994887
  11.55319957]
 ...
 [11.18919443  8.88503344 11.92419629 ... 11.15225432  9.86458756
  10.73046595]
 [11.75000576  9.06845399 11.29546908 ... 11.50233212  9.40340314
  13.28363033]
 [12.86559521  9.74310902 12.5862217  ... 12.57459421 12.76277464
  14.20384748]]
Entity Alignment (left):
Hits@1: 83.12%
Hits@3: 88.90%
Hits@10: 92.21%
MRR: 0.8649
MR: 66.2972
Entity Alignment (right):
Hits@1: 80.37%
Hits@3: 87.61%
Hits@10: 91.65%
MRR: 0.8458
MR: 58.6013
结束时间： 2022-05-22 20:26:53
用时 0:07:03.320399
iter: 2
开始时间： 2022-05-22 20:26:53
实体sim [[1.43632692 5.6632038  5.65469166 ... 5.74520148 6.09861878 4.74176105]
 [5.46995224 2.62880489 5.11063011 ... 5.38974949 5.60747077 6.09154868]
 [5.32741269 4.70122657 1.97155801 ... 4.62615105 4.85782182 5.51722279]
 ...
 [5.64143286 4.71481684 4.88723876 ... 3.89531129 5.10187368 5.65706758]
 [6.11492076 5.68369904 5.26851606 ... 5.63133533 1.9000334  6.27986757]
 [5.00177617 5.86771744 5.89310896 ... 5.93435425 6.37725425 2.49959149]]
关系sim [[12.66948353  9.70023929 11.82552971 ... 12.18336522 11.11467644
  13.25804446]
 [ 9.89297273  7.2035203  11.02687655 ... 10.57816107  9.40259353
  12.3983915 ]
 [10.38839015  7.85148334 10.79695555 ... 10.54595805  8.77994887
  11.55319957]
 ...
 [11.18919443  8.88503344 11.92419629 ... 11.15225432  9.86458756
  10.73046595]
 [11.75000576  9.06845399 11.29546908 ... 11.50233212  9.40340314
  13.28363033]
 [12.86559521  9.74310902 12.5862217  ... 12.57459421 12.76277464
  14.20384748]]
[[12.66948353  9.70023929 11.82552971 ... 12.18336522 11.11467644
  13.25804446]
 [ 9.89297273  7.2035203  11.02687655 ... 10.57816107  9.40259353
  12.3983915 ]
 [10.38839015  7.85148334 10.79695555 ... 10.54595805  8.77994887
  11.55319957]
 ...
 [11.18919443  8.88503344 11.92419629 ... 11.15225432  9.86458756
  10.73046595]
 [11.75000576  9.06845399 11.29546908 ... 11.50233212  9.40340314
  13.28363033]
 [12.86559521  9.74310902 12.5862217  ... 12.57459421 12.76277464
  14.20384748]]
Entity Alignment (left):
Hits@1: 85.90%
Hits@3: 90.63%
Hits@10: 93.10%
MRR: 0.8860
MR: 65.4654
Entity Alignment (right):
Hits@1: 83.58%
Hits@3: 89.51%
Hits@10: 92.71%
MRR: 0.8701
MR: 55.0730
结束时间： 2022-05-22 20:33:58
用时 0:07:05.377625
开始时间： 2022-05-22 20:33:58
2022-05-22 20:33:58
[[1.43632692 5.6632038  5.65469166 ... 5.74520148 6.09861878 4.74176105]
 [5.46995224 2.62880489 5.11063011 ... 5.38974949 5.60747077 6.09154868]
 [5.32741269 4.70122657 1.97155801 ... 4.62615105 4.85782182 5.51722279]
 ...
 [5.64143286 4.71481684 4.88723876 ... 3.89531129 5.10187368 5.65706758]
 [6.11492076 5.68369904 5.26851606 ... 5.63133533 1.9000334  6.27986757]
 [5.00177617 5.86771744 5.89310896 ... 5.93435425 6.37725425 2.49959149]]
Relation Alignment (left):
Hits@1: 80.00%
Hits@10: 86.52%
Relation Alignment (right):
Hits@1: 78.88%
Hits@10: 86.40%
结束时间： 2022-05-22 20:42:26
用时 0:08:27.247774
用时： 0:24:14.382611
结束时间： 2022-05-22 20:42:26
用时 0:43:33.487530
结束时间： 2022-05-22 20:42:26
用时 0:44:19.708311
