2022-05-13 09:43:53
开始时间： 2022-05-13 09:43:53
正在执行DBP15k
加载数据文件：data/DBP15k/ja_en/ent_ids_1
加载数据文件：data/DBP15k/ja_en/ent_ids_2
39594
加载数据文件：data/DBP15k/ja_en/ref_ent_ids
加载数据文件：data/DBP15k/ja_en/ref_r_ids
加载数据文件：data/DBP15k/ja_en/triples_1
加载数据文件：data/DBP15k/ja_en/triples_2
建立模型：
开始时间： 2022-05-13 09:43:54
计算头尾实体对应关系的矩阵以及对应概率：
开始时间： 2022-05-13 09:43:54
结束时间： 2022-05-13 09:43:55
用时 0:00:01.154212
输入词向量，增加原始输入层：
开始时间： 2022-05-13 09:43:55
39594 rows, 300 columns.
结束时间： 2022-05-13 09:44:05
用时 0:00:10.258618
计算稀疏张量和对称归一化后的矩阵：
开始时间： 2022-05-13 09:44:05
获取反转图，邻接矩阵、度、丰富三元组：
开始时间： 2022-05-13 09:44:05
结束时间： 2022-05-13 09:44:05
用时 0:00:00.366412
计算三角：
开始时间： 2022-05-13 09:44:25
结束时间： 2022-05-13 09:44:27
用时 0:00:01.180672
计算三角：
开始时间： 2022-05-13 09:44:27
结束时间： 2022-05-13 09:44:28
用时 0:00:01.184426
M2 SparseTensor(indices=Tensor("SparseTensor_1/indices:0", shape=(269696, 2), dtype=int64), values=Tensor("SparseTensor_1/values:0", shape=(269696,), dtype=float32), dense_shape=Tensor("SparseTensor_1/dense_shape:0", shape=(2,), dtype=int64))
结束时间： 2022-05-13 09:44:28
用时 0:00:22.735839
KG structure embedding
增加GCN层：
开始时间： 2022-05-13 09:44:29
<tf.Variable 'Variable_1:0' shape=(1, 300) dtype=float32_ref>
结束时间： 2022-05-13 09:44:29
用时 0:00:00.003662
实现SKNet：
开始时间： 2022-05-13 09:44:29
结束时间： 2022-05-13 09:44:29
用时 0:00:00.007553
增加GCN层：
开始时间： 2022-05-13 09:44:29
<tf.Variable 'Variable_4:0' shape=(1, 300) dtype=float32_ref>
结束时间： 2022-05-13 09:44:29
用时 0:00:00.002117
实现SKNet：
开始时间： 2022-05-13 09:44:29
结束时间： 2022-05-13 09:44:29
用时 0:00:00.005983
shape of output_h:  (39594, 300)
compute pre-training loss
计算预训练损失函数：
开始时间： 2022-05-13 09:44:29
Tensor("strided_slice:0", shape=(?,), dtype=int32) Tensor("strided_slice_1:0", shape=(?,), dtype=int32)
Tensor("embedding_lookup/Identity:0", shape=(?, 300), dtype=float32) Tensor("embedding_lookup_1/Identity:0", shape=(?, 300), dtype=float32)
结束时间： 2022-05-13 09:44:29
用时 0:00:00.014574
输入词向量，增加原始输入层：
开始时间： 2022-05-13 09:44:29
2452 rows, 300 columns.
2452
(2452, 300)
计算关系的向量：
开始时间： 2022-05-13 09:44:36
结束时间： 2022-05-13 09:44:40
用时 0:00:03.623965
Tensor("Add_13:0", shape=(4904, 300), dtype=float32)
结束时间： 2022-05-13 09:44:40
用时 0:00:10.698038
计算关系损失函数：
开始时间： 2022-05-13 09:44:40
结束时间： 2022-05-13 09:44:40
用时 0:00:00.005454
结束时间： 2022-05-13 09:44:40
用时 0:00:46.580394
初始化：
开始时间： 2022-05-13 09:44:41
开始运行：
开始训练：第1 epoch
数据准备：
负采样：
开始时间： 2022-05-13 09:50:07
结束时间： 2022-05-13 09:51:24
用时 0:01:16.671418
负采样：
开始时间： 2022-05-13 09:51:24
结束时间： 2022-05-13 09:52:41
用时 0:01:17.734068
1/60 epochs...
用时： 0:03:51.095498
开始训练：第2 epoch
用时： 0:00:03.196984
开始训练：第3 epoch
用时： 0:00:03.193076
开始训练：第4 epoch
用时： 0:00:03.204300
开始训练：第5 epoch
用时： 0:00:03.207899
开始训练：第6 epoch
用时： 0:00:03.209633
开始训练：第7 epoch
用时： 0:00:03.211455
开始训练：第8 epoch
用时： 0:00:03.215807
开始训练：第9 epoch
用时： 0:00:03.219544
开始训练：第10 epoch
10/60 epochs...
用时： 0:00:03.216985
开始训练：第11 epoch
用时： 0:00:03.213235
开始训练：第12 epoch
用时： 0:00:03.224770
开始训练：第13 epoch
用时： 0:00:03.225723
开始训练：第14 epoch
用时： 0:00:03.221927
开始训练：第15 epoch
用时： 0:00:03.227066
开始训练：第16 epoch
用时： 0:00:03.225625
开始训练：第17 epoch
用时： 0:00:03.225316
开始训练：第18 epoch
用时： 0:00:03.228373
开始训练：第19 epoch
用时： 0:00:03.227578
开始训练：第20 epoch
20/60 epochs...
用时： 0:00:03.226516
开始训练：第21 epoch
用时： 0:00:03.228064
开始训练：第22 epoch
用时： 0:00:03.224258
开始训练：第23 epoch
用时： 0:00:03.215798
开始训练：第24 epoch
用时： 0:00:03.214175
开始训练：第25 epoch
用时： 0:00:03.228243
开始训练：第26 epoch
用时： 0:00:03.219807
开始训练：第27 epoch
用时： 0:00:03.211141
开始训练：第28 epoch
用时： 0:00:03.217886
开始训练：第29 epoch
用时： 0:00:03.214310
开始训练：第30 epoch
30/60 epochs...
用时： 0:00:03.223061
开始训练：第31 epoch
用时： 0:00:03.212367
开始训练：第32 epoch
用时： 0:00:03.226928
开始训练：第33 epoch
用时： 0:00:03.214364
开始训练：第34 epoch
用时： 0:00:03.214842
开始训练：第35 epoch
用时： 0:00:03.215642
开始训练：第36 epoch
用时： 0:00:03.212706
开始训练：第37 epoch
用时： 0:00:03.226490
开始训练：第38 epoch
用时： 0:00:03.216613
开始训练：第39 epoch
用时： 0:00:03.212568
开始训练：第40 epoch
40/60 epochs...
用时： 0:00:03.217547
开始训练：第41 epoch
用时： 0:00:03.224619
开始训练：第42 epoch
用时： 0:00:03.213908
开始训练：第43 epoch
用时： 0:00:03.223470
开始训练：第44 epoch
用时： 0:00:03.212425
开始训练：第45 epoch
用时： 0:00:03.214414
开始训练：第46 epoch
用时： 0:00:03.216952
开始训练：第47 epoch
用时： 0:00:03.217932
开始训练：第48 epoch
用时： 0:00:03.223059
开始训练：第49 epoch
用时： 0:00:03.216561
开始训练：第50 epoch
50/60 epochs...
Save to path:  HTRS_model/save_DBP15k_ja_en.ckpt
用时： 0:00:35.504694
开始训练：第51 epoch
数据准备：
负采样：
开始时间： 2022-05-13 09:55:59
结束时间： 2022-05-13 09:57:16
用时 0:01:16.675819
负采样：
开始时间： 2022-05-13 09:57:16
结束时间： 2022-05-13 09:58:31
用时 0:01:15.705462
用时： 0:04:48.583907
开始训练：第52 epoch
用时： 0:00:13.688079
开始训练：第53 epoch
用时： 0:00:13.731815
开始训练：第54 epoch
用时： 0:00:13.816135
开始训练：第55 epoch
用时： 0:00:13.827337
开始训练：第56 epoch
用时： 0:00:13.820380
开始训练：第57 epoch
用时： 0:00:13.774608
开始训练：第58 epoch
用时： 0:00:13.738221
开始训练：第59 epoch
用时： 0:00:13.733842
开始训练：第60 epoch
60/60 epochs...
Testing
Test set results:
iter: 1
开始时间： 2022-05-13 10:03:39
实体sim [[3.19982845 5.54890565 6.29145198 ... 5.40220639 5.07276915 6.87516855]
 [6.00794911 2.84654936 6.82264481 ... 6.0924523  5.77383481 6.47882872]
 [6.64441039 6.37558061 1.33606731 ... 6.39520708 6.05819479 7.85568288]
 ...
 [5.92902848 5.7758486  6.28855386 ... 0.79893096 4.95976547 7.33856794]
 [5.27310362 5.16115937 5.95427586 ... 4.77888242 2.0662693  6.54727545]
 [7.82493681 6.70780802 8.16007392 ... 7.8387996  7.1582883  1.55287594]]
关系sim [[32.55413149 30.45566007 28.93155703 ... 29.96689712 27.53622449
  32.18369758]
 [31.83901008 29.83504752 26.34093545 ... 28.04184255 30.81313488
  33.75685249]
 [34.48638017 31.21756956 29.9677713  ... 31.34848212 32.3159427
  36.56979884]
 ...
 [33.84291201 31.31236185 31.07322258 ... 31.92224963 29.70640334
  31.85133154]
 [32.7063261  31.51241705 28.74623322 ... 29.88243226 30.54409491
  32.85164019]
 [33.59132366 29.8848539  31.65673128 ... 31.05611298 30.50054925
  33.06388616]]
[[32.55413149 30.45566007 28.93155703 ... 29.96689712 27.53622449
  32.18369758]
 [31.83901008 29.83504752 26.34093545 ... 28.04184255 30.81313488
  33.75685249]
 [34.48638017 31.21756956 29.9677713  ... 31.34848212 32.3159427
  36.56979884]
 ...
 [33.84291201 31.31236185 31.07322258 ... 31.92224963 29.70640334
  31.85133154]
 [32.7063261  31.51241705 28.74623322 ... 29.88243226 30.54409491
  32.85164019]
 [33.59132366 29.8848539  31.65673128 ... 31.05611298 30.50054925
  33.06388616]]
Entity Alignment (left):
Hits@1: 79.71%
Hits@3: 86.90%
Hits@10: 91.36%
MRR: 0.8393
MR: 45.7030
Entity Alignment (right):
Hits@1: 77.77%
Hits@3: 85.72%
Hits@10: 91.38%
MRR: 0.8259
MR: 34.9595
结束时间： 2022-05-13 10:11:04
用时 0:07:25.464844
iter: 2
开始时间： 2022-05-13 10:11:04
实体sim [[3.19982845 5.54890565 6.29145198 ... 5.40220639 5.07276915 6.87516855]
 [6.00794911 2.84654936 6.82264481 ... 6.0924523  5.77383481 6.47882872]
 [6.64441039 6.37558061 1.33606731 ... 6.39520708 6.05819479 7.85568288]
 ...
 [5.92902848 5.7758486  6.28855386 ... 0.79893096 4.95976547 7.33856794]
 [5.27310362 5.16115937 5.95427586 ... 4.77888242 2.0662693  6.54727545]
 [7.82493681 6.70780802 8.16007392 ... 7.8387996  7.1582883  1.55287594]]
关系sim [[32.55413149 30.45566007 28.93155703 ... 29.96689712 27.53622449
  32.18369758]
 [31.83901008 29.83504752 26.34093545 ... 28.04184255 30.81313488
  33.75685249]
 [34.48638017 31.21756956 29.9677713  ... 31.34848212 32.3159427
  36.56979884]
 ...
 [33.84291201 31.31236185 31.07322258 ... 31.92224963 29.70640334
  31.85133154]
 [32.7063261  31.51241705 28.74623322 ... 29.88243226 30.54409491
  32.85164019]
 [33.59132366 29.8848539  31.65673128 ... 31.05611298 30.50054925
  33.06388616]]
[[32.55413149 30.45566007 28.93155703 ... 29.96689712 27.53622449
  32.18369758]
 [31.83901008 29.83504752 26.34093545 ... 28.04184255 30.81313488
  33.75685249]
 [34.48638017 31.21756956 29.9677713  ... 31.34848212 32.3159427
  36.56979884]
 ...
 [33.84291201 31.31236185 31.07322258 ... 31.92224963 29.70640334
  31.85133154]
 [32.7063261  31.51241705 28.74623322 ... 29.88243226 30.54409491
  32.85164019]
 [33.59132366 29.8848539  31.65673128 ... 31.05611298 30.50054925
  33.06388616]]
Entity Alignment (left):
Hits@1: 87.20%
Hits@3: 92.22%
Hits@10: 95.04%
MRR: 0.9008
MR: 42.8102
Entity Alignment (right):
Hits@1: 86.37%
Hits@3: 91.66%
Hits@10: 94.92%
MRR: 0.8948
MR: 29.5410
结束时间： 2022-05-13 10:18:37
用时 0:07:32.285690
iter: 3
开始时间： 2022-05-13 10:18:37
实体sim [[3.19982845 5.54890565 6.29145198 ... 5.40220639 5.07276915 6.87516855]
 [6.00794911 2.84654936 6.82264481 ... 6.0924523  5.77383481 6.47882872]
 [6.64441039 6.37558061 1.33606731 ... 6.39520708 6.05819479 7.85568288]
 ...
 [5.92902848 5.7758486  6.28855386 ... 0.79893096 4.95976547 7.33856794]
 [5.27310362 5.16115937 5.95427586 ... 4.77888242 2.0662693  6.54727545]
 [7.82493681 6.70780802 8.16007392 ... 7.8387996  7.1582883  1.55287594]]
关系sim [[32.55413149 30.45566007 28.93155703 ... 29.96689712 27.53622449
  32.18369758]
 [31.83901008 29.83504752 26.34093545 ... 28.04184255 30.81313488
  33.75685249]
 [34.48638017 31.21756956 29.9677713  ... 31.34848212 32.3159427
  36.56979884]
 ...
 [33.84291201 31.31236185 31.07322258 ... 31.92224963 29.70640334
  31.85133154]
 [32.7063261  31.51241705 28.74623322 ... 29.88243226 30.54409491
  32.85164019]
 [33.59132366 29.8848539  31.65673128 ... 31.05611298 30.50054925
  33.06388616]]
[[32.55413149 30.45566007 28.93155703 ... 29.96689712 27.53622449
  32.18369758]
 [31.83901008 29.83504752 26.34093545 ... 28.04184255 30.81313488
  33.75685249]
 [34.48638017 31.21756956 29.9677713  ... 31.34848212 32.3159427
  36.56979884]
 ...
 [33.84291201 31.31236185 31.07322258 ... 31.92224963 29.70640334
  31.85133154]
 [32.7063261  31.51241705 28.74623322 ... 29.88243226 30.54409491
  32.85164019]
 [33.59132366 29.8848539  31.65673128 ... 31.05611298 30.50054925
  33.06388616]]
Entity Alignment (left):
Hits@1: 87.62%
Hits@3: 92.63%
Hits@10: 95.20%
MRR: 0.9043
MR: 42.6918
Entity Alignment (right):
Hits@1: 86.86%
Hits@3: 92.09%
Hits@10: 95.06%
MRR: 0.8988
MR: 28.7313
结束时间： 2022-05-13 10:26:23
用时 0:07:45.822641
iter: 4
开始时间： 2022-05-13 10:26:23
实体sim [[3.19982845 5.54890565 6.29145198 ... 5.40220639 5.07276915 6.87516855]
 [6.00794911 2.84654936 6.82264481 ... 6.0924523  5.77383481 6.47882872]
 [6.64441039 6.37558061 1.33606731 ... 6.39520708 6.05819479 7.85568288]
 ...
 [5.92902848 5.7758486  6.28855386 ... 0.79893096 4.95976547 7.33856794]
 [5.27310362 5.16115937 5.95427586 ... 4.77888242 2.0662693  6.54727545]
 [7.82493681 6.70780802 8.16007392 ... 7.8387996  7.1582883  1.55287594]]
关系sim [[32.55413149 30.45566007 28.93155703 ... 29.96689712 27.53622449
  32.18369758]
 [31.83901008 29.83504752 26.34093545 ... 28.04184255 30.81313488
  33.75685249]
 [34.48638017 31.21756956 29.9677713  ... 31.34848212 32.3159427
  36.56979884]
 ...
 [33.84291201 31.31236185 31.07322258 ... 31.92224963 29.70640334
  31.85133154]
 [32.7063261  31.51241705 28.74623322 ... 29.88243226 30.54409491
  32.85164019]
 [33.59132366 29.8848539  31.65673128 ... 31.05611298 30.50054925
  33.06388616]]
[[32.55413149 30.45566007 28.93155703 ... 29.96689712 27.53622449
  32.18369758]
 [31.83901008 29.83504752 26.34093545 ... 28.04184255 30.81313488
  33.75685249]
 [34.48638017 31.21756956 29.9677713  ... 31.34848212 32.3159427
  36.56979884]
 ...
 [33.84291201 31.31236185 31.07322258 ... 31.92224963 29.70640334
  31.85133154]
 [32.7063261  31.51241705 28.74623322 ... 29.88243226 30.54409491
  32.85164019]
 [33.59132366 29.8848539  31.65673128 ... 31.05611298 30.50054925
  33.06388616]]
Entity Alignment (left):
Hits@1: 87.73%
Hits@3: 92.74%
Hits@10: 95.25%
MRR: 0.9053
MR: 42.6764
Entity Alignment (right):
Hits@1: 87.12%
Hits@3: 92.19%
Hits@10: 95.14%
MRR: 0.9007
MR: 28.6723
结束时间： 2022-05-13 10:34:10
用时 0:07:47.115647
iter: 5
开始时间： 2022-05-13 10:34:10
实体sim [[3.19982845 5.54890565 6.29145198 ... 5.40220639 5.07276915 6.87516855]
 [6.00794911 2.84654936 6.82264481 ... 6.0924523  5.77383481 6.47882872]
 [6.64441039 6.37558061 1.33606731 ... 6.39520708 6.05819479 7.85568288]
 ...
 [5.92902848 5.7758486  6.28855386 ... 0.79893096 4.95976547 7.33856794]
 [5.27310362 5.16115937 5.95427586 ... 4.77888242 2.0662693  6.54727545]
 [7.82493681 6.70780802 8.16007392 ... 7.8387996  7.1582883  1.55287594]]
关系sim [[32.55413149 30.45566007 28.93155703 ... 29.96689712 27.53622449
  32.18369758]
 [31.83901008 29.83504752 26.34093545 ... 28.04184255 30.81313488
  33.75685249]
 [34.48638017 31.21756956 29.9677713  ... 31.34848212 32.3159427
  36.56979884]
 ...
 [33.84291201 31.31236185 31.07322258 ... 31.92224963 29.70640334
  31.85133154]
 [32.7063261  31.51241705 28.74623322 ... 29.88243226 30.54409491
  32.85164019]
 [33.59132366 29.8848539  31.65673128 ... 31.05611298 30.50054925
  33.06388616]]
[[32.55413149 30.45566007 28.93155703 ... 29.96689712 27.53622449
  32.18369758]
 [31.83901008 29.83504752 26.34093545 ... 28.04184255 30.81313488
  33.75685249]
 [34.48638017 31.21756956 29.9677713  ... 31.34848212 32.3159427
  36.56979884]
 ...
 [33.84291201 31.31236185 31.07322258 ... 31.92224963 29.70640334
  31.85133154]
 [32.7063261  31.51241705 28.74623322 ... 29.88243226 30.54409491
  32.85164019]
 [33.59132366 29.8848539  31.65673128 ... 31.05611298 30.50054925
  33.06388616]]
Entity Alignment (left):
Hits@1: 87.74%
Hits@3: 92.77%
Hits@10: 95.26%
MRR: 0.9054
MR: 42.6755
Entity Alignment (right):
Hits@1: 87.16%
Hits@3: 92.25%
Hits@10: 95.17%
MRR: 0.9010
MR: 28.6562
结束时间： 2022-05-13 10:41:55
用时 0:07:45.013818
iter: 6
开始时间： 2022-05-13 10:41:55
实体sim [[3.19982845 5.54890565 6.29145198 ... 5.40220639 5.07276915 6.87516855]
 [6.00794911 2.84654936 6.82264481 ... 6.0924523  5.77383481 6.47882872]
 [6.64441039 6.37558061 1.33606731 ... 6.39520708 6.05819479 7.85568288]
 ...
 [5.92902848 5.7758486  6.28855386 ... 0.79893096 4.95976547 7.33856794]
 [5.27310362 5.16115937 5.95427586 ... 4.77888242 2.0662693  6.54727545]
 [7.82493681 6.70780802 8.16007392 ... 7.8387996  7.1582883  1.55287594]]
关系sim [[32.55413149 30.45566007 28.93155703 ... 29.96689712 27.53622449
  32.18369758]
 [31.83901008 29.83504752 26.34093545 ... 28.04184255 30.81313488
  33.75685249]
 [34.48638017 31.21756956 29.9677713  ... 31.34848212 32.3159427
  36.56979884]
 ...
 [33.84291201 31.31236185 31.07322258 ... 31.92224963 29.70640334
  31.85133154]
 [32.7063261  31.51241705 28.74623322 ... 29.88243226 30.54409491
  32.85164019]
 [33.59132366 29.8848539  31.65673128 ... 31.05611298 30.50054925
  33.06388616]]
[[32.55413149 30.45566007 28.93155703 ... 29.96689712 27.53622449
  32.18369758]
 [31.83901008 29.83504752 26.34093545 ... 28.04184255 30.81313488
  33.75685249]
 [34.48638017 31.21756956 29.9677713  ... 31.34848212 32.3159427
  36.56979884]
 ...
 [33.84291201 31.31236185 31.07322258 ... 31.92224963 29.70640334
  31.85133154]
 [32.7063261  31.51241705 28.74623322 ... 29.88243226 30.54409491
  32.85164019]
 [33.59132366 29.8848539  31.65673128 ... 31.05611298 30.50054925
  33.06388616]]
Entity Alignment (left):
Hits@1: 87.76%
Hits@3: 92.78%
Hits@10: 95.29%
MRR: 0.9056
MR: 42.6670
Entity Alignment (right):
Hits@1: 87.17%
Hits@3: 92.25%
Hits@10: 95.18%
MRR: 0.9011
MR: 28.5115
结束时间： 2022-05-13 10:49:41
用时 0:07:46.305292
iter: 7
开始时间： 2022-05-13 10:49:42
实体sim [[3.19982845 5.54890565 6.29145198 ... 5.40220639 5.07276915 6.87516855]
 [6.00794911 2.84654936 6.82264481 ... 6.0924523  5.77383481 6.47882872]
 [6.64441039 6.37558061 1.33606731 ... 6.39520708 6.05819479 7.85568288]
 ...
 [5.92902848 5.7758486  6.28855386 ... 0.79893096 4.95976547 7.33856794]
 [5.27310362 5.16115937 5.95427586 ... 4.77888242 2.0662693  6.54727545]
 [7.82493681 6.70780802 8.16007392 ... 7.8387996  7.1582883  1.55287594]]
关系sim [[32.55413149 30.45566007 28.93155703 ... 29.96689712 27.53622449
  32.18369758]
 [31.83901008 29.83504752 26.34093545 ... 28.04184255 30.81313488
  33.75685249]
 [34.48638017 31.21756956 29.9677713  ... 31.34848212 32.3159427
  36.56979884]
 ...
 [33.84291201 31.31236185 31.07322258 ... 31.92224963 29.70640334
  31.85133154]
 [32.7063261  31.51241705 28.74623322 ... 29.88243226 30.54409491
  32.85164019]
 [33.59132366 29.8848539  31.65673128 ... 31.05611298 30.50054925
  33.06388616]]
[[32.55413149 30.45566007 28.93155703 ... 29.96689712 27.53622449
  32.18369758]
 [31.83901008 29.83504752 26.34093545 ... 28.04184255 30.81313488
  33.75685249]
 [34.48638017 31.21756956 29.9677713  ... 31.34848212 32.3159427
  36.56979884]
 ...
 [33.84291201 31.31236185 31.07322258 ... 31.92224963 29.70640334
  31.85133154]
 [32.7063261  31.51241705 28.74623322 ... 29.88243226 30.54409491
  32.85164019]
 [33.59132366 29.8848539  31.65673128 ... 31.05611298 30.50054925
  33.06388616]]
Entity Alignment (left):
Hits@1: 87.75%
Hits@3: 92.79%
Hits@10: 95.30%
MRR: 0.9055
MR: 42.6672
Entity Alignment (right):
Hits@1: 87.16%
Hits@3: 92.26%
Hits@10: 95.18%
MRR: 0.9011
MR: 28.5114
结束时间： 2022-05-13 10:57:27
用时 0:07:45.026300
开始时间： 2022-05-13 10:57:27
2022-05-13 10:57:27
[[3.19982845 5.54890565 6.29145198 ... 5.40220639 5.07276915 6.87516855]
 [6.00794911 2.84654936 6.82264481 ... 6.0924523  5.77383481 6.47882872]
 [6.64441039 6.37558061 1.33606731 ... 6.39520708 6.05819479 7.85568288]
 ...
 [5.92902848 5.7758486  6.28855386 ... 0.79893096 4.95976547 7.33856794]
 [5.27310362 5.16115937 5.95427586 ... 4.77888242 2.0662693  6.54727545]
 [7.82493681 6.70780802 8.16007392 ... 7.8387996  7.1582883  1.55287594]]
Relation Alignment (left):
Hits@1: 77.32%
Hits@10: 86.01%
Relation Alignment (right):
Hits@1: 72.40%
Hits@10: 83.36%
结束时间： 2022-05-13 11:01:12
用时 0:03:44.853974
用时： 0:58:33.962556
结束时间： 2022-05-13 11:01:12
用时 1:16:31.415323
结束时间： 2022-05-13 11:01:12
用时 1:17:18.920898
